[0.974s] DEBUG:colcon:Command line arguments: ['/usr/bin/colcon', 'build', '--symlink-install']
[0.974s] DEBUG:colcon:Parsed command line arguments: Namespace(log_base=None, log_level=None, verb_name='build', build_base='build', install_base='install', merge_install=False, symlink_install=True, test_result_base=None, continue_on_error=False, executor='parallel', parallel_workers=20, event_handlers=None, ignore_user_meta=False, metas=['./colcon.meta'], base_paths=['.'], packages_ignore=None, packages_ignore_regex=None, paths=None, packages_up_to=None, packages_up_to_regex=None, packages_above=None, packages_above_and_dependencies=None, packages_above_depth=None, packages_select_by_dep=None, packages_skip_by_dep=None, packages_skip_up_to=None, packages_select_build_failed=False, packages_skip_build_finished=False, packages_select_test_failures=False, packages_skip_test_passed=False, packages_select=None, packages_skip=None, packages_select_regex=None, packages_skip_regex=None, packages_start=None, packages_end=None, cmake_args=None, cmake_target=None, cmake_target_skip_unavailable=False, cmake_clean_cache=False, cmake_clean_first=False, cmake_force_configure=False, ament_cmake_args=None, catkin_cmake_args=None, catkin_skip_building_tests=False, mixin_files=None, mixin=None, verb_parser=<colcon_mixin.mixin.mixin_argument.MixinArgumentDecorator object at 0x7f117a0eee90>, verb_extension=<colcon_core.verb.build.BuildVerb object at 0x7f117a1cfdc0>, main=<bound method BuildVerb.main of <colcon_core.verb.build.BuildVerb object at 0x7f117a1cfdc0>>, mixin_verb=('build',))
[2.086s] Level 1:colcon.colcon_core.package_discovery:discover_packages(colcon_meta) check parameters
[2.087s] Level 1:colcon.colcon_core.package_discovery:discover_packages(recursive) check parameters
[2.087s] Level 1:colcon.colcon_core.package_discovery:discover_packages(ignore) check parameters
[2.087s] Level 1:colcon.colcon_core.package_discovery:discover_packages(path) check parameters
[2.087s] Level 1:colcon.colcon_core.package_discovery:discover_packages(colcon_meta) discover
[2.087s] Level 1:colcon.colcon_core.package_discovery:discover_packages(recursive) discover
[2.087s] INFO:colcon.colcon_core.package_discovery:Crawling recursively for packages in '/home/leime957/TDDE05/ros2_ws'
[2.087s] Level 1:colcon.colcon_core.package_identification:_identify(.) by extensions ['ignore', 'ignore_ament_install']
[2.088s] Level 1:colcon.colcon_core.package_identification:_identify(.) by extension 'ignore'
[2.088s] Level 1:colcon.colcon_core.package_identification:_identify(.) by extension 'ignore_ament_install'
[2.089s] Level 1:colcon.colcon_core.package_identification:_identify(.) by extensions ['colcon_pkg']
[2.089s] Level 1:colcon.colcon_core.package_identification:_identify(.) by extension 'colcon_pkg'
[2.089s] Level 1:colcon.colcon_core.package_identification:_identify(.) by extensions ['colcon_meta']
[2.089s] Level 1:colcon.colcon_core.package_identification:_identify(.) by extension 'colcon_meta'
[2.089s] Level 1:colcon.colcon_core.package_identification:_identify(.) by extensions ['ros']
[2.089s] Level 1:colcon.colcon_core.package_identification:_identify(.) by extension 'ros'
[2.123s] Level 1:colcon.colcon_core.package_identification:_identify(.) by extensions ['cmake', 'python']
[2.123s] Level 1:colcon.colcon_core.package_identification:_identify(.) by extension 'cmake'
[2.123s] Level 1:colcon.colcon_core.package_identification:_identify(.) by extension 'python'
[2.124s] Level 1:colcon.colcon_core.package_identification:_identify(.) by extensions ['python_setup_py']
[2.124s] Level 1:colcon.colcon_core.package_identification:_identify(.) by extension 'python_setup_py'
[2.124s] Level 1:colcon.colcon_core.package_identification:_identify(build) by extensions ['ignore', 'ignore_ament_install']
[2.124s] Level 1:colcon.colcon_core.package_identification:_identify(build) by extension 'ignore'
[2.124s] Level 1:colcon.colcon_core.package_identification:_identify(build) ignored
[2.125s] Level 1:colcon.colcon_core.package_identification:_identify(install) by extensions ['ignore', 'ignore_ament_install']
[2.125s] Level 1:colcon.colcon_core.package_identification:_identify(install) by extension 'ignore'
[2.125s] Level 1:colcon.colcon_core.package_identification:_identify(install) ignored
[2.126s] Level 1:colcon.colcon_core.package_identification:_identify(log) by extensions ['ignore', 'ignore_ament_install']
[2.126s] Level 1:colcon.colcon_core.package_identification:_identify(log) by extension 'ignore'
[2.126s] Level 1:colcon.colcon_core.package_identification:_identify(log) ignored
[2.126s] Level 1:colcon.colcon_core.package_identification:_identify(src) by extensions ['ignore', 'ignore_ament_install']
[2.126s] Level 1:colcon.colcon_core.package_identification:_identify(src) by extension 'ignore'
[2.127s] Level 1:colcon.colcon_core.package_identification:_identify(src) by extension 'ignore_ament_install'
[2.128s] Level 1:colcon.colcon_core.package_identification:_identify(src) by extensions ['colcon_pkg']
[2.128s] Level 1:colcon.colcon_core.package_identification:_identify(src) by extension 'colcon_pkg'
[2.128s] Level 1:colcon.colcon_core.package_identification:_identify(src) by extensions ['colcon_meta']
[2.128s] Level 1:colcon.colcon_core.package_identification:_identify(src) by extension 'colcon_meta'
[2.128s] Level 1:colcon.colcon_core.package_identification:_identify(src) by extensions ['ros']
[2.128s] Level 1:colcon.colcon_core.package_identification:_identify(src) by extension 'ros'
[2.130s] Level 1:colcon.colcon_core.package_identification:_identify(src) by extensions ['cmake', 'python']
[2.130s] Level 1:colcon.colcon_core.package_identification:_identify(src) by extension 'cmake'
[2.130s] Level 1:colcon.colcon_core.package_identification:_identify(src) by extension 'python'
[2.130s] Level 1:colcon.colcon_core.package_identification:_identify(src) by extensions ['python_setup_py']
[2.130s] Level 1:colcon.colcon_core.package_identification:_identify(src) by extension 'python_setup_py'
[2.131s] Level 1:colcon.colcon_core.package_identification:_identify(src/labs) by extensions ['ignore', 'ignore_ament_install']
[2.131s] Level 1:colcon.colcon_core.package_identification:_identify(src/labs) by extension 'ignore'
[2.131s] Level 1:colcon.colcon_core.package_identification:_identify(src/labs) by extension 'ignore_ament_install'
[2.132s] Level 1:colcon.colcon_core.package_identification:_identify(src/labs) by extensions ['colcon_pkg']
[2.132s] Level 1:colcon.colcon_core.package_identification:_identify(src/labs) by extension 'colcon_pkg'
[2.132s] Level 1:colcon.colcon_core.package_identification:_identify(src/labs) by extensions ['colcon_meta']
[2.133s] Level 1:colcon.colcon_core.package_identification:_identify(src/labs) by extension 'colcon_meta'
[2.133s] Level 1:colcon.colcon_core.package_identification:_identify(src/labs) by extensions ['ros']
[2.133s] Level 1:colcon.colcon_core.package_identification:_identify(src/labs) by extension 'ros'
[2.134s] Level 1:colcon.colcon_core.package_identification:_identify(src/labs) by extensions ['cmake', 'python']
[2.134s] Level 1:colcon.colcon_core.package_identification:_identify(src/labs) by extension 'cmake'
[2.134s] Level 1:colcon.colcon_core.package_identification:_identify(src/labs) by extension 'python'
[2.134s] Level 1:colcon.colcon_core.package_identification:_identify(src/labs) by extensions ['python_setup_py']
[2.134s] Level 1:colcon.colcon_core.package_identification:_identify(src/labs) by extension 'python_setup_py'
[2.134s] Level 1:colcon.colcon_core.package_identification:_identify(src/labs/air_lab2) by extensions ['ignore', 'ignore_ament_install']
[2.134s] Level 1:colcon.colcon_core.package_identification:_identify(src/labs/air_lab2) by extension 'ignore'
[2.135s] Level 1:colcon.colcon_core.package_identification:_identify(src/labs/air_lab2) by extension 'ignore_ament_install'
[2.135s] Level 1:colcon.colcon_core.package_identification:_identify(src/labs/air_lab2) by extensions ['colcon_pkg']
[2.135s] Level 1:colcon.colcon_core.package_identification:_identify(src/labs/air_lab2) by extension 'colcon_pkg'
[2.136s] Level 1:colcon.colcon_core.package_identification:_identify(src/labs/air_lab2) by extensions ['colcon_meta']
[2.136s] Level 1:colcon.colcon_core.package_identification:_identify(src/labs/air_lab2) by extension 'colcon_meta'
[2.136s] Level 1:colcon.colcon_core.package_identification:_identify(src/labs/air_lab2) by extensions ['ros']
[2.136s] Level 1:colcon.colcon_core.package_identification:_identify(src/labs/air_lab2) by extension 'ros'
[2.147s] DEBUG:colcon.colcon_core.package_identification:Package 'src/labs/air_lab2' with type 'ros.ament_python' and name 'air_lab2'
[2.148s] Level 1:colcon.colcon_core.package_identification:_identify(src/labs/air_lab_common) by extensions ['ignore', 'ignore_ament_install']
[2.148s] Level 1:colcon.colcon_core.package_identification:_identify(src/labs/air_lab_common) by extension 'ignore'
[2.148s] Level 1:colcon.colcon_core.package_identification:_identify(src/labs/air_lab_common) by extension 'ignore_ament_install'
[2.149s] Level 1:colcon.colcon_core.package_identification:_identify(src/labs/air_lab_common) by extensions ['colcon_pkg']
[2.149s] Level 1:colcon.colcon_core.package_identification:_identify(src/labs/air_lab_common) by extension 'colcon_pkg'
[2.150s] Level 1:colcon.colcon_core.package_identification:_identify(src/labs/air_lab_common) by extensions ['colcon_meta']
[2.150s] Level 1:colcon.colcon_core.package_identification:_identify(src/labs/air_lab_common) by extension 'colcon_meta'
[2.150s] Level 1:colcon.colcon_core.package_identification:_identify(src/labs/air_lab_common) by extensions ['ros']
[2.150s] Level 1:colcon.colcon_core.package_identification:_identify(src/labs/air_lab_common) by extension 'ros'
[2.152s] DEBUG:colcon.colcon_core.package_identification:Package 'src/labs/air_lab_common' with type 'ros.ament_python' and name 'air_lab_common'
[2.153s] Level 1:colcon.colcon_core.package_identification:_identify(src/labs/air_lab_interfaces) by extensions ['ignore', 'ignore_ament_install']
[2.153s] Level 1:colcon.colcon_core.package_identification:_identify(src/labs/air_lab_interfaces) by extension 'ignore'
[2.153s] Level 1:colcon.colcon_core.package_identification:_identify(src/labs/air_lab_interfaces) by extension 'ignore_ament_install'
[2.154s] Level 1:colcon.colcon_core.package_identification:_identify(src/labs/air_lab_interfaces) by extensions ['colcon_pkg']
[2.154s] Level 1:colcon.colcon_core.package_identification:_identify(src/labs/air_lab_interfaces) by extension 'colcon_pkg'
[2.154s] Level 1:colcon.colcon_core.package_identification:_identify(src/labs/air_lab_interfaces) by extensions ['colcon_meta']
[2.154s] Level 1:colcon.colcon_core.package_identification:_identify(src/labs/air_lab_interfaces) by extension 'colcon_meta'
[2.155s] Level 1:colcon.colcon_core.package_identification:_identify(src/labs/air_lab_interfaces) by extensions ['ros']
[2.155s] Level 1:colcon.colcon_core.package_identification:_identify(src/labs/air_lab_interfaces) by extension 'ros'
[2.156s] DEBUG:colcon.colcon_core.package_identification:Package 'src/labs/air_lab_interfaces' with type 'ros.ament_cmake' and name 'air_lab_interfaces'
[2.157s] Level 1:colcon.colcon_core.package_discovery:discover_packages(recursive) using defaults
[2.157s] Level 1:colcon.colcon_core.package_discovery:discover_packages(ignore) discover
[2.157s] Level 1:colcon.colcon_core.package_discovery:discover_packages(ignore) using defaults
[2.157s] Level 1:colcon.colcon_core.package_discovery:discover_packages(path) discover
[2.157s] Level 1:colcon.colcon_core.package_discovery:discover_packages(path) using defaults
[2.257s] Level 5:colcon.colcon_core.verb:set package 'air_lab2' build argument 'cmake_args' from command line to 'None'
[2.257s] Level 5:colcon.colcon_core.verb:set package 'air_lab2' build argument 'cmake_target' from command line to 'None'
[2.257s] Level 5:colcon.colcon_core.verb:set package 'air_lab2' build argument 'cmake_target_skip_unavailable' from command line to 'False'
[2.257s] Level 5:colcon.colcon_core.verb:set package 'air_lab2' build argument 'cmake_clean_cache' from command line to 'False'
[2.257s] Level 5:colcon.colcon_core.verb:set package 'air_lab2' build argument 'cmake_clean_first' from command line to 'False'
[2.257s] Level 5:colcon.colcon_core.verb:set package 'air_lab2' build argument 'cmake_force_configure' from command line to 'False'
[2.257s] Level 5:colcon.colcon_core.verb:set package 'air_lab2' build argument 'ament_cmake_args' from command line to 'None'
[2.257s] Level 5:colcon.colcon_core.verb:set package 'air_lab2' build argument 'catkin_cmake_args' from command line to 'None'
[2.257s] Level 5:colcon.colcon_core.verb:set package 'air_lab2' build argument 'catkin_skip_building_tests' from command line to 'False'
[2.257s] DEBUG:colcon.colcon_core.verb:Building package 'air_lab2' with the following arguments: {'ament_cmake_args': None, 'build_base': '/home/leime957/TDDE05/ros2_ws/build/air_lab2', 'catkin_cmake_args': None, 'catkin_skip_building_tests': False, 'cmake_args': None, 'cmake_clean_cache': False, 'cmake_clean_first': False, 'cmake_force_configure': False, 'cmake_target': None, 'cmake_target_skip_unavailable': False, 'install_base': '/home/leime957/TDDE05/ros2_ws/install/air_lab2', 'merge_install': False, 'path': '/home/leime957/TDDE05/ros2_ws/src/labs/air_lab2', 'symlink_install': True, 'test_result_base': None}
[2.258s] Level 5:colcon.colcon_core.verb:set package 'air_lab_common' build argument 'cmake_args' from command line to 'None'
[2.258s] Level 5:colcon.colcon_core.verb:set package 'air_lab_common' build argument 'cmake_target' from command line to 'None'
[2.258s] Level 5:colcon.colcon_core.verb:set package 'air_lab_common' build argument 'cmake_target_skip_unavailable' from command line to 'False'
[2.258s] Level 5:colcon.colcon_core.verb:set package 'air_lab_common' build argument 'cmake_clean_cache' from command line to 'False'
[2.258s] Level 5:colcon.colcon_core.verb:set package 'air_lab_common' build argument 'cmake_clean_first' from command line to 'False'
[2.258s] Level 5:colcon.colcon_core.verb:set package 'air_lab_common' build argument 'cmake_force_configure' from command line to 'False'
[2.258s] Level 5:colcon.colcon_core.verb:set package 'air_lab_common' build argument 'ament_cmake_args' from command line to 'None'
[2.258s] Level 5:colcon.colcon_core.verb:set package 'air_lab_common' build argument 'catkin_cmake_args' from command line to 'None'
[2.258s] Level 5:colcon.colcon_core.verb:set package 'air_lab_common' build argument 'catkin_skip_building_tests' from command line to 'False'
[2.258s] DEBUG:colcon.colcon_core.verb:Building package 'air_lab_common' with the following arguments: {'ament_cmake_args': None, 'build_base': '/home/leime957/TDDE05/ros2_ws/build/air_lab_common', 'catkin_cmake_args': None, 'catkin_skip_building_tests': False, 'cmake_args': None, 'cmake_clean_cache': False, 'cmake_clean_first': False, 'cmake_force_configure': False, 'cmake_target': None, 'cmake_target_skip_unavailable': False, 'install_base': '/home/leime957/TDDE05/ros2_ws/install/air_lab_common', 'merge_install': False, 'path': '/home/leime957/TDDE05/ros2_ws/src/labs/air_lab_common', 'symlink_install': True, 'test_result_base': None}
[2.258s] Level 5:colcon.colcon_core.verb:set package 'air_lab_interfaces' build argument 'cmake_args' from command line to 'None'
[2.258s] Level 5:colcon.colcon_core.verb:set package 'air_lab_interfaces' build argument 'cmake_target' from command line to 'None'
[2.258s] Level 5:colcon.colcon_core.verb:set package 'air_lab_interfaces' build argument 'cmake_target_skip_unavailable' from command line to 'False'
[2.258s] Level 5:colcon.colcon_core.verb:set package 'air_lab_interfaces' build argument 'cmake_clean_cache' from command line to 'False'
[2.258s] Level 5:colcon.colcon_core.verb:set package 'air_lab_interfaces' build argument 'cmake_clean_first' from command line to 'False'
[2.258s] Level 5:colcon.colcon_core.verb:set package 'air_lab_interfaces' build argument 'cmake_force_configure' from command line to 'False'
[2.258s] Level 5:colcon.colcon_core.verb:set package 'air_lab_interfaces' build argument 'ament_cmake_args' from command line to 'None'
[2.258s] Level 5:colcon.colcon_core.verb:set package 'air_lab_interfaces' build argument 'catkin_cmake_args' from command line to 'None'
[2.258s] Level 5:colcon.colcon_core.verb:set package 'air_lab_interfaces' build argument 'catkin_skip_building_tests' from command line to 'False'
[2.258s] DEBUG:colcon.colcon_core.verb:Building package 'air_lab_interfaces' with the following arguments: {'ament_cmake_args': None, 'build_base': '/home/leime957/TDDE05/ros2_ws/build/air_lab_interfaces', 'catkin_cmake_args': None, 'catkin_skip_building_tests': False, 'cmake_args': None, 'cmake_clean_cache': False, 'cmake_clean_first': False, 'cmake_force_configure': False, 'cmake_target': None, 'cmake_target_skip_unavailable': False, 'install_base': '/home/leime957/TDDE05/ros2_ws/install/air_lab_interfaces', 'merge_install': False, 'path': '/home/leime957/TDDE05/ros2_ws/src/labs/air_lab_interfaces', 'symlink_install': True, 'test_result_base': None}
[2.258s] INFO:colcon.colcon_core.executor:Executing jobs using 'parallel' executor
[2.260s] DEBUG:colcon.colcon_parallel_executor.executor.parallel:run_until_complete
[2.260s] INFO:colcon.colcon_ros.task.ament_python.build:Building ROS package in '/home/leime957/TDDE05/ros2_ws/src/labs/air_lab2' with build type 'ament_python'
[2.260s] Level 1:colcon.colcon_core.shell:create_environment_hook('air_lab2', 'ament_prefix_path')
[2.293s] INFO:colcon.colcon_core.plugin_system:Skipping extension 'colcon_core.shell.bat': Not used on non-Windows systems
[2.293s] INFO:colcon.colcon_core.shell:Creating environment hook '/home/leime957/TDDE05/ros2_ws/install/air_lab2/share/air_lab2/hook/ament_prefix_path.ps1'
[2.302s] INFO:colcon.colcon_core.shell:Creating environment descriptor '/home/leime957/TDDE05/ros2_ws/install/air_lab2/share/air_lab2/hook/ament_prefix_path.dsv'
[2.307s] INFO:colcon.colcon_core.shell:Creating environment hook '/home/leime957/TDDE05/ros2_ws/install/air_lab2/share/air_lab2/hook/ament_prefix_path.sh'
[2.311s] INFO:colcon.colcon_core.shell:Skip shell extension 'powershell' for command environment: Not usable outside of PowerShell
[2.311s] DEBUG:colcon.colcon_core.shell:Skip shell extension 'dsv' for command environment
[2.372s] INFO:colcon.colcon_ros.task.ament_python.build:Building ROS package in '/home/leime957/TDDE05/ros2_ws/src/labs/air_lab_common' with build type 'ament_python'
[2.372s] Level 1:colcon.colcon_core.shell:create_environment_hook('air_lab_common', 'ament_prefix_path')
[2.373s] INFO:colcon.colcon_core.shell:Creating environment hook '/home/leime957/TDDE05/ros2_ws/install/air_lab_common/share/air_lab_common/hook/ament_prefix_path.ps1'
[2.376s] INFO:colcon.colcon_core.shell:Creating environment descriptor '/home/leime957/TDDE05/ros2_ws/install/air_lab_common/share/air_lab_common/hook/ament_prefix_path.dsv'
[2.379s] INFO:colcon.colcon_core.shell:Creating environment hook '/home/leime957/TDDE05/ros2_ws/install/air_lab_common/share/air_lab_common/hook/ament_prefix_path.sh'
[2.382s] INFO:colcon.colcon_core.shell:Skip shell extension 'powershell' for command environment: Not usable outside of PowerShell
[2.382s] DEBUG:colcon.colcon_core.shell:Skip shell extension 'dsv' for command environment
[2.410s] INFO:colcon.colcon_ros.task.ament_cmake.build:Building ROS package in '/home/leime957/TDDE05/ros2_ws/src/labs/air_lab_interfaces' with build type 'ament_cmake'
[2.410s] INFO:colcon.colcon_cmake.task.cmake.build:Building CMake package in '/home/leime957/TDDE05/ros2_ws/src/labs/air_lab_interfaces'
[2.411s] INFO:colcon.colcon_core.shell:Skip shell extension 'powershell' for command environment: Not usable outside of PowerShell
[2.411s] DEBUG:colcon.colcon_core.shell:Skip shell extension 'dsv' for command environment
[3.944s] INFO:colcon.colcon_core.task.python.build:Building Python package in '/home/leime957/TDDE05/ros2_ws/src/labs/air_lab2'
[3.945s] INFO:colcon.colcon_core.shell:Skip shell extension 'powershell' for command environment: Not usable outside of PowerShell
[3.945s] DEBUG:colcon.colcon_core.shell:Skip shell extension 'dsv' for command environment
[5.570s] INFO:colcon.colcon_core.task.python.build:Building Python package in '/home/leime957/TDDE05/ros2_ws/src/labs/air_lab_common'
[5.570s] INFO:colcon.colcon_core.shell:Skip shell extension 'powershell' for command environment: Not usable outside of PowerShell
[5.570s] DEBUG:colcon.colcon_core.shell:Skip shell extension 'dsv' for command environment
[5.643s] DEBUG:colcon.colcon_core.event_handler.log_command:Invoking command in '/home/leime957/TDDE05/ros2_ws/build/air_lab_interfaces': CMAKE_PREFIX_PATH=${CMAKE_PREFIX_PATH}:/home/leime957/TDDE05/ros2_ws/install/air_lab_common:/home/leime957/TDDE05/ros2_ws/install/air_lab2:/opt/air_ws/install/air_simple_sim:/opt/air_ws/install/air_bringup:/opt/ros/humble /usr/bin/cmake --build /home/leime957/TDDE05/ros2_ws/build/air_lab_interfaces -- -j20 -l20
[12.311s] DEBUG:colcon.colcon_core.event_handler.log_command:Invoked command in '/home/leime957/TDDE05/ros2_ws/build/air_lab_interfaces' returned '0': CMAKE_PREFIX_PATH=${CMAKE_PREFIX_PATH}:/home/leime957/TDDE05/ros2_ws/install/air_lab_common:/home/leime957/TDDE05/ros2_ws/install/air_lab2:/opt/air_ws/install/air_simple_sim:/opt/air_ws/install/air_bringup:/opt/ros/humble /usr/bin/cmake --build /home/leime957/TDDE05/ros2_ws/build/air_lab_interfaces -- -j20 -l20
[12.368s] DEBUG:colcon.colcon_core.event_handler.log_command:Invoking command in '/home/leime957/TDDE05/ros2_ws/build/air_lab_interfaces': CMAKE_PREFIX_PATH=${CMAKE_PREFIX_PATH}:/home/leime957/TDDE05/ros2_ws/install/air_lab_common:/home/leime957/TDDE05/ros2_ws/install/air_lab2:/opt/air_ws/install/air_simple_sim:/opt/air_ws/install/air_bringup:/opt/ros/humble /usr/bin/cmake --install /home/leime957/TDDE05/ros2_ws/build/air_lab_interfaces
[12.389s] DEBUG:colcon.colcon_core.event_handler.log_command:Invoking command in '/home/leime957/TDDE05/ros2_ws/build/air_lab_common': PYTHONPATH=/home/leime957/TDDE05/ros2_ws/build/air_lab_common/prefix_override:/usr/lib/python3/dist-packages/colcon_core/task/python/colcon_distutils_commands:/home/leime957/TDDE05/ros2_ws/install/air_lab_common/lib/python3.10/site-packages:${PYTHONPATH} /usr/bin/python3 -W ignore:setup.py install is deprecated -W ignore:easy_install command is deprecated setup.py develop --editable --build-directory /home/leime957/TDDE05/ros2_ws/build/air_lab_common/build --no-deps symlink_data
[12.405s] DEBUG:colcon.colcon_core.event_handler.log_command:Invoking command in '/home/leime957/TDDE05/ros2_ws/build/air_lab2': PYTHONPATH=/home/leime957/TDDE05/ros2_ws/build/air_lab2/prefix_override:/usr/lib/python3/dist-packages/colcon_core/task/python/colcon_distutils_commands:/home/leime957/TDDE05/ros2_ws/install/air_lab2/lib/python3.10/site-packages:${PYTHONPATH} /usr/bin/python3 -W ignore:setup.py install is deprecated -W ignore:easy_install command is deprecated setup.py develop --editable --build-directory /home/leime957/TDDE05/ros2_ws/build/air_lab2/build --no-deps symlink_data
[13.233s] Level 1:colcon.colcon_core.environment:create_environment_scripts_only(air_lab_interfaces)
[13.234s] DEBUG:colcon.colcon_core.event_handler.log_command:Invoked command in '/home/leime957/TDDE05/ros2_ws/build/air_lab_interfaces' returned '0': CMAKE_PREFIX_PATH=${CMAKE_PREFIX_PATH}:/home/leime957/TDDE05/ros2_ws/install/air_lab_common:/home/leime957/TDDE05/ros2_ws/install/air_lab2:/opt/air_ws/install/air_simple_sim:/opt/air_ws/install/air_bringup:/opt/ros/humble /usr/bin/cmake --install /home/leime957/TDDE05/ros2_ws/build/air_lab_interfaces
[13.340s] Level 1:colcon.colcon_core.environment:checking '/home/leime957/TDDE05/ros2_ws/install/air_lab_interfaces' for CMake module files
[13.346s] Level 1:colcon.colcon_core.environment:checking '/home/leime957/TDDE05/ros2_ws/install/air_lab_interfaces' for CMake config files
[13.363s] Level 1:colcon.colcon_core.shell:create_environment_hook('air_lab_interfaces', 'cmake_prefix_path')
[13.364s] INFO:colcon.colcon_core.shell:Creating environment hook '/home/leime957/TDDE05/ros2_ws/install/air_lab_interfaces/share/air_lab_interfaces/hook/cmake_prefix_path.ps1'
[13.371s] INFO:colcon.colcon_core.shell:Creating environment descriptor '/home/leime957/TDDE05/ros2_ws/install/air_lab_interfaces/share/air_lab_interfaces/hook/cmake_prefix_path.dsv'
[13.377s] INFO:colcon.colcon_core.shell:Creating environment hook '/home/leime957/TDDE05/ros2_ws/install/air_lab_interfaces/share/air_lab_interfaces/hook/cmake_prefix_path.sh'
[13.382s] Level 1:colcon.colcon_core.environment:checking '/home/leime957/TDDE05/ros2_ws/install/air_lab_interfaces/lib'
[13.383s] Level 1:colcon.colcon_core.shell:create_environment_hook('air_lab_interfaces', 'ld_library_path_lib')
[13.383s] INFO:colcon.colcon_core.shell:Creating environment hook '/home/leime957/TDDE05/ros2_ws/install/air_lab_interfaces/share/air_lab_interfaces/hook/ld_library_path_lib.ps1'
[13.387s] INFO:colcon.colcon_core.shell:Creating environment descriptor '/home/leime957/TDDE05/ros2_ws/install/air_lab_interfaces/share/air_lab_interfaces/hook/ld_library_path_lib.dsv'
[13.390s] INFO:colcon.colcon_core.shell:Creating environment hook '/home/leime957/TDDE05/ros2_ws/install/air_lab_interfaces/share/air_lab_interfaces/hook/ld_library_path_lib.sh'
[13.394s] Level 1:colcon.colcon_core.environment:checking '/home/leime957/TDDE05/ros2_ws/install/air_lab_interfaces/bin'
[13.394s] Level 1:colcon.colcon_core.environment:checking '/home/leime957/TDDE05/ros2_ws/install/air_lab_interfaces/lib/pkgconfig/air_lab_interfaces.pc'
[13.394s] Level 1:colcon.colcon_core.environment:checking '/home/leime957/TDDE05/ros2_ws/install/air_lab_interfaces/lib/python3.10/site-packages'
[13.395s] Level 1:colcon.colcon_core.environment:checking '/home/leime957/TDDE05/ros2_ws/install/air_lab_interfaces/bin'
[13.395s] INFO:colcon.colcon_core.shell:Creating package script '/home/leime957/TDDE05/ros2_ws/install/air_lab_interfaces/share/air_lab_interfaces/package.ps1'
[13.400s] INFO:colcon.colcon_core.shell:Creating package descriptor '/home/leime957/TDDE05/ros2_ws/install/air_lab_interfaces/share/air_lab_interfaces/package.dsv'
[13.406s] INFO:colcon.colcon_core.shell:Creating package script '/home/leime957/TDDE05/ros2_ws/install/air_lab_interfaces/share/air_lab_interfaces/package.sh'
[13.412s] INFO:colcon.colcon_core.shell:Creating package script '/home/leime957/TDDE05/ros2_ws/install/air_lab_interfaces/share/air_lab_interfaces/package.bash'
[13.420s] INFO:colcon.colcon_core.shell:Creating package script '/home/leime957/TDDE05/ros2_ws/install/air_lab_interfaces/share/air_lab_interfaces/package.zsh'
[13.428s] Level 1:colcon.colcon_core.environment:create_file_with_runtime_dependencies(/home/leime957/TDDE05/ros2_ws/install/air_lab_interfaces/share/colcon-core/packages/air_lab_interfaces)
[13.434s] Level 1:colcon.colcon_core.environment:create_environment_scripts_only(air_lab_interfaces)
[13.434s] Level 1:colcon.colcon_core.environment:checking '/home/leime957/TDDE05/ros2_ws/install/air_lab_interfaces' for CMake module files
[13.437s] Level 1:colcon.colcon_core.environment:checking '/home/leime957/TDDE05/ros2_ws/install/air_lab_interfaces' for CMake config files
[13.453s] Level 1:colcon.colcon_core.shell:create_environment_hook('air_lab_interfaces', 'cmake_prefix_path')
[13.453s] INFO:colcon.colcon_core.shell:Creating environment hook '/home/leime957/TDDE05/ros2_ws/install/air_lab_interfaces/share/air_lab_interfaces/hook/cmake_prefix_path.ps1'
[13.456s] INFO:colcon.colcon_core.shell:Creating environment descriptor '/home/leime957/TDDE05/ros2_ws/install/air_lab_interfaces/share/air_lab_interfaces/hook/cmake_prefix_path.dsv'
[13.459s] INFO:colcon.colcon_core.shell:Creating environment hook '/home/leime957/TDDE05/ros2_ws/install/air_lab_interfaces/share/air_lab_interfaces/hook/cmake_prefix_path.sh'
[13.463s] Level 1:colcon.colcon_core.environment:checking '/home/leime957/TDDE05/ros2_ws/install/air_lab_interfaces/lib'
[13.464s] Level 1:colcon.colcon_core.shell:create_environment_hook('air_lab_interfaces', 'ld_library_path_lib')
[13.464s] INFO:colcon.colcon_core.shell:Creating environment hook '/home/leime957/TDDE05/ros2_ws/install/air_lab_interfaces/share/air_lab_interfaces/hook/ld_library_path_lib.ps1'
[13.467s] INFO:colcon.colcon_core.shell:Creating environment descriptor '/home/leime957/TDDE05/ros2_ws/install/air_lab_interfaces/share/air_lab_interfaces/hook/ld_library_path_lib.dsv'
[13.470s] INFO:colcon.colcon_core.shell:Creating environment hook '/home/leime957/TDDE05/ros2_ws/install/air_lab_interfaces/share/air_lab_interfaces/hook/ld_library_path_lib.sh'
[13.473s] Level 1:colcon.colcon_core.environment:checking '/home/leime957/TDDE05/ros2_ws/install/air_lab_interfaces/bin'
[13.473s] Level 1:colcon.colcon_core.environment:checking '/home/leime957/TDDE05/ros2_ws/install/air_lab_interfaces/lib/pkgconfig/air_lab_interfaces.pc'
[13.473s] Level 1:colcon.colcon_core.environment:checking '/home/leime957/TDDE05/ros2_ws/install/air_lab_interfaces/lib/python3.10/site-packages'
[13.473s] Level 1:colcon.colcon_core.environment:checking '/home/leime957/TDDE05/ros2_ws/install/air_lab_interfaces/bin'
[13.474s] INFO:colcon.colcon_core.shell:Creating package script '/home/leime957/TDDE05/ros2_ws/install/air_lab_interfaces/share/air_lab_interfaces/package.ps1'
[13.477s] INFO:colcon.colcon_core.shell:Creating package descriptor '/home/leime957/TDDE05/ros2_ws/install/air_lab_interfaces/share/air_lab_interfaces/package.dsv'
[13.481s] INFO:colcon.colcon_core.shell:Creating package script '/home/leime957/TDDE05/ros2_ws/install/air_lab_interfaces/share/air_lab_interfaces/package.sh'
[13.490s] INFO:colcon.colcon_core.shell:Creating package script '/home/leime957/TDDE05/ros2_ws/install/air_lab_interfaces/share/air_lab_interfaces/package.bash'
[13.494s] INFO:colcon.colcon_core.shell:Creating package script '/home/leime957/TDDE05/ros2_ws/install/air_lab_interfaces/share/air_lab_interfaces/package.zsh'
[13.498s] Level 1:colcon.colcon_core.environment:create_file_with_runtime_dependencies(/home/leime957/TDDE05/ros2_ws/install/air_lab_interfaces/share/colcon-core/packages/air_lab_interfaces)
[17.133s] Level 1:colcon.colcon_core.shell:create_environment_hook('air_lab_common', 'pythonpath_develop')
[17.133s] INFO:colcon.colcon_core.shell:Creating environment hook '/home/leime957/TDDE05/ros2_ws/build/air_lab_common/share/air_lab_common/hook/pythonpath_develop.ps1'
[17.134s] DEBUG:colcon.colcon_core.event_handler.log_command:Invoked command in '/home/leime957/TDDE05/ros2_ws/build/air_lab_common' returned '0': PYTHONPATH=/home/leime957/TDDE05/ros2_ws/build/air_lab_common/prefix_override:/usr/lib/python3/dist-packages/colcon_core/task/python/colcon_distutils_commands:/home/leime957/TDDE05/ros2_ws/install/air_lab_common/lib/python3.10/site-packages:${PYTHONPATH} /usr/bin/python3 -W ignore:setup.py install is deprecated -W ignore:easy_install command is deprecated setup.py develop --editable --build-directory /home/leime957/TDDE05/ros2_ws/build/air_lab_common/build --no-deps symlink_data
[17.140s] INFO:colcon.colcon_core.shell:Creating environment descriptor '/home/leime957/TDDE05/ros2_ws/build/air_lab_common/share/air_lab_common/hook/pythonpath_develop.dsv'
[17.144s] INFO:colcon.colcon_core.shell:Creating environment hook '/home/leime957/TDDE05/ros2_ws/build/air_lab_common/share/air_lab_common/hook/pythonpath_develop.sh'
[17.149s] Level 1:colcon.colcon_core.environment:checking '/home/leime957/TDDE05/ros2_ws/install/air_lab_common' for CMake module files
[17.153s] Level 1:colcon.colcon_core.environment:checking '/home/leime957/TDDE05/ros2_ws/install/air_lab_common' for CMake config files
[17.162s] Level 1:colcon.colcon_core.environment:checking '/home/leime957/TDDE05/ros2_ws/install/air_lab_common/lib'
[17.162s] Level 1:colcon.colcon_core.environment:checking '/home/leime957/TDDE05/ros2_ws/install/air_lab_common/bin'
[17.163s] Level 1:colcon.colcon_core.environment:checking '/home/leime957/TDDE05/ros2_ws/install/air_lab_common/lib/pkgconfig/air_lab_common.pc'
[17.163s] Level 1:colcon.colcon_core.environment:checking '/home/leime957/TDDE05/ros2_ws/install/air_lab_common/lib/python3.10/site-packages'
[17.164s] Level 1:colcon.colcon_core.shell:create_environment_hook('air_lab_common', 'pythonpath')
[17.164s] INFO:colcon.colcon_core.shell:Creating environment hook '/home/leime957/TDDE05/ros2_ws/install/air_lab_common/share/air_lab_common/hook/pythonpath.ps1'
[17.167s] INFO:colcon.colcon_core.shell:Creating environment descriptor '/home/leime957/TDDE05/ros2_ws/install/air_lab_common/share/air_lab_common/hook/pythonpath.dsv'
[17.170s] INFO:colcon.colcon_core.shell:Creating environment hook '/home/leime957/TDDE05/ros2_ws/install/air_lab_common/share/air_lab_common/hook/pythonpath.sh'
[17.173s] Level 1:colcon.colcon_core.environment:checking '/home/leime957/TDDE05/ros2_ws/install/air_lab_common/bin'
[17.174s] Level 1:colcon.colcon_core.environment:create_environment_scripts_only(air_lab_common)
[17.174s] INFO:colcon.colcon_core.shell:Creating package script '/home/leime957/TDDE05/ros2_ws/install/air_lab_common/share/air_lab_common/package.ps1'
[17.178s] INFO:colcon.colcon_core.shell:Creating package descriptor '/home/leime957/TDDE05/ros2_ws/install/air_lab_common/share/air_lab_common/package.dsv'
[17.181s] INFO:colcon.colcon_core.shell:Creating package script '/home/leime957/TDDE05/ros2_ws/install/air_lab_common/share/air_lab_common/package.sh'
[17.185s] INFO:colcon.colcon_core.shell:Creating package script '/home/leime957/TDDE05/ros2_ws/install/air_lab_common/share/air_lab_common/package.bash'
[17.190s] INFO:colcon.colcon_core.shell:Creating package script '/home/leime957/TDDE05/ros2_ws/install/air_lab_common/share/air_lab_common/package.zsh'
[17.196s] Level 1:colcon.colcon_core.environment:create_file_with_runtime_dependencies(/home/leime957/TDDE05/ros2_ws/install/air_lab_common/share/colcon-core/packages/air_lab_common)
[17.198s] Level 1:colcon.colcon_core.shell:create_environment_hook('air_lab2', 'pythonpath_develop')
[17.198s] INFO:colcon.colcon_core.shell:Creating environment hook '/home/leime957/TDDE05/ros2_ws/build/air_lab2/share/air_lab2/hook/pythonpath_develop.ps1'
[17.202s] INFO:colcon.colcon_core.shell:Creating environment descriptor '/home/leime957/TDDE05/ros2_ws/build/air_lab2/share/air_lab2/hook/pythonpath_develop.dsv'
[17.206s] DEBUG:colcon.colcon_core.event_handler.log_command:Invoked command in '/home/leime957/TDDE05/ros2_ws/build/air_lab2' returned '0': PYTHONPATH=/home/leime957/TDDE05/ros2_ws/build/air_lab2/prefix_override:/usr/lib/python3/dist-packages/colcon_core/task/python/colcon_distutils_commands:/home/leime957/TDDE05/ros2_ws/install/air_lab2/lib/python3.10/site-packages:${PYTHONPATH} /usr/bin/python3 -W ignore:setup.py install is deprecated -W ignore:easy_install command is deprecated setup.py develop --editable --build-directory /home/leime957/TDDE05/ros2_ws/build/air_lab2/build --no-deps symlink_data
[17.207s] INFO:colcon.colcon_core.shell:Creating environment hook '/home/leime957/TDDE05/ros2_ws/build/air_lab2/share/air_lab2/hook/pythonpath_develop.sh'
[17.211s] Level 1:colcon.colcon_core.environment:checking '/home/leime957/TDDE05/ros2_ws/install/air_lab2' for CMake module files
[17.217s] Level 1:colcon.colcon_core.environment:checking '/home/leime957/TDDE05/ros2_ws/install/air_lab2' for CMake config files
[17.227s] Level 1:colcon.colcon_core.environment:checking '/home/leime957/TDDE05/ros2_ws/install/air_lab2/lib'
[17.227s] Level 1:colcon.colcon_core.environment:checking '/home/leime957/TDDE05/ros2_ws/install/air_lab2/bin'
[17.228s] Level 1:colcon.colcon_core.environment:checking '/home/leime957/TDDE05/ros2_ws/install/air_lab2/lib/pkgconfig/air_lab2.pc'
[17.228s] Level 1:colcon.colcon_core.environment:checking '/home/leime957/TDDE05/ros2_ws/install/air_lab2/lib/python3.10/site-packages'
[17.229s] Level 1:colcon.colcon_core.shell:create_environment_hook('air_lab2', 'pythonpath')
[17.229s] INFO:colcon.colcon_core.shell:Creating environment hook '/home/leime957/TDDE05/ros2_ws/install/air_lab2/share/air_lab2/hook/pythonpath.ps1'
[17.234s] INFO:colcon.colcon_core.shell:Creating environment descriptor '/home/leime957/TDDE05/ros2_ws/install/air_lab2/share/air_lab2/hook/pythonpath.dsv'
[17.237s] INFO:colcon.colcon_core.shell:Creating environment hook '/home/leime957/TDDE05/ros2_ws/install/air_lab2/share/air_lab2/hook/pythonpath.sh'
[17.240s] Level 1:colcon.colcon_core.environment:checking '/home/leime957/TDDE05/ros2_ws/install/air_lab2/bin'
[17.240s] Level 1:colcon.colcon_core.environment:create_environment_scripts_only(air_lab2)
[17.240s] INFO:colcon.colcon_core.shell:Creating package script '/home/leime957/TDDE05/ros2_ws/install/air_lab2/share/air_lab2/package.ps1'
[17.245s] INFO:colcon.colcon_core.shell:Creating package descriptor '/home/leime957/TDDE05/ros2_ws/install/air_lab2/share/air_lab2/package.dsv'
[17.249s] INFO:colcon.colcon_core.shell:Creating package script '/home/leime957/TDDE05/ros2_ws/install/air_lab2/share/air_lab2/package.sh'
[17.252s] INFO:colcon.colcon_core.shell:Creating package script '/home/leime957/TDDE05/ros2_ws/install/air_lab2/share/air_lab2/package.bash'
[17.255s] INFO:colcon.colcon_core.shell:Creating package script '/home/leime957/TDDE05/ros2_ws/install/air_lab2/share/air_lab2/package.zsh'
[17.258s] Level 1:colcon.colcon_core.environment:create_file_with_runtime_dependencies(/home/leime957/TDDE05/ros2_ws/install/air_lab2/share/colcon-core/packages/air_lab2)
[17.260s] DEBUG:colcon.colcon_parallel_executor.executor.parallel:closing loop
[17.261s] DEBUG:colcon.colcon_parallel_executor.executor.parallel:loop closed
[17.261s] DEBUG:colcon.colcon_parallel_executor.executor.parallel:run_until_complete finished with '0'
[17.261s] DEBUG:colcon.colcon_core.event_reactor:joining thread
[17.331s] INFO:colcon.colcon_core.plugin_system:Skipping extension 'colcon_notification.desktop_notification.notify_send': Could not find 'notify-send'
[17.331s] INFO:colcon.colcon_core.plugin_system:Skipping extension 'colcon_notification.desktop_notification.terminal_notifier': Not used on non-Darwin systems
[17.331s] INFO:colcon.colcon_core.plugin_system:Skipping extension 'colcon_notification.desktop_notification.win32': Not used on non-Windows systems
[17.331s] INFO:colcon.colcon_notification.desktop_notification:Sending desktop notification using 'notify2'
[17.415s] DEBUG:colcon.colcon_core.event_reactor:joined thread
[17.416s] INFO:colcon.colcon_core.shell:Creating prefix script '/home/leime957/TDDE05/ros2_ws/install/local_setup.ps1'
[17.421s] INFO:colcon.colcon_core.shell:Creating prefix util module '/home/leime957/TDDE05/ros2_ws/install/_local_setup_util_ps1.py'
[17.427s] INFO:colcon.colcon_core.shell:Creating prefix chain script '/home/leime957/TDDE05/ros2_ws/install/setup.ps1'
[17.440s] INFO:colcon.colcon_core.shell:Creating prefix script '/home/leime957/TDDE05/ros2_ws/install/local_setup.sh'
[17.444s] INFO:colcon.colcon_core.shell:Creating prefix util module '/home/leime957/TDDE05/ros2_ws/install/_local_setup_util_sh.py'
[17.448s] INFO:colcon.colcon_core.shell:Creating prefix chain script '/home/leime957/TDDE05/ros2_ws/install/setup.sh'
[17.459s] INFO:colcon.colcon_core.shell:Creating prefix script '/home/leime957/TDDE05/ros2_ws/install/local_setup.bash'
[17.464s] INFO:colcon.colcon_core.shell:Creating prefix chain script '/home/leime957/TDDE05/ros2_ws/install/setup.bash'
[17.475s] INFO:colcon.colcon_core.shell:Creating prefix script '/home/leime957/TDDE05/ros2_ws/install/local_setup.zsh'
[17.479s] INFO:colcon.colcon_core.shell:Creating prefix chain script '/home/leime957/TDDE05/ros2_ws/install/setup.zsh'
