[12.462s] Invoking command in '/home/leime957/TDDE05/ros2_ws/build/air_navigation': CMAKE_PREFIX_PATH=${CMAKE_PREFIX_PATH}:/home/leime957/TDDE05/ros2_ws/install/exploration:/home/leime957/TDDE05/ros2_ws/install/human:/home/leime957/TDDE05/ros2_ws/install/air_navigation_examples:/home/leime957/TDDE05/ros2_ws/install/air_lab5:/home/leime957/TDDE05/ros2_ws/install/air_lab3:/home/leime957/TDDE05/ros2_ws/install/air_lab_common:/home/leime957/TDDE05/ros2_ws/install/air_lab2:/home/leime957/TDDE05/ros2_ws/install/air_bringup:/opt/air_ws/install/air_simple_sim:/opt/air_ws/install/air_bringup:/opt/ros/humble /usr/bin/cmake --build /home/leime957/TDDE05/ros2_ws/build/air_navigation -- -j20 -l20
[14.716s] [ 62%] Built target air_navigation
[16.010s] [100%] Built target python_module_air_navigation_
[16.194s] Invoked command in '/home/leime957/TDDE05/ros2_ws/build/air_navigation' returned '0': CMAKE_PREFIX_PATH=${CMAKE_PREFIX_PATH}:/home/leime957/TDDE05/ros2_ws/install/exploration:/home/leime957/TDDE05/ros2_ws/install/human:/home/leime957/TDDE05/ros2_ws/install/air_navigation_examples:/home/leime957/TDDE05/ros2_ws/install/air_lab5:/home/leime957/TDDE05/ros2_ws/install/air_lab3:/home/leime957/TDDE05/ros2_ws/install/air_lab_common:/home/leime957/TDDE05/ros2_ws/install/air_lab2:/home/leime957/TDDE05/ros2_ws/install/air_bringup:/opt/air_ws/install/air_simple_sim:/opt/air_ws/install/air_bringup:/opt/ros/humble /usr/bin/cmake --build /home/leime957/TDDE05/ros2_ws/build/air_navigation -- -j20 -l20
[16.207s] Invoking command in '/home/leime957/TDDE05/ros2_ws/build/air_navigation': CMAKE_PREFIX_PATH=${CMAKE_PREFIX_PATH}:/home/leime957/TDDE05/ros2_ws/install/exploration:/home/leime957/TDDE05/ros2_ws/install/human:/home/leime957/TDDE05/ros2_ws/install/air_navigation_examples:/home/leime957/TDDE05/ros2_ws/install/air_lab5:/home/leime957/TDDE05/ros2_ws/install/air_lab3:/home/leime957/TDDE05/ros2_ws/install/air_lab_common:/home/leime957/TDDE05/ros2_ws/install/air_lab2:/home/leime957/TDDE05/ros2_ws/install/air_bringup:/opt/air_ws/install/air_simple_sim:/opt/air_ws/install/air_bringup:/opt/ros/humble /usr/bin/cmake --install /home/leime957/TDDE05/ros2_ws/build/air_navigation
[16.407s] -- Install configuration: "Release"
[16.409s] -- Execute custom install script
[16.415s] -- Up-to-date symlink: /home/leime957/TDDE05/ros2_ws/install/air_navigation/lib/libair_navigation.so
[16.416s] -- Up-to-date symlink: /home/leime957/TDDE05/ros2_ws/install/air_navigation/lib/python3.10/site-packages///air_navigation_.so
[16.416s] -- Up-to-date symlink: /home/leime957/TDDE05/ros2_ws/install/air_navigation/lib/python3.10/site-packages//air_navigation/__init__.py
[16.416s] -- Up-to-date symlink: /home/leime957/TDDE05/ros2_ws/install/air_navigation/share/air_navigation/environment/library_path.sh
[16.418s] -- Up-to-date symlink: /home/leime957/TDDE05/ros2_ws/install/air_navigation/share/air_navigation/environment/library_path.dsv
[16.419s] -- Up-to-date symlink: /home/leime957/TDDE05/ros2_ws/install/air_navigation/share/air_navigation//air_navigation_plugins.xml
[16.420s] -- Up-to-date symlink: /home/leime957/TDDE05/ros2_ws/install/air_navigation/share/air_navigation//air_navigation_plugins.xml
[16.422s] -- Up-to-date symlink: /home/leime957/TDDE05/ros2_ws/install/air_navigation/share/ament_index/resource_index/package_run_dependencies/air_navigation
[16.424s] -- Up-to-date symlink: /home/leime957/TDDE05/ros2_ws/install/air_navigation/share/ament_index/resource_index/parent_prefix_path/air_navigation
[16.425s] -- Up-to-date symlink: /home/leime957/TDDE05/ros2_ws/install/air_navigation/share/air_navigation/environment/ament_prefix_path.sh
[16.427s] -- Up-to-date symlink: /home/leime957/TDDE05/ros2_ws/install/air_navigation/share/air_navigation/environment/ament_prefix_path.dsv
[16.428s] -- Up-to-date symlink: /home/leime957/TDDE05/ros2_ws/install/air_navigation/share/air_navigation/environment/path.sh
[16.430s] -- Up-to-date symlink: /home/leime957/TDDE05/ros2_ws/install/air_navigation/share/air_navigation/environment/path.dsv
[16.431s] -- Up-to-date symlink: /home/leime957/TDDE05/ros2_ws/install/air_navigation/share/air_navigation/local_setup.bash
[16.432s] -- Up-to-date symlink: /home/leime957/TDDE05/ros2_ws/install/air_navigation/share/air_navigation/local_setup.sh
[16.434s] -- Up-to-date symlink: /home/leime957/TDDE05/ros2_ws/install/air_navigation/share/air_navigation/local_setup.zsh
[16.435s] -- Up-to-date symlink: /home/leime957/TDDE05/ros2_ws/install/air_navigation/share/air_navigation/local_setup.dsv
[16.437s] -- Symlinking: /home/leime957/TDDE05/ros2_ws/install/air_navigation/share/air_navigation/package.dsv
[16.681s] -- Up-to-date symlink: /home/leime957/TDDE05/ros2_ws/install/air_navigation/share/ament_index/resource_index/packages/air_navigation
[16.683s] -- Up-to-date symlink: /home/leime957/TDDE05/ros2_ws/install/air_navigation/share/ament_index/resource_index/nav2_core__pluginlib__plugin/air_navigation
[16.685s] -- Up-to-date symlink: /home/leime957/TDDE05/ros2_ws/install/air_navigation/share/ament_index/resource_index/dwb_core__pluginlib__plugin/air_navigation
[16.687s] -- Up-to-date symlink: /home/leime957/TDDE05/ros2_ws/install/air_navigation/share/air_navigation/cmake/ament_cmake_export_libraries-extras.cmake
[16.689s] -- Up-to-date symlink: /home/leime957/TDDE05/ros2_ws/install/air_navigation/share/air_navigation/cmake/ament_cmake_export_dependencies-extras.cmake
[16.691s] -- Up-to-date symlink: /home/leime957/TDDE05/ros2_ws/install/air_navigation/share/air_navigation/cmake/air_navigationConfig.cmake
[16.692s] -- Up-to-date symlink: /home/leime957/TDDE05/ros2_ws/install/air_navigation/share/air_navigation/cmake/air_navigationConfig-version.cmake
[16.694s] -- Up-to-date symlink: /home/leime957/TDDE05/ros2_ws/install/air_navigation/share/air_navigation/package.xml
[16.698s] Invoked command in '/home/leime957/TDDE05/ros2_ws/build/air_navigation' returned '0': CMAKE_PREFIX_PATH=${CMAKE_PREFIX_PATH}:/home/leime957/TDDE05/ros2_ws/install/exploration:/home/leime957/TDDE05/ros2_ws/install/human:/home/leime957/TDDE05/ros2_ws/install/air_navigation_examples:/home/leime957/TDDE05/ros2_ws/install/air_lab5:/home/leime957/TDDE05/ros2_ws/install/air_lab3:/home/leime957/TDDE05/ros2_ws/install/air_lab_common:/home/leime957/TDDE05/ros2_ws/install/air_lab2:/home/leime957/TDDE05/ros2_ws/install/air_bringup:/opt/air_ws/install/air_simple_sim:/opt/air_ws/install/air_bringup:/opt/ros/humble /usr/bin/cmake --install /home/leime957/TDDE05/ros2_ws/build/air_navigation
