[0.309s] Invoking command in '/home/leime957/TDDE05/ros2_ws/build/air_lab_interfaces': CMAKE_PREFIX_PATH=${CMAKE_PREFIX_PATH}:/home/leime957/TDDE05/ros2_ws/install/air_lab3:/home/leime957/TDDE05/ros2_ws/install/air_lab_common:/home/leime957/TDDE05/ros2_ws/install/air_lab2:/opt/air_ws/install/air_simple_sim:/opt/air_ws/install/air_bringup:/opt/ros/humble /usr/bin/cmake --build /home/leime957/TDDE05/ros2_ws/build/air_lab_interfaces -- -j20 -l20
[9.335s] -- Found ament_cmake: 1.3.11 (/opt/ros/humble/share/ament_cmake/cmake)
[9.336s] -- Override CMake install command with custom implementation using symlinks instead of copying resources
[9.336s] -- Found std_msgs: 4.2.4 (/opt/ros/humble/share/std_msgs/cmake)
[9.336s] -- Found rosidl_generator_c: 3.1.6 (/opt/ros/humble/share/rosidl_generator_c/cmake)
[9.338s] -- Found rosidl_adapter: 3.1.6 (/opt/ros/humble/share/rosidl_adapter/cmake)
[9.338s] -- Found rosidl_generator_cpp: 3.1.6 (/opt/ros/humble/share/rosidl_generator_cpp/cmake)
[9.338s] -- Using all available rosidl_typesupport_c: rosidl_typesupport_fastrtps_c;rosidl_typesupport_introspection_c
[9.338s] -- Using all available rosidl_typesupport_cpp: rosidl_typesupport_fastrtps_cpp;rosidl_typesupport_introspection_cpp
[9.338s] -- Found rosidl_default_generators: 1.2.0 (/opt/ros/humble/share/rosidl_default_generators/cmake)
[9.338s] -- Found ament_lint_auto: 0.12.11 (/opt/ros/humble/share/ament_lint_auto/cmake)
[9.338s] -- Found ament_cmake_ros: 0.10.0 (/opt/ros/humble/share/ament_cmake_ros/cmake)
[9.339s] -- Using all available rosidl_typesupport_c: rosidl_typesupport_fastrtps_c;rosidl_typesupport_introspection_c
[9.461s] -- Using all available rosidl_typesupport_cpp: rosidl_typesupport_fastrtps_cpp;rosidl_typesupport_introspection_cpp
[9.654s] -- Found python_cmake_module: 0.10.0 (/opt/ros/humble/share/python_cmake_module/cmake)
[9.797s] -- Using PYTHON_EXECUTABLE: /usr/bin/python3
[9.798s] -- Using PYTHON_INCLUDE_DIRS: /usr/include/python3.10
[9.798s] -- Using PYTHON_LIBRARIES: /usr/lib/x86_64-linux-gnu/libpython3.10.so
[10.118s] -- Added test 'lint_cmake' to check CMake code style
[10.147s] -- Added test 'xmllint' to check XML markup files
[10.326s] -- Configuring done
[11.566s] -- Generating done
[11.761s] -- Build files have been written to: /home/leime957/TDDE05/ros2_ws/build/air_lab_interfaces
[12.298s] [  2%] [34m[1mGenerating C code for ROS interfaces[0m
[12.592s] [  4%] [34m[1mGenerating C++ code for ROS interfaces[0m
[12.807s] [  4%] Built target ament_cmake_python_symlink_air_lab_interfaces
[15.939s] [  4%] Built target air_lab_interfaces__cpp
[15.944s] [35m[1mConsolidate compiler generated dependencies of target air_lab_interfaces__rosidl_generator_c[0m
[16.535s] [  6%] [34m[1mGenerating C++ introspection for ROS interfaces[0m
[16.538s] [ 10%] [34m[1mGenerating C++ type support for eProsima Fast-RTPS[0m
[16.538s] [ 10%] [34m[1mGenerating C++ type support dispatch for ROS interfaces[0m
[16.725s] [ 12%] [32mBuilding C object CMakeFiles/air_lab_interfaces__rosidl_generator_c.dir/rosidl_generator_c/air_lab_interfaces/srv/detail/execute_tst__functions.c.o[0m
[16.734s] [ 14%] [32mBuilding C object CMakeFiles/air_lab_interfaces__rosidl_generator_c.dir/rosidl_generator_c/air_lab_interfaces/msg/detail/goal__functions.c.o[0m
[16.752s] [ 17%] [32mBuilding C object CMakeFiles/air_lab_interfaces__rosidl_generator_c.dir/rosidl_generator_c/air_lab_interfaces/msg/detail/goals__functions.c.o[0m
[18.733s] [ 19%] [32m[1mLinking C shared library libair_lab_interfaces__rosidl_generator_c.so[0m
[19.912s] [35m[1mConsolidate compiler generated dependencies of target air_lab_interfaces__rosidl_typesupport_cpp[0m
[19.977s] [35m[1mConsolidate compiler generated dependencies of target air_lab_interfaces__rosidl_typesupport_introspection_cpp[0m
[20.004s] [35m[1mConsolidate compiler generated dependencies of target air_lab_interfaces__rosidl_typesupport_fastrtps_cpp[0m
[20.225s] [ 19%] Built target air_lab_interfaces__rosidl_generator_c
[21.244s] [ 23%] [34m[1mGenerating C type support dispatch for ROS interfaces[0m
[21.245s] [ 27%] [32mBuilding CXX object CMakeFiles/air_lab_interfaces__rosidl_typesupport_cpp.dir/rosidl_typesupport_cpp/air_lab_interfaces/msg/goals__type_support.cpp.o[0m
[21.247s] [ 34%] [32mBuilding CXX object CMakeFiles/air_lab_interfaces__rosidl_typesupport_introspection_cpp.dir/rosidl_typesupport_introspection_cpp/air_lab_interfaces/srv/detail/execute_tst__type_support.cpp.o[0m
[21.247s] [ 34%] [32mBuilding CXX object CMakeFiles/air_lab_interfaces__rosidl_typesupport_cpp.dir/rosidl_typesupport_cpp/air_lab_interfaces/msg/goal__type_support.cpp.o[0m
[21.248s] [ 36%] [34m[1mGenerating C introspection for ROS interfaces[0m
[21.248s] [ 36%] [32mBuilding CXX object CMakeFiles/air_lab_interfaces__rosidl_typesupport_cpp.dir/rosidl_typesupport_cpp/air_lab_interfaces/srv/execute_tst__type_support.cpp.o[0m
[21.249s] [ 36%] [32mBuilding CXX object CMakeFiles/air_lab_interfaces__rosidl_typesupport_introspection_cpp.dir/rosidl_typesupport_introspection_cpp/air_lab_interfaces/msg/detail/goal__type_support.cpp.o[0m
[21.250s] [ 36%] [34m[1mGenerating C type support for eProsima Fast-RTPS[0m
[21.263s] [ 38%] [32mBuilding CXX object CMakeFiles/air_lab_interfaces__rosidl_typesupport_introspection_cpp.dir/rosidl_typesupport_introspection_cpp/air_lab_interfaces/msg/detail/goals__type_support.cpp.o[0m
[21.446s] [ 40%] [32mBuilding CXX object CMakeFiles/air_lab_interfaces__rosidl_typesupport_fastrtps_cpp.dir/rosidl_typesupport_fastrtps_cpp/air_lab_interfaces/msg/detail/dds_fastrtps/goal__type_support.cpp.o[0m
[21.471s] [ 42%] [32mBuilding CXX object CMakeFiles/air_lab_interfaces__rosidl_typesupport_fastrtps_cpp.dir/rosidl_typesupport_fastrtps_cpp/air_lab_interfaces/srv/detail/dds_fastrtps/execute_tst__type_support.cpp.o[0m
[21.517s] [ 44%] [32mBuilding CXX object CMakeFiles/air_lab_interfaces__rosidl_typesupport_fastrtps_cpp.dir/rosidl_typesupport_fastrtps_cpp/air_lab_interfaces/msg/detail/dds_fastrtps/goals__type_support.cpp.o[0m
[28.137s] [35m[1mConsolidate compiler generated dependencies of target air_lab_interfaces__rosidl_typesupport_c[0m
[28.139s] [ 46%] [32m[1mLinking CXX shared library libair_lab_interfaces__rosidl_typesupport_cpp.so[0m
[28.140s] [35m[1mConsolidate compiler generated dependencies of target air_lab_interfaces__rosidl_typesupport_fastrtps_c[0m
[28.877s] [ 48%] [32m[1mLinking CXX shared library libair_lab_interfaces__rosidl_typesupport_introspection_cpp.so[0m
[28.888s] [35m[1mConsolidate compiler generated dependencies of target air_lab_interfaces__rosidl_typesupport_introspection_c[0m
[29.548s] [ 51%] [32mBuilding CXX object CMakeFiles/air_lab_interfaces__rosidl_typesupport_c.dir/rosidl_typesupport_c/air_lab_interfaces/srv/execute_tst__type_support.cpp.o[0m
[29.550s] [ 53%] [32mBuilding CXX object CMakeFiles/air_lab_interfaces__rosidl_typesupport_c.dir/rosidl_typesupport_c/air_lab_interfaces/msg/goal__type_support.cpp.o[0m
[29.553s] [ 55%] [32mBuilding CXX object CMakeFiles/air_lab_interfaces__rosidl_typesupport_c.dir/rosidl_typesupport_c/air_lab_interfaces/msg/goals__type_support.cpp.o[0m
[29.906s] [ 57%] [32mBuilding C object CMakeFiles/air_lab_interfaces__rosidl_typesupport_introspection_c.dir/rosidl_typesupport_introspection_c/air_lab_interfaces/msg/detail/goal__type_support.c.o[0m
[29.933s] [ 59%] [32mBuilding C object CMakeFiles/air_lab_interfaces__rosidl_typesupport_introspection_c.dir/rosidl_typesupport_introspection_c/air_lab_interfaces/srv/detail/execute_tst__type_support.c.o[0m
[29.966s] [ 61%] [32mBuilding C object CMakeFiles/air_lab_interfaces__rosidl_typesupport_introspection_c.dir/rosidl_typesupport_introspection_c/air_lab_interfaces/msg/detail/goals__type_support.c.o[0m
[30.187s] [ 63%] [32mBuilding CXX object CMakeFiles/air_lab_interfaces__rosidl_typesupport_fastrtps_c.dir/rosidl_typesupport_fastrtps_c/air_lab_interfaces/srv/detail/execute_tst__type_support_c.cpp.o[0m
[30.345s] [ 68%] [32m[1mLinking CXX shared library libair_lab_interfaces__rosidl_typesupport_fastrtps_cpp.so[0m
[30.345s] [ 68%] [32mBuilding CXX object CMakeFiles/air_lab_interfaces__rosidl_typesupport_fastrtps_c.dir/rosidl_typesupport_fastrtps_c/air_lab_interfaces/msg/detail/goal__type_support_c.cpp.o[0m
[30.395s] [ 70%] [32mBuilding CXX object CMakeFiles/air_lab_interfaces__rosidl_typesupport_fastrtps_c.dir/rosidl_typesupport_fastrtps_c/air_lab_interfaces/msg/detail/goals__type_support_c.cpp.o[0m
[31.128s] [ 70%] Built target air_lab_interfaces__rosidl_typesupport_cpp
[31.572s] [ 70%] Built target air_lab_interfaces__rosidl_typesupport_introspection_cpp
[31.698s] [ 72%] [32m[1mLinking CXX shared library libair_lab_interfaces__rosidl_typesupport_c.so[0m
[32.468s] running egg_info
[32.469s] [ 74%] [32m[1mLinking C shared library libair_lab_interfaces__rosidl_typesupport_introspection_c.so[0m
[32.470s] writing air_lab_interfaces.egg-info/PKG-INFO
[32.473s] writing dependency_links to air_lab_interfaces.egg-info/dependency_links.txt
[32.476s] writing top-level names to air_lab_interfaces.egg-info/top_level.txt
[32.541s] reading manifest file 'air_lab_interfaces.egg-info/SOURCES.txt'
[32.545s] writing manifest file 'air_lab_interfaces.egg-info/SOURCES.txt'
[33.054s] [ 74%] Built target air_lab_interfaces__rosidl_typesupport_fastrtps_cpp
[33.248s] [ 74%] Built target ament_cmake_python_build_air_lab_interfaces_egg
[33.739s] [ 74%] Built target air_lab_interfaces__rosidl_typesupport_c
[33.982s] [ 74%] Built target air_lab_interfaces__rosidl_typesupport_introspection_c
[34.415s] [ 76%] [32m[1mLinking CXX shared library libair_lab_interfaces__rosidl_typesupport_fastrtps_c.so[0m
[35.180s] [ 76%] Built target air_lab_interfaces__rosidl_typesupport_fastrtps_c
[35.603s] [ 76%] Built target air_lab_interfaces
[36.058s] [ 78%] [34m[1mGenerating Python code for ROS interfaces[0m
[38.558s] [ 78%] Built target air_lab_interfaces__py
[38.813s] [35m[1mConsolidate compiler generated dependencies of target air_lab_interfaces__rosidl_generator_py[0m
[39.748s] [ 85%] [32mBuilding C object CMakeFiles/air_lab_interfaces__rosidl_generator_py.dir/rosidl_generator_py/air_lab_interfaces/msg/_goal_s.c.o[0m
[39.749s] [ 85%] [32mBuilding C object CMakeFiles/air_lab_interfaces__rosidl_generator_py.dir/rosidl_generator_py/air_lab_interfaces/msg/_goals_s.c.o[0m
[39.749s] [ 85%] [32mBuilding C object CMakeFiles/air_lab_interfaces__rosidl_generator_py.dir/rosidl_generator_py/air_lab_interfaces/srv/_execute_tst_s.c.o[0m
[42.239s] [ 87%] [32m[1mLinking C shared library rosidl_generator_py/air_lab_interfaces/libair_lab_interfaces__rosidl_generator_py.so[0m
[43.103s] [ 87%] Built target air_lab_interfaces__rosidl_generator_py
[43.723s] [35m[1mConsolidate compiler generated dependencies of target air_lab_interfaces__rosidl_typesupport_c__pyext[0m
[43.726s] [35m[1mConsolidate compiler generated dependencies of target air_lab_interfaces__rosidl_typesupport_fastrtps_c__pyext[0m
[43.726s] [35m[1mConsolidate compiler generated dependencies of target air_lab_interfaces__rosidl_typesupport_introspection_c__pyext[0m
[44.945s] [ 93%] [32mBuilding C object CMakeFiles/air_lab_interfaces__rosidl_typesupport_introspection_c__pyext.dir/rosidl_generator_py/air_lab_interfaces/_air_lab_interfaces_s.ep.rosidl_typesupport_introspection_c.c.o[0m
[44.945s] [ 93%] [32mBuilding C object CMakeFiles/air_lab_interfaces__rosidl_typesupport_c__pyext.dir/rosidl_generator_py/air_lab_interfaces/_air_lab_interfaces_s.ep.rosidl_typesupport_c.c.o[0m
[44.947s] [ 93%] [32mBuilding C object CMakeFiles/air_lab_interfaces__rosidl_typesupport_fastrtps_c__pyext.dir/rosidl_generator_py/air_lab_interfaces/_air_lab_interfaces_s.ep.rosidl_typesupport_fastrtps_c.c.o[0m
[46.955s] [100%] [32m[1mLinking C shared library rosidl_generator_py/air_lab_interfaces/air_lab_interfaces_s__rosidl_typesupport_c.cpython-310-x86_64-linux-gnu.so[0m
[46.956s] [100%] [32m[1mLinking C shared library rosidl_generator_py/air_lab_interfaces/air_lab_interfaces_s__rosidl_typesupport_fastrtps_c.cpython-310-x86_64-linux-gnu.so[0m
[46.956s] [100%] [32m[1mLinking C shared library rosidl_generator_py/air_lab_interfaces/air_lab_interfaces_s__rosidl_typesupport_introspection_c.cpython-310-x86_64-linux-gnu.so[0m
[47.763s] [100%] Built target air_lab_interfaces__rosidl_typesupport_introspection_c__pyext
[47.788s] [100%] Built target air_lab_interfaces__rosidl_typesupport_fastrtps_c__pyext
[47.789s] [100%] Built target air_lab_interfaces__rosidl_typesupport_c__pyext
[48.038s] Invoked command in '/home/leime957/TDDE05/ros2_ws/build/air_lab_interfaces' returned '0': CMAKE_PREFIX_PATH=${CMAKE_PREFIX_PATH}:/home/leime957/TDDE05/ros2_ws/install/air_lab3:/home/leime957/TDDE05/ros2_ws/install/air_lab_common:/home/leime957/TDDE05/ros2_ws/install/air_lab2:/opt/air_ws/install/air_simple_sim:/opt/air_ws/install/air_bringup:/opt/ros/humble /usr/bin/cmake --build /home/leime957/TDDE05/ros2_ws/build/air_lab_interfaces -- -j20 -l20
[48.275s] Invoking command in '/home/leime957/TDDE05/ros2_ws/build/air_lab_interfaces': CMAKE_PREFIX_PATH=${CMAKE_PREFIX_PATH}:/home/leime957/TDDE05/ros2_ws/install/air_lab3:/home/leime957/TDDE05/ros2_ws/install/air_lab_common:/home/leime957/TDDE05/ros2_ws/install/air_lab2:/opt/air_ws/install/air_simple_sim:/opt/air_ws/install/air_bringup:/opt/ros/humble /usr/bin/cmake --install /home/leime957/TDDE05/ros2_ws/build/air_lab_interfaces
[48.467s] -- Install configuration: ""
[48.471s] -- Execute custom install script
[48.474s] -- Up-to-date symlink: /home/leime957/TDDE05/ros2_ws/install/air_lab_interfaces/share/ament_index/resource_index/rosidl_interfaces/air_lab_interfaces
[48.482s] -- Symlinking: /home/leime957/TDDE05/ros2_ws/install/air_lab_interfaces/include/air_lab_interfaces/air_lab_interfaces/msg/detail/goal__functions.h
[48.666s] -- Symlinking: /home/leime957/TDDE05/ros2_ws/install/air_lab_interfaces/include/air_lab_interfaces/air_lab_interfaces/msg/detail/goal__struct.h
[48.774s] -- Symlinking: /home/leime957/TDDE05/ros2_ws/install/air_lab_interfaces/include/air_lab_interfaces/air_lab_interfaces/msg/detail/goal__type_support.h
[48.861s] -- Symlinking: /home/leime957/TDDE05/ros2_ws/install/air_lab_interfaces/include/air_lab_interfaces/air_lab_interfaces/msg/detail/goals__functions.h
[49.066s] -- Symlinking: /home/leime957/TDDE05/ros2_ws/install/air_lab_interfaces/include/air_lab_interfaces/air_lab_interfaces/msg/detail/goals__struct.h
[49.210s] -- Symlinking: /home/leime957/TDDE05/ros2_ws/install/air_lab_interfaces/include/air_lab_interfaces/air_lab_interfaces/msg/detail/goals__type_support.h
[49.403s] -- Symlinking: /home/leime957/TDDE05/ros2_ws/install/air_lab_interfaces/include/air_lab_interfaces/air_lab_interfaces/msg/goal.h
[49.573s] -- Symlinking: /home/leime957/TDDE05/ros2_ws/install/air_lab_interfaces/include/air_lab_interfaces/air_lab_interfaces/msg/goals.h
[49.743s] -- Up-to-date symlink: /home/leime957/TDDE05/ros2_ws/install/air_lab_interfaces/include/air_lab_interfaces/air_lab_interfaces/msg/rosidl_generator_c__visibility_control.h
[49.745s] -- Up-to-date symlink: /home/leime957/TDDE05/ros2_ws/install/air_lab_interfaces/include/air_lab_interfaces/air_lab_interfaces/srv/detail/execute_tst__functions.h
[49.746s] -- Up-to-date symlink: /home/leime957/TDDE05/ros2_ws/install/air_lab_interfaces/include/air_lab_interfaces/air_lab_interfaces/srv/detail/execute_tst__struct.h
[49.749s] -- Up-to-date symlink: /home/leime957/TDDE05/ros2_ws/install/air_lab_interfaces/include/air_lab_interfaces/air_lab_interfaces/srv/detail/execute_tst__type_support.h
[49.752s] -- Up-to-date symlink: /home/leime957/TDDE05/ros2_ws/install/air_lab_interfaces/include/air_lab_interfaces/air_lab_interfaces/srv/execute_tst.h
[49.760s] -- Up-to-date symlink: /home/leime957/TDDE05/ros2_ws/install/air_lab_interfaces/share/air_lab_interfaces/environment/library_path.sh
[49.762s] -- Up-to-date symlink: /home/leime957/TDDE05/ros2_ws/install/air_lab_interfaces/share/air_lab_interfaces/environment/library_path.dsv
[49.768s] -- Symlinking: /home/leime957/TDDE05/ros2_ws/install/air_lab_interfaces/include/air_lab_interfaces/air_lab_interfaces/msg/detail/goal__rosidl_typesupport_fastrtps_c.h
[49.933s] -- Symlinking: /home/leime957/TDDE05/ros2_ws/install/air_lab_interfaces/include/air_lab_interfaces/air_lab_interfaces/msg/detail/goals__rosidl_typesupport_fastrtps_c.h
[50.248s] -- Up-to-date symlink: /home/leime957/TDDE05/ros2_ws/install/air_lab_interfaces/include/air_lab_interfaces/air_lab_interfaces/msg/rosidl_typesupport_fastrtps_c__visibility_control.h
[50.250s] -- Up-to-date symlink: /home/leime957/TDDE05/ros2_ws/install/air_lab_interfaces/include/air_lab_interfaces/air_lab_interfaces/srv/detail/execute_tst__rosidl_typesupport_fastrtps_c.h
[50.256s] -- Symlinking: /home/leime957/TDDE05/ros2_ws/install/air_lab_interfaces/include/air_lab_interfaces/air_lab_interfaces/msg/detail/goal__builder.hpp
[50.412s] -- Symlinking: /home/leime957/TDDE05/ros2_ws/install/air_lab_interfaces/include/air_lab_interfaces/air_lab_interfaces/msg/detail/goal__struct.hpp
[50.596s] -- Symlinking: /home/leime957/TDDE05/ros2_ws/install/air_lab_interfaces/include/air_lab_interfaces/air_lab_interfaces/msg/detail/goal__traits.hpp
[50.749s] -- Symlinking: /home/leime957/TDDE05/ros2_ws/install/air_lab_interfaces/include/air_lab_interfaces/air_lab_interfaces/msg/detail/goal__type_support.hpp
[50.903s] -- Symlinking: /home/leime957/TDDE05/ros2_ws/install/air_lab_interfaces/include/air_lab_interfaces/air_lab_interfaces/msg/detail/goals__builder.hpp
[51.061s] -- Symlinking: /home/leime957/TDDE05/ros2_ws/install/air_lab_interfaces/include/air_lab_interfaces/air_lab_interfaces/msg/detail/goals__struct.hpp
[51.324s] -- Symlinking: /home/leime957/TDDE05/ros2_ws/install/air_lab_interfaces/include/air_lab_interfaces/air_lab_interfaces/msg/detail/goals__traits.hpp
[51.510s] -- Symlinking: /home/leime957/TDDE05/ros2_ws/install/air_lab_interfaces/include/air_lab_interfaces/air_lab_interfaces/msg/detail/goals__type_support.hpp
[51.690s] -- Symlinking: /home/leime957/TDDE05/ros2_ws/install/air_lab_interfaces/include/air_lab_interfaces/air_lab_interfaces/msg/goal.hpp
[51.823s] -- Symlinking: /home/leime957/TDDE05/ros2_ws/install/air_lab_interfaces/include/air_lab_interfaces/air_lab_interfaces/msg/goals.hpp
[51.888s] -- Up-to-date symlink: /home/leime957/TDDE05/ros2_ws/install/air_lab_interfaces/include/air_lab_interfaces/air_lab_interfaces/msg/rosidl_generator_cpp__visibility_control.hpp
[51.889s] -- Up-to-date symlink: /home/leime957/TDDE05/ros2_ws/install/air_lab_interfaces/include/air_lab_interfaces/air_lab_interfaces/srv/detail/execute_tst__builder.hpp
[51.891s] -- Up-to-date symlink: /home/leime957/TDDE05/ros2_ws/install/air_lab_interfaces/include/air_lab_interfaces/air_lab_interfaces/srv/detail/execute_tst__struct.hpp
[51.892s] -- Up-to-date symlink: /home/leime957/TDDE05/ros2_ws/install/air_lab_interfaces/include/air_lab_interfaces/air_lab_interfaces/srv/detail/execute_tst__traits.hpp
[51.894s] -- Up-to-date symlink: /home/leime957/TDDE05/ros2_ws/install/air_lab_interfaces/include/air_lab_interfaces/air_lab_interfaces/srv/detail/execute_tst__type_support.hpp
[51.896s] -- Up-to-date symlink: /home/leime957/TDDE05/ros2_ws/install/air_lab_interfaces/include/air_lab_interfaces/air_lab_interfaces/srv/execute_tst.hpp
[51.930s] -- Symlinking: /home/leime957/TDDE05/ros2_ws/install/air_lab_interfaces/include/air_lab_interfaces/air_lab_interfaces/msg/detail/goal__rosidl_typesupport_fastrtps_cpp.hpp
[51.994s] -- Symlinking: /home/leime957/TDDE05/ros2_ws/install/air_lab_interfaces/include/air_lab_interfaces/air_lab_interfaces/msg/detail/goals__rosidl_typesupport_fastrtps_cpp.hpp
[52.068s] -- Up-to-date symlink: /home/leime957/TDDE05/ros2_ws/install/air_lab_interfaces/include/air_lab_interfaces/air_lab_interfaces/msg/rosidl_typesupport_fastrtps_cpp__visibility_control.h
[52.070s] -- Up-to-date symlink: /home/leime957/TDDE05/ros2_ws/install/air_lab_interfaces/include/air_lab_interfaces/air_lab_interfaces/srv/detail/execute_tst__rosidl_typesupport_fastrtps_cpp.hpp
[52.075s] -- Symlinking: /home/leime957/TDDE05/ros2_ws/install/air_lab_interfaces/include/air_lab_interfaces/air_lab_interfaces/msg/detail/goal__rosidl_typesupport_introspection_c.h
[52.183s] -- Symlinking: /home/leime957/TDDE05/ros2_ws/install/air_lab_interfaces/include/air_lab_interfaces/air_lab_interfaces/msg/detail/goals__rosidl_typesupport_introspection_c.h
[52.390s] -- Up-to-date symlink: /home/leime957/TDDE05/ros2_ws/install/air_lab_interfaces/include/air_lab_interfaces/air_lab_interfaces/msg/rosidl_typesupport_introspection_c__visibility_control.h
[52.391s] -- Up-to-date symlink: /home/leime957/TDDE05/ros2_ws/install/air_lab_interfaces/include/air_lab_interfaces/air_lab_interfaces/srv/detail/execute_tst__rosidl_typesupport_introspection_c.h
[52.396s] -- Symlinking: /home/leime957/TDDE05/ros2_ws/install/air_lab_interfaces/include/air_lab_interfaces/air_lab_interfaces/msg/detail/goal__rosidl_typesupport_introspection_cpp.hpp
[52.452s] -- Symlinking: /home/leime957/TDDE05/ros2_ws/install/air_lab_interfaces/include/air_lab_interfaces/air_lab_interfaces/msg/detail/goals__rosidl_typesupport_introspection_cpp.hpp
[52.486s] -- Up-to-date symlink: /home/leime957/TDDE05/ros2_ws/install/air_lab_interfaces/include/air_lab_interfaces/air_lab_interfaces/srv/detail/execute_tst__rosidl_typesupport_introspection_cpp.hpp
[52.488s] -- Up-to-date symlink: /home/leime957/TDDE05/ros2_ws/install/air_lab_interfaces/share/air_lab_interfaces/environment/pythonpath.sh
[52.490s] -- Up-to-date symlink: /home/leime957/TDDE05/ros2_ws/install/air_lab_interfaces/share/air_lab_interfaces/environment/pythonpath.dsv
[52.492s] -- Up-to-date symlink: /home/leime957/TDDE05/ros2_ws/install/air_lab_interfaces/local/lib/python3.10/dist-packages/air_lab_interfaces-0.0.0-py3.10.egg-info/PKG-INFO
[52.493s] -- Up-to-date symlink: /home/leime957/TDDE05/ros2_ws/install/air_lab_interfaces/local/lib/python3.10/dist-packages/air_lab_interfaces-0.0.0-py3.10.egg-info/SOURCES.txt
[52.495s] -- Up-to-date symlink: /home/leime957/TDDE05/ros2_ws/install/air_lab_interfaces/local/lib/python3.10/dist-packages/air_lab_interfaces-0.0.0-py3.10.egg-info/dependency_links.txt
[52.496s] -- Up-to-date symlink: /home/leime957/TDDE05/ros2_ws/install/air_lab_interfaces/local/lib/python3.10/dist-packages/air_lab_interfaces-0.0.0-py3.10.egg-info/top_level.txt
[52.504s] -- Up-to-date symlink: /home/leime957/TDDE05/ros2_ws/install/air_lab_interfaces/local/lib/python3.10/dist-packages/air_lab_interfaces/__init__.py
[52.506s] -- Up-to-date symlink: /home/leime957/TDDE05/ros2_ws/install/air_lab_interfaces/local/lib/python3.10/dist-packages/air_lab_interfaces/_air_lab_interfaces_s.ep.rosidl_typesupport_c.c
[52.508s] -- Up-to-date symlink: /home/leime957/TDDE05/ros2_ws/install/air_lab_interfaces/local/lib/python3.10/dist-packages/air_lab_interfaces/_air_lab_interfaces_s.ep.rosidl_typesupport_fastrtps_c.c
[52.509s] -- Up-to-date symlink: /home/leime957/TDDE05/ros2_ws/install/air_lab_interfaces/local/lib/python3.10/dist-packages/air_lab_interfaces/_air_lab_interfaces_s.ep.rosidl_typesupport_introspection_c.c
[52.512s] -- Up-to-date symlink: /home/leime957/TDDE05/ros2_ws/install/air_lab_interfaces/local/lib/python3.10/dist-packages/air_lab_interfaces/air_lab_interfaces_s__rosidl_typesupport_c.cpython-310-x86_64-linux-gnu.so
[52.513s] -- Up-to-date symlink: /home/leime957/TDDE05/ros2_ws/install/air_lab_interfaces/local/lib/python3.10/dist-packages/air_lab_interfaces/air_lab_interfaces_s__rosidl_typesupport_fastrtps_c.cpython-310-x86_64-linux-gnu.so
[52.515s] -- Up-to-date symlink: /home/leime957/TDDE05/ros2_ws/install/air_lab_interfaces/local/lib/python3.10/dist-packages/air_lab_interfaces/air_lab_interfaces_s__rosidl_typesupport_introspection_c.cpython-310-x86_64-linux-gnu.so
[52.517s] -- Up-to-date symlink: /home/leime957/TDDE05/ros2_ws/install/air_lab_interfaces/local/lib/python3.10/dist-packages/air_lab_interfaces/libair_lab_interfaces__rosidl_generator_py.so
[52.525s] -- Symlinking: /home/leime957/TDDE05/ros2_ws/install/air_lab_interfaces/local/lib/python3.10/dist-packages/air_lab_interfaces/msg/__init__.py
[52.566s] -- Symlinking: /home/leime957/TDDE05/ros2_ws/install/air_lab_interfaces/local/lib/python3.10/dist-packages/air_lab_interfaces/msg/_goal.py
[52.600s] -- Symlinking: /home/leime957/TDDE05/ros2_ws/install/air_lab_interfaces/local/lib/python3.10/dist-packages/air_lab_interfaces/msg/_goal_s.c
[52.643s] -- Symlinking: /home/leime957/TDDE05/ros2_ws/install/air_lab_interfaces/local/lib/python3.10/dist-packages/air_lab_interfaces/msg/_goals.py
[52.678s] -- Symlinking: /home/leime957/TDDE05/ros2_ws/install/air_lab_interfaces/local/lib/python3.10/dist-packages/air_lab_interfaces/msg/_goals_s.c
[52.713s] -- Up-to-date symlink: /home/leime957/TDDE05/ros2_ws/install/air_lab_interfaces/local/lib/python3.10/dist-packages/air_lab_interfaces/srv/__init__.py
[52.715s] -- Up-to-date symlink: /home/leime957/TDDE05/ros2_ws/install/air_lab_interfaces/local/lib/python3.10/dist-packages/air_lab_interfaces/srv/_execute_tst.py
[52.724s] -- Up-to-date symlink: /home/leime957/TDDE05/ros2_ws/install/air_lab_interfaces/local/lib/python3.10/dist-packages/air_lab_interfaces/srv/_execute_tst_s.c
[52.726s] -- Up-to-date symlink: /home/leime957/TDDE05/ros2_ws/install/air_lab_interfaces/local/lib/python3.10/dist-packages/air_lab_interfaces/air_lab_interfaces_s__rosidl_typesupport_fastrtps_c.cpython-310-x86_64-linux-gnu.so
[52.729s] -- Up-to-date symlink: /home/leime957/TDDE05/ros2_ws/install/air_lab_interfaces/local/lib/python3.10/dist-packages/air_lab_interfaces/air_lab_interfaces_s__rosidl_typesupport_introspection_c.cpython-310-x86_64-linux-gnu.so
[52.731s] -- Up-to-date symlink: /home/leime957/TDDE05/ros2_ws/install/air_lab_interfaces/local/lib/python3.10/dist-packages/air_lab_interfaces/air_lab_interfaces_s__rosidl_typesupport_c.cpython-310-x86_64-linux-gnu.so
[52.733s] -- Up-to-date symlink: /home/leime957/TDDE05/ros2_ws/install/air_lab_interfaces/share/air_lab_interfaces/srv/ExecuteTst.idl
[52.738s] -- Symlinking: /home/leime957/TDDE05/ros2_ws/install/air_lab_interfaces/share/air_lab_interfaces/msg/Goal.idl
[52.775s] -- Symlinking: /home/leime957/TDDE05/ros2_ws/install/air_lab_interfaces/share/air_lab_interfaces/msg/Goals.idl
[52.813s] -- Up-to-date symlink: /home/leime957/TDDE05/ros2_ws/install/air_lab_interfaces/share/air_lab_interfaces/srv/ExecuteTst.srv
[52.815s] -- Up-to-date symlink: /home/leime957/TDDE05/ros2_ws/install/air_lab_interfaces/share/air_lab_interfaces/srv/ExecuteTst_Request.msg
[52.816s] -- Up-to-date symlink: /home/leime957/TDDE05/ros2_ws/install/air_lab_interfaces/share/air_lab_interfaces/srv/ExecuteTst_Response.msg
[52.818s] -- Symlinking: /home/leime957/TDDE05/ros2_ws/install/air_lab_interfaces/share/air_lab_interfaces/msg/Goal.msg
[52.867s] -- Symlinking: /home/leime957/TDDE05/ros2_ws/install/air_lab_interfaces/share/air_lab_interfaces/msg/Goals.msg
[52.906s] -- Up-to-date symlink: /home/leime957/TDDE05/ros2_ws/install/air_lab_interfaces/share/ament_index/resource_index/package_run_dependencies/air_lab_interfaces
[52.924s] -- Up-to-date symlink: /home/leime957/TDDE05/ros2_ws/install/air_lab_interfaces/share/ament_index/resource_index/parent_prefix_path/air_lab_interfaces
[52.927s] -- Up-to-date symlink: /home/leime957/TDDE05/ros2_ws/install/air_lab_interfaces/share/air_lab_interfaces/environment/ament_prefix_path.sh
[52.928s] -- Up-to-date symlink: /home/leime957/TDDE05/ros2_ws/install/air_lab_interfaces/share/air_lab_interfaces/environment/ament_prefix_path.dsv
[52.930s] -- Up-to-date symlink: /home/leime957/TDDE05/ros2_ws/install/air_lab_interfaces/share/air_lab_interfaces/environment/path.sh
[52.932s] -- Up-to-date symlink: /home/leime957/TDDE05/ros2_ws/install/air_lab_interfaces/share/air_lab_interfaces/environment/path.dsv
[52.933s] -- Up-to-date symlink: /home/leime957/TDDE05/ros2_ws/install/air_lab_interfaces/share/air_lab_interfaces/local_setup.bash
[52.935s] -- Up-to-date symlink: /home/leime957/TDDE05/ros2_ws/install/air_lab_interfaces/share/air_lab_interfaces/local_setup.sh
[52.937s] -- Up-to-date symlink: /home/leime957/TDDE05/ros2_ws/install/air_lab_interfaces/share/air_lab_interfaces/local_setup.zsh
[52.939s] -- Up-to-date symlink: /home/leime957/TDDE05/ros2_ws/install/air_lab_interfaces/share/air_lab_interfaces/local_setup.dsv
[52.941s] -- Symlinking: /home/leime957/TDDE05/ros2_ws/install/air_lab_interfaces/share/air_lab_interfaces/package.dsv
[52.982s] -- Up-to-date symlink: /home/leime957/TDDE05/ros2_ws/install/air_lab_interfaces/share/ament_index/resource_index/packages/air_lab_interfaces
[52.984s] -- Up-to-date symlink: /home/leime957/TDDE05/ros2_ws/install/air_lab_interfaces/share/air_lab_interfaces/cmake/rosidl_cmake-extras.cmake
[52.986s] -- Up-to-date symlink: /home/leime957/TDDE05/ros2_ws/install/air_lab_interfaces/share/air_lab_interfaces/cmake/ament_cmake_export_include_directories-extras.cmake
[52.988s] -- Up-to-date symlink: /home/leime957/TDDE05/ros2_ws/install/air_lab_interfaces/share/air_lab_interfaces/cmake/ament_cmake_export_libraries-extras.cmake
[52.990s] -- Up-to-date symlink: /home/leime957/TDDE05/ros2_ws/install/air_lab_interfaces/share/air_lab_interfaces/cmake/ament_cmake_export_targets-extras.cmake
[52.992s] -- Up-to-date symlink: /home/leime957/TDDE05/ros2_ws/install/air_lab_interfaces/share/air_lab_interfaces/cmake/rosidl_cmake_export_typesupport_targets-extras.cmake
[52.994s] -- Up-to-date symlink: /home/leime957/TDDE05/ros2_ws/install/air_lab_interfaces/share/air_lab_interfaces/cmake/ament_cmake_export_dependencies-extras.cmake
[52.995s] -- Up-to-date symlink: /home/leime957/TDDE05/ros2_ws/install/air_lab_interfaces/share/air_lab_interfaces/cmake/rosidl_cmake_export_typesupport_libraries-extras.cmake
[52.998s] -- Up-to-date symlink: /home/leime957/TDDE05/ros2_ws/install/air_lab_interfaces/share/air_lab_interfaces/cmake/air_lab_interfacesConfig.cmake
[53.000s] -- Up-to-date symlink: /home/leime957/TDDE05/ros2_ws/install/air_lab_interfaces/share/air_lab_interfaces/cmake/air_lab_interfacesConfig-version.cmake
[53.001s] -- Up-to-date symlink: /home/leime957/TDDE05/ros2_ws/install/air_lab_interfaces/share/air_lab_interfaces/package.xml
[53.004s] -- Installing: /home/leime957/TDDE05/ros2_ws/install/air_lab_interfaces/lib/libair_lab_interfaces__rosidl_generator_c.so
[53.014s] -- Set runtime path of "/home/leime957/TDDE05/ros2_ws/install/air_lab_interfaces/lib/libair_lab_interfaces__rosidl_generator_c.so" to ""
[53.017s] -- Installing: /home/leime957/TDDE05/ros2_ws/install/air_lab_interfaces/lib/libair_lab_interfaces__rosidl_typesupport_fastrtps_c.so
[53.031s] -- Set runtime path of "/home/leime957/TDDE05/ros2_ws/install/air_lab_interfaces/lib/libair_lab_interfaces__rosidl_typesupport_fastrtps_c.so" to ""
[53.034s] -- Installing: /home/leime957/TDDE05/ros2_ws/install/air_lab_interfaces/lib/libair_lab_interfaces__rosidl_typesupport_fastrtps_cpp.so
[53.046s] -- Set runtime path of "/home/leime957/TDDE05/ros2_ws/install/air_lab_interfaces/lib/libair_lab_interfaces__rosidl_typesupport_fastrtps_cpp.so" to ""
[53.049s] -- Installing: /home/leime957/TDDE05/ros2_ws/install/air_lab_interfaces/lib/libair_lab_interfaces__rosidl_typesupport_introspection_c.so
[53.059s] -- Set runtime path of "/home/leime957/TDDE05/ros2_ws/install/air_lab_interfaces/lib/libair_lab_interfaces__rosidl_typesupport_introspection_c.so" to ""
[53.062s] -- Installing: /home/leime957/TDDE05/ros2_ws/install/air_lab_interfaces/lib/libair_lab_interfaces__rosidl_typesupport_c.so
[53.071s] -- Set runtime path of "/home/leime957/TDDE05/ros2_ws/install/air_lab_interfaces/lib/libair_lab_interfaces__rosidl_typesupport_c.so" to ""
[53.075s] -- Installing: /home/leime957/TDDE05/ros2_ws/install/air_lab_interfaces/lib/libair_lab_interfaces__rosidl_typesupport_introspection_cpp.so
[53.086s] -- Set runtime path of "/home/leime957/TDDE05/ros2_ws/install/air_lab_interfaces/lib/libair_lab_interfaces__rosidl_typesupport_introspection_cpp.so" to ""
[53.090s] -- Installing: /home/leime957/TDDE05/ros2_ws/install/air_lab_interfaces/lib/libair_lab_interfaces__rosidl_typesupport_cpp.so
[53.101s] -- Set runtime path of "/home/leime957/TDDE05/ros2_ws/install/air_lab_interfaces/lib/libair_lab_interfaces__rosidl_typesupport_cpp.so" to ""
[53.360s] Listing '/home/leime957/TDDE05/ros2_ws/install/air_lab_interfaces/local/lib/python3.10/dist-packages/air_lab_interfaces'...
[53.360s] Listing '/home/leime957/TDDE05/ros2_ws/install/air_lab_interfaces/local/lib/python3.10/dist-packages/air_lab_interfaces/msg'...
[53.360s] Compiling '/home/leime957/TDDE05/ros2_ws/install/air_lab_interfaces/local/lib/python3.10/dist-packages/air_lab_interfaces/msg/__init__.py'...
[53.360s] Compiling '/home/leime957/TDDE05/ros2_ws/install/air_lab_interfaces/local/lib/python3.10/dist-packages/air_lab_interfaces/msg/_goal.py'...
[53.361s] Compiling '/home/leime957/TDDE05/ros2_ws/install/air_lab_interfaces/local/lib/python3.10/dist-packages/air_lab_interfaces/msg/_goals.py'...
[53.361s] Listing '/home/leime957/TDDE05/ros2_ws/install/air_lab_interfaces/local/lib/python3.10/dist-packages/air_lab_interfaces/srv'...
[53.361s] Compiling '/home/leime957/TDDE05/ros2_ws/install/air_lab_interfaces/local/lib/python3.10/dist-packages/air_lab_interfaces/srv/__init__.py'...
[53.361s] Compiling '/home/leime957/TDDE05/ros2_ws/install/air_lab_interfaces/local/lib/python3.10/dist-packages/air_lab_interfaces/srv/_execute_tst.py'...
[53.369s] -- Installing: /home/leime957/TDDE05/ros2_ws/install/air_lab_interfaces/lib/libair_lab_interfaces__rosidl_generator_py.so
[53.379s] -- Set runtime path of "/home/leime957/TDDE05/ros2_ws/install/air_lab_interfaces/lib/libair_lab_interfaces__rosidl_generator_py.so" to ""
[53.382s] -- Up-to-date: /home/leime957/TDDE05/ros2_ws/install/air_lab_interfaces/share/air_lab_interfaces/cmake/export_air_lab_interfaces__rosidl_generator_cExport.cmake
[53.383s] -- Up-to-date: /home/leime957/TDDE05/ros2_ws/install/air_lab_interfaces/share/air_lab_interfaces/cmake/export_air_lab_interfaces__rosidl_generator_cExport-noconfig.cmake
[53.385s] -- Up-to-date: /home/leime957/TDDE05/ros2_ws/install/air_lab_interfaces/share/air_lab_interfaces/cmake/export_air_lab_interfaces__rosidl_typesupport_fastrtps_cExport.cmake
[53.386s] -- Up-to-date: /home/leime957/TDDE05/ros2_ws/install/air_lab_interfaces/share/air_lab_interfaces/cmake/export_air_lab_interfaces__rosidl_typesupport_fastrtps_cExport-noconfig.cmake
[53.389s] -- Up-to-date: /home/leime957/TDDE05/ros2_ws/install/air_lab_interfaces/share/air_lab_interfaces/cmake/export_air_lab_interfaces__rosidl_generator_cppExport.cmake
[53.391s] -- Up-to-date: /home/leime957/TDDE05/ros2_ws/install/air_lab_interfaces/share/air_lab_interfaces/cmake/export_air_lab_interfaces__rosidl_typesupport_fastrtps_cppExport.cmake
[53.392s] -- Up-to-date: /home/leime957/TDDE05/ros2_ws/install/air_lab_interfaces/share/air_lab_interfaces/cmake/export_air_lab_interfaces__rosidl_typesupport_fastrtps_cppExport-noconfig.cmake
[53.394s] -- Up-to-date: /home/leime957/TDDE05/ros2_ws/install/air_lab_interfaces/share/air_lab_interfaces/cmake/air_lab_interfaces__rosidl_typesupport_introspection_cExport.cmake
[53.395s] -- Up-to-date: /home/leime957/TDDE05/ros2_ws/install/air_lab_interfaces/share/air_lab_interfaces/cmake/air_lab_interfaces__rosidl_typesupport_introspection_cExport-noconfig.cmake
[53.397s] -- Up-to-date: /home/leime957/TDDE05/ros2_ws/install/air_lab_interfaces/share/air_lab_interfaces/cmake/air_lab_interfaces__rosidl_typesupport_cExport.cmake
[53.398s] -- Up-to-date: /home/leime957/TDDE05/ros2_ws/install/air_lab_interfaces/share/air_lab_interfaces/cmake/air_lab_interfaces__rosidl_typesupport_cExport-noconfig.cmake
[53.401s] -- Up-to-date: /home/leime957/TDDE05/ros2_ws/install/air_lab_interfaces/share/air_lab_interfaces/cmake/air_lab_interfaces__rosidl_typesupport_introspection_cppExport.cmake
[53.401s] -- Up-to-date: /home/leime957/TDDE05/ros2_ws/install/air_lab_interfaces/share/air_lab_interfaces/cmake/air_lab_interfaces__rosidl_typesupport_introspection_cppExport-noconfig.cmake
[53.404s] -- Up-to-date: /home/leime957/TDDE05/ros2_ws/install/air_lab_interfaces/share/air_lab_interfaces/cmake/air_lab_interfaces__rosidl_typesupport_cppExport.cmake
[53.405s] -- Up-to-date: /home/leime957/TDDE05/ros2_ws/install/air_lab_interfaces/share/air_lab_interfaces/cmake/air_lab_interfaces__rosidl_typesupport_cppExport-noconfig.cmake
[53.407s] -- Up-to-date: /home/leime957/TDDE05/ros2_ws/install/air_lab_interfaces/share/air_lab_interfaces/cmake/export_air_lab_interfaces__rosidl_generator_pyExport.cmake
[53.408s] -- Up-to-date: /home/leime957/TDDE05/ros2_ws/install/air_lab_interfaces/share/air_lab_interfaces/cmake/export_air_lab_interfaces__rosidl_generator_pyExport-noconfig.cmake
[53.416s] Invoked command in '/home/leime957/TDDE05/ros2_ws/build/air_lab_interfaces' returned '0': CMAKE_PREFIX_PATH=${CMAKE_PREFIX_PATH}:/home/leime957/TDDE05/ros2_ws/install/air_lab3:/home/leime957/TDDE05/ros2_ws/install/air_lab_common:/home/leime957/TDDE05/ros2_ws/install/air_lab2:/opt/air_ws/install/air_simple_sim:/opt/air_ws/install/air_bringup:/opt/ros/humble /usr/bin/cmake --install /home/leime957/TDDE05/ros2_ws/build/air_lab_interfaces
