[0.613s] DEBUG:colcon:Command line arguments: ['/usr/bin/colcon', 'build', '--symlink-install']
[0.613s] DEBUG:colcon:Parsed command line arguments: Namespace(log_base=None, log_level=None, verb_name='build', build_base='build', install_base='install', merge_install=False, symlink_install=True, test_result_base=None, continue_on_error=False, executor='parallel', parallel_workers=20, event_handlers=None, ignore_user_meta=False, metas=['./colcon.meta'], base_paths=['.'], packages_ignore=None, packages_ignore_regex=None, paths=None, packages_up_to=None, packages_up_to_regex=None, packages_above=None, packages_above_and_dependencies=None, packages_above_depth=None, packages_select_by_dep=None, packages_skip_by_dep=None, packages_skip_up_to=None, packages_select_build_failed=False, packages_skip_build_finished=False, packages_select_test_failures=False, packages_skip_test_passed=False, packages_select=None, packages_skip=None, packages_select_regex=None, packages_skip_regex=None, packages_start=None, packages_end=None, cmake_args=None, cmake_target=None, cmake_target_skip_unavailable=False, cmake_clean_cache=False, cmake_clean_first=False, cmake_force_configure=False, ament_cmake_args=None, catkin_cmake_args=None, catkin_skip_building_tests=False, mixin_files=None, mixin=None, verb_parser=<colcon_mixin.mixin.mixin_argument.MixinArgumentDecorator object at 0x7fe0a0c27550>, verb_extension=<colcon_core.verb.build.BuildVerb object at 0x7fe0a0d484c0>, main=<bound method BuildVerb.main of <colcon_core.verb.build.BuildVerb object at 0x7fe0a0d484c0>>, mixin_verb=('build',))
[1.375s] Level 1:colcon.colcon_core.package_discovery:discover_packages(colcon_meta) check parameters
[1.375s] Level 1:colcon.colcon_core.package_discovery:discover_packages(recursive) check parameters
[1.375s] Level 1:colcon.colcon_core.package_discovery:discover_packages(ignore) check parameters
[1.375s] Level 1:colcon.colcon_core.package_discovery:discover_packages(path) check parameters
[1.375s] Level 1:colcon.colcon_core.package_discovery:discover_packages(colcon_meta) discover
[1.375s] Level 1:colcon.colcon_core.package_discovery:discover_packages(recursive) discover
[1.375s] INFO:colcon.colcon_core.package_discovery:Crawling recursively for packages in '/home/leime957/TDDE05/ros2_ws'
[1.376s] Level 1:colcon.colcon_core.package_identification:_identify(.) by extensions ['ignore', 'ignore_ament_install']
[1.376s] Level 1:colcon.colcon_core.package_identification:_identify(.) by extension 'ignore'
[1.376s] Level 1:colcon.colcon_core.package_identification:_identify(.) by extension 'ignore_ament_install'
[1.376s] Level 1:colcon.colcon_core.package_identification:_identify(.) by extensions ['colcon_pkg']
[1.376s] Level 1:colcon.colcon_core.package_identification:_identify(.) by extension 'colcon_pkg'
[1.376s] Level 1:colcon.colcon_core.package_identification:_identify(.) by extensions ['colcon_meta']
[1.376s] Level 1:colcon.colcon_core.package_identification:_identify(.) by extension 'colcon_meta'
[1.376s] Level 1:colcon.colcon_core.package_identification:_identify(.) by extensions ['ros']
[1.376s] Level 1:colcon.colcon_core.package_identification:_identify(.) by extension 'ros'
[1.395s] Level 1:colcon.colcon_core.package_identification:_identify(.) by extensions ['cmake', 'python']
[1.395s] Level 1:colcon.colcon_core.package_identification:_identify(.) by extension 'cmake'
[1.395s] Level 1:colcon.colcon_core.package_identification:_identify(.) by extension 'python'
[1.395s] Level 1:colcon.colcon_core.package_identification:_identify(.) by extensions ['python_setup_py']
[1.395s] Level 1:colcon.colcon_core.package_identification:_identify(.) by extension 'python_setup_py'
[1.396s] Level 1:colcon.colcon_core.package_identification:_identify(build) by extensions ['ignore', 'ignore_ament_install']
[1.396s] Level 1:colcon.colcon_core.package_identification:_identify(build) by extension 'ignore'
[1.396s] Level 1:colcon.colcon_core.package_identification:_identify(build) ignored
[1.396s] Level 1:colcon.colcon_core.package_identification:_identify(install) by extensions ['ignore', 'ignore_ament_install']
[1.396s] Level 1:colcon.colcon_core.package_identification:_identify(install) by extension 'ignore'
[1.396s] Level 1:colcon.colcon_core.package_identification:_identify(install) ignored
[1.397s] Level 1:colcon.colcon_core.package_identification:_identify(log) by extensions ['ignore', 'ignore_ament_install']
[1.397s] Level 1:colcon.colcon_core.package_identification:_identify(log) by extension 'ignore'
[1.397s] Level 1:colcon.colcon_core.package_identification:_identify(log) ignored
[1.398s] Level 1:colcon.colcon_core.package_identification:_identify(src) by extensions ['ignore', 'ignore_ament_install']
[1.398s] Level 1:colcon.colcon_core.package_identification:_identify(src) by extension 'ignore'
[1.398s] Level 1:colcon.colcon_core.package_identification:_identify(src) by extension 'ignore_ament_install'
[1.398s] Level 1:colcon.colcon_core.package_identification:_identify(src) by extensions ['colcon_pkg']
[1.398s] Level 1:colcon.colcon_core.package_identification:_identify(src) by extension 'colcon_pkg'
[1.398s] Level 1:colcon.colcon_core.package_identification:_identify(src) by extensions ['colcon_meta']
[1.398s] Level 1:colcon.colcon_core.package_identification:_identify(src) by extension 'colcon_meta'
[1.398s] Level 1:colcon.colcon_core.package_identification:_identify(src) by extensions ['ros']
[1.398s] Level 1:colcon.colcon_core.package_identification:_identify(src) by extension 'ros'
[1.398s] Level 1:colcon.colcon_core.package_identification:_identify(src) by extensions ['cmake', 'python']
[1.398s] Level 1:colcon.colcon_core.package_identification:_identify(src) by extension 'cmake'
[1.398s] Level 1:colcon.colcon_core.package_identification:_identify(src) by extension 'python'
[1.398s] Level 1:colcon.colcon_core.package_identification:_identify(src) by extensions ['python_setup_py']
[1.398s] Level 1:colcon.colcon_core.package_identification:_identify(src) by extension 'python_setup_py'
[1.399s] Level 1:colcon.colcon_core.package_identification:_identify(src/labs) by extensions ['ignore', 'ignore_ament_install']
[1.399s] Level 1:colcon.colcon_core.package_identification:_identify(src/labs) by extension 'ignore'
[1.399s] Level 1:colcon.colcon_core.package_identification:_identify(src/labs) by extension 'ignore_ament_install'
[1.399s] Level 1:colcon.colcon_core.package_identification:_identify(src/labs) by extensions ['colcon_pkg']
[1.399s] Level 1:colcon.colcon_core.package_identification:_identify(src/labs) by extension 'colcon_pkg'
[1.399s] Level 1:colcon.colcon_core.package_identification:_identify(src/labs) by extensions ['colcon_meta']
[1.399s] Level 1:colcon.colcon_core.package_identification:_identify(src/labs) by extension 'colcon_meta'
[1.399s] Level 1:colcon.colcon_core.package_identification:_identify(src/labs) by extensions ['ros']
[1.399s] Level 1:colcon.colcon_core.package_identification:_identify(src/labs) by extension 'ros'
[1.399s] Level 1:colcon.colcon_core.package_identification:_identify(src/labs) by extensions ['cmake', 'python']
[1.399s] Level 1:colcon.colcon_core.package_identification:_identify(src/labs) by extension 'cmake'
[1.399s] Level 1:colcon.colcon_core.package_identification:_identify(src/labs) by extension 'python'
[1.399s] Level 1:colcon.colcon_core.package_identification:_identify(src/labs) by extensions ['python_setup_py']
[1.399s] Level 1:colcon.colcon_core.package_identification:_identify(src/labs) by extension 'python_setup_py'
[1.399s] Level 1:colcon.colcon_core.package_identification:_identify(src/labs/air_lab2) by extensions ['ignore', 'ignore_ament_install']
[1.400s] Level 1:colcon.colcon_core.package_identification:_identify(src/labs/air_lab2) by extension 'ignore'
[1.400s] Level 1:colcon.colcon_core.package_identification:_identify(src/labs/air_lab2) by extension 'ignore_ament_install'
[1.400s] Level 1:colcon.colcon_core.package_identification:_identify(src/labs/air_lab2) by extensions ['colcon_pkg']
[1.400s] Level 1:colcon.colcon_core.package_identification:_identify(src/labs/air_lab2) by extension 'colcon_pkg'
[1.400s] Level 1:colcon.colcon_core.package_identification:_identify(src/labs/air_lab2) by extensions ['colcon_meta']
[1.400s] Level 1:colcon.colcon_core.package_identification:_identify(src/labs/air_lab2) by extension 'colcon_meta'
[1.400s] Level 1:colcon.colcon_core.package_identification:_identify(src/labs/air_lab2) by extensions ['ros']
[1.400s] Level 1:colcon.colcon_core.package_identification:_identify(src/labs/air_lab2) by extension 'ros'
[1.406s] DEBUG:colcon.colcon_core.package_identification:Package 'src/labs/air_lab2' with type 'ros.ament_python' and name 'air_lab2'
[1.407s] Level 1:colcon.colcon_core.package_identification:_identify(src/labs/air_lab3) by extensions ['ignore', 'ignore_ament_install']
[1.407s] Level 1:colcon.colcon_core.package_identification:_identify(src/labs/air_lab3) by extension 'ignore'
[1.407s] Level 1:colcon.colcon_core.package_identification:_identify(src/labs/air_lab3) by extension 'ignore_ament_install'
[1.407s] Level 1:colcon.colcon_core.package_identification:_identify(src/labs/air_lab3) by extensions ['colcon_pkg']
[1.407s] Level 1:colcon.colcon_core.package_identification:_identify(src/labs/air_lab3) by extension 'colcon_pkg'
[1.407s] Level 1:colcon.colcon_core.package_identification:_identify(src/labs/air_lab3) by extensions ['colcon_meta']
[1.407s] Level 1:colcon.colcon_core.package_identification:_identify(src/labs/air_lab3) by extension 'colcon_meta'
[1.407s] Level 1:colcon.colcon_core.package_identification:_identify(src/labs/air_lab3) by extensions ['ros']
[1.407s] Level 1:colcon.colcon_core.package_identification:_identify(src/labs/air_lab3) by extension 'ros'
[1.408s] DEBUG:colcon.colcon_core.package_identification:Package 'src/labs/air_lab3' with type 'ros.ament_python' and name 'air_lab3'
[1.409s] Level 1:colcon.colcon_core.package_identification:_identify(src/labs/air_lab_common) by extensions ['ignore', 'ignore_ament_install']
[1.409s] Level 1:colcon.colcon_core.package_identification:_identify(src/labs/air_lab_common) by extension 'ignore'
[1.409s] Level 1:colcon.colcon_core.package_identification:_identify(src/labs/air_lab_common) by extension 'ignore_ament_install'
[1.409s] Level 1:colcon.colcon_core.package_identification:_identify(src/labs/air_lab_common) by extensions ['colcon_pkg']
[1.409s] Level 1:colcon.colcon_core.package_identification:_identify(src/labs/air_lab_common) by extension 'colcon_pkg'
[1.409s] Level 1:colcon.colcon_core.package_identification:_identify(src/labs/air_lab_common) by extensions ['colcon_meta']
[1.409s] Level 1:colcon.colcon_core.package_identification:_identify(src/labs/air_lab_common) by extension 'colcon_meta'
[1.409s] Level 1:colcon.colcon_core.package_identification:_identify(src/labs/air_lab_common) by extensions ['ros']
[1.409s] Level 1:colcon.colcon_core.package_identification:_identify(src/labs/air_lab_common) by extension 'ros'
[1.410s] DEBUG:colcon.colcon_core.package_identification:Package 'src/labs/air_lab_common' with type 'ros.ament_python' and name 'air_lab_common'
[1.410s] Level 1:colcon.colcon_core.package_identification:_identify(src/labs/air_lab_interfaces) by extensions ['ignore', 'ignore_ament_install']
[1.410s] Level 1:colcon.colcon_core.package_identification:_identify(src/labs/air_lab_interfaces) by extension 'ignore'
[1.410s] Level 1:colcon.colcon_core.package_identification:_identify(src/labs/air_lab_interfaces) by extension 'ignore_ament_install'
[1.410s] Level 1:colcon.colcon_core.package_identification:_identify(src/labs/air_lab_interfaces) by extensions ['colcon_pkg']
[1.410s] Level 1:colcon.colcon_core.package_identification:_identify(src/labs/air_lab_interfaces) by extension 'colcon_pkg'
[1.410s] Level 1:colcon.colcon_core.package_identification:_identify(src/labs/air_lab_interfaces) by extensions ['colcon_meta']
[1.411s] Level 1:colcon.colcon_core.package_identification:_identify(src/labs/air_lab_interfaces) by extension 'colcon_meta'
[1.411s] Level 1:colcon.colcon_core.package_identification:_identify(src/labs/air_lab_interfaces) by extensions ['ros']
[1.411s] Level 1:colcon.colcon_core.package_identification:_identify(src/labs/air_lab_interfaces) by extension 'ros'
[1.412s] DEBUG:colcon.colcon_core.package_identification:Package 'src/labs/air_lab_interfaces' with type 'ros.ament_cmake' and name 'air_lab_interfaces'
[1.412s] Level 1:colcon.colcon_core.package_discovery:discover_packages(recursive) using defaults
[1.412s] Level 1:colcon.colcon_core.package_discovery:discover_packages(ignore) discover
[1.412s] Level 1:colcon.colcon_core.package_discovery:discover_packages(ignore) using defaults
[1.412s] Level 1:colcon.colcon_core.package_discovery:discover_packages(path) discover
[1.412s] Level 1:colcon.colcon_core.package_discovery:discover_packages(path) using defaults
[1.471s] Level 5:colcon.colcon_core.verb:set package 'air_lab2' build argument 'cmake_args' from command line to 'None'
[1.471s] Level 5:colcon.colcon_core.verb:set package 'air_lab2' build argument 'cmake_target' from command line to 'None'
[1.471s] Level 5:colcon.colcon_core.verb:set package 'air_lab2' build argument 'cmake_target_skip_unavailable' from command line to 'False'
[1.471s] Level 5:colcon.colcon_core.verb:set package 'air_lab2' build argument 'cmake_clean_cache' from command line to 'False'
[1.471s] Level 5:colcon.colcon_core.verb:set package 'air_lab2' build argument 'cmake_clean_first' from command line to 'False'
[1.471s] Level 5:colcon.colcon_core.verb:set package 'air_lab2' build argument 'cmake_force_configure' from command line to 'False'
[1.471s] Level 5:colcon.colcon_core.verb:set package 'air_lab2' build argument 'ament_cmake_args' from command line to 'None'
[1.471s] Level 5:colcon.colcon_core.verb:set package 'air_lab2' build argument 'catkin_cmake_args' from command line to 'None'
[1.471s] Level 5:colcon.colcon_core.verb:set package 'air_lab2' build argument 'catkin_skip_building_tests' from command line to 'False'
[1.471s] DEBUG:colcon.colcon_core.verb:Building package 'air_lab2' with the following arguments: {'ament_cmake_args': None, 'build_base': '/home/leime957/TDDE05/ros2_ws/build/air_lab2', 'catkin_cmake_args': None, 'catkin_skip_building_tests': False, 'cmake_args': None, 'cmake_clean_cache': False, 'cmake_clean_first': False, 'cmake_force_configure': False, 'cmake_target': None, 'cmake_target_skip_unavailable': False, 'install_base': '/home/leime957/TDDE05/ros2_ws/install/air_lab2', 'merge_install': False, 'path': '/home/leime957/TDDE05/ros2_ws/src/labs/air_lab2', 'symlink_install': True, 'test_result_base': None}
[1.471s] Level 5:colcon.colcon_core.verb:set package 'air_lab_common' build argument 'cmake_args' from command line to 'None'
[1.471s] Level 5:colcon.colcon_core.verb:set package 'air_lab_common' build argument 'cmake_target' from command line to 'None'
[1.471s] Level 5:colcon.colcon_core.verb:set package 'air_lab_common' build argument 'cmake_target_skip_unavailable' from command line to 'False'
[1.471s] Level 5:colcon.colcon_core.verb:set package 'air_lab_common' build argument 'cmake_clean_cache' from command line to 'False'
[1.471s] Level 5:colcon.colcon_core.verb:set package 'air_lab_common' build argument 'cmake_clean_first' from command line to 'False'
[1.472s] Level 5:colcon.colcon_core.verb:set package 'air_lab_common' build argument 'cmake_force_configure' from command line to 'False'
[1.472s] Level 5:colcon.colcon_core.verb:set package 'air_lab_common' build argument 'ament_cmake_args' from command line to 'None'
[1.472s] Level 5:colcon.colcon_core.verb:set package 'air_lab_common' build argument 'catkin_cmake_args' from command line to 'None'
[1.472s] Level 5:colcon.colcon_core.verb:set package 'air_lab_common' build argument 'catkin_skip_building_tests' from command line to 'False'
[1.472s] DEBUG:colcon.colcon_core.verb:Building package 'air_lab_common' with the following arguments: {'ament_cmake_args': None, 'build_base': '/home/leime957/TDDE05/ros2_ws/build/air_lab_common', 'catkin_cmake_args': None, 'catkin_skip_building_tests': False, 'cmake_args': None, 'cmake_clean_cache': False, 'cmake_clean_first': False, 'cmake_force_configure': False, 'cmake_target': None, 'cmake_target_skip_unavailable': False, 'install_base': '/home/leime957/TDDE05/ros2_ws/install/air_lab_common', 'merge_install': False, 'path': '/home/leime957/TDDE05/ros2_ws/src/labs/air_lab_common', 'symlink_install': True, 'test_result_base': None}
[1.472s] Level 5:colcon.colcon_core.verb:set package 'air_lab_interfaces' build argument 'cmake_args' from command line to 'None'
[1.472s] Level 5:colcon.colcon_core.verb:set package 'air_lab_interfaces' build argument 'cmake_target' from command line to 'None'
[1.472s] Level 5:colcon.colcon_core.verb:set package 'air_lab_interfaces' build argument 'cmake_target_skip_unavailable' from command line to 'False'
[1.472s] Level 5:colcon.colcon_core.verb:set package 'air_lab_interfaces' build argument 'cmake_clean_cache' from command line to 'False'
[1.472s] Level 5:colcon.colcon_core.verb:set package 'air_lab_interfaces' build argument 'cmake_clean_first' from command line to 'False'
[1.472s] Level 5:colcon.colcon_core.verb:set package 'air_lab_interfaces' build argument 'cmake_force_configure' from command line to 'False'
[1.472s] Level 5:colcon.colcon_core.verb:set package 'air_lab_interfaces' build argument 'ament_cmake_args' from command line to 'None'
[1.472s] Level 5:colcon.colcon_core.verb:set package 'air_lab_interfaces' build argument 'catkin_cmake_args' from command line to 'None'
[1.472s] Level 5:colcon.colcon_core.verb:set package 'air_lab_interfaces' build argument 'catkin_skip_building_tests' from command line to 'False'
[1.472s] DEBUG:colcon.colcon_core.verb:Building package 'air_lab_interfaces' with the following arguments: {'ament_cmake_args': None, 'build_base': '/home/leime957/TDDE05/ros2_ws/build/air_lab_interfaces', 'catkin_cmake_args': None, 'catkin_skip_building_tests': False, 'cmake_args': None, 'cmake_clean_cache': False, 'cmake_clean_first': False, 'cmake_force_configure': False, 'cmake_target': None, 'cmake_target_skip_unavailable': False, 'install_base': '/home/leime957/TDDE05/ros2_ws/install/air_lab_interfaces', 'merge_install': False, 'path': '/home/leime957/TDDE05/ros2_ws/src/labs/air_lab_interfaces', 'symlink_install': True, 'test_result_base': None}
[1.472s] Level 5:colcon.colcon_core.verb:set package 'air_lab3' build argument 'cmake_args' from command line to 'None'
[1.472s] Level 5:colcon.colcon_core.verb:set package 'air_lab3' build argument 'cmake_target' from command line to 'None'
[1.472s] Level 5:colcon.colcon_core.verb:set package 'air_lab3' build argument 'cmake_target_skip_unavailable' from command line to 'False'
[1.472s] Level 5:colcon.colcon_core.verb:set package 'air_lab3' build argument 'cmake_clean_cache' from command line to 'False'
[1.472s] Level 5:colcon.colcon_core.verb:set package 'air_lab3' build argument 'cmake_clean_first' from command line to 'False'
[1.472s] Level 5:colcon.colcon_core.verb:set package 'air_lab3' build argument 'cmake_force_configure' from command line to 'False'
[1.472s] Level 5:colcon.colcon_core.verb:set package 'air_lab3' build argument 'ament_cmake_args' from command line to 'None'
[1.472s] Level 5:colcon.colcon_core.verb:set package 'air_lab3' build argument 'catkin_cmake_args' from command line to 'None'
[1.472s] Level 5:colcon.colcon_core.verb:set package 'air_lab3' build argument 'catkin_skip_building_tests' from command line to 'False'
[1.472s] DEBUG:colcon.colcon_core.verb:Building package 'air_lab3' with the following arguments: {'ament_cmake_args': None, 'build_base': '/home/leime957/TDDE05/ros2_ws/build/air_lab3', 'catkin_cmake_args': None, 'catkin_skip_building_tests': False, 'cmake_args': None, 'cmake_clean_cache': False, 'cmake_clean_first': False, 'cmake_force_configure': False, 'cmake_target': None, 'cmake_target_skip_unavailable': False, 'install_base': '/home/leime957/TDDE05/ros2_ws/install/air_lab3', 'merge_install': False, 'path': '/home/leime957/TDDE05/ros2_ws/src/labs/air_lab3', 'symlink_install': True, 'test_result_base': None}
[1.472s] INFO:colcon.colcon_core.executor:Executing jobs using 'parallel' executor
[1.473s] DEBUG:colcon.colcon_parallel_executor.executor.parallel:run_until_complete
[1.473s] INFO:colcon.colcon_ros.task.ament_cmake.build:Building ROS package in '/home/leime957/TDDE05/ros2_ws/src/labs/air_lab_interfaces' with build type 'ament_cmake'
[1.473s] INFO:colcon.colcon_cmake.task.cmake.build:Building CMake package in '/home/leime957/TDDE05/ros2_ws/src/labs/air_lab_interfaces'
[1.491s] INFO:colcon.colcon_core.plugin_system:Skipping extension 'colcon_core.shell.bat': Not used on non-Windows systems
[1.491s] INFO:colcon.colcon_core.shell:Skip shell extension 'powershell' for command environment: Not usable outside of PowerShell
[1.491s] DEBUG:colcon.colcon_core.shell:Skip shell extension 'dsv' for command environment
[1.543s] INFO:colcon.colcon_ros.task.ament_python.build:Building ROS package in '/home/leime957/TDDE05/ros2_ws/src/labs/air_lab2' with build type 'ament_python'
[1.543s] Level 1:colcon.colcon_core.shell:create_environment_hook('air_lab2', 'ament_prefix_path')
[1.544s] INFO:colcon.colcon_core.shell:Creating environment hook '/home/leime957/TDDE05/ros2_ws/install/air_lab2/share/air_lab2/hook/ament_prefix_path.ps1'
[1.549s] INFO:colcon.colcon_core.shell:Creating environment descriptor '/home/leime957/TDDE05/ros2_ws/install/air_lab2/share/air_lab2/hook/ament_prefix_path.dsv'
[1.553s] INFO:colcon.colcon_core.shell:Creating environment hook '/home/leime957/TDDE05/ros2_ws/install/air_lab2/share/air_lab2/hook/ament_prefix_path.sh'
[1.558s] INFO:colcon.colcon_core.shell:Skip shell extension 'powershell' for command environment: Not usable outside of PowerShell
[1.558s] DEBUG:colcon.colcon_core.shell:Skip shell extension 'dsv' for command environment
[1.576s] INFO:colcon.colcon_ros.task.ament_python.build:Building ROS package in '/home/leime957/TDDE05/ros2_ws/src/labs/air_lab_common' with build type 'ament_python'
[1.576s] Level 1:colcon.colcon_core.shell:create_environment_hook('air_lab_common', 'ament_prefix_path')
[1.576s] INFO:colcon.colcon_core.shell:Creating environment hook '/home/leime957/TDDE05/ros2_ws/install/air_lab_common/share/air_lab_common/hook/ament_prefix_path.ps1'
[1.579s] INFO:colcon.colcon_core.shell:Creating environment descriptor '/home/leime957/TDDE05/ros2_ws/install/air_lab_common/share/air_lab_common/hook/ament_prefix_path.dsv'
[1.582s] INFO:colcon.colcon_core.shell:Creating environment hook '/home/leime957/TDDE05/ros2_ws/install/air_lab_common/share/air_lab_common/hook/ament_prefix_path.sh'
[1.586s] INFO:colcon.colcon_core.shell:Skip shell extension 'powershell' for command environment: Not usable outside of PowerShell
[1.586s] DEBUG:colcon.colcon_core.shell:Skip shell extension 'dsv' for command environment
[1.624s] DEBUG:colcon.colcon_core.event_handler.log_command:Invoking command in '/home/leime957/TDDE05/ros2_ws/build/air_lab_interfaces': CMAKE_PREFIX_PATH=${CMAKE_PREFIX_PATH}:/home/leime957/TDDE05/ros2_ws/install/air_lab3:/home/leime957/TDDE05/ros2_ws/install/air_lab_common:/home/leime957/TDDE05/ros2_ws/install/air_lab2:/opt/air_ws/install/air_simple_sim:/opt/air_ws/install/air_bringup:/opt/ros/humble /usr/bin/cmake --build /home/leime957/TDDE05/ros2_ws/build/air_lab_interfaces -- -j20 -l20
[4.730s] INFO:colcon.colcon_core.task.python.build:Building Python package in '/home/leime957/TDDE05/ros2_ws/src/labs/air_lab2'
[4.731s] INFO:colcon.colcon_core.shell:Skip shell extension 'powershell' for command environment: Not usable outside of PowerShell
[4.731s] DEBUG:colcon.colcon_core.shell:Skip shell extension 'dsv' for command environment
[6.012s] INFO:colcon.colcon_core.task.python.build:Building Python package in '/home/leime957/TDDE05/ros2_ws/src/labs/air_lab_common'
[6.013s] INFO:colcon.colcon_core.shell:Skip shell extension 'powershell' for command environment: Not usable outside of PowerShell
[6.013s] DEBUG:colcon.colcon_core.shell:Skip shell extension 'dsv' for command environment
[6.060s] DEBUG:colcon.colcon_core.event_handler.log_command:Invoked command in '/home/leime957/TDDE05/ros2_ws/build/air_lab_interfaces' returned '0': CMAKE_PREFIX_PATH=${CMAKE_PREFIX_PATH}:/home/leime957/TDDE05/ros2_ws/install/air_lab3:/home/leime957/TDDE05/ros2_ws/install/air_lab_common:/home/leime957/TDDE05/ros2_ws/install/air_lab2:/opt/air_ws/install/air_simple_sim:/opt/air_ws/install/air_bringup:/opt/ros/humble /usr/bin/cmake --build /home/leime957/TDDE05/ros2_ws/build/air_lab_interfaces -- -j20 -l20
[6.113s] DEBUG:colcon.colcon_core.event_handler.log_command:Invoking command in '/home/leime957/TDDE05/ros2_ws/build/air_lab_interfaces': CMAKE_PREFIX_PATH=${CMAKE_PREFIX_PATH}:/home/leime957/TDDE05/ros2_ws/install/air_lab3:/home/leime957/TDDE05/ros2_ws/install/air_lab_common:/home/leime957/TDDE05/ros2_ws/install/air_lab2:/opt/air_ws/install/air_simple_sim:/opt/air_ws/install/air_bringup:/opt/ros/humble /usr/bin/cmake --install /home/leime957/TDDE05/ros2_ws/build/air_lab_interfaces
[6.715s] Level 1:colcon.colcon_core.environment:create_environment_scripts_only(air_lab_interfaces)
[6.716s] DEBUG:colcon.colcon_core.event_handler.log_command:Invoked command in '/home/leime957/TDDE05/ros2_ws/build/air_lab_interfaces' returned '0': CMAKE_PREFIX_PATH=${CMAKE_PREFIX_PATH}:/home/leime957/TDDE05/ros2_ws/install/air_lab3:/home/leime957/TDDE05/ros2_ws/install/air_lab_common:/home/leime957/TDDE05/ros2_ws/install/air_lab2:/opt/air_ws/install/air_simple_sim:/opt/air_ws/install/air_bringup:/opt/ros/humble /usr/bin/cmake --install /home/leime957/TDDE05/ros2_ws/build/air_lab_interfaces
[6.762s] Level 1:colcon.colcon_core.environment:checking '/home/leime957/TDDE05/ros2_ws/install/air_lab_interfaces' for CMake module files
[6.765s] Level 1:colcon.colcon_core.environment:checking '/home/leime957/TDDE05/ros2_ws/install/air_lab_interfaces' for CMake config files
[6.776s] Level 1:colcon.colcon_core.shell:create_environment_hook('air_lab_interfaces', 'cmake_prefix_path')
[6.776s] INFO:colcon.colcon_core.shell:Creating environment hook '/home/leime957/TDDE05/ros2_ws/install/air_lab_interfaces/share/air_lab_interfaces/hook/cmake_prefix_path.ps1'
[6.782s] INFO:colcon.colcon_core.shell:Creating environment descriptor '/home/leime957/TDDE05/ros2_ws/install/air_lab_interfaces/share/air_lab_interfaces/hook/cmake_prefix_path.dsv'
[6.787s] INFO:colcon.colcon_core.shell:Creating environment hook '/home/leime957/TDDE05/ros2_ws/install/air_lab_interfaces/share/air_lab_interfaces/hook/cmake_prefix_path.sh'
[6.791s] Level 1:colcon.colcon_core.environment:checking '/home/leime957/TDDE05/ros2_ws/install/air_lab_interfaces/lib'
[6.791s] Level 1:colcon.colcon_core.shell:create_environment_hook('air_lab_interfaces', 'ld_library_path_lib')
[6.792s] INFO:colcon.colcon_core.shell:Creating environment hook '/home/leime957/TDDE05/ros2_ws/install/air_lab_interfaces/share/air_lab_interfaces/hook/ld_library_path_lib.ps1'
[6.795s] INFO:colcon.colcon_core.shell:Creating environment descriptor '/home/leime957/TDDE05/ros2_ws/install/air_lab_interfaces/share/air_lab_interfaces/hook/ld_library_path_lib.dsv'
[6.798s] INFO:colcon.colcon_core.shell:Creating environment hook '/home/leime957/TDDE05/ros2_ws/install/air_lab_interfaces/share/air_lab_interfaces/hook/ld_library_path_lib.sh'
[6.801s] Level 1:colcon.colcon_core.environment:checking '/home/leime957/TDDE05/ros2_ws/install/air_lab_interfaces/bin'
[6.802s] Level 1:colcon.colcon_core.environment:checking '/home/leime957/TDDE05/ros2_ws/install/air_lab_interfaces/lib/pkgconfig/air_lab_interfaces.pc'
[6.802s] Level 1:colcon.colcon_core.environment:checking '/home/leime957/TDDE05/ros2_ws/install/air_lab_interfaces/lib/python3.10/site-packages'
[6.802s] Level 1:colcon.colcon_core.environment:checking '/home/leime957/TDDE05/ros2_ws/install/air_lab_interfaces/bin'
[6.802s] INFO:colcon.colcon_core.shell:Creating package script '/home/leime957/TDDE05/ros2_ws/install/air_lab_interfaces/share/air_lab_interfaces/package.ps1'
[6.806s] INFO:colcon.colcon_core.shell:Creating package descriptor '/home/leime957/TDDE05/ros2_ws/install/air_lab_interfaces/share/air_lab_interfaces/package.dsv'
[6.810s] INFO:colcon.colcon_core.shell:Creating package script '/home/leime957/TDDE05/ros2_ws/install/air_lab_interfaces/share/air_lab_interfaces/package.sh'
[6.814s] INFO:colcon.colcon_core.shell:Creating package script '/home/leime957/TDDE05/ros2_ws/install/air_lab_interfaces/share/air_lab_interfaces/package.bash'
[6.820s] INFO:colcon.colcon_core.shell:Creating package script '/home/leime957/TDDE05/ros2_ws/install/air_lab_interfaces/share/air_lab_interfaces/package.zsh'
[6.826s] Level 1:colcon.colcon_core.environment:create_file_with_runtime_dependencies(/home/leime957/TDDE05/ros2_ws/install/air_lab_interfaces/share/colcon-core/packages/air_lab_interfaces)
[6.830s] Level 1:colcon.colcon_core.environment:create_environment_scripts_only(air_lab_interfaces)
[6.831s] Level 1:colcon.colcon_core.environment:checking '/home/leime957/TDDE05/ros2_ws/install/air_lab_interfaces' for CMake module files
[6.833s] Level 1:colcon.colcon_core.environment:checking '/home/leime957/TDDE05/ros2_ws/install/air_lab_interfaces' for CMake config files
[6.844s] Level 1:colcon.colcon_core.shell:create_environment_hook('air_lab_interfaces', 'cmake_prefix_path')
[6.844s] INFO:colcon.colcon_core.shell:Creating environment hook '/home/leime957/TDDE05/ros2_ws/install/air_lab_interfaces/share/air_lab_interfaces/hook/cmake_prefix_path.ps1'
[6.848s] INFO:colcon.colcon_core.shell:Creating environment descriptor '/home/leime957/TDDE05/ros2_ws/install/air_lab_interfaces/share/air_lab_interfaces/hook/cmake_prefix_path.dsv'
[6.851s] INFO:colcon.colcon_core.shell:Creating environment hook '/home/leime957/TDDE05/ros2_ws/install/air_lab_interfaces/share/air_lab_interfaces/hook/cmake_prefix_path.sh'
[6.854s] Level 1:colcon.colcon_core.environment:checking '/home/leime957/TDDE05/ros2_ws/install/air_lab_interfaces/lib'
[6.855s] Level 1:colcon.colcon_core.shell:create_environment_hook('air_lab_interfaces', 'ld_library_path_lib')
[6.855s] INFO:colcon.colcon_core.shell:Creating environment hook '/home/leime957/TDDE05/ros2_ws/install/air_lab_interfaces/share/air_lab_interfaces/hook/ld_library_path_lib.ps1'
[6.858s] INFO:colcon.colcon_core.shell:Creating environment descriptor '/home/leime957/TDDE05/ros2_ws/install/air_lab_interfaces/share/air_lab_interfaces/hook/ld_library_path_lib.dsv'
[6.862s] INFO:colcon.colcon_core.shell:Creating environment hook '/home/leime957/TDDE05/ros2_ws/install/air_lab_interfaces/share/air_lab_interfaces/hook/ld_library_path_lib.sh'
[6.866s] Level 1:colcon.colcon_core.environment:checking '/home/leime957/TDDE05/ros2_ws/install/air_lab_interfaces/bin'
[6.866s] Level 1:colcon.colcon_core.environment:checking '/home/leime957/TDDE05/ros2_ws/install/air_lab_interfaces/lib/pkgconfig/air_lab_interfaces.pc'
[6.866s] Level 1:colcon.colcon_core.environment:checking '/home/leime957/TDDE05/ros2_ws/install/air_lab_interfaces/lib/python3.10/site-packages'
[6.866s] Level 1:colcon.colcon_core.environment:checking '/home/leime957/TDDE05/ros2_ws/install/air_lab_interfaces/bin'
[6.867s] INFO:colcon.colcon_core.shell:Creating package script '/home/leime957/TDDE05/ros2_ws/install/air_lab_interfaces/share/air_lab_interfaces/package.ps1'
[6.870s] INFO:colcon.colcon_core.shell:Creating package descriptor '/home/leime957/TDDE05/ros2_ws/install/air_lab_interfaces/share/air_lab_interfaces/package.dsv'
[6.873s] INFO:colcon.colcon_core.shell:Creating package script '/home/leime957/TDDE05/ros2_ws/install/air_lab_interfaces/share/air_lab_interfaces/package.sh'
[6.877s] INFO:colcon.colcon_core.shell:Creating package script '/home/leime957/TDDE05/ros2_ws/install/air_lab_interfaces/share/air_lab_interfaces/package.bash'
[6.880s] INFO:colcon.colcon_core.shell:Creating package script '/home/leime957/TDDE05/ros2_ws/install/air_lab_interfaces/share/air_lab_interfaces/package.zsh'
[6.884s] Level 1:colcon.colcon_core.environment:create_file_with_runtime_dependencies(/home/leime957/TDDE05/ros2_ws/install/air_lab_interfaces/share/colcon-core/packages/air_lab_interfaces)
[6.886s] INFO:colcon.colcon_ros.task.ament_python.build:Building ROS package in '/home/leime957/TDDE05/ros2_ws/src/labs/air_lab3' with build type 'ament_python'
[6.886s] Level 1:colcon.colcon_core.shell:create_environment_hook('air_lab3', 'ament_prefix_path')
[6.887s] INFO:colcon.colcon_core.shell:Creating environment hook '/home/leime957/TDDE05/ros2_ws/install/air_lab3/share/air_lab3/hook/ament_prefix_path.ps1'
[6.893s] INFO:colcon.colcon_core.shell:Creating environment descriptor '/home/leime957/TDDE05/ros2_ws/install/air_lab3/share/air_lab3/hook/ament_prefix_path.dsv'
[6.897s] INFO:colcon.colcon_core.shell:Creating environment hook '/home/leime957/TDDE05/ros2_ws/install/air_lab3/share/air_lab3/hook/ament_prefix_path.sh'
[6.901s] INFO:colcon.colcon_core.shell:Skip shell extension 'powershell' for command environment: Not usable outside of PowerShell
[6.901s] DEBUG:colcon.colcon_core.shell:Skip shell extension 'dsv' for command environment
[9.466s] INFO:colcon.colcon_core.task.python.build:Building Python package in '/home/leime957/TDDE05/ros2_ws/src/labs/air_lab3'
[9.466s] INFO:colcon.colcon_core.shell:Skip shell extension 'powershell' for command environment: Not usable outside of PowerShell
[9.466s] DEBUG:colcon.colcon_core.shell:Skip shell extension 'dsv' for command environment
[9.684s] DEBUG:colcon.colcon_core.event_handler.log_command:Invoking command in '/home/leime957/TDDE05/ros2_ws/build/air_lab2': PYTHONPATH=/home/leime957/TDDE05/ros2_ws/build/air_lab2/prefix_override:/usr/lib/python3/dist-packages/colcon_core/task/python/colcon_distutils_commands:/home/leime957/TDDE05/ros2_ws/install/air_lab2/lib/python3.10/site-packages:${PYTHONPATH} /usr/bin/python3 -W ignore:setup.py install is deprecated -W ignore:easy_install command is deprecated setup.py develop --editable --build-directory /home/leime957/TDDE05/ros2_ws/build/air_lab2/build --no-deps symlink_data
[9.697s] DEBUG:colcon.colcon_core.event_handler.log_command:Invoking command in '/home/leime957/TDDE05/ros2_ws/build/air_lab_common': PYTHONPATH=/home/leime957/TDDE05/ros2_ws/build/air_lab_common/prefix_override:/usr/lib/python3/dist-packages/colcon_core/task/python/colcon_distutils_commands:/home/leime957/TDDE05/ros2_ws/install/air_lab_common/lib/python3.10/site-packages:${PYTHONPATH} /usr/bin/python3 -W ignore:setup.py install is deprecated -W ignore:easy_install command is deprecated setup.py develop --editable --build-directory /home/leime957/TDDE05/ros2_ws/build/air_lab_common/build --no-deps symlink_data
[14.428s] DEBUG:colcon.colcon_core.event_handler.log_command:Invoking command in '/home/leime957/TDDE05/ros2_ws/build/air_lab3': CMAKE_PREFIX_PATH=/home/leime957/TDDE05/ros2_ws/install/air_lab_interfaces:/opt/auksys_build/inst:/opt/air_ws/install/ros_kdb:/opt/air_ws/install/ros_kdb_interfaces:/opt/air_ws/install/air_tst:/opt/air_ws/install/air_simple_sim_msgs:/opt/auksys_build/inst LD_LIBRARY_PATH=/home/leime957/TDDE05/ros2_ws/install/air_lab_interfaces/lib:/opt/auksys_build/inst/lib:/opt/air_ws/install/ros_kdb/lib:/opt/air_ws/install/ros_kdb_interfaces/lib:/opt/air_ws/install/air_simple_sim_msgs/lib:/opt/ros/humble/opt/rviz_ogre_vendor/lib:/opt/ros/humble/lib/x86_64-linux-gnu:/opt/ros/humble/lib:/opt/auksys_build/inst/lib:/.singularity.d/libs PYTHONPATH=/home/leime957/TDDE05/ros2_ws/build/air_lab3/prefix_override:/usr/lib/python3/dist-packages/colcon_core/task/python/colcon_distutils_commands:/home/leime957/TDDE05/ros2_ws/install/air_lab3/lib/python3.10/site-packages:${PYTHONPATH} /usr/bin/python3 -W ignore:setup.py install is deprecated -W ignore:easy_install command is deprecated setup.py develop --editable --build-directory /home/leime957/TDDE05/ros2_ws/build/air_lab3/build --no-deps symlink_data
[16.358s] Level 1:colcon.colcon_core.shell:create_environment_hook('air_lab_common', 'pythonpath_develop')
[16.358s] INFO:colcon.colcon_core.shell:Creating environment hook '/home/leime957/TDDE05/ros2_ws/build/air_lab_common/share/air_lab_common/hook/pythonpath_develop.ps1'
[16.359s] DEBUG:colcon.colcon_core.event_handler.log_command:Invoked command in '/home/leime957/TDDE05/ros2_ws/build/air_lab_common' returned '0': PYTHONPATH=/home/leime957/TDDE05/ros2_ws/build/air_lab_common/prefix_override:/usr/lib/python3/dist-packages/colcon_core/task/python/colcon_distutils_commands:/home/leime957/TDDE05/ros2_ws/install/air_lab_common/lib/python3.10/site-packages:${PYTHONPATH} /usr/bin/python3 -W ignore:setup.py install is deprecated -W ignore:easy_install command is deprecated setup.py develop --editable --build-directory /home/leime957/TDDE05/ros2_ws/build/air_lab_common/build --no-deps symlink_data
[16.365s] INFO:colcon.colcon_core.shell:Creating environment descriptor '/home/leime957/TDDE05/ros2_ws/build/air_lab_common/share/air_lab_common/hook/pythonpath_develop.dsv'
[16.372s] INFO:colcon.colcon_core.shell:Creating environment hook '/home/leime957/TDDE05/ros2_ws/build/air_lab_common/share/air_lab_common/hook/pythonpath_develop.sh'
[16.377s] Level 1:colcon.colcon_core.environment:checking '/home/leime957/TDDE05/ros2_ws/install/air_lab_common' for CMake module files
[16.380s] Level 1:colcon.colcon_core.environment:checking '/home/leime957/TDDE05/ros2_ws/install/air_lab_common' for CMake config files
[16.386s] Level 1:colcon.colcon_core.environment:checking '/home/leime957/TDDE05/ros2_ws/install/air_lab_common/lib'
[16.386s] Level 1:colcon.colcon_core.environment:checking '/home/leime957/TDDE05/ros2_ws/install/air_lab_common/bin'
[16.386s] Level 1:colcon.colcon_core.environment:checking '/home/leime957/TDDE05/ros2_ws/install/air_lab_common/lib/pkgconfig/air_lab_common.pc'
[16.386s] Level 1:colcon.colcon_core.environment:checking '/home/leime957/TDDE05/ros2_ws/install/air_lab_common/lib/python3.10/site-packages'
[16.386s] Level 1:colcon.colcon_core.shell:create_environment_hook('air_lab_common', 'pythonpath')
[16.387s] INFO:colcon.colcon_core.shell:Creating environment hook '/home/leime957/TDDE05/ros2_ws/install/air_lab_common/share/air_lab_common/hook/pythonpath.ps1'
[16.390s] INFO:colcon.colcon_core.shell:Creating environment descriptor '/home/leime957/TDDE05/ros2_ws/install/air_lab_common/share/air_lab_common/hook/pythonpath.dsv'
[16.394s] INFO:colcon.colcon_core.shell:Creating environment hook '/home/leime957/TDDE05/ros2_ws/install/air_lab_common/share/air_lab_common/hook/pythonpath.sh'
[16.397s] Level 1:colcon.colcon_core.environment:checking '/home/leime957/TDDE05/ros2_ws/install/air_lab_common/bin'
[16.398s] Level 1:colcon.colcon_core.environment:create_environment_scripts_only(air_lab_common)
[16.398s] INFO:colcon.colcon_core.shell:Creating package script '/home/leime957/TDDE05/ros2_ws/install/air_lab_common/share/air_lab_common/package.ps1'
[16.402s] INFO:colcon.colcon_core.shell:Creating package descriptor '/home/leime957/TDDE05/ros2_ws/install/air_lab_common/share/air_lab_common/package.dsv'
[16.406s] INFO:colcon.colcon_core.shell:Creating package script '/home/leime957/TDDE05/ros2_ws/install/air_lab_common/share/air_lab_common/package.sh'
[16.410s] INFO:colcon.colcon_core.shell:Creating package script '/home/leime957/TDDE05/ros2_ws/install/air_lab_common/share/air_lab_common/package.bash'
[16.417s] INFO:colcon.colcon_core.shell:Creating package script '/home/leime957/TDDE05/ros2_ws/install/air_lab_common/share/air_lab_common/package.zsh'
[16.423s] Level 1:colcon.colcon_core.environment:create_file_with_runtime_dependencies(/home/leime957/TDDE05/ros2_ws/install/air_lab_common/share/colcon-core/packages/air_lab_common)
[16.424s] Level 1:colcon.colcon_core.shell:create_environment_hook('air_lab2', 'pythonpath_develop')
[16.425s] INFO:colcon.colcon_core.shell:Creating environment hook '/home/leime957/TDDE05/ros2_ws/build/air_lab2/share/air_lab2/hook/pythonpath_develop.ps1'
[16.428s] INFO:colcon.colcon_core.shell:Creating environment descriptor '/home/leime957/TDDE05/ros2_ws/build/air_lab2/share/air_lab2/hook/pythonpath_develop.dsv'
[16.432s] DEBUG:colcon.colcon_core.event_handler.log_command:Invoked command in '/home/leime957/TDDE05/ros2_ws/build/air_lab2' returned '0': PYTHONPATH=/home/leime957/TDDE05/ros2_ws/build/air_lab2/prefix_override:/usr/lib/python3/dist-packages/colcon_core/task/python/colcon_distutils_commands:/home/leime957/TDDE05/ros2_ws/install/air_lab2/lib/python3.10/site-packages:${PYTHONPATH} /usr/bin/python3 -W ignore:setup.py install is deprecated -W ignore:easy_install command is deprecated setup.py develop --editable --build-directory /home/leime957/TDDE05/ros2_ws/build/air_lab2/build --no-deps symlink_data
[16.432s] INFO:colcon.colcon_core.shell:Creating environment hook '/home/leime957/TDDE05/ros2_ws/build/air_lab2/share/air_lab2/hook/pythonpath_develop.sh'
[16.436s] Level 1:colcon.colcon_core.environment:checking '/home/leime957/TDDE05/ros2_ws/install/air_lab2' for CMake module files
[16.441s] Level 1:colcon.colcon_core.environment:checking '/home/leime957/TDDE05/ros2_ws/install/air_lab2' for CMake config files
[16.447s] Level 1:colcon.colcon_core.environment:checking '/home/leime957/TDDE05/ros2_ws/install/air_lab2/lib'
[16.447s] Level 1:colcon.colcon_core.environment:checking '/home/leime957/TDDE05/ros2_ws/install/air_lab2/bin'
[16.447s] Level 1:colcon.colcon_core.environment:checking '/home/leime957/TDDE05/ros2_ws/install/air_lab2/lib/pkgconfig/air_lab2.pc'
[16.448s] Level 1:colcon.colcon_core.environment:checking '/home/leime957/TDDE05/ros2_ws/install/air_lab2/lib/python3.10/site-packages'
[16.448s] Level 1:colcon.colcon_core.shell:create_environment_hook('air_lab2', 'pythonpath')
[16.448s] INFO:colcon.colcon_core.shell:Creating environment hook '/home/leime957/TDDE05/ros2_ws/install/air_lab2/share/air_lab2/hook/pythonpath.ps1'
[16.452s] INFO:colcon.colcon_core.shell:Creating environment descriptor '/home/leime957/TDDE05/ros2_ws/install/air_lab2/share/air_lab2/hook/pythonpath.dsv'
[16.455s] INFO:colcon.colcon_core.shell:Creating environment hook '/home/leime957/TDDE05/ros2_ws/install/air_lab2/share/air_lab2/hook/pythonpath.sh'
[16.459s] Level 1:colcon.colcon_core.environment:checking '/home/leime957/TDDE05/ros2_ws/install/air_lab2/bin'
[16.459s] Level 1:colcon.colcon_core.environment:create_environment_scripts_only(air_lab2)
[16.460s] INFO:colcon.colcon_core.shell:Creating package script '/home/leime957/TDDE05/ros2_ws/install/air_lab2/share/air_lab2/package.ps1'
[16.463s] INFO:colcon.colcon_core.shell:Creating package descriptor '/home/leime957/TDDE05/ros2_ws/install/air_lab2/share/air_lab2/package.dsv'
[16.466s] INFO:colcon.colcon_core.shell:Creating package script '/home/leime957/TDDE05/ros2_ws/install/air_lab2/share/air_lab2/package.sh'
[16.470s] INFO:colcon.colcon_core.shell:Creating package script '/home/leime957/TDDE05/ros2_ws/install/air_lab2/share/air_lab2/package.bash'
[16.473s] INFO:colcon.colcon_core.shell:Creating package script '/home/leime957/TDDE05/ros2_ws/install/air_lab2/share/air_lab2/package.zsh'
[16.476s] Level 1:colcon.colcon_core.environment:create_file_with_runtime_dependencies(/home/leime957/TDDE05/ros2_ws/install/air_lab2/share/colcon-core/packages/air_lab2)
[17.721s] Level 1:colcon.colcon_core.shell:create_environment_hook('air_lab3', 'pythonpath_develop')
[17.721s] INFO:colcon.colcon_core.shell:Creating environment hook '/home/leime957/TDDE05/ros2_ws/build/air_lab3/share/air_lab3/hook/pythonpath_develop.ps1'
[17.721s] DEBUG:colcon.colcon_core.event_handler.log_command:Invoked command in '/home/leime957/TDDE05/ros2_ws/build/air_lab3' returned '0': CMAKE_PREFIX_PATH=/home/leime957/TDDE05/ros2_ws/install/air_lab_interfaces:/opt/auksys_build/inst:/opt/air_ws/install/ros_kdb:/opt/air_ws/install/ros_kdb_interfaces:/opt/air_ws/install/air_tst:/opt/air_ws/install/air_simple_sim_msgs:/opt/auksys_build/inst LD_LIBRARY_PATH=/home/leime957/TDDE05/ros2_ws/install/air_lab_interfaces/lib:/opt/auksys_build/inst/lib:/opt/air_ws/install/ros_kdb/lib:/opt/air_ws/install/ros_kdb_interfaces/lib:/opt/air_ws/install/air_simple_sim_msgs/lib:/opt/ros/humble/opt/rviz_ogre_vendor/lib:/opt/ros/humble/lib/x86_64-linux-gnu:/opt/ros/humble/lib:/opt/auksys_build/inst/lib:/.singularity.d/libs PYTHONPATH=/home/leime957/TDDE05/ros2_ws/build/air_lab3/prefix_override:/usr/lib/python3/dist-packages/colcon_core/task/python/colcon_distutils_commands:/home/leime957/TDDE05/ros2_ws/install/air_lab3/lib/python3.10/site-packages:${PYTHONPATH} /usr/bin/python3 -W ignore:setup.py install is deprecated -W ignore:easy_install command is deprecated setup.py develop --editable --build-directory /home/leime957/TDDE05/ros2_ws/build/air_lab3/build --no-deps symlink_data
[17.727s] INFO:colcon.colcon_core.shell:Creating environment descriptor '/home/leime957/TDDE05/ros2_ws/build/air_lab3/share/air_lab3/hook/pythonpath_develop.dsv'
[17.732s] INFO:colcon.colcon_core.shell:Creating environment hook '/home/leime957/TDDE05/ros2_ws/build/air_lab3/share/air_lab3/hook/pythonpath_develop.sh'
[17.736s] Level 1:colcon.colcon_core.environment:checking '/home/leime957/TDDE05/ros2_ws/install/air_lab3' for CMake module files
[17.740s] Level 1:colcon.colcon_core.environment:checking '/home/leime957/TDDE05/ros2_ws/install/air_lab3' for CMake config files
[17.746s] Level 1:colcon.colcon_core.environment:checking '/home/leime957/TDDE05/ros2_ws/install/air_lab3/lib'
[17.747s] Level 1:colcon.colcon_core.environment:checking '/home/leime957/TDDE05/ros2_ws/install/air_lab3/bin'
[17.747s] Level 1:colcon.colcon_core.environment:checking '/home/leime957/TDDE05/ros2_ws/install/air_lab3/lib/pkgconfig/air_lab3.pc'
[17.747s] Level 1:colcon.colcon_core.environment:checking '/home/leime957/TDDE05/ros2_ws/install/air_lab3/lib/python3.10/site-packages'
[17.747s] Level 1:colcon.colcon_core.shell:create_environment_hook('air_lab3', 'pythonpath')
[17.747s] INFO:colcon.colcon_core.shell:Creating environment hook '/home/leime957/TDDE05/ros2_ws/install/air_lab3/share/air_lab3/hook/pythonpath.ps1'
[17.750s] INFO:colcon.colcon_core.shell:Creating environment descriptor '/home/leime957/TDDE05/ros2_ws/install/air_lab3/share/air_lab3/hook/pythonpath.dsv'
[17.754s] INFO:colcon.colcon_core.shell:Creating environment hook '/home/leime957/TDDE05/ros2_ws/install/air_lab3/share/air_lab3/hook/pythonpath.sh'
[17.757s] Level 1:colcon.colcon_core.environment:checking '/home/leime957/TDDE05/ros2_ws/install/air_lab3/bin'
[17.757s] Level 1:colcon.colcon_core.environment:create_environment_scripts_only(air_lab3)
[17.758s] INFO:colcon.colcon_core.shell:Creating package script '/home/leime957/TDDE05/ros2_ws/install/air_lab3/share/air_lab3/package.ps1'
[17.761s] INFO:colcon.colcon_core.shell:Creating package descriptor '/home/leime957/TDDE05/ros2_ws/install/air_lab3/share/air_lab3/package.dsv'
[17.765s] INFO:colcon.colcon_core.shell:Creating package script '/home/leime957/TDDE05/ros2_ws/install/air_lab3/share/air_lab3/package.sh'
[17.768s] INFO:colcon.colcon_core.shell:Creating package script '/home/leime957/TDDE05/ros2_ws/install/air_lab3/share/air_lab3/package.bash'
[17.774s] INFO:colcon.colcon_core.shell:Creating package script '/home/leime957/TDDE05/ros2_ws/install/air_lab3/share/air_lab3/package.zsh'
[17.779s] Level 1:colcon.colcon_core.environment:create_file_with_runtime_dependencies(/home/leime957/TDDE05/ros2_ws/install/air_lab3/share/colcon-core/packages/air_lab3)
[17.781s] DEBUG:colcon.colcon_parallel_executor.executor.parallel:closing loop
[17.781s] DEBUG:colcon.colcon_parallel_executor.executor.parallel:loop closed
[17.782s] DEBUG:colcon.colcon_parallel_executor.executor.parallel:run_until_complete finished with '0'
[17.782s] DEBUG:colcon.colcon_core.event_reactor:joining thread
[17.829s] INFO:colcon.colcon_core.plugin_system:Skipping extension 'colcon_notification.desktop_notification.notify_send': Could not find 'notify-send'
[17.829s] INFO:colcon.colcon_core.plugin_system:Skipping extension 'colcon_notification.desktop_notification.terminal_notifier': Not used on non-Darwin systems
[17.829s] INFO:colcon.colcon_core.plugin_system:Skipping extension 'colcon_notification.desktop_notification.win32': Not used on non-Windows systems
[17.829s] INFO:colcon.colcon_notification.desktop_notification:Sending desktop notification using 'notify2'
[17.833s] DEBUG:colcon.colcon_core.event_reactor:joined thread
[17.833s] INFO:colcon.colcon_core.shell:Creating prefix script '/home/leime957/TDDE05/ros2_ws/install/local_setup.ps1'
[17.838s] INFO:colcon.colcon_core.shell:Creating prefix util module '/home/leime957/TDDE05/ros2_ws/install/_local_setup_util_ps1.py'
[17.843s] INFO:colcon.colcon_core.shell:Creating prefix chain script '/home/leime957/TDDE05/ros2_ws/install/setup.ps1'
[17.856s] INFO:colcon.colcon_core.shell:Creating prefix script '/home/leime957/TDDE05/ros2_ws/install/local_setup.sh'
[17.860s] INFO:colcon.colcon_core.shell:Creating prefix util module '/home/leime957/TDDE05/ros2_ws/install/_local_setup_util_sh.py'
[17.863s] INFO:colcon.colcon_core.shell:Creating prefix chain script '/home/leime957/TDDE05/ros2_ws/install/setup.sh'
[17.876s] INFO:colcon.colcon_core.shell:Creating prefix script '/home/leime957/TDDE05/ros2_ws/install/local_setup.bash'
[17.880s] INFO:colcon.colcon_core.shell:Creating prefix chain script '/home/leime957/TDDE05/ros2_ws/install/setup.bash'
[17.892s] INFO:colcon.colcon_core.shell:Creating prefix script '/home/leime957/TDDE05/ros2_ws/install/local_setup.zsh'
[17.896s] INFO:colcon.colcon_core.shell:Creating prefix chain script '/home/leime957/TDDE05/ros2_ws/install/setup.zsh'
