[3.232s] Invoking command in '/home/leime957/TDDE05/ros2_ws/build/air_lab_interfaces': CMAKE_PREFIX_PATH=${CMAKE_PREFIX_PATH}:/home/leime957/TDDE05/ros2_ws/install/air_lab_common:/home/leime957/TDDE05/ros2_ws/install/air_lab2:/opt/air_ws/install/air_simple_sim:/opt/air_ws/install/air_bringup:/opt/ros/humble /usr/bin/cmake --build /home/leime957/TDDE05/ros2_ws/build/air_lab_interfaces -- -j20 -l20
[4.336s] [35m[1mConsolidate compiler generated dependencies of target air_lab_interfaces__rosidl_generator_c[0m
[4.584s] [  3%] Built target air_lab_interfaces__cpp
[4.671s] [ 12%] Built target air_lab_interfaces__rosidl_generator_c
[4.769s] [ 12%] Built target ament_cmake_python_symlink_air_lab_interfaces
[4.908s] [35m[1mConsolidate compiler generated dependencies of target air_lab_interfaces__rosidl_typesupport_cpp[0m
[4.996s] [35m[1mConsolidate compiler generated dependencies of target air_lab_interfaces__rosidl_typesupport_introspection_cpp[0m
[5.004s] [35m[1mConsolidate compiler generated dependencies of target air_lab_interfaces__rosidl_typesupport_fastrtps_cpp[0m
[5.055s] [35m[1mConsolidate compiler generated dependencies of target air_lab_interfaces__rosidl_typesupport_fastrtps_c[0m
[5.062s] [35m[1mConsolidate compiler generated dependencies of target air_lab_interfaces__rosidl_typesupport_introspection_c[0m
[5.079s] [35m[1mConsolidate compiler generated dependencies of target air_lab_interfaces__rosidl_typesupport_c[0m
[5.463s] [ 22%] Built target air_lab_interfaces__rosidl_typesupport_introspection_c
[5.471s] [ 32%] Built target air_lab_interfaces__rosidl_typesupport_c
[5.538s] [ 45%] Built target air_lab_interfaces__rosidl_typesupport_cpp
[5.544s] [ 51%] Built target air_lab_interfaces__rosidl_typesupport_introspection_cpp
[5.682s] [ 70%] Built target air_lab_interfaces__rosidl_typesupport_fastrtps_c
[5.682s] [ 70%] Built target air_lab_interfaces__rosidl_typesupport_fastrtps_cpp
[6.118s] [ 70%] Built target air_lab_interfaces
[6.493s] [ 74%] Built target air_lab_interfaces__py
[6.720s] [35m[1mConsolidate compiler generated dependencies of target air_lab_interfaces__rosidl_generator_py[0m
[7.244s] [ 80%] Built target air_lab_interfaces__rosidl_generator_py
[7.487s] [35m[1mConsolidate compiler generated dependencies of target air_lab_interfaces__rosidl_typesupport_fastrtps_c__pyext[0m
[7.490s] [35m[1mConsolidate compiler generated dependencies of target air_lab_interfaces__rosidl_typesupport_introspection_c__pyext[0m
[7.491s] [35m[1mConsolidate compiler generated dependencies of target air_lab_interfaces__rosidl_typesupport_c__pyext[0m
[7.955s] [100%] Built target air_lab_interfaces__rosidl_typesupport_c__pyext
[7.955s] [100%] Built target air_lab_interfaces__rosidl_typesupport_introspection_c__pyext
[7.955s] [100%] Built target air_lab_interfaces__rosidl_typesupport_fastrtps_c__pyext
[9.500s] running egg_info
[9.502s] writing air_lab_interfaces.egg-info/PKG-INFO
[9.506s] writing dependency_links to air_lab_interfaces.egg-info/dependency_links.txt
[9.511s] writing top-level names to air_lab_interfaces.egg-info/top_level.txt
[9.529s] reading manifest file 'air_lab_interfaces.egg-info/SOURCES.txt'
[9.532s] writing manifest file 'air_lab_interfaces.egg-info/SOURCES.txt'
[9.733s] [100%] Built target ament_cmake_python_build_air_lab_interfaces_egg
[9.900s] Invoked command in '/home/leime957/TDDE05/ros2_ws/build/air_lab_interfaces' returned '0': CMAKE_PREFIX_PATH=${CMAKE_PREFIX_PATH}:/home/leime957/TDDE05/ros2_ws/install/air_lab_common:/home/leime957/TDDE05/ros2_ws/install/air_lab2:/opt/air_ws/install/air_simple_sim:/opt/air_ws/install/air_bringup:/opt/ros/humble /usr/bin/cmake --build /home/leime957/TDDE05/ros2_ws/build/air_lab_interfaces -- -j20 -l20
[9.957s] Invoking command in '/home/leime957/TDDE05/ros2_ws/build/air_lab_interfaces': CMAKE_PREFIX_PATH=${CMAKE_PREFIX_PATH}:/home/leime957/TDDE05/ros2_ws/install/air_lab_common:/home/leime957/TDDE05/ros2_ws/install/air_lab2:/opt/air_ws/install/air_simple_sim:/opt/air_ws/install/air_bringup:/opt/ros/humble /usr/bin/cmake --install /home/leime957/TDDE05/ros2_ws/build/air_lab_interfaces
[9.994s] -- Install configuration: ""
[10.007s] -- Execute custom install script
[10.011s] -- Up-to-date symlink: /home/leime957/TDDE05/ros2_ws/install/air_lab_interfaces/share/ament_index/resource_index/rosidl_interfaces/air_lab_interfaces
[10.022s] -- Up-to-date symlink: /home/leime957/TDDE05/ros2_ws/install/air_lab_interfaces/include/air_lab_interfaces/air_lab_interfaces/msg/rosidl_generator_c__visibility_control.h
[10.025s] -- Up-to-date symlink: /home/leime957/TDDE05/ros2_ws/install/air_lab_interfaces/include/air_lab_interfaces/air_lab_interfaces/srv/detail/execute_tst__functions.h
[10.027s] -- Up-to-date symlink: /home/leime957/TDDE05/ros2_ws/install/air_lab_interfaces/include/air_lab_interfaces/air_lab_interfaces/srv/detail/execute_tst__struct.h
[10.029s] -- Up-to-date symlink: /home/leime957/TDDE05/ros2_ws/install/air_lab_interfaces/include/air_lab_interfaces/air_lab_interfaces/srv/detail/execute_tst__type_support.h
[10.032s] -- Up-to-date symlink: /home/leime957/TDDE05/ros2_ws/install/air_lab_interfaces/include/air_lab_interfaces/air_lab_interfaces/srv/execute_tst.h
[10.041s] -- Up-to-date symlink: /home/leime957/TDDE05/ros2_ws/install/air_lab_interfaces/share/air_lab_interfaces/environment/library_path.sh
[10.043s] -- Up-to-date symlink: /home/leime957/TDDE05/ros2_ws/install/air_lab_interfaces/share/air_lab_interfaces/environment/library_path.dsv
[10.052s] -- Up-to-date symlink: /home/leime957/TDDE05/ros2_ws/install/air_lab_interfaces/include/air_lab_interfaces/air_lab_interfaces/msg/rosidl_typesupport_fastrtps_c__visibility_control.h
[10.055s] -- Up-to-date symlink: /home/leime957/TDDE05/ros2_ws/install/air_lab_interfaces/include/air_lab_interfaces/air_lab_interfaces/srv/detail/execute_tst__rosidl_typesupport_fastrtps_c.h
[10.062s] -- Up-to-date symlink: /home/leime957/TDDE05/ros2_ws/install/air_lab_interfaces/include/air_lab_interfaces/air_lab_interfaces/msg/rosidl_generator_cpp__visibility_control.hpp
[10.064s] -- Up-to-date symlink: /home/leime957/TDDE05/ros2_ws/install/air_lab_interfaces/include/air_lab_interfaces/air_lab_interfaces/srv/detail/execute_tst__builder.hpp
[10.066s] -- Up-to-date symlink: /home/leime957/TDDE05/ros2_ws/install/air_lab_interfaces/include/air_lab_interfaces/air_lab_interfaces/srv/detail/execute_tst__struct.hpp
[10.069s] -- Up-to-date symlink: /home/leime957/TDDE05/ros2_ws/install/air_lab_interfaces/include/air_lab_interfaces/air_lab_interfaces/srv/detail/execute_tst__traits.hpp
[10.071s] -- Up-to-date symlink: /home/leime957/TDDE05/ros2_ws/install/air_lab_interfaces/include/air_lab_interfaces/air_lab_interfaces/srv/detail/execute_tst__type_support.hpp
[10.074s] -- Up-to-date symlink: /home/leime957/TDDE05/ros2_ws/install/air_lab_interfaces/include/air_lab_interfaces/air_lab_interfaces/srv/execute_tst.hpp
[10.086s] -- Up-to-date symlink: /home/leime957/TDDE05/ros2_ws/install/air_lab_interfaces/include/air_lab_interfaces/air_lab_interfaces/msg/rosidl_typesupport_fastrtps_cpp__visibility_control.h
[10.091s] -- Up-to-date symlink: /home/leime957/TDDE05/ros2_ws/install/air_lab_interfaces/include/air_lab_interfaces/air_lab_interfaces/srv/detail/execute_tst__rosidl_typesupport_fastrtps_cpp.hpp
[10.097s] -- Up-to-date symlink: /home/leime957/TDDE05/ros2_ws/install/air_lab_interfaces/include/air_lab_interfaces/air_lab_interfaces/msg/rosidl_typesupport_introspection_c__visibility_control.h
[10.104s] -- Up-to-date symlink: /home/leime957/TDDE05/ros2_ws/install/air_lab_interfaces/include/air_lab_interfaces/air_lab_interfaces/srv/detail/execute_tst__rosidl_typesupport_introspection_c.h
[10.108s] -- Up-to-date symlink: /home/leime957/TDDE05/ros2_ws/install/air_lab_interfaces/include/air_lab_interfaces/air_lab_interfaces/srv/detail/execute_tst__rosidl_typesupport_introspection_cpp.hpp
[10.111s] -- Up-to-date symlink: /home/leime957/TDDE05/ros2_ws/install/air_lab_interfaces/share/air_lab_interfaces/environment/pythonpath.sh
[10.112s] -- Up-to-date symlink: /home/leime957/TDDE05/ros2_ws/install/air_lab_interfaces/share/air_lab_interfaces/environment/pythonpath.dsv
[10.115s] -- Up-to-date symlink: /home/leime957/TDDE05/ros2_ws/install/air_lab_interfaces/local/lib/python3.10/dist-packages/air_lab_interfaces-0.0.0-py3.10.egg-info/PKG-INFO
[10.117s] -- Up-to-date symlink: /home/leime957/TDDE05/ros2_ws/install/air_lab_interfaces/local/lib/python3.10/dist-packages/air_lab_interfaces-0.0.0-py3.10.egg-info/SOURCES.txt
[10.119s] -- Up-to-date symlink: /home/leime957/TDDE05/ros2_ws/install/air_lab_interfaces/local/lib/python3.10/dist-packages/air_lab_interfaces-0.0.0-py3.10.egg-info/dependency_links.txt
[10.121s] -- Up-to-date symlink: /home/leime957/TDDE05/ros2_ws/install/air_lab_interfaces/local/lib/python3.10/dist-packages/air_lab_interfaces-0.0.0-py3.10.egg-info/top_level.txt
[10.127s] -- Up-to-date symlink: /home/leime957/TDDE05/ros2_ws/install/air_lab_interfaces/local/lib/python3.10/dist-packages/air_lab_interfaces/__init__.py
[10.129s] -- Up-to-date symlink: /home/leime957/TDDE05/ros2_ws/install/air_lab_interfaces/local/lib/python3.10/dist-packages/air_lab_interfaces/_air_lab_interfaces_s.ep.rosidl_typesupport_c.c
[10.131s] -- Up-to-date symlink: /home/leime957/TDDE05/ros2_ws/install/air_lab_interfaces/local/lib/python3.10/dist-packages/air_lab_interfaces/_air_lab_interfaces_s.ep.rosidl_typesupport_fastrtps_c.c
[10.133s] -- Up-to-date symlink: /home/leime957/TDDE05/ros2_ws/install/air_lab_interfaces/local/lib/python3.10/dist-packages/air_lab_interfaces/_air_lab_interfaces_s.ep.rosidl_typesupport_introspection_c.c
[10.136s] -- Up-to-date symlink: /home/leime957/TDDE05/ros2_ws/install/air_lab_interfaces/local/lib/python3.10/dist-packages/air_lab_interfaces/air_lab_interfaces_s__rosidl_typesupport_c.cpython-310-x86_64-linux-gnu.so
[10.138s] -- Up-to-date symlink: /home/leime957/TDDE05/ros2_ws/install/air_lab_interfaces/local/lib/python3.10/dist-packages/air_lab_interfaces/air_lab_interfaces_s__rosidl_typesupport_fastrtps_c.cpython-310-x86_64-linux-gnu.so
[10.140s] -- Up-to-date symlink: /home/leime957/TDDE05/ros2_ws/install/air_lab_interfaces/local/lib/python3.10/dist-packages/air_lab_interfaces/air_lab_interfaces_s__rosidl_typesupport_introspection_c.cpython-310-x86_64-linux-gnu.so
[10.143s] -- Up-to-date symlink: /home/leime957/TDDE05/ros2_ws/install/air_lab_interfaces/local/lib/python3.10/dist-packages/air_lab_interfaces/libair_lab_interfaces__rosidl_generator_py.so
[10.145s] -- Up-to-date symlink: /home/leime957/TDDE05/ros2_ws/install/air_lab_interfaces/local/lib/python3.10/dist-packages/air_lab_interfaces/srv/__init__.py
[10.147s] -- Up-to-date symlink: /home/leime957/TDDE05/ros2_ws/install/air_lab_interfaces/local/lib/python3.10/dist-packages/air_lab_interfaces/srv/_execute_tst.py
[10.150s] -- Up-to-date symlink: /home/leime957/TDDE05/ros2_ws/install/air_lab_interfaces/local/lib/python3.10/dist-packages/air_lab_interfaces/srv/_execute_tst_s.c
[10.153s] -- Up-to-date symlink: /home/leime957/TDDE05/ros2_ws/install/air_lab_interfaces/local/lib/python3.10/dist-packages/air_lab_interfaces/air_lab_interfaces_s__rosidl_typesupport_fastrtps_c.cpython-310-x86_64-linux-gnu.so
[10.157s] -- Up-to-date symlink: /home/leime957/TDDE05/ros2_ws/install/air_lab_interfaces/local/lib/python3.10/dist-packages/air_lab_interfaces/air_lab_interfaces_s__rosidl_typesupport_introspection_c.cpython-310-x86_64-linux-gnu.so
[10.160s] -- Up-to-date symlink: /home/leime957/TDDE05/ros2_ws/install/air_lab_interfaces/local/lib/python3.10/dist-packages/air_lab_interfaces/air_lab_interfaces_s__rosidl_typesupport_c.cpython-310-x86_64-linux-gnu.so
[10.163s] -- Up-to-date symlink: /home/leime957/TDDE05/ros2_ws/install/air_lab_interfaces/share/air_lab_interfaces/srv/ExecuteTst.idl
[10.165s] -- Up-to-date symlink: /home/leime957/TDDE05/ros2_ws/install/air_lab_interfaces/share/air_lab_interfaces/srv/ExecuteTst.srv
[10.167s] -- Up-to-date symlink: /home/leime957/TDDE05/ros2_ws/install/air_lab_interfaces/share/air_lab_interfaces/srv/ExecuteTst_Request.msg
[10.171s] -- Up-to-date symlink: /home/leime957/TDDE05/ros2_ws/install/air_lab_interfaces/share/air_lab_interfaces/srv/ExecuteTst_Response.msg
[10.174s] -- Up-to-date symlink: /home/leime957/TDDE05/ros2_ws/install/air_lab_interfaces/share/ament_index/resource_index/package_run_dependencies/air_lab_interfaces
[10.178s] -- Up-to-date symlink: /home/leime957/TDDE05/ros2_ws/install/air_lab_interfaces/share/ament_index/resource_index/parent_prefix_path/air_lab_interfaces
[10.185s] -- Up-to-date symlink: /home/leime957/TDDE05/ros2_ws/install/air_lab_interfaces/share/air_lab_interfaces/environment/ament_prefix_path.sh
[10.186s] -- Up-to-date symlink: /home/leime957/TDDE05/ros2_ws/install/air_lab_interfaces/share/air_lab_interfaces/environment/ament_prefix_path.dsv
[10.189s] -- Up-to-date symlink: /home/leime957/TDDE05/ros2_ws/install/air_lab_interfaces/share/air_lab_interfaces/environment/path.sh
[10.190s] -- Up-to-date symlink: /home/leime957/TDDE05/ros2_ws/install/air_lab_interfaces/share/air_lab_interfaces/environment/path.dsv
[10.193s] -- Up-to-date symlink: /home/leime957/TDDE05/ros2_ws/install/air_lab_interfaces/share/air_lab_interfaces/local_setup.bash
[10.196s] -- Up-to-date symlink: /home/leime957/TDDE05/ros2_ws/install/air_lab_interfaces/share/air_lab_interfaces/local_setup.sh
[10.199s] -- Up-to-date symlink: /home/leime957/TDDE05/ros2_ws/install/air_lab_interfaces/share/air_lab_interfaces/local_setup.zsh
[10.200s] -- Up-to-date symlink: /home/leime957/TDDE05/ros2_ws/install/air_lab_interfaces/share/air_lab_interfaces/local_setup.dsv
[10.202s] -- Symlinking: /home/leime957/TDDE05/ros2_ws/install/air_lab_interfaces/share/air_lab_interfaces/package.dsv
[10.304s] -- Up-to-date symlink: /home/leime957/TDDE05/ros2_ws/install/air_lab_interfaces/share/ament_index/resource_index/packages/air_lab_interfaces
[10.307s] -- Up-to-date symlink: /home/leime957/TDDE05/ros2_ws/install/air_lab_interfaces/share/air_lab_interfaces/cmake/rosidl_cmake-extras.cmake
[10.310s] -- Up-to-date symlink: /home/leime957/TDDE05/ros2_ws/install/air_lab_interfaces/share/air_lab_interfaces/cmake/ament_cmake_export_include_directories-extras.cmake
[10.313s] -- Up-to-date symlink: /home/leime957/TDDE05/ros2_ws/install/air_lab_interfaces/share/air_lab_interfaces/cmake/ament_cmake_export_libraries-extras.cmake
[10.315s] -- Up-to-date symlink: /home/leime957/TDDE05/ros2_ws/install/air_lab_interfaces/share/air_lab_interfaces/cmake/ament_cmake_export_targets-extras.cmake
[10.319s] -- Up-to-date symlink: /home/leime957/TDDE05/ros2_ws/install/air_lab_interfaces/share/air_lab_interfaces/cmake/rosidl_cmake_export_typesupport_targets-extras.cmake
[10.322s] -- Up-to-date symlink: /home/leime957/TDDE05/ros2_ws/install/air_lab_interfaces/share/air_lab_interfaces/cmake/ament_cmake_export_dependencies-extras.cmake
[10.327s] -- Up-to-date symlink: /home/leime957/TDDE05/ros2_ws/install/air_lab_interfaces/share/air_lab_interfaces/cmake/rosidl_cmake_export_typesupport_libraries-extras.cmake
[10.330s] -- Up-to-date symlink: /home/leime957/TDDE05/ros2_ws/install/air_lab_interfaces/share/air_lab_interfaces/cmake/air_lab_interfacesConfig.cmake
[10.332s] -- Up-to-date symlink: /home/leime957/TDDE05/ros2_ws/install/air_lab_interfaces/share/air_lab_interfaces/cmake/air_lab_interfacesConfig-version.cmake
[10.335s] -- Up-to-date symlink: /home/leime957/TDDE05/ros2_ws/install/air_lab_interfaces/share/air_lab_interfaces/package.xml
[10.350s] -- Up-to-date: /home/leime957/TDDE05/ros2_ws/install/air_lab_interfaces/lib/libair_lab_interfaces__rosidl_generator_c.so
[10.377s] -- Up-to-date: /home/leime957/TDDE05/ros2_ws/install/air_lab_interfaces/lib/libair_lab_interfaces__rosidl_typesupport_fastrtps_c.so
[10.393s] -- Up-to-date: /home/leime957/TDDE05/ros2_ws/install/air_lab_interfaces/lib/libair_lab_interfaces__rosidl_typesupport_fastrtps_cpp.so
[10.400s] -- Up-to-date: /home/leime957/TDDE05/ros2_ws/install/air_lab_interfaces/lib/libair_lab_interfaces__rosidl_typesupport_introspection_c.so
[10.422s] -- Up-to-date: /home/leime957/TDDE05/ros2_ws/install/air_lab_interfaces/lib/libair_lab_interfaces__rosidl_typesupport_c.so
[10.453s] -- Up-to-date: /home/leime957/TDDE05/ros2_ws/install/air_lab_interfaces/lib/libair_lab_interfaces__rosidl_typesupport_introspection_cpp.so
[10.469s] -- Up-to-date: /home/leime957/TDDE05/ros2_ws/install/air_lab_interfaces/lib/libair_lab_interfaces__rosidl_typesupport_cpp.so
[10.713s] Listing '/home/leime957/TDDE05/ros2_ws/install/air_lab_interfaces/local/lib/python3.10/dist-packages/air_lab_interfaces'...
[10.713s] Listing '/home/leime957/TDDE05/ros2_ws/install/air_lab_interfaces/local/lib/python3.10/dist-packages/air_lab_interfaces/srv'...
[10.722s] -- Up-to-date: /home/leime957/TDDE05/ros2_ws/install/air_lab_interfaces/lib/libair_lab_interfaces__rosidl_generator_py.so
[10.732s] -- Up-to-date: /home/leime957/TDDE05/ros2_ws/install/air_lab_interfaces/share/air_lab_interfaces/cmake/export_air_lab_interfaces__rosidl_generator_cExport.cmake
[10.734s] -- Up-to-date: /home/leime957/TDDE05/ros2_ws/install/air_lab_interfaces/share/air_lab_interfaces/cmake/export_air_lab_interfaces__rosidl_generator_cExport-noconfig.cmake
[10.738s] -- Up-to-date: /home/leime957/TDDE05/ros2_ws/install/air_lab_interfaces/share/air_lab_interfaces/cmake/export_air_lab_interfaces__rosidl_typesupport_fastrtps_cExport.cmake
[10.740s] -- Up-to-date: /home/leime957/TDDE05/ros2_ws/install/air_lab_interfaces/share/air_lab_interfaces/cmake/export_air_lab_interfaces__rosidl_typesupport_fastrtps_cExport-noconfig.cmake
[10.745s] -- Up-to-date: /home/leime957/TDDE05/ros2_ws/install/air_lab_interfaces/share/air_lab_interfaces/cmake/export_air_lab_interfaces__rosidl_generator_cppExport.cmake
[10.761s] -- Up-to-date: /home/leime957/TDDE05/ros2_ws/install/air_lab_interfaces/share/air_lab_interfaces/cmake/export_air_lab_interfaces__rosidl_typesupport_fastrtps_cppExport.cmake
[10.762s] -- Up-to-date: /home/leime957/TDDE05/ros2_ws/install/air_lab_interfaces/share/air_lab_interfaces/cmake/export_air_lab_interfaces__rosidl_typesupport_fastrtps_cppExport-noconfig.cmake
[10.778s] -- Up-to-date: /home/leime957/TDDE05/ros2_ws/install/air_lab_interfaces/share/air_lab_interfaces/cmake/air_lab_interfaces__rosidl_typesupport_introspection_cExport.cmake
[10.779s] -- Up-to-date: /home/leime957/TDDE05/ros2_ws/install/air_lab_interfaces/share/air_lab_interfaces/cmake/air_lab_interfaces__rosidl_typesupport_introspection_cExport-noconfig.cmake
[10.794s] -- Up-to-date: /home/leime957/TDDE05/ros2_ws/install/air_lab_interfaces/share/air_lab_interfaces/cmake/air_lab_interfaces__rosidl_typesupport_cExport.cmake
[10.796s] -- Up-to-date: /home/leime957/TDDE05/ros2_ws/install/air_lab_interfaces/share/air_lab_interfaces/cmake/air_lab_interfaces__rosidl_typesupport_cExport-noconfig.cmake
[10.800s] -- Up-to-date: /home/leime957/TDDE05/ros2_ws/install/air_lab_interfaces/share/air_lab_interfaces/cmake/air_lab_interfaces__rosidl_typesupport_introspection_cppExport.cmake
[10.801s] -- Up-to-date: /home/leime957/TDDE05/ros2_ws/install/air_lab_interfaces/share/air_lab_interfaces/cmake/air_lab_interfaces__rosidl_typesupport_introspection_cppExport-noconfig.cmake
[10.806s] -- Up-to-date: /home/leime957/TDDE05/ros2_ws/install/air_lab_interfaces/share/air_lab_interfaces/cmake/air_lab_interfaces__rosidl_typesupport_cppExport.cmake
[10.808s] -- Up-to-date: /home/leime957/TDDE05/ros2_ws/install/air_lab_interfaces/share/air_lab_interfaces/cmake/air_lab_interfaces__rosidl_typesupport_cppExport-noconfig.cmake
[10.813s] -- Up-to-date: /home/leime957/TDDE05/ros2_ws/install/air_lab_interfaces/share/air_lab_interfaces/cmake/export_air_lab_interfaces__rosidl_generator_pyExport.cmake
[10.814s] -- Up-to-date: /home/leime957/TDDE05/ros2_ws/install/air_lab_interfaces/share/air_lab_interfaces/cmake/export_air_lab_interfaces__rosidl_generator_pyExport-noconfig.cmake
[10.823s] Invoked command in '/home/leime957/TDDE05/ros2_ws/build/air_lab_interfaces' returned '0': CMAKE_PREFIX_PATH=${CMAKE_PREFIX_PATH}:/home/leime957/TDDE05/ros2_ws/install/air_lab_common:/home/leime957/TDDE05/ros2_ws/install/air_lab2:/opt/air_ws/install/air_simple_sim:/opt/air_ws/install/air_bringup:/opt/ros/humble /usr/bin/cmake --install /home/leime957/TDDE05/ros2_ws/build/air_lab_interfaces
