[0.899s] DEBUG:colcon:Command line arguments: ['/usr/bin/colcon', 'build', '--symlink-install']
[0.899s] DEBUG:colcon:Parsed command line arguments: Namespace(log_base=None, log_level=None, verb_name='build', build_base='build', install_base='install', merge_install=False, symlink_install=True, test_result_base=None, continue_on_error=False, executor='parallel', parallel_workers=20, event_handlers=None, ignore_user_meta=False, metas=['./colcon.meta'], base_paths=['.'], packages_ignore=None, packages_ignore_regex=None, paths=None, packages_up_to=None, packages_up_to_regex=None, packages_above=None, packages_above_and_dependencies=None, packages_above_depth=None, packages_select_by_dep=None, packages_skip_by_dep=None, packages_skip_up_to=None, packages_select_build_failed=False, packages_skip_build_finished=False, packages_select_test_failures=False, packages_skip_test_passed=False, packages_select=None, packages_skip=None, packages_select_regex=None, packages_skip_regex=None, packages_start=None, packages_end=None, cmake_args=None, cmake_target=None, cmake_target_skip_unavailable=False, cmake_clean_cache=False, cmake_clean_first=False, cmake_force_configure=False, ament_cmake_args=None, catkin_cmake_args=None, catkin_skip_building_tests=False, mixin_files=None, mixin=None, verb_parser=<colcon_mixin.mixin.mixin_argument.MixinArgumentDecorator object at 0x7f005d9aee90>, verb_extension=<colcon_core.verb.build.BuildVerb object at 0x7f005da8bdc0>, main=<bound method BuildVerb.main of <colcon_core.verb.build.BuildVerb object at 0x7f005da8bdc0>>, mixin_verb=('build',))
[2.017s] Level 1:colcon.colcon_core.package_discovery:discover_packages(colcon_meta) check parameters
[2.017s] Level 1:colcon.colcon_core.package_discovery:discover_packages(recursive) check parameters
[2.017s] Level 1:colcon.colcon_core.package_discovery:discover_packages(ignore) check parameters
[2.017s] Level 1:colcon.colcon_core.package_discovery:discover_packages(path) check parameters
[2.017s] Level 1:colcon.colcon_core.package_discovery:discover_packages(colcon_meta) discover
[2.017s] Level 1:colcon.colcon_core.package_discovery:discover_packages(recursive) discover
[2.017s] INFO:colcon.colcon_core.package_discovery:Crawling recursively for packages in '/home/leime957/TDDE05/ros2_ws'
[2.018s] Level 1:colcon.colcon_core.package_identification:_identify(.) by extensions ['ignore', 'ignore_ament_install']
[2.018s] Level 1:colcon.colcon_core.package_identification:_identify(.) by extension 'ignore'
[2.018s] Level 1:colcon.colcon_core.package_identification:_identify(.) by extension 'ignore_ament_install'
[2.018s] Level 1:colcon.colcon_core.package_identification:_identify(.) by extensions ['colcon_pkg']
[2.018s] Level 1:colcon.colcon_core.package_identification:_identify(.) by extension 'colcon_pkg'
[2.018s] Level 1:colcon.colcon_core.package_identification:_identify(.) by extensions ['colcon_meta']
[2.018s] Level 1:colcon.colcon_core.package_identification:_identify(.) by extension 'colcon_meta'
[2.018s] Level 1:colcon.colcon_core.package_identification:_identify(.) by extensions ['ros']
[2.018s] Level 1:colcon.colcon_core.package_identification:_identify(.) by extension 'ros'
[2.046s] Level 1:colcon.colcon_core.package_identification:_identify(.) by extensions ['cmake', 'python']
[2.046s] Level 1:colcon.colcon_core.package_identification:_identify(.) by extension 'cmake'
[2.046s] Level 1:colcon.colcon_core.package_identification:_identify(.) by extension 'python'
[2.046s] Level 1:colcon.colcon_core.package_identification:_identify(.) by extensions ['python_setup_py']
[2.046s] Level 1:colcon.colcon_core.package_identification:_identify(.) by extension 'python_setup_py'
[2.046s] Level 1:colcon.colcon_core.package_identification:_identify(build) by extensions ['ignore', 'ignore_ament_install']
[2.047s] Level 1:colcon.colcon_core.package_identification:_identify(build) by extension 'ignore'
[2.047s] Level 1:colcon.colcon_core.package_identification:_identify(build) ignored
[2.047s] Level 1:colcon.colcon_core.package_identification:_identify(install) by extensions ['ignore', 'ignore_ament_install']
[2.047s] Level 1:colcon.colcon_core.package_identification:_identify(install) by extension 'ignore'
[2.047s] Level 1:colcon.colcon_core.package_identification:_identify(install) ignored
[2.048s] Level 1:colcon.colcon_core.package_identification:_identify(log) by extensions ['ignore', 'ignore_ament_install']
[2.049s] Level 1:colcon.colcon_core.package_identification:_identify(log) by extension 'ignore'
[2.049s] Level 1:colcon.colcon_core.package_identification:_identify(log) ignored
[2.049s] Level 1:colcon.colcon_core.package_identification:_identify(src) by extensions ['ignore', 'ignore_ament_install']
[2.049s] Level 1:colcon.colcon_core.package_identification:_identify(src) by extension 'ignore'
[2.049s] Level 1:colcon.colcon_core.package_identification:_identify(src) by extension 'ignore_ament_install'
[2.049s] Level 1:colcon.colcon_core.package_identification:_identify(src) by extensions ['colcon_pkg']
[2.049s] Level 1:colcon.colcon_core.package_identification:_identify(src) by extension 'colcon_pkg'
[2.049s] Level 1:colcon.colcon_core.package_identification:_identify(src) by extensions ['colcon_meta']
[2.049s] Level 1:colcon.colcon_core.package_identification:_identify(src) by extension 'colcon_meta'
[2.049s] Level 1:colcon.colcon_core.package_identification:_identify(src) by extensions ['ros']
[2.049s] Level 1:colcon.colcon_core.package_identification:_identify(src) by extension 'ros'
[2.050s] Level 1:colcon.colcon_core.package_identification:_identify(src) by extensions ['cmake', 'python']
[2.050s] Level 1:colcon.colcon_core.package_identification:_identify(src) by extension 'cmake'
[2.050s] Level 1:colcon.colcon_core.package_identification:_identify(src) by extension 'python'
[2.050s] Level 1:colcon.colcon_core.package_identification:_identify(src) by extensions ['python_setup_py']
[2.050s] Level 1:colcon.colcon_core.package_identification:_identify(src) by extension 'python_setup_py'
[2.050s] Level 1:colcon.colcon_core.package_identification:_identify(src/labs) by extensions ['ignore', 'ignore_ament_install']
[2.050s] Level 1:colcon.colcon_core.package_identification:_identify(src/labs) by extension 'ignore'
[2.050s] Level 1:colcon.colcon_core.package_identification:_identify(src/labs) by extension 'ignore_ament_install'
[2.051s] Level 1:colcon.colcon_core.package_identification:_identify(src/labs) by extensions ['colcon_pkg']
[2.051s] Level 1:colcon.colcon_core.package_identification:_identify(src/labs) by extension 'colcon_pkg'
[2.051s] Level 1:colcon.colcon_core.package_identification:_identify(src/labs) by extensions ['colcon_meta']
[2.051s] Level 1:colcon.colcon_core.package_identification:_identify(src/labs) by extension 'colcon_meta'
[2.052s] Level 1:colcon.colcon_core.package_identification:_identify(src/labs) by extensions ['ros']
[2.052s] Level 1:colcon.colcon_core.package_identification:_identify(src/labs) by extension 'ros'
[2.053s] Level 1:colcon.colcon_core.package_identification:_identify(src/labs) by extensions ['cmake', 'python']
[2.053s] Level 1:colcon.colcon_core.package_identification:_identify(src/labs) by extension 'cmake'
[2.053s] Level 1:colcon.colcon_core.package_identification:_identify(src/labs) by extension 'python'
[2.054s] Level 1:colcon.colcon_core.package_identification:_identify(src/labs) by extensions ['python_setup_py']
[2.054s] Level 1:colcon.colcon_core.package_identification:_identify(src/labs) by extension 'python_setup_py'
[2.054s] Level 1:colcon.colcon_core.package_identification:_identify(src/labs/air_lab2) by extensions ['ignore', 'ignore_ament_install']
[2.054s] Level 1:colcon.colcon_core.package_identification:_identify(src/labs/air_lab2) by extension 'ignore'
[2.054s] Level 1:colcon.colcon_core.package_identification:_identify(src/labs/air_lab2) by extension 'ignore_ament_install'
[2.054s] Level 1:colcon.colcon_core.package_identification:_identify(src/labs/air_lab2) by extensions ['colcon_pkg']
[2.054s] Level 1:colcon.colcon_core.package_identification:_identify(src/labs/air_lab2) by extension 'colcon_pkg'
[2.054s] Level 1:colcon.colcon_core.package_identification:_identify(src/labs/air_lab2) by extensions ['colcon_meta']
[2.054s] Level 1:colcon.colcon_core.package_identification:_identify(src/labs/air_lab2) by extension 'colcon_meta'
[2.054s] Level 1:colcon.colcon_core.package_identification:_identify(src/labs/air_lab2) by extensions ['ros']
[2.054s] Level 1:colcon.colcon_core.package_identification:_identify(src/labs/air_lab2) by extension 'ros'
[2.062s] DEBUG:colcon.colcon_core.package_identification:Package 'src/labs/air_lab2' with type 'ros.ament_python' and name 'air_lab2'
[2.063s] Level 1:colcon.colcon_core.package_identification:_identify(src/labs/air_lab3) by extensions ['ignore', 'ignore_ament_install']
[2.063s] Level 1:colcon.colcon_core.package_identification:_identify(src/labs/air_lab3) by extension 'ignore'
[2.063s] Level 1:colcon.colcon_core.package_identification:_identify(src/labs/air_lab3) by extension 'ignore_ament_install'
[2.064s] Level 1:colcon.colcon_core.package_identification:_identify(src/labs/air_lab3) by extensions ['colcon_pkg']
[2.064s] Level 1:colcon.colcon_core.package_identification:_identify(src/labs/air_lab3) by extension 'colcon_pkg'
[2.065s] Level 1:colcon.colcon_core.package_identification:_identify(src/labs/air_lab3) by extensions ['colcon_meta']
[2.065s] Level 1:colcon.colcon_core.package_identification:_identify(src/labs/air_lab3) by extension 'colcon_meta'
[2.065s] Level 1:colcon.colcon_core.package_identification:_identify(src/labs/air_lab3) by extensions ['ros']
[2.065s] Level 1:colcon.colcon_core.package_identification:_identify(src/labs/air_lab3) by extension 'ros'
[2.067s] DEBUG:colcon.colcon_core.package_identification:Package 'src/labs/air_lab3' with type 'ros.ament_python' and name 'air_lab3'
[2.068s] Level 1:colcon.colcon_core.package_identification:_identify(src/labs/air_lab_common) by extensions ['ignore', 'ignore_ament_install']
[2.068s] Level 1:colcon.colcon_core.package_identification:_identify(src/labs/air_lab_common) by extension 'ignore'
[2.068s] Level 1:colcon.colcon_core.package_identification:_identify(src/labs/air_lab_common) by extension 'ignore_ament_install'
[2.068s] Level 1:colcon.colcon_core.package_identification:_identify(src/labs/air_lab_common) by extensions ['colcon_pkg']
[2.068s] Level 1:colcon.colcon_core.package_identification:_identify(src/labs/air_lab_common) by extension 'colcon_pkg'
[2.068s] Level 1:colcon.colcon_core.package_identification:_identify(src/labs/air_lab_common) by extensions ['colcon_meta']
[2.068s] Level 1:colcon.colcon_core.package_identification:_identify(src/labs/air_lab_common) by extension 'colcon_meta'
[2.068s] Level 1:colcon.colcon_core.package_identification:_identify(src/labs/air_lab_common) by extensions ['ros']
[2.068s] Level 1:colcon.colcon_core.package_identification:_identify(src/labs/air_lab_common) by extension 'ros'
[2.070s] DEBUG:colcon.colcon_core.package_identification:Package 'src/labs/air_lab_common' with type 'ros.ament_python' and name 'air_lab_common'
[2.070s] Level 1:colcon.colcon_core.package_identification:_identify(src/labs/air_lab_interfaces) by extensions ['ignore', 'ignore_ament_install']
[2.070s] Level 1:colcon.colcon_core.package_identification:_identify(src/labs/air_lab_interfaces) by extension 'ignore'
[2.070s] Level 1:colcon.colcon_core.package_identification:_identify(src/labs/air_lab_interfaces) by extension 'ignore_ament_install'
[2.070s] Level 1:colcon.colcon_core.package_identification:_identify(src/labs/air_lab_interfaces) by extensions ['colcon_pkg']
[2.070s] Level 1:colcon.colcon_core.package_identification:_identify(src/labs/air_lab_interfaces) by extension 'colcon_pkg'
[2.070s] Level 1:colcon.colcon_core.package_identification:_identify(src/labs/air_lab_interfaces) by extensions ['colcon_meta']
[2.070s] Level 1:colcon.colcon_core.package_identification:_identify(src/labs/air_lab_interfaces) by extension 'colcon_meta'
[2.071s] Level 1:colcon.colcon_core.package_identification:_identify(src/labs/air_lab_interfaces) by extensions ['ros']
[2.071s] Level 1:colcon.colcon_core.package_identification:_identify(src/labs/air_lab_interfaces) by extension 'ros'
[2.073s] DEBUG:colcon.colcon_core.package_identification:Package 'src/labs/air_lab_interfaces' with type 'ros.ament_cmake' and name 'air_lab_interfaces'
[2.073s] Level 1:colcon.colcon_core.package_discovery:discover_packages(recursive) using defaults
[2.073s] Level 1:colcon.colcon_core.package_discovery:discover_packages(ignore) discover
[2.073s] Level 1:colcon.colcon_core.package_discovery:discover_packages(ignore) using defaults
[2.073s] Level 1:colcon.colcon_core.package_discovery:discover_packages(path) discover
[2.073s] Level 1:colcon.colcon_core.package_discovery:discover_packages(path) using defaults
[2.159s] Level 5:colcon.colcon_core.verb:set package 'air_lab2' build argument 'cmake_args' from command line to 'None'
[2.159s] Level 5:colcon.colcon_core.verb:set package 'air_lab2' build argument 'cmake_target' from command line to 'None'
[2.159s] Level 5:colcon.colcon_core.verb:set package 'air_lab2' build argument 'cmake_target_skip_unavailable' from command line to 'False'
[2.159s] Level 5:colcon.colcon_core.verb:set package 'air_lab2' build argument 'cmake_clean_cache' from command line to 'False'
[2.159s] Level 5:colcon.colcon_core.verb:set package 'air_lab2' build argument 'cmake_clean_first' from command line to 'False'
[2.159s] Level 5:colcon.colcon_core.verb:set package 'air_lab2' build argument 'cmake_force_configure' from command line to 'False'
[2.159s] Level 5:colcon.colcon_core.verb:set package 'air_lab2' build argument 'ament_cmake_args' from command line to 'None'
[2.159s] Level 5:colcon.colcon_core.verb:set package 'air_lab2' build argument 'catkin_cmake_args' from command line to 'None'
[2.159s] Level 5:colcon.colcon_core.verb:set package 'air_lab2' build argument 'catkin_skip_building_tests' from command line to 'False'
[2.159s] DEBUG:colcon.colcon_core.verb:Building package 'air_lab2' with the following arguments: {'ament_cmake_args': None, 'build_base': '/home/leime957/TDDE05/ros2_ws/build/air_lab2', 'catkin_cmake_args': None, 'catkin_skip_building_tests': False, 'cmake_args': None, 'cmake_clean_cache': False, 'cmake_clean_first': False, 'cmake_force_configure': False, 'cmake_target': None, 'cmake_target_skip_unavailable': False, 'install_base': '/home/leime957/TDDE05/ros2_ws/install/air_lab2', 'merge_install': False, 'path': '/home/leime957/TDDE05/ros2_ws/src/labs/air_lab2', 'symlink_install': True, 'test_result_base': None}
[2.159s] Level 5:colcon.colcon_core.verb:set package 'air_lab_common' build argument 'cmake_args' from command line to 'None'
[2.159s] Level 5:colcon.colcon_core.verb:set package 'air_lab_common' build argument 'cmake_target' from command line to 'None'
[2.159s] Level 5:colcon.colcon_core.verb:set package 'air_lab_common' build argument 'cmake_target_skip_unavailable' from command line to 'False'
[2.159s] Level 5:colcon.colcon_core.verb:set package 'air_lab_common' build argument 'cmake_clean_cache' from command line to 'False'
[2.159s] Level 5:colcon.colcon_core.verb:set package 'air_lab_common' build argument 'cmake_clean_first' from command line to 'False'
[2.159s] Level 5:colcon.colcon_core.verb:set package 'air_lab_common' build argument 'cmake_force_configure' from command line to 'False'
[2.159s] Level 5:colcon.colcon_core.verb:set package 'air_lab_common' build argument 'ament_cmake_args' from command line to 'None'
[2.159s] Level 5:colcon.colcon_core.verb:set package 'air_lab_common' build argument 'catkin_cmake_args' from command line to 'None'
[2.159s] Level 5:colcon.colcon_core.verb:set package 'air_lab_common' build argument 'catkin_skip_building_tests' from command line to 'False'
[2.159s] DEBUG:colcon.colcon_core.verb:Building package 'air_lab_common' with the following arguments: {'ament_cmake_args': None, 'build_base': '/home/leime957/TDDE05/ros2_ws/build/air_lab_common', 'catkin_cmake_args': None, 'catkin_skip_building_tests': False, 'cmake_args': None, 'cmake_clean_cache': False, 'cmake_clean_first': False, 'cmake_force_configure': False, 'cmake_target': None, 'cmake_target_skip_unavailable': False, 'install_base': '/home/leime957/TDDE05/ros2_ws/install/air_lab_common', 'merge_install': False, 'path': '/home/leime957/TDDE05/ros2_ws/src/labs/air_lab_common', 'symlink_install': True, 'test_result_base': None}
[2.161s] Level 5:colcon.colcon_core.verb:set package 'air_lab_interfaces' build argument 'cmake_args' from command line to 'None'
[2.161s] Level 5:colcon.colcon_core.verb:set package 'air_lab_interfaces' build argument 'cmake_target' from command line to 'None'
[2.161s] Level 5:colcon.colcon_core.verb:set package 'air_lab_interfaces' build argument 'cmake_target_skip_unavailable' from command line to 'False'
[2.161s] Level 5:colcon.colcon_core.verb:set package 'air_lab_interfaces' build argument 'cmake_clean_cache' from command line to 'False'
[2.161s] Level 5:colcon.colcon_core.verb:set package 'air_lab_interfaces' build argument 'cmake_clean_first' from command line to 'False'
[2.161s] Level 5:colcon.colcon_core.verb:set package 'air_lab_interfaces' build argument 'cmake_force_configure' from command line to 'False'
[2.161s] Level 5:colcon.colcon_core.verb:set package 'air_lab_interfaces' build argument 'ament_cmake_args' from command line to 'None'
[2.161s] Level 5:colcon.colcon_core.verb:set package 'air_lab_interfaces' build argument 'catkin_cmake_args' from command line to 'None'
[2.161s] Level 5:colcon.colcon_core.verb:set package 'air_lab_interfaces' build argument 'catkin_skip_building_tests' from command line to 'False'
[2.161s] DEBUG:colcon.colcon_core.verb:Building package 'air_lab_interfaces' with the following arguments: {'ament_cmake_args': None, 'build_base': '/home/leime957/TDDE05/ros2_ws/build/air_lab_interfaces', 'catkin_cmake_args': None, 'catkin_skip_building_tests': False, 'cmake_args': None, 'cmake_clean_cache': False, 'cmake_clean_first': False, 'cmake_force_configure': False, 'cmake_target': None, 'cmake_target_skip_unavailable': False, 'install_base': '/home/leime957/TDDE05/ros2_ws/install/air_lab_interfaces', 'merge_install': False, 'path': '/home/leime957/TDDE05/ros2_ws/src/labs/air_lab_interfaces', 'symlink_install': True, 'test_result_base': None}
[2.162s] Level 5:colcon.colcon_core.verb:set package 'air_lab3' build argument 'cmake_args' from command line to 'None'
[2.162s] Level 5:colcon.colcon_core.verb:set package 'air_lab3' build argument 'cmake_target' from command line to 'None'
[2.162s] Level 5:colcon.colcon_core.verb:set package 'air_lab3' build argument 'cmake_target_skip_unavailable' from command line to 'False'
[2.162s] Level 5:colcon.colcon_core.verb:set package 'air_lab3' build argument 'cmake_clean_cache' from command line to 'False'
[2.162s] Level 5:colcon.colcon_core.verb:set package 'air_lab3' build argument 'cmake_clean_first' from command line to 'False'
[2.162s] Level 5:colcon.colcon_core.verb:set package 'air_lab3' build argument 'cmake_force_configure' from command line to 'False'
[2.162s] Level 5:colcon.colcon_core.verb:set package 'air_lab3' build argument 'ament_cmake_args' from command line to 'None'
[2.162s] Level 5:colcon.colcon_core.verb:set package 'air_lab3' build argument 'catkin_cmake_args' from command line to 'None'
[2.162s] Level 5:colcon.colcon_core.verb:set package 'air_lab3' build argument 'catkin_skip_building_tests' from command line to 'False'
[2.162s] DEBUG:colcon.colcon_core.verb:Building package 'air_lab3' with the following arguments: {'ament_cmake_args': None, 'build_base': '/home/leime957/TDDE05/ros2_ws/build/air_lab3', 'catkin_cmake_args': None, 'catkin_skip_building_tests': False, 'cmake_args': None, 'cmake_clean_cache': False, 'cmake_clean_first': False, 'cmake_force_configure': False, 'cmake_target': None, 'cmake_target_skip_unavailable': False, 'install_base': '/home/leime957/TDDE05/ros2_ws/install/air_lab3', 'merge_install': False, 'path': '/home/leime957/TDDE05/ros2_ws/src/labs/air_lab3', 'symlink_install': True, 'test_result_base': None}
[2.162s] INFO:colcon.colcon_core.executor:Executing jobs using 'parallel' executor
[2.164s] DEBUG:colcon.colcon_parallel_executor.executor.parallel:run_until_complete
[2.164s] INFO:colcon.colcon_ros.task.ament_cmake.build:Building ROS package in '/home/leime957/TDDE05/ros2_ws/src/labs/air_lab_interfaces' with build type 'ament_cmake'
[2.164s] INFO:colcon.colcon_cmake.task.cmake.build:Building CMake package in '/home/leime957/TDDE05/ros2_ws/src/labs/air_lab_interfaces'
[2.189s] INFO:colcon.colcon_core.plugin_system:Skipping extension 'colcon_core.shell.bat': Not used on non-Windows systems
[2.190s] INFO:colcon.colcon_core.shell:Skip shell extension 'powershell' for command environment: Not usable outside of PowerShell
[2.190s] DEBUG:colcon.colcon_core.shell:Skip shell extension 'dsv' for command environment
[2.254s] INFO:colcon.colcon_ros.task.ament_python.build:Building ROS package in '/home/leime957/TDDE05/ros2_ws/src/labs/air_lab2' with build type 'ament_python'
[2.255s] Level 1:colcon.colcon_core.shell:create_environment_hook('air_lab2', 'ament_prefix_path')
[2.255s] INFO:colcon.colcon_core.shell:Creating environment hook '/home/leime957/TDDE05/ros2_ws/install/air_lab2/share/air_lab2/hook/ament_prefix_path.ps1'
[2.261s] INFO:colcon.colcon_core.shell:Creating environment descriptor '/home/leime957/TDDE05/ros2_ws/install/air_lab2/share/air_lab2/hook/ament_prefix_path.dsv'
[2.265s] INFO:colcon.colcon_core.shell:Creating environment hook '/home/leime957/TDDE05/ros2_ws/install/air_lab2/share/air_lab2/hook/ament_prefix_path.sh'
[2.269s] INFO:colcon.colcon_core.shell:Skip shell extension 'powershell' for command environment: Not usable outside of PowerShell
[2.269s] DEBUG:colcon.colcon_core.shell:Skip shell extension 'dsv' for command environment
[2.293s] INFO:colcon.colcon_ros.task.ament_python.build:Building ROS package in '/home/leime957/TDDE05/ros2_ws/src/labs/air_lab_common' with build type 'ament_python'
[2.293s] Level 1:colcon.colcon_core.shell:create_environment_hook('air_lab_common', 'ament_prefix_path')
[2.294s] INFO:colcon.colcon_core.shell:Creating environment hook '/home/leime957/TDDE05/ros2_ws/install/air_lab_common/share/air_lab_common/hook/ament_prefix_path.ps1'
[2.297s] INFO:colcon.colcon_core.shell:Creating environment descriptor '/home/leime957/TDDE05/ros2_ws/install/air_lab_common/share/air_lab_common/hook/ament_prefix_path.dsv'
[2.300s] INFO:colcon.colcon_core.shell:Creating environment hook '/home/leime957/TDDE05/ros2_ws/install/air_lab_common/share/air_lab_common/hook/ament_prefix_path.sh'
[2.304s] INFO:colcon.colcon_core.shell:Skip shell extension 'powershell' for command environment: Not usable outside of PowerShell
[2.304s] DEBUG:colcon.colcon_core.shell:Skip shell extension 'dsv' for command environment
[2.346s] DEBUG:colcon.colcon_core.event_handler.log_command:Invoking command in '/home/leime957/TDDE05/ros2_ws/build/air_lab_interfaces': CMAKE_PREFIX_PATH=${CMAKE_PREFIX_PATH}:/home/leime957/TDDE05/ros2_ws/install/air_lab_common:/home/leime957/TDDE05/ros2_ws/install/air_lab2:/opt/air_ws/install/air_simple_sim:/opt/air_ws/install/air_bringup:/opt/ros/humble /usr/bin/cmake --build /home/leime957/TDDE05/ros2_ws/build/air_lab_interfaces -- -j20 -l20
[6.359s] INFO:colcon.colcon_core.task.python.build:Building Python package in '/home/leime957/TDDE05/ros2_ws/src/labs/air_lab2'
[6.360s] INFO:colcon.colcon_core.shell:Skip shell extension 'powershell' for command environment: Not usable outside of PowerShell
[6.361s] DEBUG:colcon.colcon_core.shell:Skip shell extension 'dsv' for command environment
[8.107s] INFO:colcon.colcon_core.task.python.build:Building Python package in '/home/leime957/TDDE05/ros2_ws/src/labs/air_lab_common'
[8.108s] INFO:colcon.colcon_core.shell:Skip shell extension 'powershell' for command environment: Not usable outside of PowerShell
[8.108s] DEBUG:colcon.colcon_core.shell:Skip shell extension 'dsv' for command environment
[8.169s] DEBUG:colcon.colcon_core.event_handler.log_command:Invoked command in '/home/leime957/TDDE05/ros2_ws/build/air_lab_interfaces' returned '0': CMAKE_PREFIX_PATH=${CMAKE_PREFIX_PATH}:/home/leime957/TDDE05/ros2_ws/install/air_lab_common:/home/leime957/TDDE05/ros2_ws/install/air_lab2:/opt/air_ws/install/air_simple_sim:/opt/air_ws/install/air_bringup:/opt/ros/humble /usr/bin/cmake --build /home/leime957/TDDE05/ros2_ws/build/air_lab_interfaces -- -j20 -l20
[8.276s] DEBUG:colcon.colcon_core.event_handler.log_command:Invoking command in '/home/leime957/TDDE05/ros2_ws/build/air_lab_interfaces': CMAKE_PREFIX_PATH=${CMAKE_PREFIX_PATH}:/home/leime957/TDDE05/ros2_ws/install/air_lab_common:/home/leime957/TDDE05/ros2_ws/install/air_lab2:/opt/air_ws/install/air_simple_sim:/opt/air_ws/install/air_bringup:/opt/ros/humble /usr/bin/cmake --install /home/leime957/TDDE05/ros2_ws/build/air_lab_interfaces
[8.957s] Level 1:colcon.colcon_core.environment:create_environment_scripts_only(air_lab_interfaces)
[8.958s] DEBUG:colcon.colcon_core.event_handler.log_command:Invoked command in '/home/leime957/TDDE05/ros2_ws/build/air_lab_interfaces' returned '0': CMAKE_PREFIX_PATH=${CMAKE_PREFIX_PATH}:/home/leime957/TDDE05/ros2_ws/install/air_lab_common:/home/leime957/TDDE05/ros2_ws/install/air_lab2:/opt/air_ws/install/air_simple_sim:/opt/air_ws/install/air_bringup:/opt/ros/humble /usr/bin/cmake --install /home/leime957/TDDE05/ros2_ws/build/air_lab_interfaces
[9.026s] Level 1:colcon.colcon_core.environment:checking '/home/leime957/TDDE05/ros2_ws/install/air_lab_interfaces' for CMake module files
[9.029s] Level 1:colcon.colcon_core.environment:checking '/home/leime957/TDDE05/ros2_ws/install/air_lab_interfaces' for CMake config files
[9.040s] Level 1:colcon.colcon_core.shell:create_environment_hook('air_lab_interfaces', 'cmake_prefix_path')
[9.041s] INFO:colcon.colcon_core.shell:Creating environment hook '/home/leime957/TDDE05/ros2_ws/install/air_lab_interfaces/share/air_lab_interfaces/hook/cmake_prefix_path.ps1'
[9.050s] INFO:colcon.colcon_core.shell:Creating environment descriptor '/home/leime957/TDDE05/ros2_ws/install/air_lab_interfaces/share/air_lab_interfaces/hook/cmake_prefix_path.dsv'
[9.054s] INFO:colcon.colcon_core.shell:Creating environment hook '/home/leime957/TDDE05/ros2_ws/install/air_lab_interfaces/share/air_lab_interfaces/hook/cmake_prefix_path.sh'
[9.060s] Level 1:colcon.colcon_core.environment:checking '/home/leime957/TDDE05/ros2_ws/install/air_lab_interfaces/lib'
[9.061s] Level 1:colcon.colcon_core.shell:create_environment_hook('air_lab_interfaces', 'ld_library_path_lib')
[9.061s] INFO:colcon.colcon_core.shell:Creating environment hook '/home/leime957/TDDE05/ros2_ws/install/air_lab_interfaces/share/air_lab_interfaces/hook/ld_library_path_lib.ps1'
[9.066s] INFO:colcon.colcon_core.shell:Creating environment descriptor '/home/leime957/TDDE05/ros2_ws/install/air_lab_interfaces/share/air_lab_interfaces/hook/ld_library_path_lib.dsv'
[9.070s] INFO:colcon.colcon_core.shell:Creating environment hook '/home/leime957/TDDE05/ros2_ws/install/air_lab_interfaces/share/air_lab_interfaces/hook/ld_library_path_lib.sh'
[9.073s] Level 1:colcon.colcon_core.environment:checking '/home/leime957/TDDE05/ros2_ws/install/air_lab_interfaces/bin'
[9.073s] Level 1:colcon.colcon_core.environment:checking '/home/leime957/TDDE05/ros2_ws/install/air_lab_interfaces/lib/pkgconfig/air_lab_interfaces.pc'
[9.074s] Level 1:colcon.colcon_core.environment:checking '/home/leime957/TDDE05/ros2_ws/install/air_lab_interfaces/lib/python3.10/site-packages'
[9.074s] Level 1:colcon.colcon_core.environment:checking '/home/leime957/TDDE05/ros2_ws/install/air_lab_interfaces/bin'
[9.075s] INFO:colcon.colcon_core.shell:Creating package script '/home/leime957/TDDE05/ros2_ws/install/air_lab_interfaces/share/air_lab_interfaces/package.ps1'
[9.079s] INFO:colcon.colcon_core.shell:Creating package descriptor '/home/leime957/TDDE05/ros2_ws/install/air_lab_interfaces/share/air_lab_interfaces/package.dsv'
[9.084s] INFO:colcon.colcon_core.shell:Creating package script '/home/leime957/TDDE05/ros2_ws/install/air_lab_interfaces/share/air_lab_interfaces/package.sh'
[9.089s] INFO:colcon.colcon_core.shell:Creating package script '/home/leime957/TDDE05/ros2_ws/install/air_lab_interfaces/share/air_lab_interfaces/package.bash'
[9.096s] INFO:colcon.colcon_core.shell:Creating package script '/home/leime957/TDDE05/ros2_ws/install/air_lab_interfaces/share/air_lab_interfaces/package.zsh'
[9.102s] Level 1:colcon.colcon_core.environment:create_file_with_runtime_dependencies(/home/leime957/TDDE05/ros2_ws/install/air_lab_interfaces/share/colcon-core/packages/air_lab_interfaces)
[9.106s] Level 1:colcon.colcon_core.environment:create_environment_scripts_only(air_lab_interfaces)
[9.106s] Level 1:colcon.colcon_core.environment:checking '/home/leime957/TDDE05/ros2_ws/install/air_lab_interfaces' for CMake module files
[9.110s] Level 1:colcon.colcon_core.environment:checking '/home/leime957/TDDE05/ros2_ws/install/air_lab_interfaces' for CMake config files
[9.121s] Level 1:colcon.colcon_core.shell:create_environment_hook('air_lab_interfaces', 'cmake_prefix_path')
[9.121s] INFO:colcon.colcon_core.shell:Creating environment hook '/home/leime957/TDDE05/ros2_ws/install/air_lab_interfaces/share/air_lab_interfaces/hook/cmake_prefix_path.ps1'
[9.124s] INFO:colcon.colcon_core.shell:Creating environment descriptor '/home/leime957/TDDE05/ros2_ws/install/air_lab_interfaces/share/air_lab_interfaces/hook/cmake_prefix_path.dsv'
[9.127s] INFO:colcon.colcon_core.shell:Creating environment hook '/home/leime957/TDDE05/ros2_ws/install/air_lab_interfaces/share/air_lab_interfaces/hook/cmake_prefix_path.sh'
[9.130s] Level 1:colcon.colcon_core.environment:checking '/home/leime957/TDDE05/ros2_ws/install/air_lab_interfaces/lib'
[9.130s] Level 1:colcon.colcon_core.shell:create_environment_hook('air_lab_interfaces', 'ld_library_path_lib')
[9.131s] INFO:colcon.colcon_core.shell:Creating environment hook '/home/leime957/TDDE05/ros2_ws/install/air_lab_interfaces/share/air_lab_interfaces/hook/ld_library_path_lib.ps1'
[9.133s] INFO:colcon.colcon_core.shell:Creating environment descriptor '/home/leime957/TDDE05/ros2_ws/install/air_lab_interfaces/share/air_lab_interfaces/hook/ld_library_path_lib.dsv'
[9.136s] INFO:colcon.colcon_core.shell:Creating environment hook '/home/leime957/TDDE05/ros2_ws/install/air_lab_interfaces/share/air_lab_interfaces/hook/ld_library_path_lib.sh'
[9.140s] Level 1:colcon.colcon_core.environment:checking '/home/leime957/TDDE05/ros2_ws/install/air_lab_interfaces/bin'
[9.140s] Level 1:colcon.colcon_core.environment:checking '/home/leime957/TDDE05/ros2_ws/install/air_lab_interfaces/lib/pkgconfig/air_lab_interfaces.pc'
[9.141s] Level 1:colcon.colcon_core.environment:checking '/home/leime957/TDDE05/ros2_ws/install/air_lab_interfaces/lib/python3.10/site-packages'
[9.141s] Level 1:colcon.colcon_core.environment:checking '/home/leime957/TDDE05/ros2_ws/install/air_lab_interfaces/bin'
[9.141s] INFO:colcon.colcon_core.shell:Creating package script '/home/leime957/TDDE05/ros2_ws/install/air_lab_interfaces/share/air_lab_interfaces/package.ps1'
[9.145s] INFO:colcon.colcon_core.shell:Creating package descriptor '/home/leime957/TDDE05/ros2_ws/install/air_lab_interfaces/share/air_lab_interfaces/package.dsv'
[9.149s] INFO:colcon.colcon_core.shell:Creating package script '/home/leime957/TDDE05/ros2_ws/install/air_lab_interfaces/share/air_lab_interfaces/package.sh'
[9.153s] INFO:colcon.colcon_core.shell:Creating package script '/home/leime957/TDDE05/ros2_ws/install/air_lab_interfaces/share/air_lab_interfaces/package.bash'
[9.156s] INFO:colcon.colcon_core.shell:Creating package script '/home/leime957/TDDE05/ros2_ws/install/air_lab_interfaces/share/air_lab_interfaces/package.zsh'
[9.159s] Level 1:colcon.colcon_core.environment:create_file_with_runtime_dependencies(/home/leime957/TDDE05/ros2_ws/install/air_lab_interfaces/share/colcon-core/packages/air_lab_interfaces)
[9.161s] INFO:colcon.colcon_ros.task.ament_python.build:Building ROS package in '/home/leime957/TDDE05/ros2_ws/src/labs/air_lab3' with build type 'ament_python'
[9.161s] Level 1:colcon.colcon_core.shell:create_environment_hook('air_lab3', 'ament_prefix_path')
[9.162s] INFO:colcon.colcon_core.shell:Creating environment hook '/home/leime957/TDDE05/ros2_ws/install/air_lab3/share/air_lab3/hook/ament_prefix_path.ps1'
[9.168s] INFO:colcon.colcon_core.shell:Creating environment descriptor '/home/leime957/TDDE05/ros2_ws/install/air_lab3/share/air_lab3/hook/ament_prefix_path.dsv'
[9.172s] INFO:colcon.colcon_core.shell:Creating environment hook '/home/leime957/TDDE05/ros2_ws/install/air_lab3/share/air_lab3/hook/ament_prefix_path.sh'
[9.175s] INFO:colcon.colcon_core.shell:Skip shell extension 'powershell' for command environment: Not usable outside of PowerShell
[9.175s] DEBUG:colcon.colcon_core.shell:Skip shell extension 'dsv' for command environment
[12.773s] INFO:colcon.colcon_core.task.python.build:Building Python package in '/home/leime957/TDDE05/ros2_ws/src/labs/air_lab3'
[12.773s] INFO:colcon.colcon_core.shell:Skip shell extension 'powershell' for command environment: Not usable outside of PowerShell
[12.773s] DEBUG:colcon.colcon_core.shell:Skip shell extension 'dsv' for command environment
[13.133s] DEBUG:colcon.colcon_core.event_handler.log_command:Invoking command in '/home/leime957/TDDE05/ros2_ws/build/air_lab_common': PYTHONPATH=/home/leime957/TDDE05/ros2_ws/build/air_lab_common/prefix_override:/usr/lib/python3/dist-packages/colcon_core/task/python/colcon_distutils_commands:/home/leime957/TDDE05/ros2_ws/install/air_lab_common/lib/python3.10/site-packages:${PYTHONPATH} /usr/bin/python3 -W ignore:setup.py install is deprecated -W ignore:easy_install command is deprecated setup.py develop --editable --build-directory /home/leime957/TDDE05/ros2_ws/build/air_lab_common/build --no-deps symlink_data
[13.139s] DEBUG:colcon.colcon_core.event_handler.log_command:Invoking command in '/home/leime957/TDDE05/ros2_ws/build/air_lab2': PYTHONPATH=/home/leime957/TDDE05/ros2_ws/build/air_lab2/prefix_override:/usr/lib/python3/dist-packages/colcon_core/task/python/colcon_distutils_commands:/home/leime957/TDDE05/ros2_ws/install/air_lab2/lib/python3.10/site-packages:${PYTHONPATH} /usr/bin/python3 -W ignore:setup.py install is deprecated -W ignore:easy_install command is deprecated setup.py develop --editable --build-directory /home/leime957/TDDE05/ros2_ws/build/air_lab2/build --no-deps symlink_data
[18.089s] DEBUG:colcon.colcon_core.event_handler.log_command:Invoking command in '/home/leime957/TDDE05/ros2_ws/build/air_lab3': CMAKE_PREFIX_PATH=/home/leime957/TDDE05/ros2_ws/install/air_lab_interfaces:/opt/auksys_build/inst:/opt/air_ws/install/ros_kdb:/opt/air_ws/install/ros_kdb_interfaces:/opt/air_ws/install/air_tst:/opt/air_ws/install/air_simple_sim_msgs:/opt/auksys_build/inst LD_LIBRARY_PATH=/home/leime957/TDDE05/ros2_ws/install/air_lab_interfaces/lib:/opt/auksys_build/inst/lib:/opt/air_ws/install/ros_kdb/lib:/opt/air_ws/install/ros_kdb_interfaces/lib:/opt/air_ws/install/air_simple_sim_msgs/lib:/opt/ros/humble/opt/rviz_ogre_vendor/lib:/opt/ros/humble/lib/x86_64-linux-gnu:/opt/ros/humble/lib:/opt/auksys_build/inst/lib:/.singularity.d/libs PYTHONPATH=/home/leime957/TDDE05/ros2_ws/build/air_lab3/prefix_override:/usr/lib/python3/dist-packages/colcon_core/task/python/colcon_distutils_commands:/home/leime957/TDDE05/ros2_ws/install/air_lab3/lib/python3.10/site-packages:${PYTHONPATH} /usr/bin/python3 -W ignore:setup.py install is deprecated -W ignore:easy_install command is deprecated setup.py develop --editable --build-directory /home/leime957/TDDE05/ros2_ws/build/air_lab3/build --no-deps symlink_data
[20.108s] Level 1:colcon.colcon_core.shell:create_environment_hook('air_lab2', 'pythonpath_develop')
[20.109s] INFO:colcon.colcon_core.shell:Creating environment hook '/home/leime957/TDDE05/ros2_ws/build/air_lab2/share/air_lab2/hook/pythonpath_develop.ps1'
[20.109s] DEBUG:colcon.colcon_core.event_handler.log_command:Invoked command in '/home/leime957/TDDE05/ros2_ws/build/air_lab2' returned '0': PYTHONPATH=/home/leime957/TDDE05/ros2_ws/build/air_lab2/prefix_override:/usr/lib/python3/dist-packages/colcon_core/task/python/colcon_distutils_commands:/home/leime957/TDDE05/ros2_ws/install/air_lab2/lib/python3.10/site-packages:${PYTHONPATH} /usr/bin/python3 -W ignore:setup.py install is deprecated -W ignore:easy_install command is deprecated setup.py develop --editable --build-directory /home/leime957/TDDE05/ros2_ws/build/air_lab2/build --no-deps symlink_data
[20.118s] INFO:colcon.colcon_core.shell:Creating environment descriptor '/home/leime957/TDDE05/ros2_ws/build/air_lab2/share/air_lab2/hook/pythonpath_develop.dsv'
[20.126s] INFO:colcon.colcon_core.shell:Creating environment hook '/home/leime957/TDDE05/ros2_ws/build/air_lab2/share/air_lab2/hook/pythonpath_develop.sh'
[20.131s] Level 1:colcon.colcon_core.environment:checking '/home/leime957/TDDE05/ros2_ws/install/air_lab2' for CMake module files
[20.136s] Level 1:colcon.colcon_core.environment:checking '/home/leime957/TDDE05/ros2_ws/install/air_lab2' for CMake config files
[20.142s] Level 1:colcon.colcon_core.environment:checking '/home/leime957/TDDE05/ros2_ws/install/air_lab2/lib'
[20.143s] Level 1:colcon.colcon_core.environment:checking '/home/leime957/TDDE05/ros2_ws/install/air_lab2/bin'
[20.143s] Level 1:colcon.colcon_core.environment:checking '/home/leime957/TDDE05/ros2_ws/install/air_lab2/lib/pkgconfig/air_lab2.pc'
[20.143s] Level 1:colcon.colcon_core.environment:checking '/home/leime957/TDDE05/ros2_ws/install/air_lab2/lib/python3.10/site-packages'
[20.143s] Level 1:colcon.colcon_core.shell:create_environment_hook('air_lab2', 'pythonpath')
[20.144s] INFO:colcon.colcon_core.shell:Creating environment hook '/home/leime957/TDDE05/ros2_ws/install/air_lab2/share/air_lab2/hook/pythonpath.ps1'
[20.147s] INFO:colcon.colcon_core.shell:Creating environment descriptor '/home/leime957/TDDE05/ros2_ws/install/air_lab2/share/air_lab2/hook/pythonpath.dsv'
[20.151s] INFO:colcon.colcon_core.shell:Creating environment hook '/home/leime957/TDDE05/ros2_ws/install/air_lab2/share/air_lab2/hook/pythonpath.sh'
[20.155s] Level 1:colcon.colcon_core.environment:checking '/home/leime957/TDDE05/ros2_ws/install/air_lab2/bin'
[20.155s] Level 1:colcon.colcon_core.environment:create_environment_scripts_only(air_lab2)
[20.155s] INFO:colcon.colcon_core.shell:Creating package script '/home/leime957/TDDE05/ros2_ws/install/air_lab2/share/air_lab2/package.ps1'
[20.160s] INFO:colcon.colcon_core.shell:Creating package descriptor '/home/leime957/TDDE05/ros2_ws/install/air_lab2/share/air_lab2/package.dsv'
[20.165s] INFO:colcon.colcon_core.shell:Creating package script '/home/leime957/TDDE05/ros2_ws/install/air_lab2/share/air_lab2/package.sh'
[20.169s] INFO:colcon.colcon_core.shell:Creating package script '/home/leime957/TDDE05/ros2_ws/install/air_lab2/share/air_lab2/package.bash'
[20.176s] INFO:colcon.colcon_core.shell:Creating package script '/home/leime957/TDDE05/ros2_ws/install/air_lab2/share/air_lab2/package.zsh'
[20.183s] Level 1:colcon.colcon_core.environment:create_file_with_runtime_dependencies(/home/leime957/TDDE05/ros2_ws/install/air_lab2/share/colcon-core/packages/air_lab2)
[20.186s] Level 1:colcon.colcon_core.shell:create_environment_hook('air_lab_common', 'pythonpath_develop')
[20.187s] INFO:colcon.colcon_core.shell:Creating environment hook '/home/leime957/TDDE05/ros2_ws/build/air_lab_common/share/air_lab_common/hook/pythonpath_develop.ps1'
[20.192s] INFO:colcon.colcon_core.shell:Creating environment descriptor '/home/leime957/TDDE05/ros2_ws/build/air_lab_common/share/air_lab_common/hook/pythonpath_develop.dsv'
[20.194s] DEBUG:colcon.colcon_core.event_handler.log_command:Invoked command in '/home/leime957/TDDE05/ros2_ws/build/air_lab_common' returned '0': PYTHONPATH=/home/leime957/TDDE05/ros2_ws/build/air_lab_common/prefix_override:/usr/lib/python3/dist-packages/colcon_core/task/python/colcon_distutils_commands:/home/leime957/TDDE05/ros2_ws/install/air_lab_common/lib/python3.10/site-packages:${PYTHONPATH} /usr/bin/python3 -W ignore:setup.py install is deprecated -W ignore:easy_install command is deprecated setup.py develop --editable --build-directory /home/leime957/TDDE05/ros2_ws/build/air_lab_common/build --no-deps symlink_data
[20.195s] INFO:colcon.colcon_core.shell:Creating environment hook '/home/leime957/TDDE05/ros2_ws/build/air_lab_common/share/air_lab_common/hook/pythonpath_develop.sh'
[20.199s] Level 1:colcon.colcon_core.environment:checking '/home/leime957/TDDE05/ros2_ws/install/air_lab_common' for CMake module files
[20.201s] Level 1:colcon.colcon_core.environment:checking '/home/leime957/TDDE05/ros2_ws/install/air_lab_common' for CMake config files
[20.207s] Level 1:colcon.colcon_core.environment:checking '/home/leime957/TDDE05/ros2_ws/install/air_lab_common/lib'
[20.207s] Level 1:colcon.colcon_core.environment:checking '/home/leime957/TDDE05/ros2_ws/install/air_lab_common/bin'
[20.207s] Level 1:colcon.colcon_core.environment:checking '/home/leime957/TDDE05/ros2_ws/install/air_lab_common/lib/pkgconfig/air_lab_common.pc'
[20.208s] Level 1:colcon.colcon_core.environment:checking '/home/leime957/TDDE05/ros2_ws/install/air_lab_common/lib/python3.10/site-packages'
[20.208s] Level 1:colcon.colcon_core.shell:create_environment_hook('air_lab_common', 'pythonpath')
[20.208s] INFO:colcon.colcon_core.shell:Creating environment hook '/home/leime957/TDDE05/ros2_ws/install/air_lab_common/share/air_lab_common/hook/pythonpath.ps1'
[20.212s] INFO:colcon.colcon_core.shell:Creating environment descriptor '/home/leime957/TDDE05/ros2_ws/install/air_lab_common/share/air_lab_common/hook/pythonpath.dsv'
[20.215s] INFO:colcon.colcon_core.shell:Creating environment hook '/home/leime957/TDDE05/ros2_ws/install/air_lab_common/share/air_lab_common/hook/pythonpath.sh'
[20.220s] Level 1:colcon.colcon_core.environment:checking '/home/leime957/TDDE05/ros2_ws/install/air_lab_common/bin'
[20.221s] Level 1:colcon.colcon_core.environment:create_environment_scripts_only(air_lab_common)
[20.221s] INFO:colcon.colcon_core.shell:Creating package script '/home/leime957/TDDE05/ros2_ws/install/air_lab_common/share/air_lab_common/package.ps1'
[20.224s] INFO:colcon.colcon_core.shell:Creating package descriptor '/home/leime957/TDDE05/ros2_ws/install/air_lab_common/share/air_lab_common/package.dsv'
[20.228s] INFO:colcon.colcon_core.shell:Creating package script '/home/leime957/TDDE05/ros2_ws/install/air_lab_common/share/air_lab_common/package.sh'
[20.232s] INFO:colcon.colcon_core.shell:Creating package script '/home/leime957/TDDE05/ros2_ws/install/air_lab_common/share/air_lab_common/package.bash'
[20.235s] INFO:colcon.colcon_core.shell:Creating package script '/home/leime957/TDDE05/ros2_ws/install/air_lab_common/share/air_lab_common/package.zsh'
[20.238s] Level 1:colcon.colcon_core.environment:create_file_with_runtime_dependencies(/home/leime957/TDDE05/ros2_ws/install/air_lab_common/share/colcon-core/packages/air_lab_common)
[21.814s] Level 1:colcon.colcon_core.shell:create_environment_hook('air_lab3', 'pythonpath_develop')
[21.814s] INFO:colcon.colcon_core.shell:Creating environment hook '/home/leime957/TDDE05/ros2_ws/build/air_lab3/share/air_lab3/hook/pythonpath_develop.ps1'
[21.815s] DEBUG:colcon.colcon_core.event_handler.log_command:Invoked command in '/home/leime957/TDDE05/ros2_ws/build/air_lab3' returned '0': CMAKE_PREFIX_PATH=/home/leime957/TDDE05/ros2_ws/install/air_lab_interfaces:/opt/auksys_build/inst:/opt/air_ws/install/ros_kdb:/opt/air_ws/install/ros_kdb_interfaces:/opt/air_ws/install/air_tst:/opt/air_ws/install/air_simple_sim_msgs:/opt/auksys_build/inst LD_LIBRARY_PATH=/home/leime957/TDDE05/ros2_ws/install/air_lab_interfaces/lib:/opt/auksys_build/inst/lib:/opt/air_ws/install/ros_kdb/lib:/opt/air_ws/install/ros_kdb_interfaces/lib:/opt/air_ws/install/air_simple_sim_msgs/lib:/opt/ros/humble/opt/rviz_ogre_vendor/lib:/opt/ros/humble/lib/x86_64-linux-gnu:/opt/ros/humble/lib:/opt/auksys_build/inst/lib:/.singularity.d/libs PYTHONPATH=/home/leime957/TDDE05/ros2_ws/build/air_lab3/prefix_override:/usr/lib/python3/dist-packages/colcon_core/task/python/colcon_distutils_commands:/home/leime957/TDDE05/ros2_ws/install/air_lab3/lib/python3.10/site-packages:${PYTHONPATH} /usr/bin/python3 -W ignore:setup.py install is deprecated -W ignore:easy_install command is deprecated setup.py develop --editable --build-directory /home/leime957/TDDE05/ros2_ws/build/air_lab3/build --no-deps symlink_data
[21.823s] INFO:colcon.colcon_core.shell:Creating environment descriptor '/home/leime957/TDDE05/ros2_ws/build/air_lab3/share/air_lab3/hook/pythonpath_develop.dsv'
[21.829s] INFO:colcon.colcon_core.shell:Creating environment hook '/home/leime957/TDDE05/ros2_ws/build/air_lab3/share/air_lab3/hook/pythonpath_develop.sh'
[21.834s] Level 1:colcon.colcon_core.environment:checking '/home/leime957/TDDE05/ros2_ws/install/air_lab3' for CMake module files
[21.841s] Level 1:colcon.colcon_core.environment:checking '/home/leime957/TDDE05/ros2_ws/install/air_lab3' for CMake config files
[21.850s] Level 1:colcon.colcon_core.environment:checking '/home/leime957/TDDE05/ros2_ws/install/air_lab3/lib'
[21.851s] Level 1:colcon.colcon_core.environment:checking '/home/leime957/TDDE05/ros2_ws/install/air_lab3/bin'
[21.851s] Level 1:colcon.colcon_core.environment:checking '/home/leime957/TDDE05/ros2_ws/install/air_lab3/lib/pkgconfig/air_lab3.pc'
[21.852s] Level 1:colcon.colcon_core.environment:checking '/home/leime957/TDDE05/ros2_ws/install/air_lab3/lib/python3.10/site-packages'
[21.853s] Level 1:colcon.colcon_core.shell:create_environment_hook('air_lab3', 'pythonpath')
[21.853s] INFO:colcon.colcon_core.shell:Creating environment hook '/home/leime957/TDDE05/ros2_ws/install/air_lab3/share/air_lab3/hook/pythonpath.ps1'
[21.856s] INFO:colcon.colcon_core.shell:Creating environment descriptor '/home/leime957/TDDE05/ros2_ws/install/air_lab3/share/air_lab3/hook/pythonpath.dsv'
[21.860s] INFO:colcon.colcon_core.shell:Creating environment hook '/home/leime957/TDDE05/ros2_ws/install/air_lab3/share/air_lab3/hook/pythonpath.sh'
[21.864s] Level 1:colcon.colcon_core.environment:checking '/home/leime957/TDDE05/ros2_ws/install/air_lab3/bin'
[21.864s] Level 1:colcon.colcon_core.environment:create_environment_scripts_only(air_lab3)
[21.864s] INFO:colcon.colcon_core.shell:Creating package script '/home/leime957/TDDE05/ros2_ws/install/air_lab3/share/air_lab3/package.ps1'
[21.871s] INFO:colcon.colcon_core.shell:Creating package descriptor '/home/leime957/TDDE05/ros2_ws/install/air_lab3/share/air_lab3/package.dsv'
[21.875s] INFO:colcon.colcon_core.shell:Creating package script '/home/leime957/TDDE05/ros2_ws/install/air_lab3/share/air_lab3/package.sh'
[21.880s] INFO:colcon.colcon_core.shell:Creating package script '/home/leime957/TDDE05/ros2_ws/install/air_lab3/share/air_lab3/package.bash'
[21.885s] INFO:colcon.colcon_core.shell:Creating package script '/home/leime957/TDDE05/ros2_ws/install/air_lab3/share/air_lab3/package.zsh'
[21.891s] Level 1:colcon.colcon_core.environment:create_file_with_runtime_dependencies(/home/leime957/TDDE05/ros2_ws/install/air_lab3/share/colcon-core/packages/air_lab3)
[21.895s] DEBUG:colcon.colcon_parallel_executor.executor.parallel:closing loop
[21.896s] DEBUG:colcon.colcon_parallel_executor.executor.parallel:loop closed
[21.896s] DEBUG:colcon.colcon_parallel_executor.executor.parallel:run_until_complete finished with '0'
[21.896s] DEBUG:colcon.colcon_core.event_reactor:joining thread
[21.951s] INFO:colcon.colcon_core.plugin_system:Skipping extension 'colcon_notification.desktop_notification.notify_send': Could not find 'notify-send'
[21.952s] INFO:colcon.colcon_core.plugin_system:Skipping extension 'colcon_notification.desktop_notification.terminal_notifier': Not used on non-Darwin systems
[21.952s] INFO:colcon.colcon_core.plugin_system:Skipping extension 'colcon_notification.desktop_notification.win32': Not used on non-Windows systems
[21.952s] INFO:colcon.colcon_notification.desktop_notification:Sending desktop notification using 'notify2'
[21.962s] DEBUG:colcon.colcon_core.event_reactor:joined thread
[21.963s] INFO:colcon.colcon_core.shell:Creating prefix script '/home/leime957/TDDE05/ros2_ws/install/local_setup.ps1'
[21.972s] INFO:colcon.colcon_core.shell:Creating prefix util module '/home/leime957/TDDE05/ros2_ws/install/_local_setup_util_ps1.py'
[21.977s] INFO:colcon.colcon_core.shell:Creating prefix chain script '/home/leime957/TDDE05/ros2_ws/install/setup.ps1'
[21.990s] INFO:colcon.colcon_core.shell:Creating prefix script '/home/leime957/TDDE05/ros2_ws/install/local_setup.sh'
[21.994s] INFO:colcon.colcon_core.shell:Creating prefix util module '/home/leime957/TDDE05/ros2_ws/install/_local_setup_util_sh.py'
[21.997s] INFO:colcon.colcon_core.shell:Creating prefix chain script '/home/leime957/TDDE05/ros2_ws/install/setup.sh'
[22.009s] INFO:colcon.colcon_core.shell:Creating prefix script '/home/leime957/TDDE05/ros2_ws/install/local_setup.bash'
[22.016s] INFO:colcon.colcon_core.shell:Creating prefix chain script '/home/leime957/TDDE05/ros2_ws/install/setup.bash'
[22.027s] INFO:colcon.colcon_core.shell:Creating prefix script '/home/leime957/TDDE05/ros2_ws/install/local_setup.zsh'
[22.032s] INFO:colcon.colcon_core.shell:Creating prefix chain script '/home/leime957/TDDE05/ros2_ws/install/setup.zsh'
