[0.406s] Invoking command in '/home/leime957/TDDE05/ros2_ws/build/air_navigation': CMAKE_PREFIX_PATH=${CMAKE_PREFIX_PATH}:/home/leime957/TDDE05/ros2_ws/install/exploration:/home/leime957/TDDE05/ros2_ws/install/human:/home/leime957/TDDE05/ros2_ws/install/air_navigation_examples:/home/leime957/TDDE05/ros2_ws/install/air_lab5:/home/leime957/TDDE05/ros2_ws/install/air_lab3:/home/leime957/TDDE05/ros2_ws/install/air_lab_common:/home/leime957/TDDE05/ros2_ws/install/air_lab2:/home/leime957/TDDE05/ros2_ws/install/air_bringup:/opt/air_ws/install/air_simple_sim:/opt/air_ws/install/air_bringup:/opt/ros/humble /usr/bin/cmake --build /home/leime957/TDDE05/ros2_ws/build/air_navigation -- -j20 -l20
[23.919s] [ 62%] Built target air_navigation
[23.919s] [100%] Built target python_module_air_navigation_
[24.074s] Invoked command in '/home/leime957/TDDE05/ros2_ws/build/air_navigation' returned '0': CMAKE_PREFIX_PATH=${CMAKE_PREFIX_PATH}:/home/leime957/TDDE05/ros2_ws/install/exploration:/home/leime957/TDDE05/ros2_ws/install/human:/home/leime957/TDDE05/ros2_ws/install/air_navigation_examples:/home/leime957/TDDE05/ros2_ws/install/air_lab5:/home/leime957/TDDE05/ros2_ws/install/air_lab3:/home/leime957/TDDE05/ros2_ws/install/air_lab_common:/home/leime957/TDDE05/ros2_ws/install/air_lab2:/home/leime957/TDDE05/ros2_ws/install/air_bringup:/opt/air_ws/install/air_simple_sim:/opt/air_ws/install/air_bringup:/opt/ros/humble /usr/bin/cmake --build /home/leime957/TDDE05/ros2_ws/build/air_navigation -- -j20 -l20
[24.087s] Invoking command in '/home/leime957/TDDE05/ros2_ws/build/air_navigation': CMAKE_PREFIX_PATH=${CMAKE_PREFIX_PATH}:/home/leime957/TDDE05/ros2_ws/install/exploration:/home/leime957/TDDE05/ros2_ws/install/human:/home/leime957/TDDE05/ros2_ws/install/air_navigation_examples:/home/leime957/TDDE05/ros2_ws/install/air_lab5:/home/leime957/TDDE05/ros2_ws/install/air_lab3:/home/leime957/TDDE05/ros2_ws/install/air_lab_common:/home/leime957/TDDE05/ros2_ws/install/air_lab2:/home/leime957/TDDE05/ros2_ws/install/air_bringup:/opt/air_ws/install/air_simple_sim:/opt/air_ws/install/air_bringup:/opt/ros/humble /usr/bin/cmake --install /home/leime957/TDDE05/ros2_ws/build/air_navigation
[28.976s] -- Install configuration: "Release"
[28.977s] -- Execute custom install script
[28.977s] -- Up-to-date symlink: /home/leime957/TDDE05/ros2_ws/install/air_navigation/lib/libair_navigation.so
[28.977s] -- Up-to-date symlink: /home/leime957/TDDE05/ros2_ws/install/air_navigation/lib/python3.10/site-packages///air_navigation_.so
[28.977s] -- Up-to-date symlink: /home/leime957/TDDE05/ros2_ws/install/air_navigation/lib/python3.10/site-packages//air_navigation/__init__.py
[28.977s] -- Up-to-date symlink: /home/leime957/TDDE05/ros2_ws/install/air_navigation/share/air_navigation/environment/library_path.sh
[28.977s] -- Up-to-date symlink: /home/leime957/TDDE05/ros2_ws/install/air_navigation/share/air_navigation/environment/library_path.dsv
[28.977s] -- Up-to-date symlink: /home/leime957/TDDE05/ros2_ws/install/air_navigation/share/air_navigation//air_navigation_plugins.xml
[28.977s] -- Up-to-date symlink: /home/leime957/TDDE05/ros2_ws/install/air_navigation/share/air_navigation//air_navigation_plugins.xml
[28.977s] -- Up-to-date symlink: /home/leime957/TDDE05/ros2_ws/install/air_navigation/share/ament_index/resource_index/package_run_dependencies/air_navigation
[28.977s] -- Up-to-date symlink: /home/leime957/TDDE05/ros2_ws/install/air_navigation/share/ament_index/resource_index/parent_prefix_path/air_navigation
[28.977s] -- Up-to-date symlink: /home/leime957/TDDE05/ros2_ws/install/air_navigation/share/air_navigation/environment/ament_prefix_path.sh
[28.977s] -- Up-to-date symlink: /home/leime957/TDDE05/ros2_ws/install/air_navigation/share/air_navigation/environment/ament_prefix_path.dsv
[28.977s] -- Up-to-date symlink: /home/leime957/TDDE05/ros2_ws/install/air_navigation/share/air_navigation/environment/path.sh
[28.977s] -- Up-to-date symlink: /home/leime957/TDDE05/ros2_ws/install/air_navigation/share/air_navigation/environment/path.dsv
[28.977s] -- Up-to-date symlink: /home/leime957/TDDE05/ros2_ws/install/air_navigation/share/air_navigation/local_setup.bash
[28.977s] -- Up-to-date symlink: /home/leime957/TDDE05/ros2_ws/install/air_navigation/share/air_navigation/local_setup.sh
[28.978s] -- Up-to-date symlink: /home/leime957/TDDE05/ros2_ws/install/air_navigation/share/air_navigation/local_setup.zsh
[28.978s] -- Up-to-date symlink: /home/leime957/TDDE05/ros2_ws/install/air_navigation/share/air_navigation/local_setup.dsv
[28.978s] -- Symlinking: /home/leime957/TDDE05/ros2_ws/install/air_navigation/share/air_navigation/package.dsv
[28.978s] -- Up-to-date symlink: /home/leime957/TDDE05/ros2_ws/install/air_navigation/share/ament_index/resource_index/packages/air_navigation
[28.978s] -- Up-to-date symlink: /home/leime957/TDDE05/ros2_ws/install/air_navigation/share/ament_index/resource_index/nav2_core__pluginlib__plugin/air_navigation
[28.978s] -- Up-to-date symlink: /home/leime957/TDDE05/ros2_ws/install/air_navigation/share/ament_index/resource_index/dwb_core__pluginlib__plugin/air_navigation
[28.978s] -- Up-to-date symlink: /home/leime957/TDDE05/ros2_ws/install/air_navigation/share/air_navigation/cmake/ament_cmake_export_libraries-extras.cmake
[28.978s] -- Up-to-date symlink: /home/leime957/TDDE05/ros2_ws/install/air_navigation/share/air_navigation/cmake/ament_cmake_export_dependencies-extras.cmake
[28.978s] -- Up-to-date symlink: /home/leime957/TDDE05/ros2_ws/install/air_navigation/share/air_navigation/cmake/air_navigationConfig.cmake
[28.978s] -- Up-to-date symlink: /home/leime957/TDDE05/ros2_ws/install/air_navigation/share/air_navigation/cmake/air_navigationConfig-version.cmake
[28.978s] -- Up-to-date symlink: /home/leime957/TDDE05/ros2_ws/install/air_navigation/share/air_navigation/package.xml
[29.094s] Invoked command in '/home/leime957/TDDE05/ros2_ws/build/air_navigation' returned '0': CMAKE_PREFIX_PATH=${CMAKE_PREFIX_PATH}:/home/leime957/TDDE05/ros2_ws/install/exploration:/home/leime957/TDDE05/ros2_ws/install/human:/home/leime957/TDDE05/ros2_ws/install/air_navigation_examples:/home/leime957/TDDE05/ros2_ws/install/air_lab5:/home/leime957/TDDE05/ros2_ws/install/air_lab3:/home/leime957/TDDE05/ros2_ws/install/air_lab_common:/home/leime957/TDDE05/ros2_ws/install/air_lab2:/home/leime957/TDDE05/ros2_ws/install/air_bringup:/opt/air_ws/install/air_simple_sim:/opt/air_ws/install/air_bringup:/opt/ros/humble /usr/bin/cmake --install /home/leime957/TDDE05/ros2_ws/build/air_navigation
