[16.155s] Invoking command in '/home/leime957/TDDE05/ros2_ws/build/air_lab5': CMAKE_PREFIX_PATH=/home/leime957/TDDE05/ros2_ws/install/air_lab_interfaces:/home/leime957/TDDE05/ros2_ws/install/project_interface:/home/leime957/TDDE05/ros2_ws/install/air_navigation:/opt/auksys_build/inst:/opt/auksys_build/inst:/opt/air_ws/install/ros_kdb:/opt/air_ws/install/ros_kdb_interfaces:/opt/air_ws/install/air_tst:/opt/air_ws/install/air_simple_sim_msgs:/opt/auksys_build/inst LD_LIBRARY_PATH=/home/leime957/TDDE05/ros2_ws/install/air_lab_interfaces/lib:/home/leime957/TDDE05/ros2_ws/install/project_interface/lib:/home/leime957/TDDE05/ros2_ws/install/air_navigation/lib:/opt/auksys_build/inst/lib:/opt/auksys_build/inst/lib:/opt/air_ws/install/ros_kdb/lib:/opt/air_ws/install/ros_kdb_interfaces/lib:/opt/air_ws/install/air_simple_sim_msgs/lib:/opt/ros/humble/opt/rviz_ogre_vendor/lib:/opt/ros/humble/lib/x86_64-linux-gnu:/opt/ros/humble/lib:/opt/auksys_build/inst/lib:/.singularity.d/libs PYTHONPATH=/home/leime957/TDDE05/ros2_ws/build/air_lab5/prefix_override:/usr/lib/python3/dist-packages/colcon_core/task/python/colcon_distutils_commands:/home/leime957/TDDE05/ros2_ws/install/air_lab5/lib/python3.10/site-packages:${PYTHONPATH} /usr/bin/python3 -W ignore:setup.py install is deprecated -W ignore:easy_install command is deprecated setup.py develop --editable --build-directory /home/leime957/TDDE05/ros2_ws/build/air_lab5/build --no-deps symlink_data
[19.579s] running develop
[21.749s] running egg_info
[21.749s] creating air_lab5.egg-info
[21.749s] writing air_lab5.egg-info/PKG-INFO
[21.753s] writing dependency_links to air_lab5.egg-info/dependency_links.txt
[21.755s] writing entry points to air_lab5.egg-info/entry_points.txt
[21.757s] writing requirements to air_lab5.egg-info/requires.txt
[21.758s] writing top-level names to air_lab5.egg-info/top_level.txt
[21.760s] writing manifest file 'air_lab5.egg-info/SOURCES.txt'
[21.777s] reading manifest file 'air_lab5.egg-info/SOURCES.txt'
[21.780s] writing manifest file 'air_lab5.egg-info/SOURCES.txt'
[21.816s] running build_ext
[21.817s] Creating /home/leime957/TDDE05/ros2_ws/install/air_lab5/lib/python3.10/site-packages/air-lab5.egg-link (link to .)
[21.821s] Installing decision script to /home/leime957/TDDE05/ros2_ws/install/air_lab5/lib/air_lab5
[21.825s] Installing text_command script to /home/leime957/TDDE05/ros2_ws/install/air_lab5/lib/air_lab5
[21.828s] 
[21.828s] Installed /home/leime957/TDDE05/ros2_ws/build/air_lab5
[21.828s] running symlink_data
[21.829s] creating /home/leime957/TDDE05/ros2_ws/install/air_lab5/share/ament_index
[21.829s] creating /home/leime957/TDDE05/ros2_ws/install/air_lab5/share/ament_index/resource_index
[21.830s] creating /home/leime957/TDDE05/ros2_ws/install/air_lab5/share/ament_index/resource_index/packages
[21.832s] symbolically linking /home/leime957/TDDE05/ros2_ws/build/air_lab5/resource/air_lab5 -> /home/leime957/TDDE05/ros2_ws/install/air_lab5/share/ament_index/resource_index/packages
[21.833s] symbolically linking /home/leime957/TDDE05/ros2_ws/build/air_lab5/package.xml -> /home/leime957/TDDE05/ros2_ws/install/air_lab5/share/air_lab5
[21.874s] Invoked command in '/home/leime957/TDDE05/ros2_ws/build/air_lab5' returned '0': CMAKE_PREFIX_PATH=/home/leime957/TDDE05/ros2_ws/install/air_lab_interfaces:/home/leime957/TDDE05/ros2_ws/install/project_interface:/home/leime957/TDDE05/ros2_ws/install/air_navigation:/opt/auksys_build/inst:/opt/auksys_build/inst:/opt/air_ws/install/ros_kdb:/opt/air_ws/install/ros_kdb_interfaces:/opt/air_ws/install/air_tst:/opt/air_ws/install/air_simple_sim_msgs:/opt/auksys_build/inst LD_LIBRARY_PATH=/home/leime957/TDDE05/ros2_ws/install/air_lab_interfaces/lib:/home/leime957/TDDE05/ros2_ws/install/project_interface/lib:/home/leime957/TDDE05/ros2_ws/install/air_navigation/lib:/opt/auksys_build/inst/lib:/opt/auksys_build/inst/lib:/opt/air_ws/install/ros_kdb/lib:/opt/air_ws/install/ros_kdb_interfaces/lib:/opt/air_ws/install/air_simple_sim_msgs/lib:/opt/ros/humble/opt/rviz_ogre_vendor/lib:/opt/ros/humble/lib/x86_64-linux-gnu:/opt/ros/humble/lib:/opt/auksys_build/inst/lib:/.singularity.d/libs PYTHONPATH=/home/leime957/TDDE05/ros2_ws/build/air_lab5/prefix_override:/usr/lib/python3/dist-packages/colcon_core/task/python/colcon_distutils_commands:/home/leime957/TDDE05/ros2_ws/install/air_lab5/lib/python3.10/site-packages:${PYTHONPATH} /usr/bin/python3 -W ignore:setup.py install is deprecated -W ignore:easy_install command is deprecated setup.py develop --editable --build-directory /home/leime957/TDDE05/ros2_ws/build/air_lab5/build --no-deps symlink_data
