[1.015s] Invoking command in '/home/leime957/TDDE05/ros2_ws/build/project_interface': CMAKE_PREFIX_PATH=${CMAKE_PREFIX_PATH}:/home/leime957/TDDE05/ros2_ws/install/exploration:/home/leime957/TDDE05/ros2_ws/install/human:/home/leime957/TDDE05/ros2_ws/install/air_navigation_examples:/home/leime957/TDDE05/ros2_ws/install/air_lab5:/home/leime957/TDDE05/ros2_ws/install/air_lab3:/home/leime957/TDDE05/ros2_ws/install/air_lab_common:/home/leime957/TDDE05/ros2_ws/install/air_lab2:/home/leime957/TDDE05/ros2_ws/install/air_bringup:/opt/air_ws/install/air_simple_sim:/opt/air_ws/install/air_bringup:/opt/ros/humble /usr/bin/cmake --build /home/leime957/TDDE05/ros2_ws/build/project_interface -- -j20 -l20
[36.370s] [  3%] Built target project_interface__cpp
[36.370s] [ 12%] Built target project_interface__rosidl_generator_c
[36.370s] [ 12%] Built target ament_cmake_python_symlink_project_interface
[36.371s] [ 25%] Built target project_interface__rosidl_typesupport_introspection_c
[36.371s] [ 32%] Built target project_interface__rosidl_typesupport_c
[36.371s] [ 41%] Built target project_interface__rosidl_typesupport_cpp
[36.371s] [ 51%] Built target project_interface__rosidl_typesupport_introspection_cpp
[36.371s] [ 61%] Built target project_interface__rosidl_typesupport_fastrtps_cpp
[36.371s] [ 70%] Built target project_interface__rosidl_typesupport_fastrtps_c
[36.371s] [ 70%] Built target project_interface
[36.372s] [ 74%] Built target project_interface__py
[36.372s] [ 80%] Built target project_interface__rosidl_generator_py
[36.372s] [ 87%] Built target project_interface__rosidl_typesupport_introspection_c__pyext
[36.372s] [100%] Built target project_interface__rosidl_typesupport_c__pyext
[36.372s] [100%] Built target project_interface__rosidl_typesupport_fastrtps_c__pyext
[36.373s] running egg_info
[36.373s] writing project_interface.egg-info/PKG-INFO
[36.373s] writing dependency_links to project_interface.egg-info/dependency_links.txt
[36.374s] writing top-level names to project_interface.egg-info/top_level.txt
[36.374s] reading manifest file 'project_interface.egg-info/SOURCES.txt'
[36.374s] writing manifest file 'project_interface.egg-info/SOURCES.txt'
[36.374s] [100%] Built target ament_cmake_python_build_project_interface_egg
[36.375s] Invoked command in '/home/leime957/TDDE05/ros2_ws/build/project_interface' returned '0': CMAKE_PREFIX_PATH=${CMAKE_PREFIX_PATH}:/home/leime957/TDDE05/ros2_ws/install/exploration:/home/leime957/TDDE05/ros2_ws/install/human:/home/leime957/TDDE05/ros2_ws/install/air_navigation_examples:/home/leime957/TDDE05/ros2_ws/install/air_lab5:/home/leime957/TDDE05/ros2_ws/install/air_lab3:/home/leime957/TDDE05/ros2_ws/install/air_lab_common:/home/leime957/TDDE05/ros2_ws/install/air_lab2:/home/leime957/TDDE05/ros2_ws/install/air_bringup:/opt/air_ws/install/air_simple_sim:/opt/air_ws/install/air_bringup:/opt/ros/humble /usr/bin/cmake --build /home/leime957/TDDE05/ros2_ws/build/project_interface -- -j20 -l20
[36.560s] Invoking command in '/home/leime957/TDDE05/ros2_ws/build/project_interface': CMAKE_PREFIX_PATH=${CMAKE_PREFIX_PATH}:/home/leime957/TDDE05/ros2_ws/install/exploration:/home/leime957/TDDE05/ros2_ws/install/human:/home/leime957/TDDE05/ros2_ws/install/air_navigation_examples:/home/leime957/TDDE05/ros2_ws/install/air_lab5:/home/leime957/TDDE05/ros2_ws/install/air_lab3:/home/leime957/TDDE05/ros2_ws/install/air_lab_common:/home/leime957/TDDE05/ros2_ws/install/air_lab2:/home/leime957/TDDE05/ros2_ws/install/air_bringup:/opt/air_ws/install/air_simple_sim:/opt/air_ws/install/air_bringup:/opt/ros/humble /usr/bin/cmake --install /home/leime957/TDDE05/ros2_ws/build/project_interface
[40.496s] -- Install configuration: ""
[40.496s] -- Execute custom install script
[40.496s] -- Up-to-date symlink: /home/leime957/TDDE05/ros2_ws/install/project_interface/share/ament_index/resource_index/rosidl_interfaces/project_interface
[40.496s] -- Up-to-date symlink: /home/leime957/TDDE05/ros2_ws/install/project_interface/include/project_interface/project_interface/msg/rosidl_generator_c__visibility_control.h
[40.496s] -- Up-to-date symlink: /home/leime957/TDDE05/ros2_ws/install/project_interface/include/project_interface/project_interface/srv/detail/explore_goal__functions.h
[40.496s] -- Up-to-date symlink: /home/leime957/TDDE05/ros2_ws/install/project_interface/include/project_interface/project_interface/srv/detail/explore_goal__struct.h
[40.496s] -- Up-to-date symlink: /home/leime957/TDDE05/ros2_ws/install/project_interface/include/project_interface/project_interface/srv/detail/explore_goal__type_support.h
[40.496s] -- Up-to-date symlink: /home/leime957/TDDE05/ros2_ws/install/project_interface/include/project_interface/project_interface/srv/explore_goal.h
[40.496s] -- Up-to-date symlink: /home/leime957/TDDE05/ros2_ws/install/project_interface/share/project_interface/environment/library_path.sh
[40.496s] -- Up-to-date symlink: /home/leime957/TDDE05/ros2_ws/install/project_interface/share/project_interface/environment/library_path.dsv
[40.497s] -- Up-to-date symlink: /home/leime957/TDDE05/ros2_ws/install/project_interface/include/project_interface/project_interface/msg/rosidl_typesupport_fastrtps_c__visibility_control.h
[40.497s] -- Up-to-date symlink: /home/leime957/TDDE05/ros2_ws/install/project_interface/include/project_interface/project_interface/srv/detail/explore_goal__rosidl_typesupport_fastrtps_c.h
[40.497s] -- Up-to-date symlink: /home/leime957/TDDE05/ros2_ws/install/project_interface/include/project_interface/project_interface/msg/rosidl_generator_cpp__visibility_control.hpp
[40.497s] -- Up-to-date symlink: /home/leime957/TDDE05/ros2_ws/install/project_interface/include/project_interface/project_interface/srv/detail/explore_goal__builder.hpp
[40.497s] -- Up-to-date symlink: /home/leime957/TDDE05/ros2_ws/install/project_interface/include/project_interface/project_interface/srv/detail/explore_goal__struct.hpp
[40.497s] -- Up-to-date symlink: /home/leime957/TDDE05/ros2_ws/install/project_interface/include/project_interface/project_interface/srv/detail/explore_goal__traits.hpp
[40.498s] -- Up-to-date symlink: /home/leime957/TDDE05/ros2_ws/install/project_interface/include/project_interface/project_interface/srv/detail/explore_goal__type_support.hpp
[40.498s] -- Up-to-date symlink: /home/leime957/TDDE05/ros2_ws/install/project_interface/include/project_interface/project_interface/srv/explore_goal.hpp
[40.498s] -- Up-to-date symlink: /home/leime957/TDDE05/ros2_ws/install/project_interface/include/project_interface/project_interface/msg/rosidl_typesupport_fastrtps_cpp__visibility_control.h
[40.498s] -- Up-to-date symlink: /home/leime957/TDDE05/ros2_ws/install/project_interface/include/project_interface/project_interface/srv/detail/explore_goal__rosidl_typesupport_fastrtps_cpp.hpp
[40.498s] -- Up-to-date symlink: /home/leime957/TDDE05/ros2_ws/install/project_interface/include/project_interface/project_interface/msg/rosidl_typesupport_introspection_c__visibility_control.h
[40.498s] -- Up-to-date symlink: /home/leime957/TDDE05/ros2_ws/install/project_interface/include/project_interface/project_interface/srv/detail/explore_goal__rosidl_typesupport_introspection_c.h
[40.498s] -- Up-to-date symlink: /home/leime957/TDDE05/ros2_ws/install/project_interface/include/project_interface/project_interface/srv/detail/explore_goal__rosidl_typesupport_introspection_cpp.hpp
[40.499s] -- Up-to-date symlink: /home/leime957/TDDE05/ros2_ws/install/project_interface/share/project_interface/environment/pythonpath.sh
[40.499s] -- Up-to-date symlink: /home/leime957/TDDE05/ros2_ws/install/project_interface/share/project_interface/environment/pythonpath.dsv
[40.499s] -- Up-to-date symlink: /home/leime957/TDDE05/ros2_ws/install/project_interface/local/lib/python3.10/dist-packages/project_interface-0.0.0-py3.10.egg-info/PKG-INFO
[40.499s] -- Up-to-date symlink: /home/leime957/TDDE05/ros2_ws/install/project_interface/local/lib/python3.10/dist-packages/project_interface-0.0.0-py3.10.egg-info/SOURCES.txt
[40.499s] -- Up-to-date symlink: /home/leime957/TDDE05/ros2_ws/install/project_interface/local/lib/python3.10/dist-packages/project_interface-0.0.0-py3.10.egg-info/dependency_links.txt
[40.499s] -- Up-to-date symlink: /home/leime957/TDDE05/ros2_ws/install/project_interface/local/lib/python3.10/dist-packages/project_interface-0.0.0-py3.10.egg-info/top_level.txt
[40.499s] -- Up-to-date symlink: /home/leime957/TDDE05/ros2_ws/install/project_interface/local/lib/python3.10/dist-packages/project_interface/__init__.py
[40.500s] -- Up-to-date symlink: /home/leime957/TDDE05/ros2_ws/install/project_interface/local/lib/python3.10/dist-packages/project_interface/_project_interface_s.ep.rosidl_typesupport_c.c
[40.500s] -- Up-to-date symlink: /home/leime957/TDDE05/ros2_ws/install/project_interface/local/lib/python3.10/dist-packages/project_interface/_project_interface_s.ep.rosidl_typesupport_fastrtps_c.c
[40.500s] -- Up-to-date symlink: /home/leime957/TDDE05/ros2_ws/install/project_interface/local/lib/python3.10/dist-packages/project_interface/_project_interface_s.ep.rosidl_typesupport_introspection_c.c
[40.500s] -- Up-to-date symlink: /home/leime957/TDDE05/ros2_ws/install/project_interface/local/lib/python3.10/dist-packages/project_interface/libproject_interface__rosidl_generator_py.so
[40.500s] -- Up-to-date symlink: /home/leime957/TDDE05/ros2_ws/install/project_interface/local/lib/python3.10/dist-packages/project_interface/project_interface_s__rosidl_typesupport_c.cpython-310-x86_64-linux-gnu.so
[40.501s] -- Up-to-date symlink: /home/leime957/TDDE05/ros2_ws/install/project_interface/local/lib/python3.10/dist-packages/project_interface/project_interface_s__rosidl_typesupport_fastrtps_c.cpython-310-x86_64-linux-gnu.so
[40.501s] -- Up-to-date symlink: /home/leime957/TDDE05/ros2_ws/install/project_interface/local/lib/python3.10/dist-packages/project_interface/project_interface_s__rosidl_typesupport_introspection_c.cpython-310-x86_64-linux-gnu.so
[40.501s] -- Up-to-date symlink: /home/leime957/TDDE05/ros2_ws/install/project_interface/local/lib/python3.10/dist-packages/project_interface/srv/__init__.py
[40.501s] -- Up-to-date symlink: /home/leime957/TDDE05/ros2_ws/install/project_interface/local/lib/python3.10/dist-packages/project_interface/srv/_explore_goal.py
[40.501s] -- Up-to-date symlink: /home/leime957/TDDE05/ros2_ws/install/project_interface/local/lib/python3.10/dist-packages/project_interface/srv/_explore_goal_s.c
[40.501s] -- Up-to-date symlink: /home/leime957/TDDE05/ros2_ws/install/project_interface/local/lib/python3.10/dist-packages/project_interface/project_interface_s__rosidl_typesupport_fastrtps_c.cpython-310-x86_64-linux-gnu.so
[40.501s] -- Up-to-date symlink: /home/leime957/TDDE05/ros2_ws/install/project_interface/local/lib/python3.10/dist-packages/project_interface/project_interface_s__rosidl_typesupport_introspection_c.cpython-310-x86_64-linux-gnu.so
[40.502s] -- Up-to-date symlink: /home/leime957/TDDE05/ros2_ws/install/project_interface/local/lib/python3.10/dist-packages/project_interface/project_interface_s__rosidl_typesupport_c.cpython-310-x86_64-linux-gnu.so
[40.502s] -- Up-to-date symlink: /home/leime957/TDDE05/ros2_ws/install/project_interface/share/project_interface/srv/ExploreGoal.idl
[40.502s] -- Up-to-date symlink: /home/leime957/TDDE05/ros2_ws/install/project_interface/share/project_interface/srv/ExploreGoal.srv
[40.502s] -- Up-to-date symlink: /home/leime957/TDDE05/ros2_ws/install/project_interface/share/project_interface/srv/ExploreGoal_Request.msg
[40.502s] -- Up-to-date symlink: /home/leime957/TDDE05/ros2_ws/install/project_interface/share/project_interface/srv/ExploreGoal_Response.msg
[40.503s] -- Up-to-date symlink: /home/leime957/TDDE05/ros2_ws/install/project_interface/share/ament_index/resource_index/package_run_dependencies/project_interface
[40.503s] -- Up-to-date symlink: /home/leime957/TDDE05/ros2_ws/install/project_interface/share/ament_index/resource_index/parent_prefix_path/project_interface
[40.503s] -- Up-to-date symlink: /home/leime957/TDDE05/ros2_ws/install/project_interface/share/project_interface/environment/ament_prefix_path.sh
[40.503s] -- Up-to-date symlink: /home/leime957/TDDE05/ros2_ws/install/project_interface/share/project_interface/environment/ament_prefix_path.dsv
[40.503s] -- Up-to-date symlink: /home/leime957/TDDE05/ros2_ws/install/project_interface/share/project_interface/environment/path.sh
[40.503s] -- Up-to-date symlink: /home/leime957/TDDE05/ros2_ws/install/project_interface/share/project_interface/environment/path.dsv
[40.504s] -- Up-to-date symlink: /home/leime957/TDDE05/ros2_ws/install/project_interface/share/project_interface/local_setup.bash
[40.504s] -- Up-to-date symlink: /home/leime957/TDDE05/ros2_ws/install/project_interface/share/project_interface/local_setup.sh
[40.504s] -- Up-to-date symlink: /home/leime957/TDDE05/ros2_ws/install/project_interface/share/project_interface/local_setup.zsh
[40.504s] -- Up-to-date symlink: /home/leime957/TDDE05/ros2_ws/install/project_interface/share/project_interface/local_setup.dsv
[40.505s] -- Symlinking: /home/leime957/TDDE05/ros2_ws/install/project_interface/share/project_interface/package.dsv
[40.505s] -- Up-to-date symlink: /home/leime957/TDDE05/ros2_ws/install/project_interface/share/ament_index/resource_index/packages/project_interface
[40.505s] -- Up-to-date symlink: /home/leime957/TDDE05/ros2_ws/install/project_interface/share/project_interface/cmake/rosidl_cmake-extras.cmake
[40.505s] -- Up-to-date symlink: /home/leime957/TDDE05/ros2_ws/install/project_interface/share/project_interface/cmake/ament_cmake_export_dependencies-extras.cmake
[40.505s] -- Up-to-date symlink: /home/leime957/TDDE05/ros2_ws/install/project_interface/share/project_interface/cmake/ament_cmake_export_include_directories-extras.cmake
[40.505s] -- Up-to-date symlink: /home/leime957/TDDE05/ros2_ws/install/project_interface/share/project_interface/cmake/ament_cmake_export_libraries-extras.cmake
[40.506s] -- Up-to-date symlink: /home/leime957/TDDE05/ros2_ws/install/project_interface/share/project_interface/cmake/ament_cmake_export_targets-extras.cmake
[40.506s] -- Up-to-date symlink: /home/leime957/TDDE05/ros2_ws/install/project_interface/share/project_interface/cmake/rosidl_cmake_export_typesupport_targets-extras.cmake
[40.506s] -- Up-to-date symlink: /home/leime957/TDDE05/ros2_ws/install/project_interface/share/project_interface/cmake/rosidl_cmake_export_typesupport_libraries-extras.cmake
[40.506s] -- Up-to-date symlink: /home/leime957/TDDE05/ros2_ws/install/project_interface/share/project_interface/cmake/project_interfaceConfig.cmake
[40.507s] -- Up-to-date symlink: /home/leime957/TDDE05/ros2_ws/install/project_interface/share/project_interface/cmake/project_interfaceConfig-version.cmake
[40.507s] -- Up-to-date symlink: /home/leime957/TDDE05/ros2_ws/install/project_interface/share/project_interface/package.xml
[40.507s] -- Up-to-date: /home/leime957/TDDE05/ros2_ws/install/project_interface/lib/libproject_interface__rosidl_generator_c.so
[40.507s] -- Up-to-date: /home/leime957/TDDE05/ros2_ws/install/project_interface/lib/libproject_interface__rosidl_typesupport_fastrtps_c.so
[40.507s] -- Up-to-date: /home/leime957/TDDE05/ros2_ws/install/project_interface/lib/libproject_interface__rosidl_typesupport_fastrtps_cpp.so
[40.508s] -- Up-to-date: /home/leime957/TDDE05/ros2_ws/install/project_interface/lib/libproject_interface__rosidl_typesupport_introspection_c.so
[40.508s] -- Up-to-date: /home/leime957/TDDE05/ros2_ws/install/project_interface/lib/libproject_interface__rosidl_typesupport_c.so
[40.508s] -- Up-to-date: /home/leime957/TDDE05/ros2_ws/install/project_interface/lib/libproject_interface__rosidl_typesupport_introspection_cpp.so
[40.508s] -- Up-to-date: /home/leime957/TDDE05/ros2_ws/install/project_interface/lib/libproject_interface__rosidl_typesupport_cpp.so
[40.508s] Listing '/home/leime957/TDDE05/ros2_ws/install/project_interface/local/lib/python3.10/dist-packages/project_interface'...
[40.509s] Listing '/home/leime957/TDDE05/ros2_ws/install/project_interface/local/lib/python3.10/dist-packages/project_interface/srv'...
[40.509s] -- Up-to-date: /home/leime957/TDDE05/ros2_ws/install/project_interface/lib/libproject_interface__rosidl_generator_py.so
[40.509s] -- Up-to-date: /home/leime957/TDDE05/ros2_ws/install/project_interface/share/project_interface/cmake/export_project_interface__rosidl_generator_cExport.cmake
[40.509s] -- Up-to-date: /home/leime957/TDDE05/ros2_ws/install/project_interface/share/project_interface/cmake/export_project_interface__rosidl_generator_cExport-noconfig.cmake
[40.509s] -- Up-to-date: /home/leime957/TDDE05/ros2_ws/install/project_interface/share/project_interface/cmake/export_project_interface__rosidl_typesupport_fastrtps_cExport.cmake
[40.510s] -- Up-to-date: /home/leime957/TDDE05/ros2_ws/install/project_interface/share/project_interface/cmake/export_project_interface__rosidl_typesupport_fastrtps_cExport-noconfig.cmake
[40.510s] -- Up-to-date: /home/leime957/TDDE05/ros2_ws/install/project_interface/share/project_interface/cmake/export_project_interface__rosidl_generator_cppExport.cmake
[40.510s] -- Up-to-date: /home/leime957/TDDE05/ros2_ws/install/project_interface/share/project_interface/cmake/export_project_interface__rosidl_typesupport_fastrtps_cppExport.cmake
[40.510s] -- Up-to-date: /home/leime957/TDDE05/ros2_ws/install/project_interface/share/project_interface/cmake/export_project_interface__rosidl_typesupport_fastrtps_cppExport-noconfig.cmake
[40.510s] -- Up-to-date: /home/leime957/TDDE05/ros2_ws/install/project_interface/share/project_interface/cmake/project_interface__rosidl_typesupport_introspection_cExport.cmake
[40.510s] -- Up-to-date: /home/leime957/TDDE05/ros2_ws/install/project_interface/share/project_interface/cmake/project_interface__rosidl_typesupport_introspection_cExport-noconfig.cmake
[40.510s] -- Up-to-date: /home/leime957/TDDE05/ros2_ws/install/project_interface/share/project_interface/cmake/project_interface__rosidl_typesupport_cExport.cmake
[40.511s] -- Up-to-date: /home/leime957/TDDE05/ros2_ws/install/project_interface/share/project_interface/cmake/project_interface__rosidl_typesupport_cExport-noconfig.cmake
[40.511s] -- Up-to-date: /home/leime957/TDDE05/ros2_ws/install/project_interface/share/project_interface/cmake/project_interface__rosidl_typesupport_introspection_cppExport.cmake
[40.511s] -- Up-to-date: /home/leime957/TDDE05/ros2_ws/install/project_interface/share/project_interface/cmake/project_interface__rosidl_typesupport_introspection_cppExport-noconfig.cmake
[40.511s] -- Up-to-date: /home/leime957/TDDE05/ros2_ws/install/project_interface/share/project_interface/cmake/project_interface__rosidl_typesupport_cppExport.cmake
[40.511s] -- Up-to-date: /home/leime957/TDDE05/ros2_ws/install/project_interface/share/project_interface/cmake/project_interface__rosidl_typesupport_cppExport-noconfig.cmake
[40.512s] -- Up-to-date: /home/leime957/TDDE05/ros2_ws/install/project_interface/share/project_interface/cmake/export_project_interface__rosidl_generator_pyExport.cmake
[40.512s] -- Up-to-date: /home/leime957/TDDE05/ros2_ws/install/project_interface/share/project_interface/cmake/export_project_interface__rosidl_generator_pyExport-noconfig.cmake
[40.573s] Invoked command in '/home/leime957/TDDE05/ros2_ws/build/project_interface' returned '0': CMAKE_PREFIX_PATH=${CMAKE_PREFIX_PATH}:/home/leime957/TDDE05/ros2_ws/install/exploration:/home/leime957/TDDE05/ros2_ws/install/human:/home/leime957/TDDE05/ros2_ws/install/air_navigation_examples:/home/leime957/TDDE05/ros2_ws/install/air_lab5:/home/leime957/TDDE05/ros2_ws/install/air_lab3:/home/leime957/TDDE05/ros2_ws/install/air_lab_common:/home/leime957/TDDE05/ros2_ws/install/air_lab2:/home/leime957/TDDE05/ros2_ws/install/air_bringup:/opt/air_ws/install/air_simple_sim:/opt/air_ws/install/air_bringup:/opt/ros/humble /usr/bin/cmake --install /home/leime957/TDDE05/ros2_ws/build/project_interface
