running develop
running egg_info
creating air_lab3.egg-info
writing air_lab3.egg-info/PKG-INFO
writing dependency_links to air_lab3.egg-info/dependency_links.txt
writing entry points to air_lab3.egg-info/entry_points.txt
writing requirements to air_lab3.egg-info/requires.txt
writing top-level names to air_lab3.egg-info/top_level.txt
writing manifest file 'air_lab3.egg-info/SOURCES.txt'
reading manifest file 'air_lab3.egg-info/SOURCES.txt'
writing manifest file 'air_lab3.egg-info/SOURCES.txt'
running build_ext
Creating /home/leime957/TDDE05/ros2_ws/install/air_lab3/lib/python3.10/site-packages/air-lab3.egg-link (link to .)
Installing generate_tst script to /home/leime957/TDDE05/ros2_ws/install/air_lab3/lib/air_lab3
Installing tst_executor script to /home/leime957/TDDE05/ros2_ws/install/air_lab3/lib/air_lab3
Installing visualize_semantic script to /home/leime957/TDDE05/ros2_ws/install/air_lab3/lib/air_lab3

Installed /home/leime957/TDDE05/ros2_ws/build/air_lab3
running symlink_data
creating /home/leime957/TDDE05/ros2_ws/install/air_lab3/share/ament_index
creating /home/leime957/TDDE05/ros2_ws/install/air_lab3/share/ament_index/resource_index
creating /home/leime957/TDDE05/ros2_ws/install/air_lab3/share/ament_index/resource_index/packages
symbolically linking /home/leime957/TDDE05/ros2_ws/build/air_lab3/resource/air_lab3 -> /home/leime957/TDDE05/ros2_ws/install/air_lab3/share/ament_index/resource_index/packages
symbolically linking /home/leime957/TDDE05/ros2_ws/build/air_lab3/package.xml -> /home/leime957/TDDE05/ros2_ws/install/air_lab3/share/air_lab3
