[16.174s] Invoking command in '/home/leime957/TDDE05/ros2_ws/build/air_lab3': CMAKE_PREFIX_PATH=/home/leime957/TDDE05/ros2_ws/install/air_lab_interfaces:/home/leime957/TDDE05/ros2_ws/install/project_interface:/home/leime957/TDDE05/ros2_ws/install/air_navigation:/opt/auksys_build/inst:/opt/auksys_build/inst:/opt/air_ws/install/ros_kdb:/opt/air_ws/install/ros_kdb_interfaces:/opt/air_ws/install/air_tst:/opt/air_ws/install/air_simple_sim_msgs:/opt/auksys_build/inst LD_LIBRARY_PATH=/home/leime957/TDDE05/ros2_ws/install/air_lab_interfaces/lib:/home/leime957/TDDE05/ros2_ws/install/project_interface/lib:/home/leime957/TDDE05/ros2_ws/install/air_navigation/lib:/opt/auksys_build/inst/lib:/opt/auksys_build/inst/lib:/opt/air_ws/install/ros_kdb/lib:/opt/air_ws/install/ros_kdb_interfaces/lib:/opt/air_ws/install/air_simple_sim_msgs/lib:/opt/ros/humble/opt/rviz_ogre_vendor/lib:/opt/ros/humble/lib/x86_64-linux-gnu:/opt/ros/humble/lib:/opt/auksys_build/inst/lib:/.singularity.d/libs PYTHONPATH=/home/leime957/TDDE05/ros2_ws/build/air_lab3/prefix_override:/usr/lib/python3/dist-packages/colcon_core/task/python/colcon_distutils_commands:/home/leime957/TDDE05/ros2_ws/install/air_lab3/lib/python3.10/site-packages:${PYTHONPATH} /usr/bin/python3 -W ignore:setup.py install is deprecated -W ignore:easy_install command is deprecated setup.py develop --editable --build-directory /home/leime957/TDDE05/ros2_ws/build/air_lab3/build --no-deps symlink_data
[19.615s] running develop
[21.783s] running egg_info
[21.784s] creating air_lab3.egg-info
[21.785s] writing air_lab3.egg-info/PKG-INFO
[21.789s] writing dependency_links to air_lab3.egg-info/dependency_links.txt
[21.791s] writing entry points to air_lab3.egg-info/entry_points.txt
[21.793s] writing requirements to air_lab3.egg-info/requires.txt
[21.794s] writing top-level names to air_lab3.egg-info/top_level.txt
[21.797s] writing manifest file 'air_lab3.egg-info/SOURCES.txt'
[21.815s] reading manifest file 'air_lab3.egg-info/SOURCES.txt'
[21.817s] writing manifest file 'air_lab3.egg-info/SOURCES.txt'
[21.852s] running build_ext
[21.852s] Creating /home/leime957/TDDE05/ros2_ws/install/air_lab3/lib/python3.10/site-packages/air-lab3.egg-link (link to .)
[21.858s] Installing generate_tst script to /home/leime957/TDDE05/ros2_ws/install/air_lab3/lib/air_lab3
[21.861s] Installing tst_executor script to /home/leime957/TDDE05/ros2_ws/install/air_lab3/lib/air_lab3
[21.864s] Installing visualize_semantic script to /home/leime957/TDDE05/ros2_ws/install/air_lab3/lib/air_lab3
[21.868s] 
[21.868s] Installed /home/leime957/TDDE05/ros2_ws/build/air_lab3
[21.869s] running symlink_data
[21.869s] creating /home/leime957/TDDE05/ros2_ws/install/air_lab3/share/ament_index
[21.869s] creating /home/leime957/TDDE05/ros2_ws/install/air_lab3/share/ament_index/resource_index
[21.871s] creating /home/leime957/TDDE05/ros2_ws/install/air_lab3/share/ament_index/resource_index/packages
[21.872s] symbolically linking /home/leime957/TDDE05/ros2_ws/build/air_lab3/resource/air_lab3 -> /home/leime957/TDDE05/ros2_ws/install/air_lab3/share/ament_index/resource_index/packages
[21.873s] symbolically linking /home/leime957/TDDE05/ros2_ws/build/air_lab3/package.xml -> /home/leime957/TDDE05/ros2_ws/install/air_lab3/share/air_lab3
[21.977s] Invoked command in '/home/leime957/TDDE05/ros2_ws/build/air_lab3' returned '0': CMAKE_PREFIX_PATH=/home/leime957/TDDE05/ros2_ws/install/air_lab_interfaces:/home/leime957/TDDE05/ros2_ws/install/project_interface:/home/leime957/TDDE05/ros2_ws/install/air_navigation:/opt/auksys_build/inst:/opt/auksys_build/inst:/opt/air_ws/install/ros_kdb:/opt/air_ws/install/ros_kdb_interfaces:/opt/air_ws/install/air_tst:/opt/air_ws/install/air_simple_sim_msgs:/opt/auksys_build/inst LD_LIBRARY_PATH=/home/leime957/TDDE05/ros2_ws/install/air_lab_interfaces/lib:/home/leime957/TDDE05/ros2_ws/install/project_interface/lib:/home/leime957/TDDE05/ros2_ws/install/air_navigation/lib:/opt/auksys_build/inst/lib:/opt/auksys_build/inst/lib:/opt/air_ws/install/ros_kdb/lib:/opt/air_ws/install/ros_kdb_interfaces/lib:/opt/air_ws/install/air_simple_sim_msgs/lib:/opt/ros/humble/opt/rviz_ogre_vendor/lib:/opt/ros/humble/lib/x86_64-linux-gnu:/opt/ros/humble/lib:/opt/auksys_build/inst/lib:/.singularity.d/libs PYTHONPATH=/home/leime957/TDDE05/ros2_ws/build/air_lab3/prefix_override:/usr/lib/python3/dist-packages/colcon_core/task/python/colcon_distutils_commands:/home/leime957/TDDE05/ros2_ws/install/air_lab3/lib/python3.10/site-packages:${PYTHONPATH} /usr/bin/python3 -W ignore:setup.py install is deprecated -W ignore:easy_install command is deprecated setup.py develop --editable --build-directory /home/leime957/TDDE05/ros2_ws/build/air_lab3/build --no-deps symlink_data
