[0.227s] Invoking command in '/home/leime957/TDDE05/ros2_ws/build/project_interface': CMAKE_PREFIX_PATH=${CMAKE_PREFIX_PATH}:/home/leime957/TDDE05/ros2_ws/install/exploration:/home/leime957/TDDE05/ros2_ws/install/human:/home/leime957/TDDE05/ros2_ws/install/air_navigation_examples:/home/leime957/TDDE05/ros2_ws/install/air_lab5:/home/leime957/TDDE05/ros2_ws/install/air_lab3:/home/leime957/TDDE05/ros2_ws/install/air_lab_common:/home/leime957/TDDE05/ros2_ws/install/air_lab2:/home/leime957/TDDE05/ros2_ws/install/air_bringup:/opt/air_ws/install/air_simple_sim:/opt/air_ws/install/air_bringup:/opt/ros/humble /usr/bin/cmake --build /home/leime957/TDDE05/ros2_ws/build/project_interface -- -j20 -l20
[7.470s] [  3%] Built target project_interface__cpp
[7.470s] [ 12%] Built target project_interface__rosidl_generator_c
[7.470s] [ 12%] Built target ament_cmake_python_symlink_project_interface
[7.471s] [ 32%] Built target project_interface__rosidl_typesupport_cpp
[7.471s] [ 32%] Built target project_interface__rosidl_typesupport_introspection_cpp
[7.471s] [ 41%] Built target project_interface__rosidl_typesupport_c
[7.471s] [ 51%] Built target project_interface__rosidl_typesupport_introspection_c
[7.471s] [ 64%] Built target project_interface__rosidl_typesupport_fastrtps_cpp
[7.471s] [ 70%] Built target project_interface__rosidl_typesupport_fastrtps_c
[7.471s] [ 70%] Built target project_interface
[7.471s] [ 74%] Built target project_interface__py
[7.471s] [ 80%] Built target project_interface__rosidl_generator_py
[7.471s] [ 87%] Built target project_interface__rosidl_typesupport_introspection_c__pyext
[7.471s] [ 93%] Built target project_interface__rosidl_typesupport_fastrtps_c__pyext
[7.471s] [100%] Built target project_interface__rosidl_typesupport_c__pyext
[7.471s] running egg_info
[7.471s] writing project_interface.egg-info/PKG-INFO
[7.471s] writing dependency_links to project_interface.egg-info/dependency_links.txt
[7.471s] writing top-level names to project_interface.egg-info/top_level.txt
[7.471s] reading manifest file 'project_interface.egg-info/SOURCES.txt'
[7.471s] writing manifest file 'project_interface.egg-info/SOURCES.txt'
[7.471s] [100%] Built target ament_cmake_python_build_project_interface_egg
[7.472s] Invoked command in '/home/leime957/TDDE05/ros2_ws/build/project_interface' returned '0': CMAKE_PREFIX_PATH=${CMAKE_PREFIX_PATH}:/home/leime957/TDDE05/ros2_ws/install/exploration:/home/leime957/TDDE05/ros2_ws/install/human:/home/leime957/TDDE05/ros2_ws/install/air_navigation_examples:/home/leime957/TDDE05/ros2_ws/install/air_lab5:/home/leime957/TDDE05/ros2_ws/install/air_lab3:/home/leime957/TDDE05/ros2_ws/install/air_lab_common:/home/leime957/TDDE05/ros2_ws/install/air_lab2:/home/leime957/TDDE05/ros2_ws/install/air_bringup:/opt/air_ws/install/air_simple_sim:/opt/air_ws/install/air_bringup:/opt/ros/humble /usr/bin/cmake --build /home/leime957/TDDE05/ros2_ws/build/project_interface -- -j20 -l20
[7.503s] Invoking command in '/home/leime957/TDDE05/ros2_ws/build/project_interface': CMAKE_PREFIX_PATH=${CMAKE_PREFIX_PATH}:/home/leime957/TDDE05/ros2_ws/install/exploration:/home/leime957/TDDE05/ros2_ws/install/human:/home/leime957/TDDE05/ros2_ws/install/air_navigation_examples:/home/leime957/TDDE05/ros2_ws/install/air_lab5:/home/leime957/TDDE05/ros2_ws/install/air_lab3:/home/leime957/TDDE05/ros2_ws/install/air_lab_common:/home/leime957/TDDE05/ros2_ws/install/air_lab2:/home/leime957/TDDE05/ros2_ws/install/air_bringup:/opt/air_ws/install/air_simple_sim:/opt/air_ws/install/air_bringup:/opt/ros/humble /usr/bin/cmake --install /home/leime957/TDDE05/ros2_ws/build/project_interface
[10.160s] -- Install configuration: ""
[10.160s] -- Execute custom install script
[10.160s] -- Up-to-date symlink: /home/leime957/TDDE05/ros2_ws/install/project_interface/share/ament_index/resource_index/rosidl_interfaces/project_interface
[10.163s] -- Up-to-date symlink: /home/leime957/TDDE05/ros2_ws/install/project_interface/include/project_interface/project_interface/msg/rosidl_generator_c__visibility_control.h
[10.163s] -- Up-to-date symlink: /home/leime957/TDDE05/ros2_ws/install/project_interface/include/project_interface/project_interface/srv/detail/explore_goal__functions.h
[10.163s] -- Up-to-date symlink: /home/leime957/TDDE05/ros2_ws/install/project_interface/include/project_interface/project_interface/srv/detail/explore_goal__struct.h
[10.163s] -- Up-to-date symlink: /home/leime957/TDDE05/ros2_ws/install/project_interface/include/project_interface/project_interface/srv/detail/explore_goal__type_support.h
[10.164s] -- Up-to-date symlink: /home/leime957/TDDE05/ros2_ws/install/project_interface/include/project_interface/project_interface/srv/explore_goal.h
[10.164s] -- Up-to-date symlink: /home/leime957/TDDE05/ros2_ws/install/project_interface/share/project_interface/environment/library_path.sh
[10.164s] -- Up-to-date symlink: /home/leime957/TDDE05/ros2_ws/install/project_interface/share/project_interface/environment/library_path.dsv
[10.164s] -- Up-to-date symlink: /home/leime957/TDDE05/ros2_ws/install/project_interface/include/project_interface/project_interface/msg/rosidl_typesupport_fastrtps_c__visibility_control.h
[10.164s] -- Up-to-date symlink: /home/leime957/TDDE05/ros2_ws/install/project_interface/include/project_interface/project_interface/srv/detail/explore_goal__rosidl_typesupport_fastrtps_c.h
[10.164s] -- Up-to-date symlink: /home/leime957/TDDE05/ros2_ws/install/project_interface/include/project_interface/project_interface/msg/rosidl_generator_cpp__visibility_control.hpp
[10.164s] -- Up-to-date symlink: /home/leime957/TDDE05/ros2_ws/install/project_interface/include/project_interface/project_interface/srv/detail/explore_goal__builder.hpp
[10.166s] -- Up-to-date symlink: /home/leime957/TDDE05/ros2_ws/install/project_interface/include/project_interface/project_interface/srv/detail/explore_goal__struct.hpp
[10.166s] -- Up-to-date symlink: /home/leime957/TDDE05/ros2_ws/install/project_interface/include/project_interface/project_interface/srv/detail/explore_goal__traits.hpp
[10.166s] -- Up-to-date symlink: /home/leime957/TDDE05/ros2_ws/install/project_interface/include/project_interface/project_interface/srv/detail/explore_goal__type_support.hpp
[10.166s] -- Up-to-date symlink: /home/leime957/TDDE05/ros2_ws/install/project_interface/include/project_interface/project_interface/srv/explore_goal.hpp
[10.166s] -- Up-to-date symlink: /home/leime957/TDDE05/ros2_ws/install/project_interface/include/project_interface/project_interface/msg/rosidl_typesupport_fastrtps_cpp__visibility_control.h
[10.166s] -- Up-to-date symlink: /home/leime957/TDDE05/ros2_ws/install/project_interface/include/project_interface/project_interface/srv/detail/explore_goal__rosidl_typesupport_fastrtps_cpp.hpp
[10.166s] -- Up-to-date symlink: /home/leime957/TDDE05/ros2_ws/install/project_interface/include/project_interface/project_interface/msg/rosidl_typesupport_introspection_c__visibility_control.h
[10.166s] -- Up-to-date symlink: /home/leime957/TDDE05/ros2_ws/install/project_interface/include/project_interface/project_interface/srv/detail/explore_goal__rosidl_typesupport_introspection_c.h
[10.166s] -- Up-to-date symlink: /home/leime957/TDDE05/ros2_ws/install/project_interface/include/project_interface/project_interface/srv/detail/explore_goal__rosidl_typesupport_introspection_cpp.hpp
[10.166s] -- Up-to-date symlink: /home/leime957/TDDE05/ros2_ws/install/project_interface/share/project_interface/environment/pythonpath.sh
[10.166s] -- Up-to-date symlink: /home/leime957/TDDE05/ros2_ws/install/project_interface/share/project_interface/environment/pythonpath.dsv
[10.166s] -- Up-to-date symlink: /home/leime957/TDDE05/ros2_ws/install/project_interface/local/lib/python3.10/dist-packages/project_interface-0.0.0-py3.10.egg-info/PKG-INFO
[10.166s] -- Up-to-date symlink: /home/leime957/TDDE05/ros2_ws/install/project_interface/local/lib/python3.10/dist-packages/project_interface-0.0.0-py3.10.egg-info/SOURCES.txt
[10.166s] -- Up-to-date symlink: /home/leime957/TDDE05/ros2_ws/install/project_interface/local/lib/python3.10/dist-packages/project_interface-0.0.0-py3.10.egg-info/dependency_links.txt
[10.168s] -- Up-to-date symlink: /home/leime957/TDDE05/ros2_ws/install/project_interface/local/lib/python3.10/dist-packages/project_interface-0.0.0-py3.10.egg-info/top_level.txt
[10.168s] -- Up-to-date symlink: /home/leime957/TDDE05/ros2_ws/install/project_interface/local/lib/python3.10/dist-packages/project_interface/__init__.py
[10.168s] -- Up-to-date symlink: /home/leime957/TDDE05/ros2_ws/install/project_interface/local/lib/python3.10/dist-packages/project_interface/_project_interface_s.ep.rosidl_typesupport_c.c
[10.168s] -- Up-to-date symlink: /home/leime957/TDDE05/ros2_ws/install/project_interface/local/lib/python3.10/dist-packages/project_interface/_project_interface_s.ep.rosidl_typesupport_fastrtps_c.c
[10.168s] -- Up-to-date symlink: /home/leime957/TDDE05/ros2_ws/install/project_interface/local/lib/python3.10/dist-packages/project_interface/_project_interface_s.ep.rosidl_typesupport_introspection_c.c
[10.168s] -- Up-to-date symlink: /home/leime957/TDDE05/ros2_ws/install/project_interface/local/lib/python3.10/dist-packages/project_interface/libproject_interface__rosidl_generator_py.so
[10.168s] -- Up-to-date symlink: /home/leime957/TDDE05/ros2_ws/install/project_interface/local/lib/python3.10/dist-packages/project_interface/project_interface_s__rosidl_typesupport_c.cpython-310-x86_64-linux-gnu.so
[10.168s] -- Up-to-date symlink: /home/leime957/TDDE05/ros2_ws/install/project_interface/local/lib/python3.10/dist-packages/project_interface/project_interface_s__rosidl_typesupport_fastrtps_c.cpython-310-x86_64-linux-gnu.so
[10.168s] -- Up-to-date symlink: /home/leime957/TDDE05/ros2_ws/install/project_interface/local/lib/python3.10/dist-packages/project_interface/project_interface_s__rosidl_typesupport_introspection_c.cpython-310-x86_64-linux-gnu.so
[10.168s] -- Up-to-date symlink: /home/leime957/TDDE05/ros2_ws/install/project_interface/local/lib/python3.10/dist-packages/project_interface/srv/__init__.py
[10.168s] -- Up-to-date symlink: /home/leime957/TDDE05/ros2_ws/install/project_interface/local/lib/python3.10/dist-packages/project_interface/srv/_explore_goal.py
[10.168s] -- Up-to-date symlink: /home/leime957/TDDE05/ros2_ws/install/project_interface/local/lib/python3.10/dist-packages/project_interface/srv/_explore_goal_s.c
[10.170s] -- Up-to-date symlink: /home/leime957/TDDE05/ros2_ws/install/project_interface/local/lib/python3.10/dist-packages/project_interface/project_interface_s__rosidl_typesupport_fastrtps_c.cpython-310-x86_64-linux-gnu.so
[10.170s] -- Up-to-date symlink: /home/leime957/TDDE05/ros2_ws/install/project_interface/local/lib/python3.10/dist-packages/project_interface/project_interface_s__rosidl_typesupport_introspection_c.cpython-310-x86_64-linux-gnu.so
[10.170s] -- Up-to-date symlink: /home/leime957/TDDE05/ros2_ws/install/project_interface/local/lib/python3.10/dist-packages/project_interface/project_interface_s__rosidl_typesupport_c.cpython-310-x86_64-linux-gnu.so
[10.170s] -- Up-to-date symlink: /home/leime957/TDDE05/ros2_ws/install/project_interface/share/project_interface/srv/ExploreGoal.idl
[10.170s] -- Up-to-date symlink: /home/leime957/TDDE05/ros2_ws/install/project_interface/share/project_interface/srv/ExploreGoal.srv
[10.171s] -- Up-to-date symlink: /home/leime957/TDDE05/ros2_ws/install/project_interface/share/project_interface/srv/ExploreGoal_Request.msg
[10.171s] -- Up-to-date symlink: /home/leime957/TDDE05/ros2_ws/install/project_interface/share/project_interface/srv/ExploreGoal_Response.msg
[10.171s] -- Up-to-date symlink: /home/leime957/TDDE05/ros2_ws/install/project_interface/share/ament_index/resource_index/package_run_dependencies/project_interface
[10.171s] -- Up-to-date symlink: /home/leime957/TDDE05/ros2_ws/install/project_interface/share/ament_index/resource_index/parent_prefix_path/project_interface
[10.171s] -- Up-to-date symlink: /home/leime957/TDDE05/ros2_ws/install/project_interface/share/project_interface/environment/ament_prefix_path.sh
[10.171s] -- Up-to-date symlink: /home/leime957/TDDE05/ros2_ws/install/project_interface/share/project_interface/environment/ament_prefix_path.dsv
[10.171s] -- Up-to-date symlink: /home/leime957/TDDE05/ros2_ws/install/project_interface/share/project_interface/environment/path.sh
[10.171s] -- Up-to-date symlink: /home/leime957/TDDE05/ros2_ws/install/project_interface/share/project_interface/environment/path.dsv
[10.172s] -- Up-to-date symlink: /home/leime957/TDDE05/ros2_ws/install/project_interface/share/project_interface/local_setup.bash
[10.172s] -- Up-to-date symlink: /home/leime957/TDDE05/ros2_ws/install/project_interface/share/project_interface/local_setup.sh
[10.172s] -- Up-to-date symlink: /home/leime957/TDDE05/ros2_ws/install/project_interface/share/project_interface/local_setup.zsh
[10.172s] -- Up-to-date symlink: /home/leime957/TDDE05/ros2_ws/install/project_interface/share/project_interface/local_setup.dsv
[10.172s] -- Symlinking: /home/leime957/TDDE05/ros2_ws/install/project_interface/share/project_interface/package.dsv
[10.172s] -- Up-to-date symlink: /home/leime957/TDDE05/ros2_ws/install/project_interface/share/ament_index/resource_index/packages/project_interface
[10.172s] -- Up-to-date symlink: /home/leime957/TDDE05/ros2_ws/install/project_interface/share/project_interface/cmake/rosidl_cmake-extras.cmake
[10.172s] -- Up-to-date symlink: /home/leime957/TDDE05/ros2_ws/install/project_interface/share/project_interface/cmake/ament_cmake_export_dependencies-extras.cmake
[10.172s] -- Up-to-date symlink: /home/leime957/TDDE05/ros2_ws/install/project_interface/share/project_interface/cmake/ament_cmake_export_include_directories-extras.cmake
[10.172s] -- Up-to-date symlink: /home/leime957/TDDE05/ros2_ws/install/project_interface/share/project_interface/cmake/ament_cmake_export_libraries-extras.cmake
[10.172s] -- Up-to-date symlink: /home/leime957/TDDE05/ros2_ws/install/project_interface/share/project_interface/cmake/ament_cmake_export_targets-extras.cmake
[10.172s] -- Up-to-date symlink: /home/leime957/TDDE05/ros2_ws/install/project_interface/share/project_interface/cmake/rosidl_cmake_export_typesupport_targets-extras.cmake
[10.172s] -- Up-to-date symlink: /home/leime957/TDDE05/ros2_ws/install/project_interface/share/project_interface/cmake/rosidl_cmake_export_typesupport_libraries-extras.cmake
[10.172s] -- Up-to-date symlink: /home/leime957/TDDE05/ros2_ws/install/project_interface/share/project_interface/cmake/project_interfaceConfig.cmake
[10.172s] -- Up-to-date symlink: /home/leime957/TDDE05/ros2_ws/install/project_interface/share/project_interface/cmake/project_interfaceConfig-version.cmake
[10.172s] -- Up-to-date symlink: /home/leime957/TDDE05/ros2_ws/install/project_interface/share/project_interface/package.xml
[10.173s] -- Up-to-date: /home/leime957/TDDE05/ros2_ws/install/project_interface/lib/libproject_interface__rosidl_generator_c.so
[10.173s] -- Up-to-date: /home/leime957/TDDE05/ros2_ws/install/project_interface/lib/libproject_interface__rosidl_typesupport_fastrtps_c.so
[10.173s] -- Up-to-date: /home/leime957/TDDE05/ros2_ws/install/project_interface/lib/libproject_interface__rosidl_typesupport_fastrtps_cpp.so
[10.173s] -- Up-to-date: /home/leime957/TDDE05/ros2_ws/install/project_interface/lib/libproject_interface__rosidl_typesupport_introspection_c.so
[10.173s] -- Up-to-date: /home/leime957/TDDE05/ros2_ws/install/project_interface/lib/libproject_interface__rosidl_typesupport_c.so
[10.173s] -- Up-to-date: /home/leime957/TDDE05/ros2_ws/install/project_interface/lib/libproject_interface__rosidl_typesupport_introspection_cpp.so
[10.173s] -- Up-to-date: /home/leime957/TDDE05/ros2_ws/install/project_interface/lib/libproject_interface__rosidl_typesupport_cpp.so
[10.173s] Listing '/home/leime957/TDDE05/ros2_ws/install/project_interface/local/lib/python3.10/dist-packages/project_interface'...
[10.173s] Listing '/home/leime957/TDDE05/ros2_ws/install/project_interface/local/lib/python3.10/dist-packages/project_interface/srv'...
[10.173s] -- Up-to-date: /home/leime957/TDDE05/ros2_ws/install/project_interface/lib/libproject_interface__rosidl_generator_py.so
[10.174s] -- Up-to-date: /home/leime957/TDDE05/ros2_ws/install/project_interface/share/project_interface/cmake/export_project_interface__rosidl_generator_cExport.cmake
[10.174s] -- Up-to-date: /home/leime957/TDDE05/ros2_ws/install/project_interface/share/project_interface/cmake/export_project_interface__rosidl_generator_cExport-noconfig.cmake
[10.174s] -- Up-to-date: /home/leime957/TDDE05/ros2_ws/install/project_interface/share/project_interface/cmake/export_project_interface__rosidl_typesupport_fastrtps_cExport.cmake
[10.174s] -- Up-to-date: /home/leime957/TDDE05/ros2_ws/install/project_interface/share/project_interface/cmake/export_project_interface__rosidl_typesupport_fastrtps_cExport-noconfig.cmake
[10.175s] -- Up-to-date: /home/leime957/TDDE05/ros2_ws/install/project_interface/share/project_interface/cmake/export_project_interface__rosidl_generator_cppExport.cmake
[10.175s] -- Up-to-date: /home/leime957/TDDE05/ros2_ws/install/project_interface/share/project_interface/cmake/export_project_interface__rosidl_typesupport_fastrtps_cppExport.cmake
[10.175s] -- Up-to-date: /home/leime957/TDDE05/ros2_ws/install/project_interface/share/project_interface/cmake/export_project_interface__rosidl_typesupport_fastrtps_cppExport-noconfig.cmake
[10.175s] -- Up-to-date: /home/leime957/TDDE05/ros2_ws/install/project_interface/share/project_interface/cmake/project_interface__rosidl_typesupport_introspection_cExport.cmake
[10.175s] -- Up-to-date: /home/leime957/TDDE05/ros2_ws/install/project_interface/share/project_interface/cmake/project_interface__rosidl_typesupport_introspection_cExport-noconfig.cmake
[10.175s] -- Up-to-date: /home/leime957/TDDE05/ros2_ws/install/project_interface/share/project_interface/cmake/project_interface__rosidl_typesupport_cExport.cmake
[10.175s] -- Up-to-date: /home/leime957/TDDE05/ros2_ws/install/project_interface/share/project_interface/cmake/project_interface__rosidl_typesupport_cExport-noconfig.cmake
[10.176s] -- Up-to-date: /home/leime957/TDDE05/ros2_ws/install/project_interface/share/project_interface/cmake/project_interface__rosidl_typesupport_introspection_cppExport.cmake
[10.176s] -- Up-to-date: /home/leime957/TDDE05/ros2_ws/install/project_interface/share/project_interface/cmake/project_interface__rosidl_typesupport_introspection_cppExport-noconfig.cmake
[10.176s] -- Up-to-date: /home/leime957/TDDE05/ros2_ws/install/project_interface/share/project_interface/cmake/project_interface__rosidl_typesupport_cppExport.cmake
[10.176s] -- Up-to-date: /home/leime957/TDDE05/ros2_ws/install/project_interface/share/project_interface/cmake/project_interface__rosidl_typesupport_cppExport-noconfig.cmake
[10.176s] -- Up-to-date: /home/leime957/TDDE05/ros2_ws/install/project_interface/share/project_interface/cmake/export_project_interface__rosidl_generator_pyExport.cmake
[10.176s] -- Up-to-date: /home/leime957/TDDE05/ros2_ws/install/project_interface/share/project_interface/cmake/export_project_interface__rosidl_generator_pyExport-noconfig.cmake
[10.211s] Invoked command in '/home/leime957/TDDE05/ros2_ws/build/project_interface' returned '0': CMAKE_PREFIX_PATH=${CMAKE_PREFIX_PATH}:/home/leime957/TDDE05/ros2_ws/install/exploration:/home/leime957/TDDE05/ros2_ws/install/human:/home/leime957/TDDE05/ros2_ws/install/air_navigation_examples:/home/leime957/TDDE05/ros2_ws/install/air_lab5:/home/leime957/TDDE05/ros2_ws/install/air_lab3:/home/leime957/TDDE05/ros2_ws/install/air_lab_common:/home/leime957/TDDE05/ros2_ws/install/air_lab2:/home/leime957/TDDE05/ros2_ws/install/air_bringup:/opt/air_ws/install/air_simple_sim:/opt/air_ws/install/air_bringup:/opt/ros/humble /usr/bin/cmake --install /home/leime957/TDDE05/ros2_ws/build/project_interface
