[0.278s] Invoking command in '/home/leime957/TDDE05/ros2_ws/build/air_lab_interfaces': CMAKE_PREFIX_PATH=${CMAKE_PREFIX_PATH}:/home/leime957/TDDE05/ros2_ws/install/exploration:/home/leime957/TDDE05/ros2_ws/install/human:/home/leime957/TDDE05/ros2_ws/install/air_navigation_examples:/home/leime957/TDDE05/ros2_ws/install/air_lab5:/home/leime957/TDDE05/ros2_ws/install/air_lab3:/home/leime957/TDDE05/ros2_ws/install/air_lab_common:/home/leime957/TDDE05/ros2_ws/install/air_lab2:/home/leime957/TDDE05/ros2_ws/install/air_bringup:/opt/air_ws/install/air_simple_sim:/opt/air_ws/install/air_bringup:/opt/ros/humble /usr/bin/cmake --build /home/leime957/TDDE05/ros2_ws/build/air_lab_interfaces -- -j20 -l20
[12.959s] [  2%] Built target air_lab_interfaces__cpp
[12.959s] [ 12%] Built target air_lab_interfaces__rosidl_generator_c
[12.959s] [ 12%] Built target ament_cmake_python_symlink_air_lab_interfaces
[12.959s] [ 48%] Built target air_lab_interfaces__rosidl_typesupport_introspection_cpp
[12.959s] [ 55%] Built target air_lab_interfaces__rosidl_typesupport_introspection_c
[12.959s] [ 55%] Built target air_lab_interfaces__rosidl_typesupport_c
[12.959s] [ 55%] Built target air_lab_interfaces__rosidl_typesupport_cpp
[12.959s] [ 65%] Built target air_lab_interfaces__rosidl_typesupport_fastrtps_c
[12.959s] [ 76%] Built target air_lab_interfaces__rosidl_typesupport_fastrtps_cpp
[12.959s] [ 76%] Built target air_lab_interfaces
[12.959s] [ 78%] Built target air_lab_interfaces__py
[12.960s] [ 87%] Built target air_lab_interfaces__rosidl_generator_py
[12.960s] [ 97%] Built target air_lab_interfaces__rosidl_typesupport_c__pyext
[12.960s] [100%] Built target air_lab_interfaces__rosidl_typesupport_introspection_c__pyext
[12.960s] [100%] Built target air_lab_interfaces__rosidl_typesupport_fastrtps_c__pyext
[12.960s] running egg_info
[12.960s] writing air_lab_interfaces.egg-info/PKG-INFO
[12.960s] writing dependency_links to air_lab_interfaces.egg-info/dependency_links.txt
[12.960s] writing top-level names to air_lab_interfaces.egg-info/top_level.txt
[12.970s] reading manifest file 'air_lab_interfaces.egg-info/SOURCES.txt'
[12.970s] writing manifest file 'air_lab_interfaces.egg-info/SOURCES.txt'
[12.970s] [100%] Built target ament_cmake_python_build_air_lab_interfaces_egg
[16.634s] Invoked command in '/home/leime957/TDDE05/ros2_ws/build/air_lab_interfaces' returned '0': CMAKE_PREFIX_PATH=${CMAKE_PREFIX_PATH}:/home/leime957/TDDE05/ros2_ws/install/exploration:/home/leime957/TDDE05/ros2_ws/install/human:/home/leime957/TDDE05/ros2_ws/install/air_navigation_examples:/home/leime957/TDDE05/ros2_ws/install/air_lab5:/home/leime957/TDDE05/ros2_ws/install/air_lab3:/home/leime957/TDDE05/ros2_ws/install/air_lab_common:/home/leime957/TDDE05/ros2_ws/install/air_lab2:/home/leime957/TDDE05/ros2_ws/install/air_bringup:/opt/air_ws/install/air_simple_sim:/opt/air_ws/install/air_bringup:/opt/ros/humble /usr/bin/cmake --build /home/leime957/TDDE05/ros2_ws/build/air_lab_interfaces -- -j20 -l20
[16.642s] Invoking command in '/home/leime957/TDDE05/ros2_ws/build/air_lab_interfaces': CMAKE_PREFIX_PATH=${CMAKE_PREFIX_PATH}:/home/leime957/TDDE05/ros2_ws/install/exploration:/home/leime957/TDDE05/ros2_ws/install/human:/home/leime957/TDDE05/ros2_ws/install/air_navigation_examples:/home/leime957/TDDE05/ros2_ws/install/air_lab5:/home/leime957/TDDE05/ros2_ws/install/air_lab3:/home/leime957/TDDE05/ros2_ws/install/air_lab_common:/home/leime957/TDDE05/ros2_ws/install/air_lab2:/home/leime957/TDDE05/ros2_ws/install/air_bringup:/opt/air_ws/install/air_simple_sim:/opt/air_ws/install/air_bringup:/opt/ros/humble /usr/bin/cmake --install /home/leime957/TDDE05/ros2_ws/build/air_lab_interfaces
[16.825s] -- Install configuration: ""
[16.827s] -- Execute custom install script
[16.829s] -- Up-to-date symlink: /home/leime957/TDDE05/ros2_ws/install/air_lab_interfaces/share/ament_index/resource_index/rosidl_interfaces/air_lab_interfaces
[16.833s] -- Up-to-date symlink: /home/leime957/TDDE05/ros2_ws/install/air_lab_interfaces/include/air_lab_interfaces/air_lab_interfaces/msg/detail/goal__functions.h
[16.834s] -- Up-to-date symlink: /home/leime957/TDDE05/ros2_ws/install/air_lab_interfaces/include/air_lab_interfaces/air_lab_interfaces/msg/detail/goal__struct.h
[16.835s] -- Up-to-date symlink: /home/leime957/TDDE05/ros2_ws/install/air_lab_interfaces/include/air_lab_interfaces/air_lab_interfaces/msg/detail/goal__type_support.h
[16.837s] -- Up-to-date symlink: /home/leime957/TDDE05/ros2_ws/install/air_lab_interfaces/include/air_lab_interfaces/air_lab_interfaces/msg/detail/goals__functions.h
[16.838s] -- Up-to-date symlink: /home/leime957/TDDE05/ros2_ws/install/air_lab_interfaces/include/air_lab_interfaces/air_lab_interfaces/msg/detail/goals__struct.h
[16.839s] -- Up-to-date symlink: /home/leime957/TDDE05/ros2_ws/install/air_lab_interfaces/include/air_lab_interfaces/air_lab_interfaces/msg/detail/goals__type_support.h
[16.842s] -- Up-to-date symlink: /home/leime957/TDDE05/ros2_ws/install/air_lab_interfaces/include/air_lab_interfaces/air_lab_interfaces/msg/goal.h
[16.843s] -- Up-to-date symlink: /home/leime957/TDDE05/ros2_ws/install/air_lab_interfaces/include/air_lab_interfaces/air_lab_interfaces/msg/goals.h
[16.845s] -- Up-to-date symlink: /home/leime957/TDDE05/ros2_ws/install/air_lab_interfaces/include/air_lab_interfaces/air_lab_interfaces/msg/rosidl_generator_c__visibility_control.h
[16.846s] -- Up-to-date symlink: /home/leime957/TDDE05/ros2_ws/install/air_lab_interfaces/include/air_lab_interfaces/air_lab_interfaces/srv/detail/execute_tst__functions.h
[16.848s] -- Up-to-date symlink: /home/leime957/TDDE05/ros2_ws/install/air_lab_interfaces/include/air_lab_interfaces/air_lab_interfaces/srv/detail/execute_tst__struct.h
[16.849s] -- Up-to-date symlink: /home/leime957/TDDE05/ros2_ws/install/air_lab_interfaces/include/air_lab_interfaces/air_lab_interfaces/srv/detail/execute_tst__type_support.h
[16.850s] -- Up-to-date symlink: /home/leime957/TDDE05/ros2_ws/install/air_lab_interfaces/include/air_lab_interfaces/air_lab_interfaces/srv/execute_tst.h
[16.852s] -- Up-to-date symlink: /home/leime957/TDDE05/ros2_ws/install/air_lab_interfaces/share/air_lab_interfaces/environment/library_path.sh
[16.854s] -- Up-to-date symlink: /home/leime957/TDDE05/ros2_ws/install/air_lab_interfaces/share/air_lab_interfaces/environment/library_path.dsv
[16.858s] -- Up-to-date symlink: /home/leime957/TDDE05/ros2_ws/install/air_lab_interfaces/include/air_lab_interfaces/air_lab_interfaces/msg/detail/goal__rosidl_typesupport_fastrtps_c.h
[16.859s] -- Up-to-date symlink: /home/leime957/TDDE05/ros2_ws/install/air_lab_interfaces/include/air_lab_interfaces/air_lab_interfaces/msg/detail/goals__rosidl_typesupport_fastrtps_c.h
[16.860s] -- Up-to-date symlink: /home/leime957/TDDE05/ros2_ws/install/air_lab_interfaces/include/air_lab_interfaces/air_lab_interfaces/msg/rosidl_typesupport_fastrtps_c__visibility_control.h
[16.862s] -- Up-to-date symlink: /home/leime957/TDDE05/ros2_ws/install/air_lab_interfaces/include/air_lab_interfaces/air_lab_interfaces/srv/detail/execute_tst__rosidl_typesupport_fastrtps_c.h
[16.864s] -- Up-to-date symlink: /home/leime957/TDDE05/ros2_ws/install/air_lab_interfaces/include/air_lab_interfaces/air_lab_interfaces/msg/detail/goal__builder.hpp
[16.866s] -- Up-to-date symlink: /home/leime957/TDDE05/ros2_ws/install/air_lab_interfaces/include/air_lab_interfaces/air_lab_interfaces/msg/detail/goal__struct.hpp
[16.867s] -- Up-to-date symlink: /home/leime957/TDDE05/ros2_ws/install/air_lab_interfaces/include/air_lab_interfaces/air_lab_interfaces/msg/detail/goal__traits.hpp
[16.869s] -- Up-to-date symlink: /home/leime957/TDDE05/ros2_ws/install/air_lab_interfaces/include/air_lab_interfaces/air_lab_interfaces/msg/detail/goal__type_support.hpp
[16.870s] -- Up-to-date symlink: /home/leime957/TDDE05/ros2_ws/install/air_lab_interfaces/include/air_lab_interfaces/air_lab_interfaces/msg/detail/goals__builder.hpp
[16.871s] -- Up-to-date symlink: /home/leime957/TDDE05/ros2_ws/install/air_lab_interfaces/include/air_lab_interfaces/air_lab_interfaces/msg/detail/goals__struct.hpp
[16.872s] -- Up-to-date symlink: /home/leime957/TDDE05/ros2_ws/install/air_lab_interfaces/include/air_lab_interfaces/air_lab_interfaces/msg/detail/goals__traits.hpp
[16.874s] -- Up-to-date symlink: /home/leime957/TDDE05/ros2_ws/install/air_lab_interfaces/include/air_lab_interfaces/air_lab_interfaces/msg/detail/goals__type_support.hpp
[16.875s] -- Up-to-date symlink: /home/leime957/TDDE05/ros2_ws/install/air_lab_interfaces/include/air_lab_interfaces/air_lab_interfaces/msg/goal.hpp
[16.876s] -- Up-to-date symlink: /home/leime957/TDDE05/ros2_ws/install/air_lab_interfaces/include/air_lab_interfaces/air_lab_interfaces/msg/goals.hpp
[16.878s] -- Up-to-date symlink: /home/leime957/TDDE05/ros2_ws/install/air_lab_interfaces/include/air_lab_interfaces/air_lab_interfaces/msg/rosidl_generator_cpp__visibility_control.hpp
[16.879s] -- Up-to-date symlink: /home/leime957/TDDE05/ros2_ws/install/air_lab_interfaces/include/air_lab_interfaces/air_lab_interfaces/srv/detail/execute_tst__builder.hpp
[16.881s] -- Up-to-date symlink: /home/leime957/TDDE05/ros2_ws/install/air_lab_interfaces/include/air_lab_interfaces/air_lab_interfaces/srv/detail/execute_tst__struct.hpp
[16.882s] -- Up-to-date symlink: /home/leime957/TDDE05/ros2_ws/install/air_lab_interfaces/include/air_lab_interfaces/air_lab_interfaces/srv/detail/execute_tst__traits.hpp
[16.883s] -- Up-to-date symlink: /home/leime957/TDDE05/ros2_ws/install/air_lab_interfaces/include/air_lab_interfaces/air_lab_interfaces/srv/detail/execute_tst__type_support.hpp
[16.885s] -- Up-to-date symlink: /home/leime957/TDDE05/ros2_ws/install/air_lab_interfaces/include/air_lab_interfaces/air_lab_interfaces/srv/execute_tst.hpp
[16.891s] -- Up-to-date symlink: /home/leime957/TDDE05/ros2_ws/install/air_lab_interfaces/include/air_lab_interfaces/air_lab_interfaces/msg/detail/goal__rosidl_typesupport_fastrtps_cpp.hpp
[16.892s] -- Up-to-date symlink: /home/leime957/TDDE05/ros2_ws/install/air_lab_interfaces/include/air_lab_interfaces/air_lab_interfaces/msg/detail/goals__rosidl_typesupport_fastrtps_cpp.hpp
[16.893s] -- Up-to-date symlink: /home/leime957/TDDE05/ros2_ws/install/air_lab_interfaces/include/air_lab_interfaces/air_lab_interfaces/msg/rosidl_typesupport_fastrtps_cpp__visibility_control.h
[16.894s] -- Up-to-date symlink: /home/leime957/TDDE05/ros2_ws/install/air_lab_interfaces/include/air_lab_interfaces/air_lab_interfaces/srv/detail/execute_tst__rosidl_typesupport_fastrtps_cpp.hpp
[16.897s] -- Up-to-date symlink: /home/leime957/TDDE05/ros2_ws/install/air_lab_interfaces/include/air_lab_interfaces/air_lab_interfaces/msg/detail/goal__rosidl_typesupport_introspection_c.h
[16.898s] -- Up-to-date symlink: /home/leime957/TDDE05/ros2_ws/install/air_lab_interfaces/include/air_lab_interfaces/air_lab_interfaces/msg/detail/goals__rosidl_typesupport_introspection_c.h
[16.899s] -- Up-to-date symlink: /home/leime957/TDDE05/ros2_ws/install/air_lab_interfaces/include/air_lab_interfaces/air_lab_interfaces/msg/rosidl_typesupport_introspection_c__visibility_control.h
[16.901s] -- Up-to-date symlink: /home/leime957/TDDE05/ros2_ws/install/air_lab_interfaces/include/air_lab_interfaces/air_lab_interfaces/srv/detail/execute_tst__rosidl_typesupport_introspection_c.h
[16.904s] -- Up-to-date symlink: /home/leime957/TDDE05/ros2_ws/install/air_lab_interfaces/include/air_lab_interfaces/air_lab_interfaces/msg/detail/goal__rosidl_typesupport_introspection_cpp.hpp
[16.905s] -- Up-to-date symlink: /home/leime957/TDDE05/ros2_ws/install/air_lab_interfaces/include/air_lab_interfaces/air_lab_interfaces/msg/detail/goals__rosidl_typesupport_introspection_cpp.hpp
[16.907s] -- Up-to-date symlink: /home/leime957/TDDE05/ros2_ws/install/air_lab_interfaces/include/air_lab_interfaces/air_lab_interfaces/srv/detail/execute_tst__rosidl_typesupport_introspection_cpp.hpp
[16.908s] -- Up-to-date symlink: /home/leime957/TDDE05/ros2_ws/install/air_lab_interfaces/share/air_lab_interfaces/environment/pythonpath.sh
[16.909s] -- Up-to-date symlink: /home/leime957/TDDE05/ros2_ws/install/air_lab_interfaces/share/air_lab_interfaces/environment/pythonpath.dsv
[16.911s] -- Up-to-date symlink: /home/leime957/TDDE05/ros2_ws/install/air_lab_interfaces/local/lib/python3.10/dist-packages/air_lab_interfaces-0.0.0-py3.10.egg-info/PKG-INFO
[16.913s] -- Up-to-date symlink: /home/leime957/TDDE05/ros2_ws/install/air_lab_interfaces/local/lib/python3.10/dist-packages/air_lab_interfaces-0.0.0-py3.10.egg-info/SOURCES.txt
[16.914s] -- Up-to-date symlink: /home/leime957/TDDE05/ros2_ws/install/air_lab_interfaces/local/lib/python3.10/dist-packages/air_lab_interfaces-0.0.0-py3.10.egg-info/dependency_links.txt
[16.915s] -- Up-to-date symlink: /home/leime957/TDDE05/ros2_ws/install/air_lab_interfaces/local/lib/python3.10/dist-packages/air_lab_interfaces-0.0.0-py3.10.egg-info/top_level.txt
[16.920s] -- Up-to-date symlink: /home/leime957/TDDE05/ros2_ws/install/air_lab_interfaces/local/lib/python3.10/dist-packages/air_lab_interfaces/__init__.py
[16.921s] -- Up-to-date symlink: /home/leime957/TDDE05/ros2_ws/install/air_lab_interfaces/local/lib/python3.10/dist-packages/air_lab_interfaces/_air_lab_interfaces_s.ep.rosidl_typesupport_c.c
[16.922s] -- Up-to-date symlink: /home/leime957/TDDE05/ros2_ws/install/air_lab_interfaces/local/lib/python3.10/dist-packages/air_lab_interfaces/_air_lab_interfaces_s.ep.rosidl_typesupport_fastrtps_c.c
[16.924s] -- Up-to-date symlink: /home/leime957/TDDE05/ros2_ws/install/air_lab_interfaces/local/lib/python3.10/dist-packages/air_lab_interfaces/_air_lab_interfaces_s.ep.rosidl_typesupport_introspection_c.c
[16.926s] -- Up-to-date symlink: /home/leime957/TDDE05/ros2_ws/install/air_lab_interfaces/local/lib/python3.10/dist-packages/air_lab_interfaces/air_lab_interfaces_s__rosidl_typesupport_c.cpython-310-x86_64-linux-gnu.so
[16.927s] -- Up-to-date symlink: /home/leime957/TDDE05/ros2_ws/install/air_lab_interfaces/local/lib/python3.10/dist-packages/air_lab_interfaces/air_lab_interfaces_s__rosidl_typesupport_fastrtps_c.cpython-310-x86_64-linux-gnu.so
[16.928s] -- Up-to-date symlink: /home/leime957/TDDE05/ros2_ws/install/air_lab_interfaces/local/lib/python3.10/dist-packages/air_lab_interfaces/air_lab_interfaces_s__rosidl_typesupport_introspection_c.cpython-310-x86_64-linux-gnu.so
[16.930s] -- Up-to-date symlink: /home/leime957/TDDE05/ros2_ws/install/air_lab_interfaces/local/lib/python3.10/dist-packages/air_lab_interfaces/libair_lab_interfaces__rosidl_generator_py.so
[16.931s] -- Up-to-date symlink: /home/leime957/TDDE05/ros2_ws/install/air_lab_interfaces/local/lib/python3.10/dist-packages/air_lab_interfaces/msg/__init__.py
[16.932s] -- Up-to-date symlink: /home/leime957/TDDE05/ros2_ws/install/air_lab_interfaces/local/lib/python3.10/dist-packages/air_lab_interfaces/msg/_goal.py
[16.934s] -- Up-to-date symlink: /home/leime957/TDDE05/ros2_ws/install/air_lab_interfaces/local/lib/python3.10/dist-packages/air_lab_interfaces/msg/_goal_s.c
[16.935s] -- Up-to-date symlink: /home/leime957/TDDE05/ros2_ws/install/air_lab_interfaces/local/lib/python3.10/dist-packages/air_lab_interfaces/msg/_goals.py
[16.942s] -- Up-to-date symlink: /home/leime957/TDDE05/ros2_ws/install/air_lab_interfaces/local/lib/python3.10/dist-packages/air_lab_interfaces/msg/_goals_s.c
[16.943s] -- Up-to-date symlink: /home/leime957/TDDE05/ros2_ws/install/air_lab_interfaces/local/lib/python3.10/dist-packages/air_lab_interfaces/srv/__init__.py
[16.943s] -- Up-to-date symlink: /home/leime957/TDDE05/ros2_ws/install/air_lab_interfaces/local/lib/python3.10/dist-packages/air_lab_interfaces/srv/_execute_tst.py
[16.943s] -- Up-to-date symlink: /home/leime957/TDDE05/ros2_ws/install/air_lab_interfaces/local/lib/python3.10/dist-packages/air_lab_interfaces/srv/_execute_tst_s.c
[16.943s] -- Up-to-date symlink: /home/leime957/TDDE05/ros2_ws/install/air_lab_interfaces/local/lib/python3.10/dist-packages/air_lab_interfaces/air_lab_interfaces_s__rosidl_typesupport_fastrtps_c.cpython-310-x86_64-linux-gnu.so
[16.945s] -- Up-to-date symlink: /home/leime957/TDDE05/ros2_ws/install/air_lab_interfaces/local/lib/python3.10/dist-packages/air_lab_interfaces/air_lab_interfaces_s__rosidl_typesupport_introspection_c.cpython-310-x86_64-linux-gnu.so
[16.946s] -- Up-to-date symlink: /home/leime957/TDDE05/ros2_ws/install/air_lab_interfaces/local/lib/python3.10/dist-packages/air_lab_interfaces/air_lab_interfaces_s__rosidl_typesupport_c.cpython-310-x86_64-linux-gnu.so
[16.948s] -- Up-to-date symlink: /home/leime957/TDDE05/ros2_ws/install/air_lab_interfaces/share/air_lab_interfaces/srv/ExecuteTst.idl
[16.950s] -- Up-to-date symlink: /home/leime957/TDDE05/ros2_ws/install/air_lab_interfaces/share/air_lab_interfaces/msg/Goal.idl
[16.951s] -- Up-to-date symlink: /home/leime957/TDDE05/ros2_ws/install/air_lab_interfaces/share/air_lab_interfaces/msg/Goals.idl
[16.953s] -- Up-to-date symlink: /home/leime957/TDDE05/ros2_ws/install/air_lab_interfaces/share/air_lab_interfaces/srv/ExecuteTst.srv
[16.954s] -- Up-to-date symlink: /home/leime957/TDDE05/ros2_ws/install/air_lab_interfaces/share/air_lab_interfaces/srv/ExecuteTst_Request.msg
[16.955s] -- Up-to-date symlink: /home/leime957/TDDE05/ros2_ws/install/air_lab_interfaces/share/air_lab_interfaces/srv/ExecuteTst_Response.msg
[16.957s] -- Up-to-date symlink: /home/leime957/TDDE05/ros2_ws/install/air_lab_interfaces/share/air_lab_interfaces/msg/Goal.msg
[16.958s] -- Up-to-date symlink: /home/leime957/TDDE05/ros2_ws/install/air_lab_interfaces/share/air_lab_interfaces/msg/Goals.msg
[16.960s] -- Up-to-date symlink: /home/leime957/TDDE05/ros2_ws/install/air_lab_interfaces/share/ament_index/resource_index/package_run_dependencies/air_lab_interfaces
[16.962s] -- Up-to-date symlink: /home/leime957/TDDE05/ros2_ws/install/air_lab_interfaces/share/ament_index/resource_index/parent_prefix_path/air_lab_interfaces
[16.964s] -- Up-to-date symlink: /home/leime957/TDDE05/ros2_ws/install/air_lab_interfaces/share/air_lab_interfaces/environment/ament_prefix_path.sh
[16.966s] -- Up-to-date symlink: /home/leime957/TDDE05/ros2_ws/install/air_lab_interfaces/share/air_lab_interfaces/environment/ament_prefix_path.dsv
[16.967s] -- Up-to-date symlink: /home/leime957/TDDE05/ros2_ws/install/air_lab_interfaces/share/air_lab_interfaces/environment/path.sh
[16.969s] -- Up-to-date symlink: /home/leime957/TDDE05/ros2_ws/install/air_lab_interfaces/share/air_lab_interfaces/environment/path.dsv
[16.970s] -- Up-to-date symlink: /home/leime957/TDDE05/ros2_ws/install/air_lab_interfaces/share/air_lab_interfaces/local_setup.bash
[16.972s] -- Up-to-date symlink: /home/leime957/TDDE05/ros2_ws/install/air_lab_interfaces/share/air_lab_interfaces/local_setup.sh
[16.973s] -- Up-to-date symlink: /home/leime957/TDDE05/ros2_ws/install/air_lab_interfaces/share/air_lab_interfaces/local_setup.zsh
[16.975s] -- Up-to-date symlink: /home/leime957/TDDE05/ros2_ws/install/air_lab_interfaces/share/air_lab_interfaces/local_setup.dsv
[16.976s] -- Symlinking: /home/leime957/TDDE05/ros2_ws/install/air_lab_interfaces/share/air_lab_interfaces/package.dsv
[17.256s] -- Up-to-date symlink: /home/leime957/TDDE05/ros2_ws/install/air_lab_interfaces/share/ament_index/resource_index/packages/air_lab_interfaces
[17.258s] -- Up-to-date symlink: /home/leime957/TDDE05/ros2_ws/install/air_lab_interfaces/share/air_lab_interfaces/cmake/rosidl_cmake-extras.cmake
[17.259s] -- Up-to-date symlink: /home/leime957/TDDE05/ros2_ws/install/air_lab_interfaces/share/air_lab_interfaces/cmake/ament_cmake_export_include_directories-extras.cmake
[17.267s] -- Up-to-date symlink: /home/leime957/TDDE05/ros2_ws/install/air_lab_interfaces/share/air_lab_interfaces/cmake/ament_cmake_export_libraries-extras.cmake
[17.269s] -- Up-to-date symlink: /home/leime957/TDDE05/ros2_ws/install/air_lab_interfaces/share/air_lab_interfaces/cmake/ament_cmake_export_targets-extras.cmake
[17.270s] -- Up-to-date symlink: /home/leime957/TDDE05/ros2_ws/install/air_lab_interfaces/share/air_lab_interfaces/cmake/rosidl_cmake_export_typesupport_targets-extras.cmake
[17.272s] -- Up-to-date symlink: /home/leime957/TDDE05/ros2_ws/install/air_lab_interfaces/share/air_lab_interfaces/cmake/ament_cmake_export_dependencies-extras.cmake
[17.273s] -- Up-to-date symlink: /home/leime957/TDDE05/ros2_ws/install/air_lab_interfaces/share/air_lab_interfaces/cmake/rosidl_cmake_export_typesupport_libraries-extras.cmake
[17.275s] -- Up-to-date symlink: /home/leime957/TDDE05/ros2_ws/install/air_lab_interfaces/share/air_lab_interfaces/cmake/air_lab_interfacesConfig.cmake
[17.276s] -- Up-to-date symlink: /home/leime957/TDDE05/ros2_ws/install/air_lab_interfaces/share/air_lab_interfaces/cmake/air_lab_interfacesConfig-version.cmake
[17.277s] -- Up-to-date symlink: /home/leime957/TDDE05/ros2_ws/install/air_lab_interfaces/share/air_lab_interfaces/package.xml
[17.280s] -- Up-to-date: /home/leime957/TDDE05/ros2_ws/install/air_lab_interfaces/lib/libair_lab_interfaces__rosidl_generator_c.so
[17.286s] -- Up-to-date: /home/leime957/TDDE05/ros2_ws/install/air_lab_interfaces/lib/libair_lab_interfaces__rosidl_typesupport_fastrtps_c.so
[17.291s] -- Up-to-date: /home/leime957/TDDE05/ros2_ws/install/air_lab_interfaces/lib/libair_lab_interfaces__rosidl_typesupport_fastrtps_cpp.so
[17.295s] -- Up-to-date: /home/leime957/TDDE05/ros2_ws/install/air_lab_interfaces/lib/libair_lab_interfaces__rosidl_typesupport_introspection_c.so
[17.300s] -- Up-to-date: /home/leime957/TDDE05/ros2_ws/install/air_lab_interfaces/lib/libair_lab_interfaces__rosidl_typesupport_c.so
[17.304s] -- Up-to-date: /home/leime957/TDDE05/ros2_ws/install/air_lab_interfaces/lib/libair_lab_interfaces__rosidl_typesupport_introspection_cpp.so
[17.310s] -- Up-to-date: /home/leime957/TDDE05/ros2_ws/install/air_lab_interfaces/lib/libair_lab_interfaces__rosidl_typesupport_cpp.so
[17.752s] Listing '/home/leime957/TDDE05/ros2_ws/install/air_lab_interfaces/local/lib/python3.10/dist-packages/air_lab_interfaces'...
[17.752s] Listing '/home/leime957/TDDE05/ros2_ws/install/air_lab_interfaces/local/lib/python3.10/dist-packages/air_lab_interfaces/msg'...
[17.753s] Listing '/home/leime957/TDDE05/ros2_ws/install/air_lab_interfaces/local/lib/python3.10/dist-packages/air_lab_interfaces/srv'...
[17.760s] -- Up-to-date: /home/leime957/TDDE05/ros2_ws/install/air_lab_interfaces/lib/libair_lab_interfaces__rosidl_generator_py.so
[17.765s] -- Up-to-date: /home/leime957/TDDE05/ros2_ws/install/air_lab_interfaces/share/air_lab_interfaces/cmake/export_air_lab_interfaces__rosidl_generator_cExport.cmake
[17.766s] -- Up-to-date: /home/leime957/TDDE05/ros2_ws/install/air_lab_interfaces/share/air_lab_interfaces/cmake/export_air_lab_interfaces__rosidl_generator_cExport-noconfig.cmake
[17.768s] -- Up-to-date: /home/leime957/TDDE05/ros2_ws/install/air_lab_interfaces/share/air_lab_interfaces/cmake/export_air_lab_interfaces__rosidl_typesupport_fastrtps_cExport.cmake
[17.769s] -- Up-to-date: /home/leime957/TDDE05/ros2_ws/install/air_lab_interfaces/share/air_lab_interfaces/cmake/export_air_lab_interfaces__rosidl_typesupport_fastrtps_cExport-noconfig.cmake
[17.771s] -- Up-to-date: /home/leime957/TDDE05/ros2_ws/install/air_lab_interfaces/share/air_lab_interfaces/cmake/export_air_lab_interfaces__rosidl_generator_cppExport.cmake
[17.774s] -- Up-to-date: /home/leime957/TDDE05/ros2_ws/install/air_lab_interfaces/share/air_lab_interfaces/cmake/export_air_lab_interfaces__rosidl_typesupport_fastrtps_cppExport.cmake
[17.775s] -- Up-to-date: /home/leime957/TDDE05/ros2_ws/install/air_lab_interfaces/share/air_lab_interfaces/cmake/export_air_lab_interfaces__rosidl_typesupport_fastrtps_cppExport-noconfig.cmake
[17.785s] -- Up-to-date: /home/leime957/TDDE05/ros2_ws/install/air_lab_interfaces/share/air_lab_interfaces/cmake/air_lab_interfaces__rosidl_typesupport_introspection_cExport.cmake
[17.786s] -- Up-to-date: /home/leime957/TDDE05/ros2_ws/install/air_lab_interfaces/share/air_lab_interfaces/cmake/air_lab_interfaces__rosidl_typesupport_introspection_cExport-noconfig.cmake
[17.788s] -- Up-to-date: /home/leime957/TDDE05/ros2_ws/install/air_lab_interfaces/share/air_lab_interfaces/cmake/air_lab_interfaces__rosidl_typesupport_cExport.cmake
[17.791s] -- Up-to-date: /home/leime957/TDDE05/ros2_ws/install/air_lab_interfaces/share/air_lab_interfaces/cmake/air_lab_interfaces__rosidl_typesupport_cExport-noconfig.cmake
[17.796s] -- Up-to-date: /home/leime957/TDDE05/ros2_ws/install/air_lab_interfaces/share/air_lab_interfaces/cmake/air_lab_interfaces__rosidl_typesupport_introspection_cppExport.cmake
[17.796s] -- Up-to-date: /home/leime957/TDDE05/ros2_ws/install/air_lab_interfaces/share/air_lab_interfaces/cmake/air_lab_interfaces__rosidl_typesupport_introspection_cppExport-noconfig.cmake
[17.797s] -- Up-to-date: /home/leime957/TDDE05/ros2_ws/install/air_lab_interfaces/share/air_lab_interfaces/cmake/air_lab_interfaces__rosidl_typesupport_cppExport.cmake
[17.797s] -- Up-to-date: /home/leime957/TDDE05/ros2_ws/install/air_lab_interfaces/share/air_lab_interfaces/cmake/air_lab_interfaces__rosidl_typesupport_cppExport-noconfig.cmake
[17.799s] -- Up-to-date: /home/leime957/TDDE05/ros2_ws/install/air_lab_interfaces/share/air_lab_interfaces/cmake/export_air_lab_interfaces__rosidl_generator_pyExport.cmake
[17.800s] -- Up-to-date: /home/leime957/TDDE05/ros2_ws/install/air_lab_interfaces/share/air_lab_interfaces/cmake/export_air_lab_interfaces__rosidl_generator_pyExport-noconfig.cmake
[17.892s] Invoked command in '/home/leime957/TDDE05/ros2_ws/build/air_lab_interfaces' returned '0': CMAKE_PREFIX_PATH=${CMAKE_PREFIX_PATH}:/home/leime957/TDDE05/ros2_ws/install/exploration:/home/leime957/TDDE05/ros2_ws/install/human:/home/leime957/TDDE05/ros2_ws/install/air_navigation_examples:/home/leime957/TDDE05/ros2_ws/install/air_lab5:/home/leime957/TDDE05/ros2_ws/install/air_lab3:/home/leime957/TDDE05/ros2_ws/install/air_lab_common:/home/leime957/TDDE05/ros2_ws/install/air_lab2:/home/leime957/TDDE05/ros2_ws/install/air_bringup:/opt/air_ws/install/air_simple_sim:/opt/air_ws/install/air_bringup:/opt/ros/humble /usr/bin/cmake --install /home/leime957/TDDE05/ros2_ws/build/air_lab_interfaces
