[0.313s] Invoking command in '/home/leime957/TDDE05/ros2_ws/build/air_lab_interfaces': CMAKE_PREFIX_PATH=${CMAKE_PREFIX_PATH}:/home/leime957/TDDE05/ros2_ws/install/exploration:/home/leime957/TDDE05/ros2_ws/install/human:/home/leime957/TDDE05/ros2_ws/install/air_navigation_examples:/home/leime957/TDDE05/ros2_ws/install/air_lab5:/home/leime957/TDDE05/ros2_ws/install/air_lab3:/home/leime957/TDDE05/ros2_ws/install/air_lab_common:/home/leime957/TDDE05/ros2_ws/install/air_lab2:/home/leime957/TDDE05/ros2_ws/install/air_bringup:/opt/air_ws/install/air_simple_sim:/opt/air_ws/install/air_bringup:/opt/ros/humble /usr/bin/cmake --build /home/leime957/TDDE05/ros2_ws/build/air_lab_interfaces -- -j20 -l20
[12.628s] [  2%] Built target air_lab_interfaces__cpp
[12.629s] [ 12%] Built target air_lab_interfaces__rosidl_generator_c
[12.629s] [ 12%] Built target ament_cmake_python_symlink_air_lab_interfaces
[12.629s] [ 31%] Built target air_lab_interfaces__rosidl_typesupport_introspection_cpp
[12.629s] [ 34%] Built target air_lab_interfaces__rosidl_typesupport_cpp
[12.629s] [ 44%] Built target air_lab_interfaces__rosidl_typesupport_introspection_c
[12.629s] [ 55%] Built target air_lab_interfaces__rosidl_typesupport_c
[12.629s] [ 68%] Built target air_lab_interfaces__rosidl_typesupport_fastrtps_c
[12.629s] [ 76%] Built target air_lab_interfaces__rosidl_typesupport_fastrtps_cpp
[12.629s] [ 76%] Built target air_lab_interfaces
[12.630s] [ 78%] Built target air_lab_interfaces__py
[12.630s] [ 87%] Built target air_lab_interfaces__rosidl_generator_py
[12.630s] [100%] Built target air_lab_interfaces__rosidl_typesupport_c__pyext
[12.630s] [100%] Built target air_lab_interfaces__rosidl_typesupport_introspection_c__pyext
[12.630s] [100%] Built target air_lab_interfaces__rosidl_typesupport_fastrtps_c__pyext
[12.630s] running egg_info
[12.630s] writing air_lab_interfaces.egg-info/PKG-INFO
[12.630s] writing dependency_links to air_lab_interfaces.egg-info/dependency_links.txt
[12.630s] writing top-level names to air_lab_interfaces.egg-info/top_level.txt
[12.637s] reading manifest file 'air_lab_interfaces.egg-info/SOURCES.txt'
[12.637s] writing manifest file 'air_lab_interfaces.egg-info/SOURCES.txt'
[12.637s] [100%] Built target ament_cmake_python_build_air_lab_interfaces_egg
[16.265s] Invoked command in '/home/leime957/TDDE05/ros2_ws/build/air_lab_interfaces' returned '0': CMAKE_PREFIX_PATH=${CMAKE_PREFIX_PATH}:/home/leime957/TDDE05/ros2_ws/install/exploration:/home/leime957/TDDE05/ros2_ws/install/human:/home/leime957/TDDE05/ros2_ws/install/air_navigation_examples:/home/leime957/TDDE05/ros2_ws/install/air_lab5:/home/leime957/TDDE05/ros2_ws/install/air_lab3:/home/leime957/TDDE05/ros2_ws/install/air_lab_common:/home/leime957/TDDE05/ros2_ws/install/air_lab2:/home/leime957/TDDE05/ros2_ws/install/air_bringup:/opt/air_ws/install/air_simple_sim:/opt/air_ws/install/air_bringup:/opt/ros/humble /usr/bin/cmake --build /home/leime957/TDDE05/ros2_ws/build/air_lab_interfaces -- -j20 -l20
[16.319s] Invoking command in '/home/leime957/TDDE05/ros2_ws/build/air_lab_interfaces': CMAKE_PREFIX_PATH=${CMAKE_PREFIX_PATH}:/home/leime957/TDDE05/ros2_ws/install/exploration:/home/leime957/TDDE05/ros2_ws/install/human:/home/leime957/TDDE05/ros2_ws/install/air_navigation_examples:/home/leime957/TDDE05/ros2_ws/install/air_lab5:/home/leime957/TDDE05/ros2_ws/install/air_lab3:/home/leime957/TDDE05/ros2_ws/install/air_lab_common:/home/leime957/TDDE05/ros2_ws/install/air_lab2:/home/leime957/TDDE05/ros2_ws/install/air_bringup:/opt/air_ws/install/air_simple_sim:/opt/air_ws/install/air_bringup:/opt/ros/humble /usr/bin/cmake --install /home/leime957/TDDE05/ros2_ws/build/air_lab_interfaces
[16.428s] -- Install configuration: ""
[16.445s] -- Execute custom install script
[16.447s] -- Up-to-date symlink: /home/leime957/TDDE05/ros2_ws/install/air_lab_interfaces/share/ament_index/resource_index/rosidl_interfaces/air_lab_interfaces
[16.461s] -- Up-to-date symlink: /home/leime957/TDDE05/ros2_ws/install/air_lab_interfaces/include/air_lab_interfaces/air_lab_interfaces/msg/detail/goal__functions.h
[16.462s] -- Up-to-date symlink: /home/leime957/TDDE05/ros2_ws/install/air_lab_interfaces/include/air_lab_interfaces/air_lab_interfaces/msg/detail/goal__struct.h
[16.464s] -- Up-to-date symlink: /home/leime957/TDDE05/ros2_ws/install/air_lab_interfaces/include/air_lab_interfaces/air_lab_interfaces/msg/detail/goal__type_support.h
[16.465s] -- Up-to-date symlink: /home/leime957/TDDE05/ros2_ws/install/air_lab_interfaces/include/air_lab_interfaces/air_lab_interfaces/msg/detail/goals__functions.h
[16.467s] -- Up-to-date symlink: /home/leime957/TDDE05/ros2_ws/install/air_lab_interfaces/include/air_lab_interfaces/air_lab_interfaces/msg/detail/goals__struct.h
[16.468s] -- Up-to-date symlink: /home/leime957/TDDE05/ros2_ws/install/air_lab_interfaces/include/air_lab_interfaces/air_lab_interfaces/msg/detail/goals__type_support.h
[16.469s] -- Up-to-date symlink: /home/leime957/TDDE05/ros2_ws/install/air_lab_interfaces/include/air_lab_interfaces/air_lab_interfaces/msg/goal.h
[16.471s] -- Up-to-date symlink: /home/leime957/TDDE05/ros2_ws/install/air_lab_interfaces/include/air_lab_interfaces/air_lab_interfaces/msg/goals.h
[16.472s] -- Up-to-date symlink: /home/leime957/TDDE05/ros2_ws/install/air_lab_interfaces/include/air_lab_interfaces/air_lab_interfaces/msg/rosidl_generator_c__visibility_control.h
[16.474s] -- Up-to-date symlink: /home/leime957/TDDE05/ros2_ws/install/air_lab_interfaces/include/air_lab_interfaces/air_lab_interfaces/srv/detail/execute_tst__functions.h
[16.475s] -- Up-to-date symlink: /home/leime957/TDDE05/ros2_ws/install/air_lab_interfaces/include/air_lab_interfaces/air_lab_interfaces/srv/detail/execute_tst__struct.h
[16.477s] -- Up-to-date symlink: /home/leime957/TDDE05/ros2_ws/install/air_lab_interfaces/include/air_lab_interfaces/air_lab_interfaces/srv/detail/execute_tst__type_support.h
[16.478s] -- Up-to-date symlink: /home/leime957/TDDE05/ros2_ws/install/air_lab_interfaces/include/air_lab_interfaces/air_lab_interfaces/srv/execute_tst.h
[16.487s] -- Up-to-date symlink: /home/leime957/TDDE05/ros2_ws/install/air_lab_interfaces/share/air_lab_interfaces/environment/library_path.sh
[16.488s] -- Up-to-date symlink: /home/leime957/TDDE05/ros2_ws/install/air_lab_interfaces/share/air_lab_interfaces/environment/library_path.dsv
[16.495s] -- Up-to-date symlink: /home/leime957/TDDE05/ros2_ws/install/air_lab_interfaces/include/air_lab_interfaces/air_lab_interfaces/msg/detail/goal__rosidl_typesupport_fastrtps_c.h
[16.496s] -- Up-to-date symlink: /home/leime957/TDDE05/ros2_ws/install/air_lab_interfaces/include/air_lab_interfaces/air_lab_interfaces/msg/detail/goals__rosidl_typesupport_fastrtps_c.h
[16.498s] -- Up-to-date symlink: /home/leime957/TDDE05/ros2_ws/install/air_lab_interfaces/include/air_lab_interfaces/air_lab_interfaces/msg/rosidl_typesupport_fastrtps_c__visibility_control.h
[16.499s] -- Up-to-date symlink: /home/leime957/TDDE05/ros2_ws/install/air_lab_interfaces/include/air_lab_interfaces/air_lab_interfaces/srv/detail/execute_tst__rosidl_typesupport_fastrtps_c.h
[16.503s] -- Up-to-date symlink: /home/leime957/TDDE05/ros2_ws/install/air_lab_interfaces/include/air_lab_interfaces/air_lab_interfaces/msg/detail/goal__builder.hpp
[16.504s] -- Up-to-date symlink: /home/leime957/TDDE05/ros2_ws/install/air_lab_interfaces/include/air_lab_interfaces/air_lab_interfaces/msg/detail/goal__struct.hpp
[16.506s] -- Up-to-date symlink: /home/leime957/TDDE05/ros2_ws/install/air_lab_interfaces/include/air_lab_interfaces/air_lab_interfaces/msg/detail/goal__traits.hpp
[16.507s] -- Up-to-date symlink: /home/leime957/TDDE05/ros2_ws/install/air_lab_interfaces/include/air_lab_interfaces/air_lab_interfaces/msg/detail/goal__type_support.hpp
[16.509s] -- Up-to-date symlink: /home/leime957/TDDE05/ros2_ws/install/air_lab_interfaces/include/air_lab_interfaces/air_lab_interfaces/msg/detail/goals__builder.hpp
[16.510s] -- Up-to-date symlink: /home/leime957/TDDE05/ros2_ws/install/air_lab_interfaces/include/air_lab_interfaces/air_lab_interfaces/msg/detail/goals__struct.hpp
[16.511s] -- Up-to-date symlink: /home/leime957/TDDE05/ros2_ws/install/air_lab_interfaces/include/air_lab_interfaces/air_lab_interfaces/msg/detail/goals__traits.hpp
[16.513s] -- Up-to-date symlink: /home/leime957/TDDE05/ros2_ws/install/air_lab_interfaces/include/air_lab_interfaces/air_lab_interfaces/msg/detail/goals__type_support.hpp
[16.515s] -- Up-to-date symlink: /home/leime957/TDDE05/ros2_ws/install/air_lab_interfaces/include/air_lab_interfaces/air_lab_interfaces/msg/goal.hpp
[16.516s] -- Up-to-date symlink: /home/leime957/TDDE05/ros2_ws/install/air_lab_interfaces/include/air_lab_interfaces/air_lab_interfaces/msg/goals.hpp
[16.517s] -- Up-to-date symlink: /home/leime957/TDDE05/ros2_ws/install/air_lab_interfaces/include/air_lab_interfaces/air_lab_interfaces/msg/rosidl_generator_cpp__visibility_control.hpp
[16.519s] -- Up-to-date symlink: /home/leime957/TDDE05/ros2_ws/install/air_lab_interfaces/include/air_lab_interfaces/air_lab_interfaces/srv/detail/execute_tst__builder.hpp
[16.520s] -- Up-to-date symlink: /home/leime957/TDDE05/ros2_ws/install/air_lab_interfaces/include/air_lab_interfaces/air_lab_interfaces/srv/detail/execute_tst__struct.hpp
[16.521s] -- Up-to-date symlink: /home/leime957/TDDE05/ros2_ws/install/air_lab_interfaces/include/air_lab_interfaces/air_lab_interfaces/srv/detail/execute_tst__traits.hpp
[16.523s] -- Up-to-date symlink: /home/leime957/TDDE05/ros2_ws/install/air_lab_interfaces/include/air_lab_interfaces/air_lab_interfaces/srv/detail/execute_tst__type_support.hpp
[16.524s] -- Up-to-date symlink: /home/leime957/TDDE05/ros2_ws/install/air_lab_interfaces/include/air_lab_interfaces/air_lab_interfaces/srv/execute_tst.hpp
[16.530s] -- Up-to-date symlink: /home/leime957/TDDE05/ros2_ws/install/air_lab_interfaces/include/air_lab_interfaces/air_lab_interfaces/msg/detail/goal__rosidl_typesupport_fastrtps_cpp.hpp
[16.531s] -- Up-to-date symlink: /home/leime957/TDDE05/ros2_ws/install/air_lab_interfaces/include/air_lab_interfaces/air_lab_interfaces/msg/detail/goals__rosidl_typesupport_fastrtps_cpp.hpp
[16.532s] -- Up-to-date symlink: /home/leime957/TDDE05/ros2_ws/install/air_lab_interfaces/include/air_lab_interfaces/air_lab_interfaces/msg/rosidl_typesupport_fastrtps_cpp__visibility_control.h
[16.534s] -- Up-to-date symlink: /home/leime957/TDDE05/ros2_ws/install/air_lab_interfaces/include/air_lab_interfaces/air_lab_interfaces/srv/detail/execute_tst__rosidl_typesupport_fastrtps_cpp.hpp
[16.538s] -- Up-to-date symlink: /home/leime957/TDDE05/ros2_ws/install/air_lab_interfaces/include/air_lab_interfaces/air_lab_interfaces/msg/detail/goal__rosidl_typesupport_introspection_c.h
[16.539s] -- Up-to-date symlink: /home/leime957/TDDE05/ros2_ws/install/air_lab_interfaces/include/air_lab_interfaces/air_lab_interfaces/msg/detail/goals__rosidl_typesupport_introspection_c.h
[16.540s] -- Up-to-date symlink: /home/leime957/TDDE05/ros2_ws/install/air_lab_interfaces/include/air_lab_interfaces/air_lab_interfaces/msg/rosidl_typesupport_introspection_c__visibility_control.h
[16.542s] -- Up-to-date symlink: /home/leime957/TDDE05/ros2_ws/install/air_lab_interfaces/include/air_lab_interfaces/air_lab_interfaces/srv/detail/execute_tst__rosidl_typesupport_introspection_c.h
[16.545s] -- Up-to-date symlink: /home/leime957/TDDE05/ros2_ws/install/air_lab_interfaces/include/air_lab_interfaces/air_lab_interfaces/msg/detail/goal__rosidl_typesupport_introspection_cpp.hpp
[16.547s] -- Up-to-date symlink: /home/leime957/TDDE05/ros2_ws/install/air_lab_interfaces/include/air_lab_interfaces/air_lab_interfaces/msg/detail/goals__rosidl_typesupport_introspection_cpp.hpp
[16.549s] -- Up-to-date symlink: /home/leime957/TDDE05/ros2_ws/install/air_lab_interfaces/include/air_lab_interfaces/air_lab_interfaces/srv/detail/execute_tst__rosidl_typesupport_introspection_cpp.hpp
[16.549s] -- Up-to-date symlink: /home/leime957/TDDE05/ros2_ws/install/air_lab_interfaces/share/air_lab_interfaces/environment/pythonpath.sh
[16.550s] -- Up-to-date symlink: /home/leime957/TDDE05/ros2_ws/install/air_lab_interfaces/share/air_lab_interfaces/environment/pythonpath.dsv
[16.552s] -- Up-to-date symlink: /home/leime957/TDDE05/ros2_ws/install/air_lab_interfaces/local/lib/python3.10/dist-packages/air_lab_interfaces-0.0.0-py3.10.egg-info/PKG-INFO
[16.554s] -- Up-to-date symlink: /home/leime957/TDDE05/ros2_ws/install/air_lab_interfaces/local/lib/python3.10/dist-packages/air_lab_interfaces-0.0.0-py3.10.egg-info/SOURCES.txt
[16.555s] -- Up-to-date symlink: /home/leime957/TDDE05/ros2_ws/install/air_lab_interfaces/local/lib/python3.10/dist-packages/air_lab_interfaces-0.0.0-py3.10.egg-info/dependency_links.txt
[16.556s] -- Up-to-date symlink: /home/leime957/TDDE05/ros2_ws/install/air_lab_interfaces/local/lib/python3.10/dist-packages/air_lab_interfaces-0.0.0-py3.10.egg-info/top_level.txt
[16.561s] -- Up-to-date symlink: /home/leime957/TDDE05/ros2_ws/install/air_lab_interfaces/local/lib/python3.10/dist-packages/air_lab_interfaces/__init__.py
[16.562s] -- Up-to-date symlink: /home/leime957/TDDE05/ros2_ws/install/air_lab_interfaces/local/lib/python3.10/dist-packages/air_lab_interfaces/_air_lab_interfaces_s.ep.rosidl_typesupport_c.c
[16.567s] -- Up-to-date symlink: /home/leime957/TDDE05/ros2_ws/install/air_lab_interfaces/local/lib/python3.10/dist-packages/air_lab_interfaces/_air_lab_interfaces_s.ep.rosidl_typesupport_fastrtps_c.c
[16.567s] -- Up-to-date symlink: /home/leime957/TDDE05/ros2_ws/install/air_lab_interfaces/local/lib/python3.10/dist-packages/air_lab_interfaces/_air_lab_interfaces_s.ep.rosidl_typesupport_introspection_c.c
[16.575s] -- Up-to-date symlink: /home/leime957/TDDE05/ros2_ws/install/air_lab_interfaces/local/lib/python3.10/dist-packages/air_lab_interfaces/air_lab_interfaces_s__rosidl_typesupport_c.cpython-310-x86_64-linux-gnu.so
[16.576s] -- Up-to-date symlink: /home/leime957/TDDE05/ros2_ws/install/air_lab_interfaces/local/lib/python3.10/dist-packages/air_lab_interfaces/air_lab_interfaces_s__rosidl_typesupport_fastrtps_c.cpython-310-x86_64-linux-gnu.so
[16.576s] -- Up-to-date symlink: /home/leime957/TDDE05/ros2_ws/install/air_lab_interfaces/local/lib/python3.10/dist-packages/air_lab_interfaces/air_lab_interfaces_s__rosidl_typesupport_introspection_c.cpython-310-x86_64-linux-gnu.so
[16.576s] -- Up-to-date symlink: /home/leime957/TDDE05/ros2_ws/install/air_lab_interfaces/local/lib/python3.10/dist-packages/air_lab_interfaces/libair_lab_interfaces__rosidl_generator_py.so
[16.576s] -- Up-to-date symlink: /home/leime957/TDDE05/ros2_ws/install/air_lab_interfaces/local/lib/python3.10/dist-packages/air_lab_interfaces/msg/__init__.py
[16.577s] -- Up-to-date symlink: /home/leime957/TDDE05/ros2_ws/install/air_lab_interfaces/local/lib/python3.10/dist-packages/air_lab_interfaces/msg/_goal.py
[16.577s] -- Up-to-date symlink: /home/leime957/TDDE05/ros2_ws/install/air_lab_interfaces/local/lib/python3.10/dist-packages/air_lab_interfaces/msg/_goal_s.c
[16.577s] -- Up-to-date symlink: /home/leime957/TDDE05/ros2_ws/install/air_lab_interfaces/local/lib/python3.10/dist-packages/air_lab_interfaces/msg/_goals.py
[16.578s] -- Up-to-date symlink: /home/leime957/TDDE05/ros2_ws/install/air_lab_interfaces/local/lib/python3.10/dist-packages/air_lab_interfaces/msg/_goals_s.c
[16.580s] -- Up-to-date symlink: /home/leime957/TDDE05/ros2_ws/install/air_lab_interfaces/local/lib/python3.10/dist-packages/air_lab_interfaces/srv/__init__.py
[16.582s] -- Up-to-date symlink: /home/leime957/TDDE05/ros2_ws/install/air_lab_interfaces/local/lib/python3.10/dist-packages/air_lab_interfaces/srv/_execute_tst.py
[16.583s] -- Up-to-date symlink: /home/leime957/TDDE05/ros2_ws/install/air_lab_interfaces/local/lib/python3.10/dist-packages/air_lab_interfaces/srv/_execute_tst_s.c
[16.585s] -- Up-to-date symlink: /home/leime957/TDDE05/ros2_ws/install/air_lab_interfaces/local/lib/python3.10/dist-packages/air_lab_interfaces/air_lab_interfaces_s__rosidl_typesupport_fastrtps_c.cpython-310-x86_64-linux-gnu.so
[16.588s] -- Up-to-date symlink: /home/leime957/TDDE05/ros2_ws/install/air_lab_interfaces/local/lib/python3.10/dist-packages/air_lab_interfaces/air_lab_interfaces_s__rosidl_typesupport_introspection_c.cpython-310-x86_64-linux-gnu.so
[16.590s] -- Up-to-date symlink: /home/leime957/TDDE05/ros2_ws/install/air_lab_interfaces/local/lib/python3.10/dist-packages/air_lab_interfaces/air_lab_interfaces_s__rosidl_typesupport_c.cpython-310-x86_64-linux-gnu.so
[16.592s] -- Up-to-date symlink: /home/leime957/TDDE05/ros2_ws/install/air_lab_interfaces/share/air_lab_interfaces/srv/ExecuteTst.idl
[16.594s] -- Up-to-date symlink: /home/leime957/TDDE05/ros2_ws/install/air_lab_interfaces/share/air_lab_interfaces/msg/Goal.idl
[16.596s] -- Up-to-date symlink: /home/leime957/TDDE05/ros2_ws/install/air_lab_interfaces/share/air_lab_interfaces/msg/Goals.idl
[16.597s] -- Up-to-date symlink: /home/leime957/TDDE05/ros2_ws/install/air_lab_interfaces/share/air_lab_interfaces/srv/ExecuteTst.srv
[16.599s] -- Up-to-date symlink: /home/leime957/TDDE05/ros2_ws/install/air_lab_interfaces/share/air_lab_interfaces/srv/ExecuteTst_Request.msg
[16.601s] -- Up-to-date symlink: /home/leime957/TDDE05/ros2_ws/install/air_lab_interfaces/share/air_lab_interfaces/srv/ExecuteTst_Response.msg
[16.603s] -- Up-to-date symlink: /home/leime957/TDDE05/ros2_ws/install/air_lab_interfaces/share/air_lab_interfaces/msg/Goal.msg
[16.604s] -- Up-to-date symlink: /home/leime957/TDDE05/ros2_ws/install/air_lab_interfaces/share/air_lab_interfaces/msg/Goals.msg
[16.606s] -- Up-to-date symlink: /home/leime957/TDDE05/ros2_ws/install/air_lab_interfaces/share/ament_index/resource_index/package_run_dependencies/air_lab_interfaces
[16.608s] -- Up-to-date symlink: /home/leime957/TDDE05/ros2_ws/install/air_lab_interfaces/share/ament_index/resource_index/parent_prefix_path/air_lab_interfaces
[16.609s] -- Up-to-date symlink: /home/leime957/TDDE05/ros2_ws/install/air_lab_interfaces/share/air_lab_interfaces/environment/ament_prefix_path.sh
[16.611s] -- Up-to-date symlink: /home/leime957/TDDE05/ros2_ws/install/air_lab_interfaces/share/air_lab_interfaces/environment/ament_prefix_path.dsv
[16.617s] -- Up-to-date symlink: /home/leime957/TDDE05/ros2_ws/install/air_lab_interfaces/share/air_lab_interfaces/environment/path.sh
[16.617s] -- Up-to-date symlink: /home/leime957/TDDE05/ros2_ws/install/air_lab_interfaces/share/air_lab_interfaces/environment/path.dsv
[16.617s] -- Up-to-date symlink: /home/leime957/TDDE05/ros2_ws/install/air_lab_interfaces/share/air_lab_interfaces/local_setup.bash
[16.617s] -- Up-to-date symlink: /home/leime957/TDDE05/ros2_ws/install/air_lab_interfaces/share/air_lab_interfaces/local_setup.sh
[16.618s] -- Up-to-date symlink: /home/leime957/TDDE05/ros2_ws/install/air_lab_interfaces/share/air_lab_interfaces/local_setup.zsh
[16.620s] -- Up-to-date symlink: /home/leime957/TDDE05/ros2_ws/install/air_lab_interfaces/share/air_lab_interfaces/local_setup.dsv
[16.621s] -- Symlinking: /home/leime957/TDDE05/ros2_ws/install/air_lab_interfaces/share/air_lab_interfaces/package.dsv
[16.850s] -- Up-to-date symlink: /home/leime957/TDDE05/ros2_ws/install/air_lab_interfaces/share/ament_index/resource_index/packages/air_lab_interfaces
[16.852s] -- Up-to-date symlink: /home/leime957/TDDE05/ros2_ws/install/air_lab_interfaces/share/air_lab_interfaces/cmake/rosidl_cmake-extras.cmake
[16.853s] -- Up-to-date symlink: /home/leime957/TDDE05/ros2_ws/install/air_lab_interfaces/share/air_lab_interfaces/cmake/ament_cmake_export_include_directories-extras.cmake
[16.855s] -- Up-to-date symlink: /home/leime957/TDDE05/ros2_ws/install/air_lab_interfaces/share/air_lab_interfaces/cmake/ament_cmake_export_libraries-extras.cmake
[16.856s] -- Up-to-date symlink: /home/leime957/TDDE05/ros2_ws/install/air_lab_interfaces/share/air_lab_interfaces/cmake/ament_cmake_export_targets-extras.cmake
[16.858s] -- Up-to-date symlink: /home/leime957/TDDE05/ros2_ws/install/air_lab_interfaces/share/air_lab_interfaces/cmake/rosidl_cmake_export_typesupport_targets-extras.cmake
[16.859s] -- Up-to-date symlink: /home/leime957/TDDE05/ros2_ws/install/air_lab_interfaces/share/air_lab_interfaces/cmake/ament_cmake_export_dependencies-extras.cmake
[16.861s] -- Up-to-date symlink: /home/leime957/TDDE05/ros2_ws/install/air_lab_interfaces/share/air_lab_interfaces/cmake/rosidl_cmake_export_typesupport_libraries-extras.cmake
[16.862s] -- Up-to-date symlink: /home/leime957/TDDE05/ros2_ws/install/air_lab_interfaces/share/air_lab_interfaces/cmake/air_lab_interfacesConfig.cmake
[16.864s] -- Up-to-date symlink: /home/leime957/TDDE05/ros2_ws/install/air_lab_interfaces/share/air_lab_interfaces/cmake/air_lab_interfacesConfig-version.cmake
[16.865s] -- Up-to-date symlink: /home/leime957/TDDE05/ros2_ws/install/air_lab_interfaces/share/air_lab_interfaces/package.xml
[16.869s] -- Up-to-date: /home/leime957/TDDE05/ros2_ws/install/air_lab_interfaces/lib/libair_lab_interfaces__rosidl_generator_c.so
[16.873s] -- Up-to-date: /home/leime957/TDDE05/ros2_ws/install/air_lab_interfaces/lib/libair_lab_interfaces__rosidl_typesupport_fastrtps_c.so
[16.879s] -- Up-to-date: /home/leime957/TDDE05/ros2_ws/install/air_lab_interfaces/lib/libair_lab_interfaces__rosidl_typesupport_fastrtps_cpp.so
[16.884s] -- Up-to-date: /home/leime957/TDDE05/ros2_ws/install/air_lab_interfaces/lib/libair_lab_interfaces__rosidl_typesupport_introspection_c.so
[16.888s] -- Up-to-date: /home/leime957/TDDE05/ros2_ws/install/air_lab_interfaces/lib/libair_lab_interfaces__rosidl_typesupport_c.so
[16.899s] -- Up-to-date: /home/leime957/TDDE05/ros2_ws/install/air_lab_interfaces/lib/libair_lab_interfaces__rosidl_typesupport_introspection_cpp.so
[16.899s] -- Up-to-date: /home/leime957/TDDE05/ros2_ws/install/air_lab_interfaces/lib/libair_lab_interfaces__rosidl_typesupport_cpp.so
[17.394s] Listing '/home/leime957/TDDE05/ros2_ws/install/air_lab_interfaces/local/lib/python3.10/dist-packages/air_lab_interfaces'...
[17.394s] Listing '/home/leime957/TDDE05/ros2_ws/install/air_lab_interfaces/local/lib/python3.10/dist-packages/air_lab_interfaces/msg'...
[17.394s] Listing '/home/leime957/TDDE05/ros2_ws/install/air_lab_interfaces/local/lib/python3.10/dist-packages/air_lab_interfaces/srv'...
[17.402s] -- Up-to-date: /home/leime957/TDDE05/ros2_ws/install/air_lab_interfaces/lib/libair_lab_interfaces__rosidl_generator_py.so
[17.421s] -- Up-to-date: /home/leime957/TDDE05/ros2_ws/install/air_lab_interfaces/share/air_lab_interfaces/cmake/export_air_lab_interfaces__rosidl_generator_cExport.cmake
[17.423s] -- Up-to-date: /home/leime957/TDDE05/ros2_ws/install/air_lab_interfaces/share/air_lab_interfaces/cmake/export_air_lab_interfaces__rosidl_generator_cExport-noconfig.cmake
[17.425s] -- Up-to-date: /home/leime957/TDDE05/ros2_ws/install/air_lab_interfaces/share/air_lab_interfaces/cmake/export_air_lab_interfaces__rosidl_typesupport_fastrtps_cExport.cmake
[17.427s] -- Up-to-date: /home/leime957/TDDE05/ros2_ws/install/air_lab_interfaces/share/air_lab_interfaces/cmake/export_air_lab_interfaces__rosidl_typesupport_fastrtps_cExport-noconfig.cmake
[17.429s] -- Up-to-date: /home/leime957/TDDE05/ros2_ws/install/air_lab_interfaces/share/air_lab_interfaces/cmake/export_air_lab_interfaces__rosidl_generator_cppExport.cmake
[17.431s] -- Up-to-date: /home/leime957/TDDE05/ros2_ws/install/air_lab_interfaces/share/air_lab_interfaces/cmake/export_air_lab_interfaces__rosidl_typesupport_fastrtps_cppExport.cmake
[17.432s] -- Up-to-date: /home/leime957/TDDE05/ros2_ws/install/air_lab_interfaces/share/air_lab_interfaces/cmake/export_air_lab_interfaces__rosidl_typesupport_fastrtps_cppExport-noconfig.cmake
[17.435s] -- Up-to-date: /home/leime957/TDDE05/ros2_ws/install/air_lab_interfaces/share/air_lab_interfaces/cmake/air_lab_interfaces__rosidl_typesupport_introspection_cExport.cmake
[17.436s] -- Up-to-date: /home/leime957/TDDE05/ros2_ws/install/air_lab_interfaces/share/air_lab_interfaces/cmake/air_lab_interfaces__rosidl_typesupport_introspection_cExport-noconfig.cmake
[17.439s] -- Up-to-date: /home/leime957/TDDE05/ros2_ws/install/air_lab_interfaces/share/air_lab_interfaces/cmake/air_lab_interfaces__rosidl_typesupport_cExport.cmake
[17.440s] -- Up-to-date: /home/leime957/TDDE05/ros2_ws/install/air_lab_interfaces/share/air_lab_interfaces/cmake/air_lab_interfaces__rosidl_typesupport_cExport-noconfig.cmake
[17.442s] -- Up-to-date: /home/leime957/TDDE05/ros2_ws/install/air_lab_interfaces/share/air_lab_interfaces/cmake/air_lab_interfaces__rosidl_typesupport_introspection_cppExport.cmake
[17.443s] -- Up-to-date: /home/leime957/TDDE05/ros2_ws/install/air_lab_interfaces/share/air_lab_interfaces/cmake/air_lab_interfaces__rosidl_typesupport_introspection_cppExport-noconfig.cmake
[17.446s] -- Up-to-date: /home/leime957/TDDE05/ros2_ws/install/air_lab_interfaces/share/air_lab_interfaces/cmake/air_lab_interfaces__rosidl_typesupport_cppExport.cmake
[17.447s] -- Up-to-date: /home/leime957/TDDE05/ros2_ws/install/air_lab_interfaces/share/air_lab_interfaces/cmake/air_lab_interfaces__rosidl_typesupport_cppExport-noconfig.cmake
[17.449s] -- Up-to-date: /home/leime957/TDDE05/ros2_ws/install/air_lab_interfaces/share/air_lab_interfaces/cmake/export_air_lab_interfaces__rosidl_generator_pyExport.cmake
[17.450s] -- Up-to-date: /home/leime957/TDDE05/ros2_ws/install/air_lab_interfaces/share/air_lab_interfaces/cmake/export_air_lab_interfaces__rosidl_generator_pyExport-noconfig.cmake
[17.617s] Invoked command in '/home/leime957/TDDE05/ros2_ws/build/air_lab_interfaces' returned '0': CMAKE_PREFIX_PATH=${CMAKE_PREFIX_PATH}:/home/leime957/TDDE05/ros2_ws/install/exploration:/home/leime957/TDDE05/ros2_ws/install/human:/home/leime957/TDDE05/ros2_ws/install/air_navigation_examples:/home/leime957/TDDE05/ros2_ws/install/air_lab5:/home/leime957/TDDE05/ros2_ws/install/air_lab3:/home/leime957/TDDE05/ros2_ws/install/air_lab_common:/home/leime957/TDDE05/ros2_ws/install/air_lab2:/home/leime957/TDDE05/ros2_ws/install/air_bringup:/opt/air_ws/install/air_simple_sim:/opt/air_ws/install/air_bringup:/opt/ros/humble /usr/bin/cmake --install /home/leime957/TDDE05/ros2_ws/build/air_lab_interfaces
