[0.240s] Invoking command in '/home/leime957/TDDE05/ros2_ws/build/project_interface': CMAKE_PREFIX_PATH=${CMAKE_PREFIX_PATH}:/home/leime957/TDDE05/ros2_ws/install/exploration:/home/leime957/TDDE05/ros2_ws/install/human:/home/leime957/TDDE05/ros2_ws/install/air_navigation_examples:/home/leime957/TDDE05/ros2_ws/install/air_lab5:/home/leime957/TDDE05/ros2_ws/install/air_lab3:/home/leime957/TDDE05/ros2_ws/install/air_lab_common:/home/leime957/TDDE05/ros2_ws/install/air_lab2:/home/leime957/TDDE05/ros2_ws/install/air_bringup:/opt/air_ws/install/air_simple_sim:/opt/air_ws/install/air_bringup:/opt/ros/humble /usr/bin/cmake --build /home/leime957/TDDE05/ros2_ws/build/project_interface -- -j20 -l20
[12.678s] [  3%] Built target project_interface__cpp
[12.678s] [ 12%] Built target project_interface__rosidl_generator_c
[12.678s] [ 12%] Built target ament_cmake_python_symlink_project_interface
[12.679s] [ 32%] Built target project_interface__rosidl_typesupport_cpp
[12.679s] [ 35%] Built target project_interface__rosidl_typesupport_introspection_cpp
[12.679s] [ 51%] Built target project_interface__rosidl_typesupport_introspection_c
[12.679s] [ 51%] Built target project_interface__rosidl_typesupport_c
[12.679s] [ 61%] Built target project_interface__rosidl_typesupport_fastrtps_c
[12.679s] [ 70%] Built target project_interface__rosidl_typesupport_fastrtps_cpp
[12.679s] [ 70%] Built target project_interface
[12.679s] [ 74%] Built target project_interface__py
[12.679s] [ 80%] Built target project_interface__rosidl_generator_py
[12.679s] [ 96%] Built target project_interface__rosidl_typesupport_introspection_c__pyext
[12.679s] [ 96%] Built target project_interface__rosidl_typesupport_fastrtps_c__pyext
[12.679s] [100%] Built target project_interface__rosidl_typesupport_c__pyext
[12.679s] running egg_info
[12.679s] writing project_interface.egg-info/PKG-INFO
[12.679s] writing dependency_links to project_interface.egg-info/dependency_links.txt
[12.679s] writing top-level names to project_interface.egg-info/top_level.txt
[12.680s] reading manifest file 'project_interface.egg-info/SOURCES.txt'
[12.680s] writing manifest file 'project_interface.egg-info/SOURCES.txt'
[12.680s] [100%] Built target ament_cmake_python_build_project_interface_egg
[16.236s] Invoked command in '/home/leime957/TDDE05/ros2_ws/build/project_interface' returned '0': CMAKE_PREFIX_PATH=${CMAKE_PREFIX_PATH}:/home/leime957/TDDE05/ros2_ws/install/exploration:/home/leime957/TDDE05/ros2_ws/install/human:/home/leime957/TDDE05/ros2_ws/install/air_navigation_examples:/home/leime957/TDDE05/ros2_ws/install/air_lab5:/home/leime957/TDDE05/ros2_ws/install/air_lab3:/home/leime957/TDDE05/ros2_ws/install/air_lab_common:/home/leime957/TDDE05/ros2_ws/install/air_lab2:/home/leime957/TDDE05/ros2_ws/install/air_bringup:/opt/air_ws/install/air_simple_sim:/opt/air_ws/install/air_bringup:/opt/ros/humble /usr/bin/cmake --build /home/leime957/TDDE05/ros2_ws/build/project_interface -- -j20 -l20
[16.290s] Invoking command in '/home/leime957/TDDE05/ros2_ws/build/project_interface': CMAKE_PREFIX_PATH=${CMAKE_PREFIX_PATH}:/home/leime957/TDDE05/ros2_ws/install/exploration:/home/leime957/TDDE05/ros2_ws/install/human:/home/leime957/TDDE05/ros2_ws/install/air_navigation_examples:/home/leime957/TDDE05/ros2_ws/install/air_lab5:/home/leime957/TDDE05/ros2_ws/install/air_lab3:/home/leime957/TDDE05/ros2_ws/install/air_lab_common:/home/leime957/TDDE05/ros2_ws/install/air_lab2:/home/leime957/TDDE05/ros2_ws/install/air_bringup:/opt/air_ws/install/air_simple_sim:/opt/air_ws/install/air_bringup:/opt/ros/humble /usr/bin/cmake --install /home/leime957/TDDE05/ros2_ws/build/project_interface
[16.346s] -- Install configuration: ""
[16.356s] -- Execute custom install script
[16.356s] -- Up-to-date symlink: /home/leime957/TDDE05/ros2_ws/install/project_interface/share/ament_index/resource_index/rosidl_interfaces/project_interface
[16.356s] -- Up-to-date symlink: /home/leime957/TDDE05/ros2_ws/install/project_interface/include/project_interface/project_interface/msg/rosidl_generator_c__visibility_control.h
[16.357s] -- Up-to-date symlink: /home/leime957/TDDE05/ros2_ws/install/project_interface/include/project_interface/project_interface/srv/detail/explore_goal__functions.h
[16.358s] -- Up-to-date symlink: /home/leime957/TDDE05/ros2_ws/install/project_interface/include/project_interface/project_interface/srv/detail/explore_goal__struct.h
[16.359s] -- Up-to-date symlink: /home/leime957/TDDE05/ros2_ws/install/project_interface/include/project_interface/project_interface/srv/detail/explore_goal__type_support.h
[16.360s] -- Up-to-date symlink: /home/leime957/TDDE05/ros2_ws/install/project_interface/include/project_interface/project_interface/srv/explore_goal.h
[16.374s] -- Up-to-date symlink: /home/leime957/TDDE05/ros2_ws/install/project_interface/share/project_interface/environment/library_path.sh
[16.374s] -- Up-to-date symlink: /home/leime957/TDDE05/ros2_ws/install/project_interface/share/project_interface/environment/library_path.dsv
[16.377s] -- Up-to-date symlink: /home/leime957/TDDE05/ros2_ws/install/project_interface/include/project_interface/project_interface/msg/rosidl_typesupport_fastrtps_c__visibility_control.h
[16.379s] -- Up-to-date symlink: /home/leime957/TDDE05/ros2_ws/install/project_interface/include/project_interface/project_interface/srv/detail/explore_goal__rosidl_typesupport_fastrtps_c.h
[16.381s] -- Up-to-date symlink: /home/leime957/TDDE05/ros2_ws/install/project_interface/include/project_interface/project_interface/msg/rosidl_generator_cpp__visibility_control.hpp
[16.382s] -- Up-to-date symlink: /home/leime957/TDDE05/ros2_ws/install/project_interface/include/project_interface/project_interface/srv/detail/explore_goal__builder.hpp
[16.384s] -- Up-to-date symlink: /home/leime957/TDDE05/ros2_ws/install/project_interface/include/project_interface/project_interface/srv/detail/explore_goal__struct.hpp
[16.385s] -- Up-to-date symlink: /home/leime957/TDDE05/ros2_ws/install/project_interface/include/project_interface/project_interface/srv/detail/explore_goal__traits.hpp
[16.386s] -- Up-to-date symlink: /home/leime957/TDDE05/ros2_ws/install/project_interface/include/project_interface/project_interface/srv/detail/explore_goal__type_support.hpp
[16.388s] -- Up-to-date symlink: /home/leime957/TDDE05/ros2_ws/install/project_interface/include/project_interface/project_interface/srv/explore_goal.hpp
[16.391s] -- Up-to-date symlink: /home/leime957/TDDE05/ros2_ws/install/project_interface/include/project_interface/project_interface/msg/rosidl_typesupport_fastrtps_cpp__visibility_control.h
[16.393s] -- Up-to-date symlink: /home/leime957/TDDE05/ros2_ws/install/project_interface/include/project_interface/project_interface/srv/detail/explore_goal__rosidl_typesupport_fastrtps_cpp.hpp
[16.395s] -- Up-to-date symlink: /home/leime957/TDDE05/ros2_ws/install/project_interface/include/project_interface/project_interface/msg/rosidl_typesupport_introspection_c__visibility_control.h
[16.396s] -- Up-to-date symlink: /home/leime957/TDDE05/ros2_ws/install/project_interface/include/project_interface/project_interface/srv/detail/explore_goal__rosidl_typesupport_introspection_c.h
[16.399s] -- Up-to-date symlink: /home/leime957/TDDE05/ros2_ws/install/project_interface/include/project_interface/project_interface/srv/detail/explore_goal__rosidl_typesupport_introspection_cpp.hpp
[16.401s] -- Up-to-date symlink: /home/leime957/TDDE05/ros2_ws/install/project_interface/share/project_interface/environment/pythonpath.sh
[16.402s] -- Up-to-date symlink: /home/leime957/TDDE05/ros2_ws/install/project_interface/share/project_interface/environment/pythonpath.dsv
[16.404s] -- Up-to-date symlink: /home/leime957/TDDE05/ros2_ws/install/project_interface/local/lib/python3.10/dist-packages/project_interface-0.0.0-py3.10.egg-info/PKG-INFO
[16.405s] -- Up-to-date symlink: /home/leime957/TDDE05/ros2_ws/install/project_interface/local/lib/python3.10/dist-packages/project_interface-0.0.0-py3.10.egg-info/SOURCES.txt
[16.407s] -- Up-to-date symlink: /home/leime957/TDDE05/ros2_ws/install/project_interface/local/lib/python3.10/dist-packages/project_interface-0.0.0-py3.10.egg-info/dependency_links.txt
[16.412s] -- Up-to-date symlink: /home/leime957/TDDE05/ros2_ws/install/project_interface/local/lib/python3.10/dist-packages/project_interface-0.0.0-py3.10.egg-info/top_level.txt
[16.413s] -- Up-to-date symlink: /home/leime957/TDDE05/ros2_ws/install/project_interface/local/lib/python3.10/dist-packages/project_interface/__init__.py
[16.413s] -- Up-to-date symlink: /home/leime957/TDDE05/ros2_ws/install/project_interface/local/lib/python3.10/dist-packages/project_interface/_project_interface_s.ep.rosidl_typesupport_c.c
[16.414s] -- Up-to-date symlink: /home/leime957/TDDE05/ros2_ws/install/project_interface/local/lib/python3.10/dist-packages/project_interface/_project_interface_s.ep.rosidl_typesupport_fastrtps_c.c
[16.415s] -- Up-to-date symlink: /home/leime957/TDDE05/ros2_ws/install/project_interface/local/lib/python3.10/dist-packages/project_interface/_project_interface_s.ep.rosidl_typesupport_introspection_c.c
[16.420s] -- Up-to-date symlink: /home/leime957/TDDE05/ros2_ws/install/project_interface/local/lib/python3.10/dist-packages/project_interface/libproject_interface__rosidl_generator_py.so
[16.421s] -- Up-to-date symlink: /home/leime957/TDDE05/ros2_ws/install/project_interface/local/lib/python3.10/dist-packages/project_interface/project_interface_s__rosidl_typesupport_c.cpython-310-x86_64-linux-gnu.so
[16.421s] -- Up-to-date symlink: /home/leime957/TDDE05/ros2_ws/install/project_interface/local/lib/python3.10/dist-packages/project_interface/project_interface_s__rosidl_typesupport_fastrtps_c.cpython-310-x86_64-linux-gnu.so
[16.421s] -- Up-to-date symlink: /home/leime957/TDDE05/ros2_ws/install/project_interface/local/lib/python3.10/dist-packages/project_interface/project_interface_s__rosidl_typesupport_introspection_c.cpython-310-x86_64-linux-gnu.so
[16.423s] -- Up-to-date symlink: /home/leime957/TDDE05/ros2_ws/install/project_interface/local/lib/python3.10/dist-packages/project_interface/srv/__init__.py
[16.424s] -- Up-to-date symlink: /home/leime957/TDDE05/ros2_ws/install/project_interface/local/lib/python3.10/dist-packages/project_interface/srv/_explore_goal.py
[16.425s] -- Up-to-date symlink: /home/leime957/TDDE05/ros2_ws/install/project_interface/local/lib/python3.10/dist-packages/project_interface/srv/_explore_goal_s.c
[16.427s] -- Up-to-date symlink: /home/leime957/TDDE05/ros2_ws/install/project_interface/local/lib/python3.10/dist-packages/project_interface/project_interface_s__rosidl_typesupport_fastrtps_c.cpython-310-x86_64-linux-gnu.so
[16.429s] -- Up-to-date symlink: /home/leime957/TDDE05/ros2_ws/install/project_interface/local/lib/python3.10/dist-packages/project_interface/project_interface_s__rosidl_typesupport_introspection_c.cpython-310-x86_64-linux-gnu.so
[16.431s] -- Up-to-date symlink: /home/leime957/TDDE05/ros2_ws/install/project_interface/local/lib/python3.10/dist-packages/project_interface/project_interface_s__rosidl_typesupport_c.cpython-310-x86_64-linux-gnu.so
[16.433s] -- Up-to-date symlink: /home/leime957/TDDE05/ros2_ws/install/project_interface/share/project_interface/srv/ExploreGoal.idl
[16.433s] -- Up-to-date symlink: /home/leime957/TDDE05/ros2_ws/install/project_interface/share/project_interface/srv/ExploreGoal.srv
[16.435s] -- Up-to-date symlink: /home/leime957/TDDE05/ros2_ws/install/project_interface/share/project_interface/srv/ExploreGoal_Request.msg
[16.436s] -- Up-to-date symlink: /home/leime957/TDDE05/ros2_ws/install/project_interface/share/project_interface/srv/ExploreGoal_Response.msg
[16.438s] -- Up-to-date symlink: /home/leime957/TDDE05/ros2_ws/install/project_interface/share/ament_index/resource_index/package_run_dependencies/project_interface
[16.440s] -- Up-to-date symlink: /home/leime957/TDDE05/ros2_ws/install/project_interface/share/ament_index/resource_index/parent_prefix_path/project_interface
[16.451s] -- Up-to-date symlink: /home/leime957/TDDE05/ros2_ws/install/project_interface/share/project_interface/environment/ament_prefix_path.sh
[16.453s] -- Up-to-date symlink: /home/leime957/TDDE05/ros2_ws/install/project_interface/share/project_interface/environment/ament_prefix_path.dsv
[16.457s] -- Up-to-date symlink: /home/leime957/TDDE05/ros2_ws/install/project_interface/share/project_interface/environment/path.sh
[16.459s] -- Up-to-date symlink: /home/leime957/TDDE05/ros2_ws/install/project_interface/share/project_interface/environment/path.dsv
[16.460s] -- Up-to-date symlink: /home/leime957/TDDE05/ros2_ws/install/project_interface/share/project_interface/local_setup.bash
[16.462s] -- Up-to-date symlink: /home/leime957/TDDE05/ros2_ws/install/project_interface/share/project_interface/local_setup.sh
[16.466s] -- Up-to-date symlink: /home/leime957/TDDE05/ros2_ws/install/project_interface/share/project_interface/local_setup.zsh
[16.467s] -- Up-to-date symlink: /home/leime957/TDDE05/ros2_ws/install/project_interface/share/project_interface/local_setup.dsv
[16.468s] -- Symlinking: /home/leime957/TDDE05/ros2_ws/install/project_interface/share/project_interface/package.dsv
[16.681s] -- Up-to-date symlink: /home/leime957/TDDE05/ros2_ws/install/project_interface/share/ament_index/resource_index/packages/project_interface
[16.683s] -- Up-to-date symlink: /home/leime957/TDDE05/ros2_ws/install/project_interface/share/project_interface/cmake/rosidl_cmake-extras.cmake
[16.685s] -- Up-to-date symlink: /home/leime957/TDDE05/ros2_ws/install/project_interface/share/project_interface/cmake/ament_cmake_export_dependencies-extras.cmake
[16.686s] -- Up-to-date symlink: /home/leime957/TDDE05/ros2_ws/install/project_interface/share/project_interface/cmake/ament_cmake_export_include_directories-extras.cmake
[16.687s] -- Up-to-date symlink: /home/leime957/TDDE05/ros2_ws/install/project_interface/share/project_interface/cmake/ament_cmake_export_libraries-extras.cmake
[16.689s] -- Up-to-date symlink: /home/leime957/TDDE05/ros2_ws/install/project_interface/share/project_interface/cmake/ament_cmake_export_targets-extras.cmake
[16.690s] -- Up-to-date symlink: /home/leime957/TDDE05/ros2_ws/install/project_interface/share/project_interface/cmake/rosidl_cmake_export_typesupport_targets-extras.cmake
[16.692s] -- Up-to-date symlink: /home/leime957/TDDE05/ros2_ws/install/project_interface/share/project_interface/cmake/rosidl_cmake_export_typesupport_libraries-extras.cmake
[16.693s] -- Up-to-date symlink: /home/leime957/TDDE05/ros2_ws/install/project_interface/share/project_interface/cmake/project_interfaceConfig.cmake
[16.695s] -- Up-to-date symlink: /home/leime957/TDDE05/ros2_ws/install/project_interface/share/project_interface/cmake/project_interfaceConfig-version.cmake
[16.696s] -- Up-to-date symlink: /home/leime957/TDDE05/ros2_ws/install/project_interface/share/project_interface/package.xml
[16.697s] -- Up-to-date: /home/leime957/TDDE05/ros2_ws/install/project_interface/lib/libproject_interface__rosidl_generator_c.so
[16.700s] -- Up-to-date: /home/leime957/TDDE05/ros2_ws/install/project_interface/lib/libproject_interface__rosidl_typesupport_fastrtps_c.so
[16.703s] -- Up-to-date: /home/leime957/TDDE05/ros2_ws/install/project_interface/lib/libproject_interface__rosidl_typesupport_fastrtps_cpp.so
[16.706s] -- Up-to-date: /home/leime957/TDDE05/ros2_ws/install/project_interface/lib/libproject_interface__rosidl_typesupport_introspection_c.so
[16.709s] -- Up-to-date: /home/leime957/TDDE05/ros2_ws/install/project_interface/lib/libproject_interface__rosidl_typesupport_c.so
[16.712s] -- Up-to-date: /home/leime957/TDDE05/ros2_ws/install/project_interface/lib/libproject_interface__rosidl_typesupport_introspection_cpp.so
[16.716s] -- Up-to-date: /home/leime957/TDDE05/ros2_ws/install/project_interface/lib/libproject_interface__rosidl_typesupport_cpp.so
[17.180s] Listing '/home/leime957/TDDE05/ros2_ws/install/project_interface/local/lib/python3.10/dist-packages/project_interface'...
[17.180s] Listing '/home/leime957/TDDE05/ros2_ws/install/project_interface/local/lib/python3.10/dist-packages/project_interface/srv'...
[17.193s] -- Up-to-date: /home/leime957/TDDE05/ros2_ws/install/project_interface/lib/libproject_interface__rosidl_generator_py.so
[17.194s] -- Up-to-date: /home/leime957/TDDE05/ros2_ws/install/project_interface/share/project_interface/cmake/export_project_interface__rosidl_generator_cExport.cmake
[17.194s] -- Up-to-date: /home/leime957/TDDE05/ros2_ws/install/project_interface/share/project_interface/cmake/export_project_interface__rosidl_generator_cExport-noconfig.cmake
[17.195s] -- Up-to-date: /home/leime957/TDDE05/ros2_ws/install/project_interface/share/project_interface/cmake/export_project_interface__rosidl_typesupport_fastrtps_cExport.cmake
[17.195s] -- Up-to-date: /home/leime957/TDDE05/ros2_ws/install/project_interface/share/project_interface/cmake/export_project_interface__rosidl_typesupport_fastrtps_cExport-noconfig.cmake
[17.196s] -- Up-to-date: /home/leime957/TDDE05/ros2_ws/install/project_interface/share/project_interface/cmake/export_project_interface__rosidl_generator_cppExport.cmake
[17.198s] -- Up-to-date: /home/leime957/TDDE05/ros2_ws/install/project_interface/share/project_interface/cmake/export_project_interface__rosidl_typesupport_fastrtps_cppExport.cmake
[17.199s] -- Up-to-date: /home/leime957/TDDE05/ros2_ws/install/project_interface/share/project_interface/cmake/export_project_interface__rosidl_typesupport_fastrtps_cppExport-noconfig.cmake
[17.201s] -- Up-to-date: /home/leime957/TDDE05/ros2_ws/install/project_interface/share/project_interface/cmake/project_interface__rosidl_typesupport_introspection_cExport.cmake
[17.201s] -- Up-to-date: /home/leime957/TDDE05/ros2_ws/install/project_interface/share/project_interface/cmake/project_interface__rosidl_typesupport_introspection_cExport-noconfig.cmake
[17.203s] -- Up-to-date: /home/leime957/TDDE05/ros2_ws/install/project_interface/share/project_interface/cmake/project_interface__rosidl_typesupport_cExport.cmake
[17.207s] -- Up-to-date: /home/leime957/TDDE05/ros2_ws/install/project_interface/share/project_interface/cmake/project_interface__rosidl_typesupport_cExport-noconfig.cmake
[17.209s] -- Up-to-date: /home/leime957/TDDE05/ros2_ws/install/project_interface/share/project_interface/cmake/project_interface__rosidl_typesupport_introspection_cppExport.cmake
[17.210s] -- Up-to-date: /home/leime957/TDDE05/ros2_ws/install/project_interface/share/project_interface/cmake/project_interface__rosidl_typesupport_introspection_cppExport-noconfig.cmake
[17.212s] -- Up-to-date: /home/leime957/TDDE05/ros2_ws/install/project_interface/share/project_interface/cmake/project_interface__rosidl_typesupport_cppExport.cmake
[17.212s] -- Up-to-date: /home/leime957/TDDE05/ros2_ws/install/project_interface/share/project_interface/cmake/project_interface__rosidl_typesupport_cppExport-noconfig.cmake
[17.214s] -- Up-to-date: /home/leime957/TDDE05/ros2_ws/install/project_interface/share/project_interface/cmake/export_project_interface__rosidl_generator_pyExport.cmake
[17.215s] -- Up-to-date: /home/leime957/TDDE05/ros2_ws/install/project_interface/share/project_interface/cmake/export_project_interface__rosidl_generator_pyExport-noconfig.cmake
[17.228s] Invoked command in '/home/leime957/TDDE05/ros2_ws/build/project_interface' returned '0': CMAKE_PREFIX_PATH=${CMAKE_PREFIX_PATH}:/home/leime957/TDDE05/ros2_ws/install/exploration:/home/leime957/TDDE05/ros2_ws/install/human:/home/leime957/TDDE05/ros2_ws/install/air_navigation_examples:/home/leime957/TDDE05/ros2_ws/install/air_lab5:/home/leime957/TDDE05/ros2_ws/install/air_lab3:/home/leime957/TDDE05/ros2_ws/install/air_lab_common:/home/leime957/TDDE05/ros2_ws/install/air_lab2:/home/leime957/TDDE05/ros2_ws/install/air_bringup:/opt/air_ws/install/air_simple_sim:/opt/air_ws/install/air_bringup:/opt/ros/humble /usr/bin/cmake --install /home/leime957/TDDE05/ros2_ws/build/project_interface
