running develop
running egg_info
creating air_lab2.egg-info
writing air_lab2.egg-info/PKG-INFO
writing dependency_links to air_lab2.egg-info/dependency_links.txt
writing entry points to air_lab2.egg-info/entry_points.txt
writing requirements to air_lab2.egg-info/requires.txt
writing top-level names to air_lab2.egg-info/top_level.txt
writing manifest file 'air_lab2.egg-info/SOURCES.txt'
reading manifest file 'air_lab2.egg-info/SOURCES.txt'
writing manifest file 'air_lab2.egg-info/SOURCES.txt'
running build_ext
Creating /home/leime957/TDDE05/ros2_ws/install/air_lab2/lib/python3.10/site-packages/air-lab2.egg-link (link to .)
Installing lab2_node script to /home/leime957/TDDE05/ros2_ws/install/air_lab2/lib/air_lab2

Installed /home/leime957/TDDE05/ros2_ws/build/air_lab2
running symlink_data
creating /home/leime957/TDDE05/ros2_ws/install/air_lab2/share/ament_index
creating /home/leime957/TDDE05/ros2_ws/install/air_lab2/share/ament_index/resource_index
creating /home/leime957/TDDE05/ros2_ws/install/air_lab2/share/ament_index/resource_index/packages
symbolically linking /home/leime957/TDDE05/ros2_ws/build/air_lab2/resource/air_lab2 -> /home/leime957/TDDE05/ros2_ws/install/air_lab2/share/ament_index/resource_index/packages
symbolically linking /home/leime957/TDDE05/ros2_ws/build/air_lab2/package.xml -> /home/leime957/TDDE05/ros2_ws/install/air_lab2/share/air_lab2
