[5.222s] Invoking command in '/home/leime957/TDDE05/ros2_ws/build/air_lab2': PYTHONPATH=/home/leime957/TDDE05/ros2_ws/build/air_lab2/prefix_override:/usr/lib/python3/dist-packages/colcon_core/task/python/colcon_distutils_commands:/home/leime957/TDDE05/ros2_ws/install/air_lab2/lib/python3.10/site-packages:${PYTHONPATH} /usr/bin/python3 -W ignore:setup.py install is deprecated -W ignore:easy_install command is deprecated setup.py develop --editable --build-directory /home/leime957/TDDE05/ros2_ws/build/air_lab2/build --no-deps symlink_data
[7.450s] running develop
[9.151s] running egg_info
[9.151s] creating air_lab2.egg-info
[9.152s] writing air_lab2.egg-info/PKG-INFO
[9.157s] writing dependency_links to air_lab2.egg-info/dependency_links.txt
[9.160s] writing entry points to air_lab2.egg-info/entry_points.txt
[9.163s] writing requirements to air_lab2.egg-info/requires.txt
[9.164s] writing top-level names to air_lab2.egg-info/top_level.txt
[9.167s] writing manifest file 'air_lab2.egg-info/SOURCES.txt'
[9.180s] reading manifest file 'air_lab2.egg-info/SOURCES.txt'
[9.183s] writing manifest file 'air_lab2.egg-info/SOURCES.txt'
[9.189s] running build_ext
[9.189s] Creating /home/leime957/TDDE05/ros2_ws/install/air_lab2/lib/python3.10/site-packages/air-lab2.egg-link (link to .)
[9.195s] Installing lab2_node script to /home/leime957/TDDE05/ros2_ws/install/air_lab2/lib/air_lab2
[9.201s] 
[9.201s] Installed /home/leime957/TDDE05/ros2_ws/build/air_lab2
[9.201s] running symlink_data
[9.202s] creating /home/leime957/TDDE05/ros2_ws/install/air_lab2/share/ament_index
[9.203s] creating /home/leime957/TDDE05/ros2_ws/install/air_lab2/share/ament_index/resource_index
[9.204s] creating /home/leime957/TDDE05/ros2_ws/install/air_lab2/share/ament_index/resource_index/packages
[9.206s] symbolically linking /home/leime957/TDDE05/ros2_ws/build/air_lab2/resource/air_lab2 -> /home/leime957/TDDE05/ros2_ws/install/air_lab2/share/ament_index/resource_index/packages
[9.208s] symbolically linking /home/leime957/TDDE05/ros2_ws/build/air_lab2/package.xml -> /home/leime957/TDDE05/ros2_ws/install/air_lab2/share/air_lab2
[9.313s] Invoked command in '/home/leime957/TDDE05/ros2_ws/build/air_lab2' returned '0': PYTHONPATH=/home/leime957/TDDE05/ros2_ws/build/air_lab2/prefix_override:/usr/lib/python3/dist-packages/colcon_core/task/python/colcon_distutils_commands:/home/leime957/TDDE05/ros2_ws/install/air_lab2/lib/python3.10/site-packages:${PYTHONPATH} /usr/bin/python3 -W ignore:setup.py install is deprecated -W ignore:easy_install command is deprecated setup.py develop --editable --build-directory /home/leime957/TDDE05/ros2_ws/build/air_lab2/build --no-deps symlink_data
