running develop
running egg_info
creating exploration.egg-info
writing exploration.egg-info/PKG-INFO
writing dependency_links to exploration.egg-info/dependency_links.txt
writing entry points to exploration.egg-info/entry_points.txt
writing requirements to exploration.egg-info/requires.txt
writing top-level names to exploration.egg-info/top_level.txt
writing manifest file 'exploration.egg-info/SOURCES.txt'
reading manifest file 'exploration.egg-info/SOURCES.txt'
writing manifest file 'exploration.egg-info/SOURCES.txt'
running build_ext
Creating /home/leime957/TDDE05/ros2_ws/install/exploration/lib/python3.10/site-packages/exploration.egg-link (link to .)
Installing explore script to /home/leime957/TDDE05/ros2_ws/install/exploration/lib/exploration

Installed /home/leime957/TDDE05/ros2_ws/build/exploration
running symlink_data
creating /home/leime957/TDDE05/ros2_ws/install/exploration/share/ament_index
creating /home/leime957/TDDE05/ros2_ws/install/exploration/share/ament_index/resource_index
creating /home/leime957/TDDE05/ros2_ws/install/exploration/share/ament_index/resource_index/packages
symbolically linking /home/leime957/TDDE05/ros2_ws/build/exploration/resource/exploration -> /home/leime957/TDDE05/ros2_ws/install/exploration/share/ament_index/resource_index/packages
symbolically linking /home/leime957/TDDE05/ros2_ws/build/exploration/package.xml -> /home/leime957/TDDE05/ros2_ws/install/exploration/share/exploration
