[0.229s] Invoking command in '/home/leime957/TDDE05/ros2_ws/build/air_navigation': CMAKE_PREFIX_PATH=${CMAKE_PREFIX_PATH}:/home/leime957/TDDE05/ros2_ws/install/exploration:/home/leime957/TDDE05/ros2_ws/install/human:/home/leime957/TDDE05/ros2_ws/install/air_navigation_examples:/home/leime957/TDDE05/ros2_ws/install/air_lab5:/home/leime957/TDDE05/ros2_ws/install/air_bringup:/home/leime957/TDDE05/ros2_ws/install/air_lab3:/home/leime957/TDDE05/ros2_ws/install/air_lab_common:/home/leime957/TDDE05/ros2_ws/install/air_lab2:/opt/air_ws/install/air_simple_sim:/opt/air_ws/install/air_bringup:/opt/ros/humble /usr/bin/cmake /home/leime957/TDDE05/ros2_ws/src/tdde05-projects-air-04/air_navigation -DAMENT_CMAKE_SYMLINK_INSTALL=1 -DCMAKE_INSTALL_PREFIX=/home/leime957/TDDE05/ros2_ws/install/air_navigation
[12.152s] -- The C compiler identification is GNU 11.4.0
[12.153s] -- The CXX compiler identification is GNU 11.4.0
[12.153s] -- Detecting C compiler ABI info
[12.153s] -- Detecting C compiler ABI info - done
[12.153s] -- Check for working C compiler: /usr/bin/cc - skipped
[12.153s] -- Detecting C compile features
[12.153s] -- Detecting C compile features - done
[12.153s] -- Detecting CXX compiler ABI info
[12.153s] -- Detecting CXX compiler ABI info - done
[12.154s] -- Check for working CXX compiler: /usr/bin/c++ - skipped
[12.154s] -- Detecting CXX compile features
[12.154s] -- Detecting CXX compile features - done
[12.154s] -- Found ament_cmake: 1.3.11 (/opt/ros/humble/share/ament_cmake/cmake)
[12.154s] -- Found Python3: /usr/bin/python3 (found version "3.10.12") found components: Interpreter 
[12.154s] -- Override CMake install command with custom implementation using symlinks instead of copying resources
[12.154s] -- Found nav2_dwb_controller: 1.1.17 (/opt/ros/humble/share/nav2_dwb_controller/cmake)
[12.154s] -- Found rclcpp: 16.0.11 (/opt/ros/humble/share/rclcpp/cmake)
[12.154s] -- Found rosidl_generator_c: 3.1.6 (/opt/ros/humble/share/rosidl_generator_c/cmake)
[12.572s] -- Found rosidl_adapter: 3.1.6 (/opt/ros/humble/share/rosidl_adapter/cmake)
[13.024s] -- Found rosidl_generator_cpp: 3.1.6 (/opt/ros/humble/share/rosidl_generator_cpp/cmake)
[13.523s] -- Using all available rosidl_typesupport_c: rosidl_typesupport_fastrtps_c;rosidl_typesupport_introspection_c
[14.301s] -- Using all available rosidl_typesupport_cpp: rosidl_typesupport_fastrtps_cpp;rosidl_typesupport_introspection_cpp
[17.057s] -- Found rmw_implementation_cmake: 6.1.2 (/opt/ros/humble/share/rmw_implementation_cmake/cmake)
[17.670s] -- Found rmw_fastrtps_cpp: 6.2.7 (/opt/ros/humble/share/rmw_fastrtps_cpp/cmake)
[21.735s] -- Found OpenSSL: /usr/lib/x86_64-linux-gnu/libcrypto.so (found version "3.0.2")  
[22.835s] -- Found FastRTPS: /opt/ros/humble/include  
[25.770s] -- Using RMW implementation 'rmw_fastrtps_cpp' as default
[27.120s] -- Looking for pthread.h
[29.417s] -- Looking for pthread.h - found
[29.420s] -- Performing Test CMAKE_HAVE_LIBC_PTHREAD
[31.205s] -- Performing Test CMAKE_HAVE_LIBC_PTHREAD - Success
[31.213s] -- Found Threads: TRUE  
[34.135s] -- Found pluginlib: 5.1.0 (/opt/ros/humble/share/pluginlib/cmake)
[41.077s] -- Found nav2_core: 1.1.17 (/opt/ros/humble/share/nav2_core/cmake)
[65.899s] -- Found Eigen3: TRUE (found version "3.4.0") 
[65.900s] -- Ensuring Eigen3 include directory is part of orocos-kdl CMake target
[69.668s] -- Found nav2_common: 1.1.17 (/opt/ros/humble/share/nav2_common/cmake)
[69.938s] -- Found PythonInterp: /usr/bin/python3.10 (found suitable version "3.10.12", minimum required is "3.10") 
[70.061s] -- Found PythonInterp: /usr/bin/python3.10 (found suitable version "3.10.12", minimum required is "3.0") 
[70.209s] <string>:1: DeprecationWarning: The distutils package is deprecated and slated for removal in Python 3.12. Use setuptools or check PEP 632 for potential alternatives
[70.221s] <string>:1: DeprecationWarning: The distutils.sysconfig module is deprecated, use sysconfig instead
[70.226s] -- Python system site-packages directory: /usr/lib/python3/dist-packages
[70.226s] -- Found PythonLibrary: /usr/lib/x86_64-linux-gnu/libpython3.10.so (Required is at least version "3.10") 
[70.345s] -- Found SIP version: 4.19.25
[70.346s] -- Setting build type to Release as none was specified.
[70.346s] LIBS: /usr/lib/x86_64-linux-gnu/libpython3.10.so
[70.346s] DEPS: rclcpp;nav2_dwb_controller;pluginlib;nav2_util;nav2_costmap_2d
[70.518s] -- Found ament_lint_auto: 0.12.11 (/opt/ros/humble/share/ament_lint_auto/cmake)
[72.066s] 041319 - The version of SIP found expressed as a 6 digit hex number suitable for comparison as a string.
[72.066s] 4.19.25 - The version of SIP found as a human readable string.
[72.066s] /usr/bin/sip - Path and filename of the SIP command line executable.
[72.066s] /usr/include/python3.10 - Directory holding the SIP C++ header file.
[72.066s] /usr/share/sip - default SIP dir
[72.210s] -- Added test 'copyright' to check source files copyright and LICENSE
[72.271s] -- Added test 'cppcheck' to perform static code analysis on C / C++ code
[72.272s] -- Configured cppcheck include dirs: /home/leime957/TDDE05/ros2_ws/src/tdde05-projects-air-04/air_navigation/include
[72.272s] -- Configured cppcheck exclude dirs and/or files: 
[72.321s] -- Added test 'cpplint' to check C / C++ code against the Google style
[72.321s] -- Configured cpplint exclude dirs and/or files: 
[72.332s] -- Added test 'flake8' to check Python code syntax and style conventions
[72.352s] -- Added test 'lint_cmake' to check CMake code style
[72.363s] -- Added test 'pep257' to check Python code against some of the docstring style conventions in PEP 257
[72.408s] -- Added test 'uncrustify' to check C / C++ code style
[72.408s] -- Configured uncrustify additional arguments: 
[72.419s] -- Added test 'xmllint' to check XML markup files
[72.505s] -- Configuring done
[74.134s] -- Generating done
[74.219s] -- Build files have been written to: /home/leime957/TDDE05/ros2_ws/build/air_navigation
[74.238s] Invoked command in '/home/leime957/TDDE05/ros2_ws/build/air_navigation' returned '0': CMAKE_PREFIX_PATH=${CMAKE_PREFIX_PATH}:/home/leime957/TDDE05/ros2_ws/install/exploration:/home/leime957/TDDE05/ros2_ws/install/human:/home/leime957/TDDE05/ros2_ws/install/air_navigation_examples:/home/leime957/TDDE05/ros2_ws/install/air_lab5:/home/leime957/TDDE05/ros2_ws/install/air_bringup:/home/leime957/TDDE05/ros2_ws/install/air_lab3:/home/leime957/TDDE05/ros2_ws/install/air_lab_common:/home/leime957/TDDE05/ros2_ws/install/air_lab2:/opt/air_ws/install/air_simple_sim:/opt/air_ws/install/air_bringup:/opt/ros/humble /usr/bin/cmake /home/leime957/TDDE05/ros2_ws/src/tdde05-projects-air-04/air_navigation -DAMENT_CMAKE_SYMLINK_INSTALL=1 -DCMAKE_INSTALL_PREFIX=/home/leime957/TDDE05/ros2_ws/install/air_navigation
[74.241s] Invoking command in '/home/leime957/TDDE05/ros2_ws/build/air_navigation': CMAKE_PREFIX_PATH=${CMAKE_PREFIX_PATH}:/home/leime957/TDDE05/ros2_ws/install/exploration:/home/leime957/TDDE05/ros2_ws/install/human:/home/leime957/TDDE05/ros2_ws/install/air_navigation_examples:/home/leime957/TDDE05/ros2_ws/install/air_lab5:/home/leime957/TDDE05/ros2_ws/install/air_bringup:/home/leime957/TDDE05/ros2_ws/install/air_lab3:/home/leime957/TDDE05/ros2_ws/install/air_lab_common:/home/leime957/TDDE05/ros2_ws/install/air_lab2:/opt/air_ws/install/air_simple_sim:/opt/air_ws/install/air_bringup:/opt/ros/humble /usr/bin/cmake --build /home/leime957/TDDE05/ros2_ws/build/air_navigation -- -j20 -l20
[75.805s] [ 12%] [32mBuilding CXX object CMakeFiles/air_navigation.dir/src/python_interpreter.cpp.o[0m
[75.811s] [ 25%] [32mBuilding CXX object CMakeFiles/air_navigation.dir/src/python_controller.cpp.o[0m
[75.822s] [ 37%] [32mBuilding CXX object CMakeFiles/air_navigation.dir/src/python_trajectory_critic.cpp.o[0m
[75.833s] [ 50%] [32mBuilding CXX object CMakeFiles/air_navigation.dir/src/python_trajectory_generator.cpp.o[0m
[91.925s] [ 62%] [32m[1mLinking CXX shared library libair_navigation.so[0m
[93.870s] [ 62%] Built target air_navigation
[94.112s] [ 75%] [34m[1mGenerating air_navigation/sipair_navigation_part0.cpp[0m
[94.264s] 
[94.924s] [ 87%] [32mBuilding CXX object python/CMakeFiles/python_module_air_navigation_.dir/air_navigation/sipair_navigation_part0.cpp.o[0m
[107.487s] [100%] [32m[1mLinking CXX shared library air_navigation_.so[0m
[109.508s] [100%] Built target python_module_air_navigation_
[109.548s] Invoked command in '/home/leime957/TDDE05/ros2_ws/build/air_navigation' returned '0': CMAKE_PREFIX_PATH=${CMAKE_PREFIX_PATH}:/home/leime957/TDDE05/ros2_ws/install/exploration:/home/leime957/TDDE05/ros2_ws/install/human:/home/leime957/TDDE05/ros2_ws/install/air_navigation_examples:/home/leime957/TDDE05/ros2_ws/install/air_lab5:/home/leime957/TDDE05/ros2_ws/install/air_bringup:/home/leime957/TDDE05/ros2_ws/install/air_lab3:/home/leime957/TDDE05/ros2_ws/install/air_lab_common:/home/leime957/TDDE05/ros2_ws/install/air_lab2:/opt/air_ws/install/air_simple_sim:/opt/air_ws/install/air_bringup:/opt/ros/humble /usr/bin/cmake --build /home/leime957/TDDE05/ros2_ws/build/air_navigation -- -j20 -l20
[109.555s] Invoking command in '/home/leime957/TDDE05/ros2_ws/build/air_navigation': CMAKE_PREFIX_PATH=${CMAKE_PREFIX_PATH}:/home/leime957/TDDE05/ros2_ws/install/exploration:/home/leime957/TDDE05/ros2_ws/install/human:/home/leime957/TDDE05/ros2_ws/install/air_navigation_examples:/home/leime957/TDDE05/ros2_ws/install/air_lab5:/home/leime957/TDDE05/ros2_ws/install/air_bringup:/home/leime957/TDDE05/ros2_ws/install/air_lab3:/home/leime957/TDDE05/ros2_ws/install/air_lab_common:/home/leime957/TDDE05/ros2_ws/install/air_lab2:/opt/air_ws/install/air_simple_sim:/opt/air_ws/install/air_bringup:/opt/ros/humble /usr/bin/cmake --install /home/leime957/TDDE05/ros2_ws/build/air_navigation
[109.584s] -- Install configuration: "Release"
[109.586s] -- Execute custom install script
[109.592s] -- Symlinking: /home/leime957/TDDE05/ros2_ws/install/air_navigation/lib/libair_navigation.so
[109.639s] -- Symlinking: /home/leime957/TDDE05/ros2_ws/install/air_navigation/lib/python3.10/site-packages///air_navigation_.so
[109.685s] -- Symlinking: /home/leime957/TDDE05/ros2_ws/install/air_navigation/lib/python3.10/site-packages//air_navigation/__init__.py
[109.724s] -- Symlinking: /home/leime957/TDDE05/ros2_ws/install/air_navigation/share/air_navigation/environment/library_path.sh
[109.758s] -- Symlinking: /home/leime957/TDDE05/ros2_ws/install/air_navigation/share/air_navigation/environment/library_path.dsv
[109.790s] -- Symlinking: /home/leime957/TDDE05/ros2_ws/install/air_navigation/share/air_navigation//air_navigation_plugins.xml
[109.824s] -- Up-to-date symlink: /home/leime957/TDDE05/ros2_ws/install/air_navigation/share/air_navigation//air_navigation_plugins.xml
[109.830s] -- Symlinking: /home/leime957/TDDE05/ros2_ws/install/air_navigation/share/ament_index/resource_index/package_run_dependencies/air_navigation
[109.866s] -- Symlinking: /home/leime957/TDDE05/ros2_ws/install/air_navigation/share/ament_index/resource_index/parent_prefix_path/air_navigation
[109.899s] -- Symlinking: /home/leime957/TDDE05/ros2_ws/install/air_navigation/share/air_navigation/environment/ament_prefix_path.sh
[109.932s] -- Symlinking: /home/leime957/TDDE05/ros2_ws/install/air_navigation/share/air_navigation/environment/ament_prefix_path.dsv
[109.967s] -- Symlinking: /home/leime957/TDDE05/ros2_ws/install/air_navigation/share/air_navigation/environment/path.sh
[110.000s] -- Symlinking: /home/leime957/TDDE05/ros2_ws/install/air_navigation/share/air_navigation/environment/path.dsv
[110.038s] -- Symlinking: /home/leime957/TDDE05/ros2_ws/install/air_navigation/share/air_navigation/local_setup.bash
[110.072s] -- Symlinking: /home/leime957/TDDE05/ros2_ws/install/air_navigation/share/air_navigation/local_setup.sh
[110.104s] -- Symlinking: /home/leime957/TDDE05/ros2_ws/install/air_navigation/share/air_navigation/local_setup.zsh
[110.136s] -- Symlinking: /home/leime957/TDDE05/ros2_ws/install/air_navigation/share/air_navigation/local_setup.dsv
[110.174s] -- Symlinking: /home/leime957/TDDE05/ros2_ws/install/air_navigation/share/air_navigation/package.dsv
[110.210s] -- Symlinking: /home/leime957/TDDE05/ros2_ws/install/air_navigation/share/ament_index/resource_index/packages/air_navigation
[110.245s] -- Symlinking: /home/leime957/TDDE05/ros2_ws/install/air_navigation/share/ament_index/resource_index/nav2_core__pluginlib__plugin/air_navigation
[110.281s] -- Symlinking: /home/leime957/TDDE05/ros2_ws/install/air_navigation/share/ament_index/resource_index/dwb_core__pluginlib__plugin/air_navigation
[110.317s] -- Symlinking: /home/leime957/TDDE05/ros2_ws/install/air_navigation/share/air_navigation/cmake/ament_cmake_export_libraries-extras.cmake
[110.350s] -- Symlinking: /home/leime957/TDDE05/ros2_ws/install/air_navigation/share/air_navigation/cmake/ament_cmake_export_dependencies-extras.cmake
[110.383s] -- Symlinking: /home/leime957/TDDE05/ros2_ws/install/air_navigation/share/air_navigation/cmake/air_navigationConfig.cmake
[110.417s] -- Symlinking: /home/leime957/TDDE05/ros2_ws/install/air_navigation/share/air_navigation/cmake/air_navigationConfig-version.cmake
[110.450s] -- Symlinking: /home/leime957/TDDE05/ros2_ws/install/air_navigation/share/air_navigation/package.xml
[110.490s] Invoked command in '/home/leime957/TDDE05/ros2_ws/build/air_navigation' returned '0': CMAKE_PREFIX_PATH=${CMAKE_PREFIX_PATH}:/home/leime957/TDDE05/ros2_ws/install/exploration:/home/leime957/TDDE05/ros2_ws/install/human:/home/leime957/TDDE05/ros2_ws/install/air_navigation_examples:/home/leime957/TDDE05/ros2_ws/install/air_lab5:/home/leime957/TDDE05/ros2_ws/install/air_bringup:/home/leime957/TDDE05/ros2_ws/install/air_lab3:/home/leime957/TDDE05/ros2_ws/install/air_lab_common:/home/leime957/TDDE05/ros2_ws/install/air_lab2:/opt/air_ws/install/air_simple_sim:/opt/air_ws/install/air_bringup:/opt/ros/humble /usr/bin/cmake --install /home/leime957/TDDE05/ros2_ws/build/air_navigation
