running develop
running egg_info
creating human.egg-info
writing human.egg-info/PKG-INFO
writing dependency_links to human.egg-info/dependency_links.txt
writing entry points to human.egg-info/entry_points.txt
writing requirements to human.egg-info/requires.txt
writing top-level names to human.egg-info/top_level.txt
writing manifest file 'human.egg-info/SOURCES.txt'
reading manifest file 'human.egg-info/SOURCES.txt'
writing manifest file 'human.egg-info/SOURCES.txt'
running build_ext
Creating /home/leime957/TDDE05/ros2_ws/install/human/lib/python3.10/site-packages/human.egg-link (link to .)
Installing human_explore script to /home/leime957/TDDE05/ros2_ws/install/human/lib/human

Installed /home/leime957/TDDE05/ros2_ws/build/human
running symlink_data
creating /home/leime957/TDDE05/ros2_ws/install/human/share/ament_index
creating /home/leime957/TDDE05/ros2_ws/install/human/share/ament_index/resource_index
creating /home/leime957/TDDE05/ros2_ws/install/human/share/ament_index/resource_index/packages
symbolically linking /home/leime957/TDDE05/ros2_ws/build/human/resource/human -> /home/leime957/TDDE05/ros2_ws/install/human/share/ament_index/resource_index/packages
symbolically linking /home/leime957/TDDE05/ros2_ws/build/human/package.xml -> /home/leime957/TDDE05/ros2_ws/install/human/share/human
