[0.223s] Invoking command in '/home/leime957/TDDE05/ros2_ws/build/project_interface': CMAKE_PREFIX_PATH=${CMAKE_PREFIX_PATH}:/home/leime957/TDDE05/ros2_ws/install/exploration:/home/leime957/TDDE05/ros2_ws/install/human:/home/leime957/TDDE05/ros2_ws/install/air_navigation_examples:/home/leime957/TDDE05/ros2_ws/install/air_lab5:/home/leime957/TDDE05/ros2_ws/install/air_bringup:/home/leime957/TDDE05/ros2_ws/install/air_lab3:/home/leime957/TDDE05/ros2_ws/install/air_lab_common:/home/leime957/TDDE05/ros2_ws/install/air_lab2:/opt/air_ws/install/air_simple_sim:/opt/air_ws/install/air_bringup:/opt/ros/humble /usr/bin/cmake /home/leime957/TDDE05/ros2_ws/src/tdde05-projects-air-04/project_interface -DAMENT_CMAKE_SYMLINK_INSTALL=1 -DCMAKE_INSTALL_PREFIX=/home/leime957/TDDE05/ros2_ws/install/project_interface
[12.125s] -- The C compiler identification is GNU 11.4.0
[12.126s] -- The CXX compiler identification is GNU 11.4.0
[12.126s] -- Detecting C compiler ABI info
[12.126s] -- Detecting C compiler ABI info - done
[12.126s] -- Check for working C compiler: /usr/bin/cc - skipped
[12.126s] -- Detecting C compile features
[12.126s] -- Detecting C compile features - done
[12.126s] -- Detecting CXX compiler ABI info
[12.126s] -- Detecting CXX compiler ABI info - done
[12.126s] -- Check for working CXX compiler: /usr/bin/c++ - skipped
[12.126s] -- Detecting CXX compile features
[12.126s] -- Detecting CXX compile features - done
[12.126s] -- Found ament_cmake: 1.3.11 (/opt/ros/humble/share/ament_cmake/cmake)
[12.126s] -- Found Python3: /usr/bin/python3 (found version "3.10.12") found components: Interpreter 
[12.126s] -- Override CMake install command with custom implementation using symlinks instead of copying resources
[12.126s] -- Found geometry_msgs: 4.2.4 (/opt/ros/humble/share/geometry_msgs/cmake)
[12.126s] -- Found rosidl_generator_c: 3.1.6 (/opt/ros/humble/share/rosidl_generator_c/cmake)
[12.127s] -- Found rosidl_adapter: 3.1.6 (/opt/ros/humble/share/rosidl_adapter/cmake)
[12.444s] -- Found rosidl_generator_cpp: 3.1.6 (/opt/ros/humble/share/rosidl_generator_cpp/cmake)
[12.956s] -- Using all available rosidl_typesupport_c: rosidl_typesupport_fastrtps_c;rosidl_typesupport_introspection_c
[13.661s] -- Using all available rosidl_typesupport_cpp: rosidl_typesupport_fastrtps_cpp;rosidl_typesupport_introspection_cpp
[14.631s] -- Found rosidl_default_generators: 1.2.0 (/opt/ros/humble/share/rosidl_default_generators/cmake)
[15.113s] -- Found ament_lint_auto: 0.12.11 (/opt/ros/humble/share/ament_lint_auto/cmake)
[20.905s] -- Found ament_cmake_ros: 0.10.0 (/opt/ros/humble/share/ament_cmake_ros/cmake)
[27.406s] -- Using all available rosidl_typesupport_c: rosidl_typesupport_fastrtps_c;rosidl_typesupport_introspection_c
[29.413s] -- Using all available rosidl_typesupport_cpp: rosidl_typesupport_fastrtps_cpp;rosidl_typesupport_introspection_cpp
[29.729s] -- Found PythonInterp: /usr/bin/python3 (found suitable version "3.10.12", minimum required is "3.6") 
[30.228s] -- Found python_cmake_module: 0.10.0 (/opt/ros/humble/share/python_cmake_module/cmake)
[30.611s] -- Found PythonLibs: /usr/lib/x86_64-linux-gnu/libpython3.10.so (found suitable version "3.10.12", minimum required is "3.5") 
[30.611s] -- Using PYTHON_EXECUTABLE: /usr/bin/python3
[30.612s] -- Using PYTHON_INCLUDE_DIRS: /usr/include/python3.10
[30.612s] -- Using PYTHON_LIBRARIES: /usr/lib/x86_64-linux-gnu/libpython3.10.so
[30.835s] -- Found PythonExtra: .so  
[31.889s] -- Added test 'lint_cmake' to check CMake code style
[31.906s] -- Added test 'xmllint' to check XML markup files
[32.106s] -- Configuring done
[34.177s] -- Generating done
[34.337s] -- Build files have been written to: /home/leime957/TDDE05/ros2_ws/build/project_interface
[34.350s] Invoked command in '/home/leime957/TDDE05/ros2_ws/build/project_interface' returned '0': CMAKE_PREFIX_PATH=${CMAKE_PREFIX_PATH}:/home/leime957/TDDE05/ros2_ws/install/exploration:/home/leime957/TDDE05/ros2_ws/install/human:/home/leime957/TDDE05/ros2_ws/install/air_navigation_examples:/home/leime957/TDDE05/ros2_ws/install/air_lab5:/home/leime957/TDDE05/ros2_ws/install/air_bringup:/home/leime957/TDDE05/ros2_ws/install/air_lab3:/home/leime957/TDDE05/ros2_ws/install/air_lab_common:/home/leime957/TDDE05/ros2_ws/install/air_lab2:/opt/air_ws/install/air_simple_sim:/opt/air_ws/install/air_bringup:/opt/ros/humble /usr/bin/cmake /home/leime957/TDDE05/ros2_ws/src/tdde05-projects-air-04/project_interface -DAMENT_CMAKE_SYMLINK_INSTALL=1 -DCMAKE_INSTALL_PREFIX=/home/leime957/TDDE05/ros2_ws/install/project_interface
[34.372s] Invoking command in '/home/leime957/TDDE05/ros2_ws/build/project_interface': CMAKE_PREFIX_PATH=${CMAKE_PREFIX_PATH}:/home/leime957/TDDE05/ros2_ws/install/exploration:/home/leime957/TDDE05/ros2_ws/install/human:/home/leime957/TDDE05/ros2_ws/install/air_navigation_examples:/home/leime957/TDDE05/ros2_ws/install/air_lab5:/home/leime957/TDDE05/ros2_ws/install/air_bringup:/home/leime957/TDDE05/ros2_ws/install/air_lab3:/home/leime957/TDDE05/ros2_ws/install/air_lab_common:/home/leime957/TDDE05/ros2_ws/install/air_lab2:/opt/air_ws/install/air_simple_sim:/opt/air_ws/install/air_bringup:/opt/ros/humble /usr/bin/cmake --build /home/leime957/TDDE05/ros2_ws/build/project_interface -- -j20 -l20
[39.066s] [  3%] [34m[1mGenerating C code for ROS interfaces[0m
[39.524s] [  6%] [34m[1mGenerating C++ code for ROS interfaces[0m
[40.404s] [  6%] Built target ament_cmake_python_symlink_project_interface
[43.305s] [  6%] Built target project_interface__cpp
[44.699s] [  9%] [32mBuilding C object CMakeFiles/project_interface__rosidl_generator_c.dir/rosidl_generator_c/project_interface/srv/detail/explore_goal__functions.c.o[0m
[44.704s] [ 12%] [34m[1mGenerating C++ introspection for ROS interfaces[0m
[44.707s] [ 16%] [34m[1mGenerating C++ type support for eProsima Fast-RTPS[0m
[44.719s] [ 19%] [34m[1mGenerating C++ type support dispatch for ROS interfaces[0m
[49.379s] [ 22%] [32m[1mLinking C shared library libproject_interface__rosidl_generator_c.so[0m
[52.338s] [ 22%] Built target project_interface__rosidl_generator_c
[52.825s] [ 25%] [32mBuilding CXX object CMakeFiles/project_interface__rosidl_typesupport_cpp.dir/rosidl_typesupport_cpp/project_interface/srv/explore_goal__type_support.cpp.o[0m
[53.058s] [ 29%] [32mBuilding CXX object CMakeFiles/project_interface__rosidl_typesupport_fastrtps_cpp.dir/rosidl_typesupport_fastrtps_cpp/project_interface/srv/detail/dds_fastrtps/explore_goal__type_support.cpp.o[0m
[53.061s] [ 32%] [32mBuilding CXX object CMakeFiles/project_interface__rosidl_typesupport_introspection_cpp.dir/rosidl_typesupport_introspection_cpp/project_interface/srv/detail/explore_goal__type_support.cpp.o[0m
[53.330s] [ 35%] [34m[1mGenerating C type support for eProsima Fast-RTPS[0m
[53.352s] [ 38%] [34m[1mGenerating C introspection for ROS interfaces[0m
[53.371s] [ 41%] [34m[1mGenerating C type support dispatch for ROS interfaces[0m
[57.941s] [ 45%] [32m[1mLinking CXX shared library libproject_interface__rosidl_typesupport_cpp.so[0m
[58.150s] [ 48%] [32m[1mLinking CXX shared library libproject_interface__rosidl_typesupport_introspection_cpp.so[0m
[58.867s] [ 51%] [32m[1mLinking CXX shared library libproject_interface__rosidl_typesupport_fastrtps_cpp.so[0m
[59.892s] [ 54%] [32mBuilding CXX object CMakeFiles/project_interface__rosidl_typesupport_c.dir/rosidl_typesupport_c/project_interface/srv/explore_goal__type_support.cpp.o[0m
[59.893s] [ 54%] Built target project_interface__rosidl_typesupport_introspection_cpp
[59.894s] [ 54%] Built target project_interface__rosidl_typesupport_cpp
[60.014s] [ 58%] [32mBuilding C object CMakeFiles/project_interface__rosidl_typesupport_introspection_c.dir/rosidl_typesupport_introspection_c/project_interface/srv/detail/explore_goal__type_support.c.o[0m
[60.022s] [ 61%] [32mBuilding CXX object CMakeFiles/project_interface__rosidl_typesupport_fastrtps_c.dir/rosidl_typesupport_fastrtps_c/project_interface/srv/detail/explore_goal__type_support_c.cpp.o[0m
[60.573s] [ 61%] Built target project_interface__rosidl_typesupport_fastrtps_cpp
[61.010s] [ 64%] [32m[1mLinking CXX shared library libproject_interface__rosidl_typesupport_c.so[0m
[61.197s] [ 67%] [32m[1mLinking C shared library libproject_interface__rosidl_typesupport_introspection_c.so[0m
[62.043s] [ 67%] Built target project_interface__rosidl_typesupport_introspection_c
[62.044s] [ 67%] Built target project_interface__rosidl_typesupport_c
[62.225s] running egg_info
[62.226s] creating project_interface.egg-info
[62.227s] writing project_interface.egg-info/PKG-INFO
[62.230s] writing dependency_links to project_interface.egg-info/dependency_links.txt
[62.232s] writing top-level names to project_interface.egg-info/top_level.txt
[62.234s] writing manifest file 'project_interface.egg-info/SOURCES.txt'
[62.251s] reading manifest file 'project_interface.egg-info/SOURCES.txt'
[62.253s] writing manifest file 'project_interface.egg-info/SOURCES.txt'
[62.373s] [ 70%] [32m[1mLinking CXX shared library libproject_interface__rosidl_typesupport_fastrtps_c.so[0m
[62.435s] [ 70%] Built target ament_cmake_python_build_project_interface_egg
[62.803s] [ 70%] Built target project_interface__rosidl_typesupport_fastrtps_c
[63.033s] [ 70%] Built target project_interface
[63.224s] [ 74%] [34m[1mGenerating Python code for ROS interfaces[0m
[65.074s] [ 74%] Built target project_interface__py
[65.612s] [ 77%] [32mBuilding C object CMakeFiles/project_interface__rosidl_generator_py.dir/rosidl_generator_py/project_interface/srv/_explore_goal_s.c.o[0m
[66.468s] [ 80%] [32m[1mLinking C shared library rosidl_generator_py/project_interface/libproject_interface__rosidl_generator_py.so[0m
[67.360s] [ 80%] Built target project_interface__rosidl_generator_py
[67.962s] [ 83%] [32mBuilding C object CMakeFiles/project_interface__rosidl_typesupport_fastrtps_c__pyext.dir/rosidl_generator_py/project_interface/_project_interface_s.ep.rosidl_typesupport_fastrtps_c.c.o[0m
[67.973s] [ 87%] [32mBuilding C object CMakeFiles/project_interface__rosidl_typesupport_introspection_c__pyext.dir/rosidl_generator_py/project_interface/_project_interface_s.ep.rosidl_typesupport_introspection_c.c.o[0m
[67.982s] [ 90%] [32mBuilding C object CMakeFiles/project_interface__rosidl_typesupport_c__pyext.dir/rosidl_generator_py/project_interface/_project_interface_s.ep.rosidl_typesupport_c.c.o[0m
[69.406s] [100%] [32m[1mLinking C shared library rosidl_generator_py/project_interface/project_interface_s__rosidl_typesupport_fastrtps_c.cpython-310-x86_64-linux-gnu.so[0m
[69.406s] [100%] [32m[1mLinking C shared library rosidl_generator_py/project_interface/project_interface_s__rosidl_typesupport_introspection_c.cpython-310-x86_64-linux-gnu.so[0m
[69.406s] [100%] [32m[1mLinking C shared library rosidl_generator_py/project_interface/project_interface_s__rosidl_typesupport_c.cpython-310-x86_64-linux-gnu.so[0m
[69.996s] [100%] Built target project_interface__rosidl_typesupport_fastrtps_c__pyext
[69.996s] [100%] Built target project_interface__rosidl_typesupport_introspection_c__pyext
[69.996s] [100%] Built target project_interface__rosidl_typesupport_c__pyext
[70.101s] Invoked command in '/home/leime957/TDDE05/ros2_ws/build/project_interface' returned '0': CMAKE_PREFIX_PATH=${CMAKE_PREFIX_PATH}:/home/leime957/TDDE05/ros2_ws/install/exploration:/home/leime957/TDDE05/ros2_ws/install/human:/home/leime957/TDDE05/ros2_ws/install/air_navigation_examples:/home/leime957/TDDE05/ros2_ws/install/air_lab5:/home/leime957/TDDE05/ros2_ws/install/air_bringup:/home/leime957/TDDE05/ros2_ws/install/air_lab3:/home/leime957/TDDE05/ros2_ws/install/air_lab_common:/home/leime957/TDDE05/ros2_ws/install/air_lab2:/opt/air_ws/install/air_simple_sim:/opt/air_ws/install/air_bringup:/opt/ros/humble /usr/bin/cmake --build /home/leime957/TDDE05/ros2_ws/build/project_interface -- -j20 -l20
[70.110s] Invoking command in '/home/leime957/TDDE05/ros2_ws/build/project_interface': CMAKE_PREFIX_PATH=${CMAKE_PREFIX_PATH}:/home/leime957/TDDE05/ros2_ws/install/exploration:/home/leime957/TDDE05/ros2_ws/install/human:/home/leime957/TDDE05/ros2_ws/install/air_navigation_examples:/home/leime957/TDDE05/ros2_ws/install/air_lab5:/home/leime957/TDDE05/ros2_ws/install/air_bringup:/home/leime957/TDDE05/ros2_ws/install/air_lab3:/home/leime957/TDDE05/ros2_ws/install/air_lab_common:/home/leime957/TDDE05/ros2_ws/install/air_lab2:/opt/air_ws/install/air_simple_sim:/opt/air_ws/install/air_bringup:/opt/ros/humble /usr/bin/cmake --install /home/leime957/TDDE05/ros2_ws/build/project_interface
[70.192s] -- Install configuration: ""
[70.195s] -- Execute custom install script
[70.203s] -- Symlinking: /home/leime957/TDDE05/ros2_ws/install/project_interface/share/ament_index/resource_index/rosidl_interfaces/project_interface
[70.281s] -- Symlinking: /home/leime957/TDDE05/ros2_ws/install/project_interface/include/project_interface/project_interface/msg/rosidl_generator_c__visibility_control.h
[70.347s] -- Symlinking: /home/leime957/TDDE05/ros2_ws/install/project_interface/include/project_interface/project_interface/srv/detail/explore_goal__functions.h
[70.429s] -- Symlinking: /home/leime957/TDDE05/ros2_ws/install/project_interface/include/project_interface/project_interface/srv/detail/explore_goal__struct.h
[70.494s] -- Symlinking: /home/leime957/TDDE05/ros2_ws/install/project_interface/include/project_interface/project_interface/srv/detail/explore_goal__type_support.h
[70.563s] -- Symlinking: /home/leime957/TDDE05/ros2_ws/install/project_interface/include/project_interface/project_interface/srv/explore_goal.h
[70.653s] -- Symlinking: /home/leime957/TDDE05/ros2_ws/install/project_interface/share/project_interface/environment/library_path.sh
[70.735s] -- Symlinking: /home/leime957/TDDE05/ros2_ws/install/project_interface/share/project_interface/environment/library_path.dsv
[70.826s] -- Symlinking: /home/leime957/TDDE05/ros2_ws/install/project_interface/include/project_interface/project_interface/msg/rosidl_typesupport_fastrtps_c__visibility_control.h
[70.902s] -- Symlinking: /home/leime957/TDDE05/ros2_ws/install/project_interface/include/project_interface/project_interface/srv/detail/explore_goal__rosidl_typesupport_fastrtps_c.h
[70.997s] -- Symlinking: /home/leime957/TDDE05/ros2_ws/install/project_interface/include/project_interface/project_interface/msg/rosidl_generator_cpp__visibility_control.hpp
[71.077s] -- Symlinking: /home/leime957/TDDE05/ros2_ws/install/project_interface/include/project_interface/project_interface/srv/detail/explore_goal__builder.hpp
[71.140s] -- Symlinking: /home/leime957/TDDE05/ros2_ws/install/project_interface/include/project_interface/project_interface/srv/detail/explore_goal__struct.hpp
[71.226s] -- Symlinking: /home/leime957/TDDE05/ros2_ws/install/project_interface/include/project_interface/project_interface/srv/detail/explore_goal__traits.hpp
[71.298s] -- Symlinking: /home/leime957/TDDE05/ros2_ws/install/project_interface/include/project_interface/project_interface/srv/detail/explore_goal__type_support.hpp
[71.387s] -- Symlinking: /home/leime957/TDDE05/ros2_ws/install/project_interface/include/project_interface/project_interface/srv/explore_goal.hpp
[71.457s] -- Symlinking: /home/leime957/TDDE05/ros2_ws/install/project_interface/include/project_interface/project_interface/msg/rosidl_typesupport_fastrtps_cpp__visibility_control.h
[71.553s] -- Symlinking: /home/leime957/TDDE05/ros2_ws/install/project_interface/include/project_interface/project_interface/srv/detail/explore_goal__rosidl_typesupport_fastrtps_cpp.hpp
[71.621s] -- Symlinking: /home/leime957/TDDE05/ros2_ws/install/project_interface/include/project_interface/project_interface/msg/rosidl_typesupport_introspection_c__visibility_control.h
[71.691s] -- Symlinking: /home/leime957/TDDE05/ros2_ws/install/project_interface/include/project_interface/project_interface/srv/detail/explore_goal__rosidl_typesupport_introspection_c.h
[71.775s] -- Symlinking: /home/leime957/TDDE05/ros2_ws/install/project_interface/include/project_interface/project_interface/srv/detail/explore_goal__rosidl_typesupport_introspection_cpp.hpp
[71.859s] -- Symlinking: /home/leime957/TDDE05/ros2_ws/install/project_interface/share/project_interface/environment/pythonpath.sh
[71.943s] -- Symlinking: /home/leime957/TDDE05/ros2_ws/install/project_interface/share/project_interface/environment/pythonpath.dsv
[72.042s] -- Symlinking: /home/leime957/TDDE05/ros2_ws/install/project_interface/local/lib/python3.10/dist-packages/project_interface-0.0.0-py3.10.egg-info/PKG-INFO
[72.109s] -- Symlinking: /home/leime957/TDDE05/ros2_ws/install/project_interface/local/lib/python3.10/dist-packages/project_interface-0.0.0-py3.10.egg-info/SOURCES.txt
[72.166s] -- Symlinking: /home/leime957/TDDE05/ros2_ws/install/project_interface/local/lib/python3.10/dist-packages/project_interface-0.0.0-py3.10.egg-info/dependency_links.txt
[72.226s] -- Symlinking: /home/leime957/TDDE05/ros2_ws/install/project_interface/local/lib/python3.10/dist-packages/project_interface-0.0.0-py3.10.egg-info/top_level.txt
[72.278s] -- Symlinking: /home/leime957/TDDE05/ros2_ws/install/project_interface/local/lib/python3.10/dist-packages/project_interface/__init__.py
[72.323s] -- Symlinking: /home/leime957/TDDE05/ros2_ws/install/project_interface/local/lib/python3.10/dist-packages/project_interface/_project_interface_s.ep.rosidl_typesupport_c.c
[72.376s] -- Symlinking: /home/leime957/TDDE05/ros2_ws/install/project_interface/local/lib/python3.10/dist-packages/project_interface/_project_interface_s.ep.rosidl_typesupport_fastrtps_c.c
[72.436s] -- Symlinking: /home/leime957/TDDE05/ros2_ws/install/project_interface/local/lib/python3.10/dist-packages/project_interface/_project_interface_s.ep.rosidl_typesupport_introspection_c.c
[72.492s] -- Symlinking: /home/leime957/TDDE05/ros2_ws/install/project_interface/local/lib/python3.10/dist-packages/project_interface/libproject_interface__rosidl_generator_py.so
[72.615s] -- Symlinking: /home/leime957/TDDE05/ros2_ws/install/project_interface/local/lib/python3.10/dist-packages/project_interface/project_interface_s__rosidl_typesupport_c.cpython-310-x86_64-linux-gnu.so
[72.734s] -- Symlinking: /home/leime957/TDDE05/ros2_ws/install/project_interface/local/lib/python3.10/dist-packages/project_interface/project_interface_s__rosidl_typesupport_fastrtps_c.cpython-310-x86_64-linux-gnu.so
[72.846s] -- Symlinking: /home/leime957/TDDE05/ros2_ws/install/project_interface/local/lib/python3.10/dist-packages/project_interface/project_interface_s__rosidl_typesupport_introspection_c.cpython-310-x86_64-linux-gnu.so
[72.979s] -- Symlinking: /home/leime957/TDDE05/ros2_ws/install/project_interface/local/lib/python3.10/dist-packages/project_interface/srv/__init__.py
[73.113s] -- Symlinking: /home/leime957/TDDE05/ros2_ws/install/project_interface/local/lib/python3.10/dist-packages/project_interface/srv/_explore_goal.py
[73.226s] -- Symlinking: /home/leime957/TDDE05/ros2_ws/install/project_interface/local/lib/python3.10/dist-packages/project_interface/srv/_explore_goal_s.c
[73.300s] -- Up-to-date symlink: /home/leime957/TDDE05/ros2_ws/install/project_interface/local/lib/python3.10/dist-packages/project_interface/project_interface_s__rosidl_typesupport_fastrtps_c.cpython-310-x86_64-linux-gnu.so
[73.303s] -- Up-to-date symlink: /home/leime957/TDDE05/ros2_ws/install/project_interface/local/lib/python3.10/dist-packages/project_interface/project_interface_s__rosidl_typesupport_introspection_c.cpython-310-x86_64-linux-gnu.so
[73.306s] -- Up-to-date symlink: /home/leime957/TDDE05/ros2_ws/install/project_interface/local/lib/python3.10/dist-packages/project_interface/project_interface_s__rosidl_typesupport_c.cpython-310-x86_64-linux-gnu.so
[73.311s] -- Symlinking: /home/leime957/TDDE05/ros2_ws/install/project_interface/share/project_interface/srv/ExploreGoal.idl
[73.353s] -- Symlinking: /home/leime957/TDDE05/ros2_ws/install/project_interface/share/project_interface/srv/ExploreGoal.srv
[73.398s] -- Symlinking: /home/leime957/TDDE05/ros2_ws/install/project_interface/share/project_interface/srv/ExploreGoal_Request.msg
[73.466s] -- Symlinking: /home/leime957/TDDE05/ros2_ws/install/project_interface/share/project_interface/srv/ExploreGoal_Response.msg
[73.571s] -- Symlinking: /home/leime957/TDDE05/ros2_ws/install/project_interface/share/ament_index/resource_index/package_run_dependencies/project_interface
[73.677s] -- Symlinking: /home/leime957/TDDE05/ros2_ws/install/project_interface/share/ament_index/resource_index/parent_prefix_path/project_interface
[73.779s] -- Symlinking: /home/leime957/TDDE05/ros2_ws/install/project_interface/share/project_interface/environment/ament_prefix_path.sh
[73.831s] -- Symlinking: /home/leime957/TDDE05/ros2_ws/install/project_interface/share/project_interface/environment/ament_prefix_path.dsv
[73.895s] -- Symlinking: /home/leime957/TDDE05/ros2_ws/install/project_interface/share/project_interface/environment/path.sh
[74.007s] -- Symlinking: /home/leime957/TDDE05/ros2_ws/install/project_interface/share/project_interface/environment/path.dsv
[74.049s] -- Symlinking: /home/leime957/TDDE05/ros2_ws/install/project_interface/share/project_interface/local_setup.bash
[74.095s] -- Symlinking: /home/leime957/TDDE05/ros2_ws/install/project_interface/share/project_interface/local_setup.sh
[74.136s] -- Symlinking: /home/leime957/TDDE05/ros2_ws/install/project_interface/share/project_interface/local_setup.zsh
[74.172s] -- Symlinking: /home/leime957/TDDE05/ros2_ws/install/project_interface/share/project_interface/local_setup.dsv
[74.217s] -- Symlinking: /home/leime957/TDDE05/ros2_ws/install/project_interface/share/project_interface/package.dsv
[74.270s] -- Symlinking: /home/leime957/TDDE05/ros2_ws/install/project_interface/share/ament_index/resource_index/packages/project_interface
[74.350s] -- Symlinking: /home/leime957/TDDE05/ros2_ws/install/project_interface/share/project_interface/cmake/rosidl_cmake-extras.cmake
[74.429s] -- Symlinking: /home/leime957/TDDE05/ros2_ws/install/project_interface/share/project_interface/cmake/ament_cmake_export_dependencies-extras.cmake
[74.545s] -- Symlinking: /home/leime957/TDDE05/ros2_ws/install/project_interface/share/project_interface/cmake/ament_cmake_export_include_directories-extras.cmake
[74.665s] -- Symlinking: /home/leime957/TDDE05/ros2_ws/install/project_interface/share/project_interface/cmake/ament_cmake_export_libraries-extras.cmake
[74.781s] -- Symlinking: /home/leime957/TDDE05/ros2_ws/install/project_interface/share/project_interface/cmake/ament_cmake_export_targets-extras.cmake
[74.946s] -- Symlinking: /home/leime957/TDDE05/ros2_ws/install/project_interface/share/project_interface/cmake/rosidl_cmake_export_typesupport_targets-extras.cmake
[75.076s] -- Symlinking: /home/leime957/TDDE05/ros2_ws/install/project_interface/share/project_interface/cmake/rosidl_cmake_export_typesupport_libraries-extras.cmake
[75.221s] -- Symlinking: /home/leime957/TDDE05/ros2_ws/install/project_interface/share/project_interface/cmake/project_interfaceConfig.cmake
[75.364s] -- Symlinking: /home/leime957/TDDE05/ros2_ws/install/project_interface/share/project_interface/cmake/project_interfaceConfig-version.cmake
[75.438s] -- Symlinking: /home/leime957/TDDE05/ros2_ws/install/project_interface/share/project_interface/package.xml
[75.517s] -- Installing: /home/leime957/TDDE05/ros2_ws/install/project_interface/lib/libproject_interface__rosidl_generator_c.so
[75.527s] -- Set runtime path of "/home/leime957/TDDE05/ros2_ws/install/project_interface/lib/libproject_interface__rosidl_generator_c.so" to ""
[75.528s] -- Installing: /home/leime957/TDDE05/ros2_ws/install/project_interface/lib/libproject_interface__rosidl_typesupport_fastrtps_c.so
[75.539s] -- Set runtime path of "/home/leime957/TDDE05/ros2_ws/install/project_interface/lib/libproject_interface__rosidl_typesupport_fastrtps_c.so" to ""
[75.540s] -- Installing: /home/leime957/TDDE05/ros2_ws/install/project_interface/lib/libproject_interface__rosidl_typesupport_fastrtps_cpp.so
[75.550s] -- Set runtime path of "/home/leime957/TDDE05/ros2_ws/install/project_interface/lib/libproject_interface__rosidl_typesupport_fastrtps_cpp.so" to ""
[75.552s] -- Installing: /home/leime957/TDDE05/ros2_ws/install/project_interface/lib/libproject_interface__rosidl_typesupport_introspection_c.so
[75.561s] -- Set runtime path of "/home/leime957/TDDE05/ros2_ws/install/project_interface/lib/libproject_interface__rosidl_typesupport_introspection_c.so" to ""
[75.563s] -- Installing: /home/leime957/TDDE05/ros2_ws/install/project_interface/lib/libproject_interface__rosidl_typesupport_c.so
[75.572s] -- Set runtime path of "/home/leime957/TDDE05/ros2_ws/install/project_interface/lib/libproject_interface__rosidl_typesupport_c.so" to ""
[75.573s] -- Installing: /home/leime957/TDDE05/ros2_ws/install/project_interface/lib/libproject_interface__rosidl_typesupport_introspection_cpp.so
[75.583s] -- Set runtime path of "/home/leime957/TDDE05/ros2_ws/install/project_interface/lib/libproject_interface__rosidl_typesupport_introspection_cpp.so" to ""
[75.585s] -- Installing: /home/leime957/TDDE05/ros2_ws/install/project_interface/lib/libproject_interface__rosidl_typesupport_cpp.so
[75.594s] -- Set runtime path of "/home/leime957/TDDE05/ros2_ws/install/project_interface/lib/libproject_interface__rosidl_typesupport_cpp.so" to ""
[76.145s] Listing '/home/leime957/TDDE05/ros2_ws/install/project_interface/local/lib/python3.10/dist-packages/project_interface'...
[76.145s] Compiling '/home/leime957/TDDE05/ros2_ws/install/project_interface/local/lib/python3.10/dist-packages/project_interface/__init__.py'...
[76.145s] Listing '/home/leime957/TDDE05/ros2_ws/install/project_interface/local/lib/python3.10/dist-packages/project_interface/srv'...
[76.145s] Compiling '/home/leime957/TDDE05/ros2_ws/install/project_interface/local/lib/python3.10/dist-packages/project_interface/srv/__init__.py'...
[76.146s] Compiling '/home/leime957/TDDE05/ros2_ws/install/project_interface/local/lib/python3.10/dist-packages/project_interface/srv/_explore_goal.py'...
[76.152s] -- Installing: /home/leime957/TDDE05/ros2_ws/install/project_interface/lib/libproject_interface__rosidl_generator_py.so
[76.160s] -- Set runtime path of "/home/leime957/TDDE05/ros2_ws/install/project_interface/lib/libproject_interface__rosidl_generator_py.so" to ""
[76.163s] -- Installing: /home/leime957/TDDE05/ros2_ws/install/project_interface/share/project_interface/cmake/export_project_interface__rosidl_generator_cExport.cmake
[76.170s] -- Installing: /home/leime957/TDDE05/ros2_ws/install/project_interface/share/project_interface/cmake/export_project_interface__rosidl_generator_cExport-noconfig.cmake
[76.176s] -- Installing: /home/leime957/TDDE05/ros2_ws/install/project_interface/share/project_interface/cmake/export_project_interface__rosidl_typesupport_fastrtps_cExport.cmake
[76.183s] -- Installing: /home/leime957/TDDE05/ros2_ws/install/project_interface/share/project_interface/cmake/export_project_interface__rosidl_typesupport_fastrtps_cExport-noconfig.cmake
[76.189s] -- Installing: /home/leime957/TDDE05/ros2_ws/install/project_interface/share/project_interface/cmake/export_project_interface__rosidl_generator_cppExport.cmake
[76.196s] -- Installing: /home/leime957/TDDE05/ros2_ws/install/project_interface/share/project_interface/cmake/export_project_interface__rosidl_typesupport_fastrtps_cppExport.cmake
[76.203s] -- Installing: /home/leime957/TDDE05/ros2_ws/install/project_interface/share/project_interface/cmake/export_project_interface__rosidl_typesupport_fastrtps_cppExport-noconfig.cmake
[76.209s] -- Installing: /home/leime957/TDDE05/ros2_ws/install/project_interface/share/project_interface/cmake/project_interface__rosidl_typesupport_introspection_cExport.cmake
[76.215s] -- Installing: /home/leime957/TDDE05/ros2_ws/install/project_interface/share/project_interface/cmake/project_interface__rosidl_typesupport_introspection_cExport-noconfig.cmake
[76.222s] -- Installing: /home/leime957/TDDE05/ros2_ws/install/project_interface/share/project_interface/cmake/project_interface__rosidl_typesupport_cExport.cmake
[76.229s] -- Installing: /home/leime957/TDDE05/ros2_ws/install/project_interface/share/project_interface/cmake/project_interface__rosidl_typesupport_cExport-noconfig.cmake
[76.235s] -- Installing: /home/leime957/TDDE05/ros2_ws/install/project_interface/share/project_interface/cmake/project_interface__rosidl_typesupport_introspection_cppExport.cmake
[76.241s] -- Installing: /home/leime957/TDDE05/ros2_ws/install/project_interface/share/project_interface/cmake/project_interface__rosidl_typesupport_introspection_cppExport-noconfig.cmake
[76.248s] -- Installing: /home/leime957/TDDE05/ros2_ws/install/project_interface/share/project_interface/cmake/project_interface__rosidl_typesupport_cppExport.cmake
[76.254s] -- Installing: /home/leime957/TDDE05/ros2_ws/install/project_interface/share/project_interface/cmake/project_interface__rosidl_typesupport_cppExport-noconfig.cmake
[76.261s] -- Installing: /home/leime957/TDDE05/ros2_ws/install/project_interface/share/project_interface/cmake/export_project_interface__rosidl_generator_pyExport.cmake
[76.267s] -- Installing: /home/leime957/TDDE05/ros2_ws/install/project_interface/share/project_interface/cmake/export_project_interface__rosidl_generator_pyExport-noconfig.cmake
[76.279s] Invoked command in '/home/leime957/TDDE05/ros2_ws/build/project_interface' returned '0': CMAKE_PREFIX_PATH=${CMAKE_PREFIX_PATH}:/home/leime957/TDDE05/ros2_ws/install/exploration:/home/leime957/TDDE05/ros2_ws/install/human:/home/leime957/TDDE05/ros2_ws/install/air_navigation_examples:/home/leime957/TDDE05/ros2_ws/install/air_lab5:/home/leime957/TDDE05/ros2_ws/install/air_bringup:/home/leime957/TDDE05/ros2_ws/install/air_lab3:/home/leime957/TDDE05/ros2_ws/install/air_lab_common:/home/leime957/TDDE05/ros2_ws/install/air_lab2:/opt/air_ws/install/air_simple_sim:/opt/air_ws/install/air_bringup:/opt/ros/humble /usr/bin/cmake --install /home/leime957/TDDE05/ros2_ws/build/project_interface
