[0.707s] DEBUG:colcon:Command line arguments: ['/usr/bin/colcon', 'build', '--symlink-install']
[0.707s] DEBUG:colcon:Parsed command line arguments: Namespace(log_base=None, log_level=None, verb_name='build', build_base='build', install_base='install', merge_install=False, symlink_install=True, test_result_base=None, continue_on_error=False, executor='parallel', parallel_workers=20, event_handlers=None, ignore_user_meta=False, metas=['./colcon.meta'], base_paths=['.'], packages_ignore=None, packages_ignore_regex=None, paths=None, packages_up_to=None, packages_up_to_regex=None, packages_above=None, packages_above_and_dependencies=None, packages_above_depth=None, packages_select_by_dep=None, packages_skip_by_dep=None, packages_skip_up_to=None, packages_select_build_failed=False, packages_skip_build_finished=False, packages_select_test_failures=False, packages_skip_test_passed=False, packages_select=None, packages_skip=None, packages_select_regex=None, packages_skip_regex=None, packages_start=None, packages_end=None, cmake_args=None, cmake_target=None, cmake_target_skip_unavailable=False, cmake_clean_cache=False, cmake_clean_first=False, cmake_force_configure=False, ament_cmake_args=None, catkin_cmake_args=None, catkin_skip_building_tests=False, mixin_files=None, mixin=None, verb_parser=<colcon_mixin.mixin.mixin_argument.MixinArgumentDecorator object at 0x7faac14eb010>, verb_extension=<colcon_core.verb.build.BuildVerb object at 0x7faac15c3f40>, main=<bound method BuildVerb.main of <colcon_core.verb.build.BuildVerb object at 0x7faac15c3f40>>, mixin_verb=('build',))
[1.638s] Level 1:colcon.colcon_core.package_discovery:discover_packages(colcon_meta) check parameters
[1.638s] Level 1:colcon.colcon_core.package_discovery:discover_packages(recursive) check parameters
[1.639s] Level 1:colcon.colcon_core.package_discovery:discover_packages(ignore) check parameters
[1.639s] Level 1:colcon.colcon_core.package_discovery:discover_packages(path) check parameters
[1.639s] Level 1:colcon.colcon_core.package_discovery:discover_packages(colcon_meta) discover
[1.639s] Level 1:colcon.colcon_core.package_discovery:discover_packages(recursive) discover
[1.639s] INFO:colcon.colcon_core.package_discovery:Crawling recursively for packages in '/home/leime957/TDDE05/ros2_ws'
[1.640s] Level 1:colcon.colcon_core.package_identification:_identify(.) by extensions ['ignore', 'ignore_ament_install']
[1.640s] Level 1:colcon.colcon_core.package_identification:_identify(.) by extension 'ignore'
[1.640s] Level 1:colcon.colcon_core.package_identification:_identify(.) by extension 'ignore_ament_install'
[1.640s] Level 1:colcon.colcon_core.package_identification:_identify(.) by extensions ['colcon_pkg']
[1.640s] Level 1:colcon.colcon_core.package_identification:_identify(.) by extension 'colcon_pkg'
[1.640s] Level 1:colcon.colcon_core.package_identification:_identify(.) by extensions ['colcon_meta']
[1.640s] Level 1:colcon.colcon_core.package_identification:_identify(.) by extension 'colcon_meta'
[1.640s] Level 1:colcon.colcon_core.package_identification:_identify(.) by extensions ['ros']
[1.640s] Level 1:colcon.colcon_core.package_identification:_identify(.) by extension 'ros'
[1.664s] Level 1:colcon.colcon_core.package_identification:_identify(.) by extensions ['cmake', 'python']
[1.665s] Level 1:colcon.colcon_core.package_identification:_identify(.) by extension 'cmake'
[1.665s] Level 1:colcon.colcon_core.package_identification:_identify(.) by extension 'python'
[1.665s] Level 1:colcon.colcon_core.package_identification:_identify(.) by extensions ['python_setup_py']
[1.665s] Level 1:colcon.colcon_core.package_identification:_identify(.) by extension 'python_setup_py'
[1.666s] Level 1:colcon.colcon_core.package_identification:_identify(build) by extensions ['ignore', 'ignore_ament_install']
[1.667s] Level 1:colcon.colcon_core.package_identification:_identify(build) by extension 'ignore'
[1.667s] Level 1:colcon.colcon_core.package_identification:_identify(build) ignored
[1.667s] Level 1:colcon.colcon_core.package_identification:_identify(install) by extensions ['ignore', 'ignore_ament_install']
[1.668s] Level 1:colcon.colcon_core.package_identification:_identify(install) by extension 'ignore'
[1.668s] Level 1:colcon.colcon_core.package_identification:_identify(install) ignored
[1.670s] Level 1:colcon.colcon_core.package_identification:_identify(log) by extensions ['ignore', 'ignore_ament_install']
[1.670s] Level 1:colcon.colcon_core.package_identification:_identify(log) by extension 'ignore'
[1.671s] Level 1:colcon.colcon_core.package_identification:_identify(log) ignored
[1.671s] Level 1:colcon.colcon_core.package_identification:_identify(src) by extensions ['ignore', 'ignore_ament_install']
[1.672s] Level 1:colcon.colcon_core.package_identification:_identify(src) by extension 'ignore'
[1.672s] Level 1:colcon.colcon_core.package_identification:_identify(src) by extension 'ignore_ament_install'
[1.672s] Level 1:colcon.colcon_core.package_identification:_identify(src) by extensions ['colcon_pkg']
[1.672s] Level 1:colcon.colcon_core.package_identification:_identify(src) by extension 'colcon_pkg'
[1.672s] Level 1:colcon.colcon_core.package_identification:_identify(src) by extensions ['colcon_meta']
[1.672s] Level 1:colcon.colcon_core.package_identification:_identify(src) by extension 'colcon_meta'
[1.673s] Level 1:colcon.colcon_core.package_identification:_identify(src) by extensions ['ros']
[1.673s] Level 1:colcon.colcon_core.package_identification:_identify(src) by extension 'ros'
[1.673s] Level 1:colcon.colcon_core.package_identification:_identify(src) by extensions ['cmake', 'python']
[1.673s] Level 1:colcon.colcon_core.package_identification:_identify(src) by extension 'cmake'
[1.673s] Level 1:colcon.colcon_core.package_identification:_identify(src) by extension 'python'
[1.674s] Level 1:colcon.colcon_core.package_identification:_identify(src) by extensions ['python_setup_py']
[1.674s] Level 1:colcon.colcon_core.package_identification:_identify(src) by extension 'python_setup_py'
[1.675s] Level 1:colcon.colcon_core.package_identification:_identify(src/labs) by extensions ['ignore', 'ignore_ament_install']
[1.675s] Level 1:colcon.colcon_core.package_identification:_identify(src/labs) by extension 'ignore'
[1.675s] Level 1:colcon.colcon_core.package_identification:_identify(src/labs) by extension 'ignore_ament_install'
[1.675s] Level 1:colcon.colcon_core.package_identification:_identify(src/labs) by extensions ['colcon_pkg']
[1.676s] Level 1:colcon.colcon_core.package_identification:_identify(src/labs) by extension 'colcon_pkg'
[1.676s] Level 1:colcon.colcon_core.package_identification:_identify(src/labs) by extensions ['colcon_meta']
[1.676s] Level 1:colcon.colcon_core.package_identification:_identify(src/labs) by extension 'colcon_meta'
[1.676s] Level 1:colcon.colcon_core.package_identification:_identify(src/labs) by extensions ['ros']
[1.676s] Level 1:colcon.colcon_core.package_identification:_identify(src/labs) by extension 'ros'
[1.676s] Level 1:colcon.colcon_core.package_identification:_identify(src/labs) by extensions ['cmake', 'python']
[1.677s] Level 1:colcon.colcon_core.package_identification:_identify(src/labs) by extension 'cmake'
[1.677s] Level 1:colcon.colcon_core.package_identification:_identify(src/labs) by extension 'python'
[1.677s] Level 1:colcon.colcon_core.package_identification:_identify(src/labs) by extensions ['python_setup_py']
[1.677s] Level 1:colcon.colcon_core.package_identification:_identify(src/labs) by extension 'python_setup_py'
[1.677s] Level 1:colcon.colcon_core.package_identification:_identify(src/labs/air_lab2) by extensions ['ignore', 'ignore_ament_install']
[1.678s] Level 1:colcon.colcon_core.package_identification:_identify(src/labs/air_lab2) by extension 'ignore'
[1.678s] Level 1:colcon.colcon_core.package_identification:_identify(src/labs/air_lab2) by extension 'ignore_ament_install'
[1.678s] Level 1:colcon.colcon_core.package_identification:_identify(src/labs/air_lab2) by extensions ['colcon_pkg']
[1.678s] Level 1:colcon.colcon_core.package_identification:_identify(src/labs/air_lab2) by extension 'colcon_pkg'
[1.678s] Level 1:colcon.colcon_core.package_identification:_identify(src/labs/air_lab2) by extensions ['colcon_meta']
[1.678s] Level 1:colcon.colcon_core.package_identification:_identify(src/labs/air_lab2) by extension 'colcon_meta'
[1.679s] Level 1:colcon.colcon_core.package_identification:_identify(src/labs/air_lab2) by extensions ['ros']
[1.679s] Level 1:colcon.colcon_core.package_identification:_identify(src/labs/air_lab2) by extension 'ros'
[1.687s] DEBUG:colcon.colcon_core.package_identification:Package 'src/labs/air_lab2' with type 'ros.ament_python' and name 'air_lab2'
[1.688s] Level 1:colcon.colcon_core.package_identification:_identify(src/labs/air_lab_common) by extensions ['ignore', 'ignore_ament_install']
[1.688s] Level 1:colcon.colcon_core.package_identification:_identify(src/labs/air_lab_common) by extension 'ignore'
[1.688s] Level 1:colcon.colcon_core.package_identification:_identify(src/labs/air_lab_common) by extension 'ignore_ament_install'
[1.688s] Level 1:colcon.colcon_core.package_identification:_identify(src/labs/air_lab_common) by extensions ['colcon_pkg']
[1.688s] Level 1:colcon.colcon_core.package_identification:_identify(src/labs/air_lab_common) by extension 'colcon_pkg'
[1.689s] Level 1:colcon.colcon_core.package_identification:_identify(src/labs/air_lab_common) by extensions ['colcon_meta']
[1.689s] Level 1:colcon.colcon_core.package_identification:_identify(src/labs/air_lab_common) by extension 'colcon_meta'
[1.689s] Level 1:colcon.colcon_core.package_identification:_identify(src/labs/air_lab_common) by extensions ['ros']
[1.689s] Level 1:colcon.colcon_core.package_identification:_identify(src/labs/air_lab_common) by extension 'ros'
[1.690s] DEBUG:colcon.colcon_core.package_identification:Package 'src/labs/air_lab_common' with type 'ros.ament_python' and name 'air_lab_common'
[1.690s] Level 1:colcon.colcon_core.package_discovery:discover_packages(recursive) using defaults
[1.690s] Level 1:colcon.colcon_core.package_discovery:discover_packages(ignore) discover
[1.691s] Level 1:colcon.colcon_core.package_discovery:discover_packages(ignore) using defaults
[1.691s] Level 1:colcon.colcon_core.package_discovery:discover_packages(path) discover
[1.691s] Level 1:colcon.colcon_core.package_discovery:discover_packages(path) using defaults
[1.770s] Level 5:colcon.colcon_core.verb:set package 'air_lab2' build argument 'cmake_args' from command line to 'None'
[1.770s] Level 5:colcon.colcon_core.verb:set package 'air_lab2' build argument 'cmake_target' from command line to 'None'
[1.770s] Level 5:colcon.colcon_core.verb:set package 'air_lab2' build argument 'cmake_target_skip_unavailable' from command line to 'False'
[1.770s] Level 5:colcon.colcon_core.verb:set package 'air_lab2' build argument 'cmake_clean_cache' from command line to 'False'
[1.770s] Level 5:colcon.colcon_core.verb:set package 'air_lab2' build argument 'cmake_clean_first' from command line to 'False'
[1.770s] Level 5:colcon.colcon_core.verb:set package 'air_lab2' build argument 'cmake_force_configure' from command line to 'False'
[1.770s] Level 5:colcon.colcon_core.verb:set package 'air_lab2' build argument 'ament_cmake_args' from command line to 'None'
[1.771s] Level 5:colcon.colcon_core.verb:set package 'air_lab2' build argument 'catkin_cmake_args' from command line to 'None'
[1.771s] Level 5:colcon.colcon_core.verb:set package 'air_lab2' build argument 'catkin_skip_building_tests' from command line to 'False'
[1.771s] DEBUG:colcon.colcon_core.verb:Building package 'air_lab2' with the following arguments: {'ament_cmake_args': None, 'build_base': '/home/leime957/TDDE05/ros2_ws/build/air_lab2', 'catkin_cmake_args': None, 'catkin_skip_building_tests': False, 'cmake_args': None, 'cmake_clean_cache': False, 'cmake_clean_first': False, 'cmake_force_configure': False, 'cmake_target': None, 'cmake_target_skip_unavailable': False, 'install_base': '/home/leime957/TDDE05/ros2_ws/install/air_lab2', 'merge_install': False, 'path': '/home/leime957/TDDE05/ros2_ws/src/labs/air_lab2', 'symlink_install': True, 'test_result_base': None}
[1.772s] Level 5:colcon.colcon_core.verb:set package 'air_lab_common' build argument 'cmake_args' from command line to 'None'
[1.772s] Level 5:colcon.colcon_core.verb:set package 'air_lab_common' build argument 'cmake_target' from command line to 'None'
[1.772s] Level 5:colcon.colcon_core.verb:set package 'air_lab_common' build argument 'cmake_target_skip_unavailable' from command line to 'False'
[1.772s] Level 5:colcon.colcon_core.verb:set package 'air_lab_common' build argument 'cmake_clean_cache' from command line to 'False'
[1.772s] Level 5:colcon.colcon_core.verb:set package 'air_lab_common' build argument 'cmake_clean_first' from command line to 'False'
[1.772s] Level 5:colcon.colcon_core.verb:set package 'air_lab_common' build argument 'cmake_force_configure' from command line to 'False'
[1.772s] Level 5:colcon.colcon_core.verb:set package 'air_lab_common' build argument 'ament_cmake_args' from command line to 'None'
[1.772s] Level 5:colcon.colcon_core.verb:set package 'air_lab_common' build argument 'catkin_cmake_args' from command line to 'None'
[1.772s] Level 5:colcon.colcon_core.verb:set package 'air_lab_common' build argument 'catkin_skip_building_tests' from command line to 'False'
[1.772s] DEBUG:colcon.colcon_core.verb:Building package 'air_lab_common' with the following arguments: {'ament_cmake_args': None, 'build_base': '/home/leime957/TDDE05/ros2_ws/build/air_lab_common', 'catkin_cmake_args': None, 'catkin_skip_building_tests': False, 'cmake_args': None, 'cmake_clean_cache': False, 'cmake_clean_first': False, 'cmake_force_configure': False, 'cmake_target': None, 'cmake_target_skip_unavailable': False, 'install_base': '/home/leime957/TDDE05/ros2_ws/install/air_lab_common', 'merge_install': False, 'path': '/home/leime957/TDDE05/ros2_ws/src/labs/air_lab_common', 'symlink_install': True, 'test_result_base': None}
[1.773s] INFO:colcon.colcon_core.executor:Executing jobs using 'parallel' executor
[1.774s] DEBUG:colcon.colcon_parallel_executor.executor.parallel:run_until_complete
[1.774s] INFO:colcon.colcon_ros.task.ament_python.build:Building ROS package in '/home/leime957/TDDE05/ros2_ws/src/labs/air_lab2' with build type 'ament_python'
[1.775s] Level 1:colcon.colcon_core.shell:create_environment_hook('air_lab2', 'ament_prefix_path')
[1.797s] INFO:colcon.colcon_core.plugin_system:Skipping extension 'colcon_core.shell.bat': Not used on non-Windows systems
[1.797s] INFO:colcon.colcon_core.shell:Creating environment hook '/home/leime957/TDDE05/ros2_ws/install/air_lab2/share/air_lab2/hook/ament_prefix_path.ps1'
[1.805s] INFO:colcon.colcon_core.shell:Creating environment descriptor '/home/leime957/TDDE05/ros2_ws/install/air_lab2/share/air_lab2/hook/ament_prefix_path.dsv'
[1.810s] INFO:colcon.colcon_core.shell:Creating environment hook '/home/leime957/TDDE05/ros2_ws/install/air_lab2/share/air_lab2/hook/ament_prefix_path.sh'
[1.815s] INFO:colcon.colcon_core.shell:Skip shell extension 'powershell' for command environment: Not usable outside of PowerShell
[1.815s] DEBUG:colcon.colcon_core.shell:Skip shell extension 'dsv' for command environment
[1.869s] INFO:colcon.colcon_ros.task.ament_python.build:Building ROS package in '/home/leime957/TDDE05/ros2_ws/src/labs/air_lab_common' with build type 'ament_python'
[1.870s] Level 1:colcon.colcon_core.shell:create_environment_hook('air_lab_common', 'ament_prefix_path')
[1.870s] INFO:colcon.colcon_core.shell:Creating environment hook '/home/leime957/TDDE05/ros2_ws/install/air_lab_common/share/air_lab_common/hook/ament_prefix_path.ps1'
[1.874s] INFO:colcon.colcon_core.shell:Creating environment descriptor '/home/leime957/TDDE05/ros2_ws/install/air_lab_common/share/air_lab_common/hook/ament_prefix_path.dsv'
[1.878s] INFO:colcon.colcon_core.shell:Creating environment hook '/home/leime957/TDDE05/ros2_ws/install/air_lab_common/share/air_lab_common/hook/ament_prefix_path.sh'
[1.882s] INFO:colcon.colcon_core.shell:Skip shell extension 'powershell' for command environment: Not usable outside of PowerShell
[1.882s] DEBUG:colcon.colcon_core.shell:Skip shell extension 'dsv' for command environment
[3.167s] INFO:colcon.colcon_core.task.python.build:Building Python package in '/home/leime957/TDDE05/ros2_ws/src/labs/air_lab2'
[3.167s] INFO:colcon.colcon_core.shell:Skip shell extension 'powershell' for command environment: Not usable outside of PowerShell
[3.168s] DEBUG:colcon.colcon_core.shell:Skip shell extension 'dsv' for command environment
[4.472s] INFO:colcon.colcon_core.task.python.build:Building Python package in '/home/leime957/TDDE05/ros2_ws/src/labs/air_lab_common'
[4.473s] INFO:colcon.colcon_core.shell:Skip shell extension 'powershell' for command environment: Not usable outside of PowerShell
[4.473s] DEBUG:colcon.colcon_core.shell:Skip shell extension 'dsv' for command environment
[7.119s] DEBUG:colcon.colcon_core.event_handler.log_command:Invoking command in '/home/leime957/TDDE05/ros2_ws/build/air_lab_common': PYTHONPATH=/home/leime957/TDDE05/ros2_ws/build/air_lab_common/prefix_override:/usr/lib/python3/dist-packages/colcon_core/task/python/colcon_distutils_commands:/home/leime957/TDDE05/ros2_ws/install/air_lab_common/lib/python3.10/site-packages:${PYTHONPATH} /usr/bin/python3 -W ignore:setup.py install is deprecated -W ignore:easy_install command is deprecated setup.py develop --editable --build-directory /home/leime957/TDDE05/ros2_ws/build/air_lab_common/build --no-deps symlink_data
[7.144s] DEBUG:colcon.colcon_core.event_handler.log_command:Invoking command in '/home/leime957/TDDE05/ros2_ws/build/air_lab2': PYTHONPATH=/home/leime957/TDDE05/ros2_ws/build/air_lab2/prefix_override:/usr/lib/python3/dist-packages/colcon_core/task/python/colcon_distutils_commands:/home/leime957/TDDE05/ros2_ws/install/air_lab2/lib/python3.10/site-packages:${PYTHONPATH} /usr/bin/python3 -W ignore:setup.py install is deprecated -W ignore:easy_install command is deprecated setup.py develop --editable --build-directory /home/leime957/TDDE05/ros2_ws/build/air_lab2/build --no-deps symlink_data
[11.103s] Level 1:colcon.colcon_core.shell:create_environment_hook('air_lab_common', 'pythonpath_develop')
[11.104s] DEBUG:colcon.colcon_core.event_handler.log_command:Invoked command in '/home/leime957/TDDE05/ros2_ws/build/air_lab_common' returned '0': PYTHONPATH=/home/leime957/TDDE05/ros2_ws/build/air_lab_common/prefix_override:/usr/lib/python3/dist-packages/colcon_core/task/python/colcon_distutils_commands:/home/leime957/TDDE05/ros2_ws/install/air_lab_common/lib/python3.10/site-packages:${PYTHONPATH} /usr/bin/python3 -W ignore:setup.py install is deprecated -W ignore:easy_install command is deprecated setup.py develop --editable --build-directory /home/leime957/TDDE05/ros2_ws/build/air_lab_common/build --no-deps symlink_data
[11.104s] INFO:colcon.colcon_core.shell:Creating environment hook '/home/leime957/TDDE05/ros2_ws/build/air_lab_common/share/air_lab_common/hook/pythonpath_develop.ps1'
[11.110s] INFO:colcon.colcon_core.shell:Creating environment descriptor '/home/leime957/TDDE05/ros2_ws/build/air_lab_common/share/air_lab_common/hook/pythonpath_develop.dsv'
[11.116s] INFO:colcon.colcon_core.shell:Creating environment hook '/home/leime957/TDDE05/ros2_ws/build/air_lab_common/share/air_lab_common/hook/pythonpath_develop.sh'
[11.148s] Level 1:colcon.colcon_core.environment:checking '/home/leime957/TDDE05/ros2_ws/install/air_lab_common' for CMake module files
[11.151s] Level 1:colcon.colcon_core.environment:checking '/home/leime957/TDDE05/ros2_ws/install/air_lab_common' for CMake config files
[11.156s] Level 1:colcon.colcon_core.environment:checking '/home/leime957/TDDE05/ros2_ws/install/air_lab_common/lib'
[11.157s] Level 1:colcon.colcon_core.environment:checking '/home/leime957/TDDE05/ros2_ws/install/air_lab_common/bin'
[11.157s] Level 1:colcon.colcon_core.environment:checking '/home/leime957/TDDE05/ros2_ws/install/air_lab_common/lib/pkgconfig/air_lab_common.pc'
[11.158s] Level 1:colcon.colcon_core.environment:checking '/home/leime957/TDDE05/ros2_ws/install/air_lab_common/lib/python3.10/site-packages'
[11.158s] Level 1:colcon.colcon_core.shell:create_environment_hook('air_lab_common', 'pythonpath')
[11.158s] INFO:colcon.colcon_core.shell:Creating environment hook '/home/leime957/TDDE05/ros2_ws/install/air_lab_common/share/air_lab_common/hook/pythonpath.ps1'
[11.162s] INFO:colcon.colcon_core.shell:Creating environment descriptor '/home/leime957/TDDE05/ros2_ws/install/air_lab_common/share/air_lab_common/hook/pythonpath.dsv'
[11.166s] INFO:colcon.colcon_core.shell:Creating environment hook '/home/leime957/TDDE05/ros2_ws/install/air_lab_common/share/air_lab_common/hook/pythonpath.sh'
[11.169s] Level 1:colcon.colcon_core.environment:checking '/home/leime957/TDDE05/ros2_ws/install/air_lab_common/bin'
[11.169s] Level 1:colcon.colcon_core.environment:create_environment_scripts_only(air_lab_common)
[11.169s] INFO:colcon.colcon_core.shell:Creating package script '/home/leime957/TDDE05/ros2_ws/install/air_lab_common/share/air_lab_common/package.ps1'
[11.174s] INFO:colcon.colcon_core.shell:Creating package descriptor '/home/leime957/TDDE05/ros2_ws/install/air_lab_common/share/air_lab_common/package.dsv'
[11.178s] INFO:colcon.colcon_core.shell:Creating package script '/home/leime957/TDDE05/ros2_ws/install/air_lab_common/share/air_lab_common/package.sh'
[11.183s] INFO:colcon.colcon_core.shell:Creating package script '/home/leime957/TDDE05/ros2_ws/install/air_lab_common/share/air_lab_common/package.bash'
[11.188s] INFO:colcon.colcon_core.shell:Creating package script '/home/leime957/TDDE05/ros2_ws/install/air_lab_common/share/air_lab_common/package.zsh'
[11.194s] Level 1:colcon.colcon_core.environment:create_file_with_runtime_dependencies(/home/leime957/TDDE05/ros2_ws/install/air_lab_common/share/colcon-core/packages/air_lab_common)
[11.195s] Level 1:colcon.colcon_core.shell:create_environment_hook('air_lab2', 'pythonpath_develop')
[11.195s] INFO:colcon.colcon_core.shell:Creating environment hook '/home/leime957/TDDE05/ros2_ws/build/air_lab2/share/air_lab2/hook/pythonpath_develop.ps1'
[11.199s] INFO:colcon.colcon_core.shell:Creating environment descriptor '/home/leime957/TDDE05/ros2_ws/build/air_lab2/share/air_lab2/hook/pythonpath_develop.dsv'
[11.200s] DEBUG:colcon.colcon_core.event_handler.log_command:Invoked command in '/home/leime957/TDDE05/ros2_ws/build/air_lab2' returned '0': PYTHONPATH=/home/leime957/TDDE05/ros2_ws/build/air_lab2/prefix_override:/usr/lib/python3/dist-packages/colcon_core/task/python/colcon_distutils_commands:/home/leime957/TDDE05/ros2_ws/install/air_lab2/lib/python3.10/site-packages:${PYTHONPATH} /usr/bin/python3 -W ignore:setup.py install is deprecated -W ignore:easy_install command is deprecated setup.py develop --editable --build-directory /home/leime957/TDDE05/ros2_ws/build/air_lab2/build --no-deps symlink_data
[11.203s] INFO:colcon.colcon_core.shell:Creating environment hook '/home/leime957/TDDE05/ros2_ws/build/air_lab2/share/air_lab2/hook/pythonpath_develop.sh'
[11.206s] Level 1:colcon.colcon_core.environment:checking '/home/leime957/TDDE05/ros2_ws/install/air_lab2' for CMake module files
[11.211s] Level 1:colcon.colcon_core.environment:checking '/home/leime957/TDDE05/ros2_ws/install/air_lab2' for CMake config files
[11.217s] Level 1:colcon.colcon_core.environment:checking '/home/leime957/TDDE05/ros2_ws/install/air_lab2/lib'
[11.218s] Level 1:colcon.colcon_core.environment:checking '/home/leime957/TDDE05/ros2_ws/install/air_lab2/bin'
[11.218s] Level 1:colcon.colcon_core.environment:checking '/home/leime957/TDDE05/ros2_ws/install/air_lab2/lib/pkgconfig/air_lab2.pc'
[11.219s] Level 1:colcon.colcon_core.environment:checking '/home/leime957/TDDE05/ros2_ws/install/air_lab2/lib/python3.10/site-packages'
[11.219s] Level 1:colcon.colcon_core.shell:create_environment_hook('air_lab2', 'pythonpath')
[11.220s] INFO:colcon.colcon_core.shell:Creating environment hook '/home/leime957/TDDE05/ros2_ws/install/air_lab2/share/air_lab2/hook/pythonpath.ps1'
[11.224s] INFO:colcon.colcon_core.shell:Creating environment descriptor '/home/leime957/TDDE05/ros2_ws/install/air_lab2/share/air_lab2/hook/pythonpath.dsv'
[11.228s] INFO:colcon.colcon_core.shell:Creating environment hook '/home/leime957/TDDE05/ros2_ws/install/air_lab2/share/air_lab2/hook/pythonpath.sh'
[11.232s] Level 1:colcon.colcon_core.environment:checking '/home/leime957/TDDE05/ros2_ws/install/air_lab2/bin'
[11.232s] Level 1:colcon.colcon_core.environment:create_environment_scripts_only(air_lab2)
[11.233s] INFO:colcon.colcon_core.shell:Creating package script '/home/leime957/TDDE05/ros2_ws/install/air_lab2/share/air_lab2/package.ps1'
[11.238s] INFO:colcon.colcon_core.shell:Creating package descriptor '/home/leime957/TDDE05/ros2_ws/install/air_lab2/share/air_lab2/package.dsv'
[11.241s] INFO:colcon.colcon_core.shell:Creating package script '/home/leime957/TDDE05/ros2_ws/install/air_lab2/share/air_lab2/package.sh'
[11.245s] INFO:colcon.colcon_core.shell:Creating package script '/home/leime957/TDDE05/ros2_ws/install/air_lab2/share/air_lab2/package.bash'
[11.248s] INFO:colcon.colcon_core.shell:Creating package script '/home/leime957/TDDE05/ros2_ws/install/air_lab2/share/air_lab2/package.zsh'
[11.252s] Level 1:colcon.colcon_core.environment:create_file_with_runtime_dependencies(/home/leime957/TDDE05/ros2_ws/install/air_lab2/share/colcon-core/packages/air_lab2)
[11.254s] DEBUG:colcon.colcon_parallel_executor.executor.parallel:closing loop
[11.255s] DEBUG:colcon.colcon_parallel_executor.executor.parallel:loop closed
[11.255s] DEBUG:colcon.colcon_parallel_executor.executor.parallel:run_until_complete finished with '0'
[11.255s] DEBUG:colcon.colcon_core.event_reactor:joining thread
[11.298s] INFO:colcon.colcon_core.plugin_system:Skipping extension 'colcon_notification.desktop_notification.notify_send': Could not find 'notify-send'
[11.298s] INFO:colcon.colcon_core.plugin_system:Skipping extension 'colcon_notification.desktop_notification.terminal_notifier': Not used on non-Darwin systems
[11.299s] INFO:colcon.colcon_core.plugin_system:Skipping extension 'colcon_notification.desktop_notification.win32': Not used on non-Windows systems
[11.299s] INFO:colcon.colcon_notification.desktop_notification:Sending desktop notification using 'notify2'
[11.303s] DEBUG:colcon.colcon_core.event_reactor:joined thread
[11.303s] INFO:colcon.colcon_core.shell:Creating prefix script '/home/leime957/TDDE05/ros2_ws/install/local_setup.ps1'
[11.309s] INFO:colcon.colcon_core.shell:Creating prefix util module '/home/leime957/TDDE05/ros2_ws/install/_local_setup_util_ps1.py'
[11.314s] INFO:colcon.colcon_core.shell:Creating prefix chain script '/home/leime957/TDDE05/ros2_ws/install/setup.ps1'
[11.325s] INFO:colcon.colcon_core.shell:Creating prefix script '/home/leime957/TDDE05/ros2_ws/install/local_setup.sh'
[11.329s] INFO:colcon.colcon_core.shell:Creating prefix util module '/home/leime957/TDDE05/ros2_ws/install/_local_setup_util_sh.py'
[11.333s] INFO:colcon.colcon_core.shell:Creating prefix chain script '/home/leime957/TDDE05/ros2_ws/install/setup.sh'
[11.347s] INFO:colcon.colcon_core.shell:Creating prefix script '/home/leime957/TDDE05/ros2_ws/install/local_setup.bash'
[11.351s] INFO:colcon.colcon_core.shell:Creating prefix chain script '/home/leime957/TDDE05/ros2_ws/install/setup.bash'
[11.361s] INFO:colcon.colcon_core.shell:Creating prefix script '/home/leime957/TDDE05/ros2_ws/install/local_setup.zsh'
[11.365s] INFO:colcon.colcon_core.shell:Creating prefix chain script '/home/leime957/TDDE05/ros2_ws/install/setup.zsh'
