[0.288s] Invoking command in '/home/leime957/TDDE05/ros2_ws/build/air_lab_interfaces': CMAKE_PREFIX_PATH=${CMAKE_PREFIX_PATH}:/home/leime957/TDDE05/ros2_ws/install/exploration:/home/leime957/TDDE05/ros2_ws/install/human:/home/leime957/TDDE05/ros2_ws/install/air_navigation_examples:/home/leime957/TDDE05/ros2_ws/install/air_lab5:/home/leime957/TDDE05/ros2_ws/install/air_lab3:/home/leime957/TDDE05/ros2_ws/install/air_lab_common:/home/leime957/TDDE05/ros2_ws/install/air_lab2:/home/leime957/TDDE05/ros2_ws/install/air_bringup:/opt/air_ws/install/air_simple_sim:/opt/air_ws/install/air_bringup:/opt/ros/humble /usr/bin/cmake --build /home/leime957/TDDE05/ros2_ws/build/air_lab_interfaces -- -j20 -l20
[8.830s] [  2%] Built target air_lab_interfaces__cpp
[8.832s] [  6%] Built target ament_cmake_python_symlink_air_lab_interfaces
[8.832s] [ 12%] Built target air_lab_interfaces__rosidl_generator_c
[8.832s] [ 23%] Built target air_lab_interfaces__rosidl_typesupport_cpp
[8.832s] [ 34%] Built target air_lab_interfaces__rosidl_typesupport_fastrtps_cpp
[8.832s] [ 48%] Built target air_lab_interfaces__rosidl_typesupport_introspection_cpp
[8.833s] [ 55%] Built target air_lab_interfaces__rosidl_typesupport_fastrtps_c
[8.833s] [ 65%] Built target air_lab_interfaces__rosidl_typesupport_c
[8.833s] [ 76%] Built target air_lab_interfaces__rosidl_typesupport_introspection_c
[8.836s] [ 76%] Built target air_lab_interfaces
[8.836s] [ 78%] Built target air_lab_interfaces__py
[8.836s] [ 87%] Built target air_lab_interfaces__rosidl_generator_py
[8.837s] [ 95%] Built target air_lab_interfaces__rosidl_typesupport_c__pyext
[8.837s] [ 95%] Built target air_lab_interfaces__rosidl_typesupport_fastrtps_c__pyext
[8.837s] [100%] Built target air_lab_interfaces__rosidl_typesupport_introspection_c__pyext
[8.837s] running egg_info
[8.837s] writing air_lab_interfaces.egg-info/PKG-INFO
[8.837s] writing dependency_links to air_lab_interfaces.egg-info/dependency_links.txt
[8.838s] writing top-level names to air_lab_interfaces.egg-info/top_level.txt
[8.838s] reading manifest file 'air_lab_interfaces.egg-info/SOURCES.txt'
[8.838s] writing manifest file 'air_lab_interfaces.egg-info/SOURCES.txt'
[8.838s] [100%] Built target ament_cmake_python_build_air_lab_interfaces_egg
[9.701s] Invoked command in '/home/leime957/TDDE05/ros2_ws/build/air_lab_interfaces' returned '0': CMAKE_PREFIX_PATH=${CMAKE_PREFIX_PATH}:/home/leime957/TDDE05/ros2_ws/install/exploration:/home/leime957/TDDE05/ros2_ws/install/human:/home/leime957/TDDE05/ros2_ws/install/air_navigation_examples:/home/leime957/TDDE05/ros2_ws/install/air_lab5:/home/leime957/TDDE05/ros2_ws/install/air_lab3:/home/leime957/TDDE05/ros2_ws/install/air_lab_common:/home/leime957/TDDE05/ros2_ws/install/air_lab2:/home/leime957/TDDE05/ros2_ws/install/air_bringup:/opt/air_ws/install/air_simple_sim:/opt/air_ws/install/air_bringup:/opt/ros/humble /usr/bin/cmake --build /home/leime957/TDDE05/ros2_ws/build/air_lab_interfaces -- -j20 -l20
[9.710s] Invoking command in '/home/leime957/TDDE05/ros2_ws/build/air_lab_interfaces': CMAKE_PREFIX_PATH=${CMAKE_PREFIX_PATH}:/home/leime957/TDDE05/ros2_ws/install/exploration:/home/leime957/TDDE05/ros2_ws/install/human:/home/leime957/TDDE05/ros2_ws/install/air_navigation_examples:/home/leime957/TDDE05/ros2_ws/install/air_lab5:/home/leime957/TDDE05/ros2_ws/install/air_lab3:/home/leime957/TDDE05/ros2_ws/install/air_lab_common:/home/leime957/TDDE05/ros2_ws/install/air_lab2:/home/leime957/TDDE05/ros2_ws/install/air_bringup:/opt/air_ws/install/air_simple_sim:/opt/air_ws/install/air_bringup:/opt/ros/humble /usr/bin/cmake --install /home/leime957/TDDE05/ros2_ws/build/air_lab_interfaces
[9.773s] -- Install configuration: ""
[9.773s] -- Execute custom install script
[9.773s] -- Up-to-date symlink: /home/leime957/TDDE05/ros2_ws/install/air_lab_interfaces/share/ament_index/resource_index/rosidl_interfaces/air_lab_interfaces
[9.777s] -- Up-to-date symlink: /home/leime957/TDDE05/ros2_ws/install/air_lab_interfaces/include/air_lab_interfaces/air_lab_interfaces/msg/detail/goal__functions.h
[9.779s] -- Up-to-date symlink: /home/leime957/TDDE05/ros2_ws/install/air_lab_interfaces/include/air_lab_interfaces/air_lab_interfaces/msg/detail/goal__struct.h
[9.781s] -- Up-to-date symlink: /home/leime957/TDDE05/ros2_ws/install/air_lab_interfaces/include/air_lab_interfaces/air_lab_interfaces/msg/detail/goal__type_support.h
[9.783s] -- Up-to-date symlink: /home/leime957/TDDE05/ros2_ws/install/air_lab_interfaces/include/air_lab_interfaces/air_lab_interfaces/msg/detail/goals__functions.h
[9.785s] -- Up-to-date symlink: /home/leime957/TDDE05/ros2_ws/install/air_lab_interfaces/include/air_lab_interfaces/air_lab_interfaces/msg/detail/goals__struct.h
[9.786s] -- Up-to-date symlink: /home/leime957/TDDE05/ros2_ws/install/air_lab_interfaces/include/air_lab_interfaces/air_lab_interfaces/msg/detail/goals__type_support.h
[9.787s] -- Up-to-date symlink: /home/leime957/TDDE05/ros2_ws/install/air_lab_interfaces/include/air_lab_interfaces/air_lab_interfaces/msg/goal.h
[9.789s] -- Up-to-date symlink: /home/leime957/TDDE05/ros2_ws/install/air_lab_interfaces/include/air_lab_interfaces/air_lab_interfaces/msg/goals.h
[9.791s] -- Up-to-date symlink: /home/leime957/TDDE05/ros2_ws/install/air_lab_interfaces/include/air_lab_interfaces/air_lab_interfaces/msg/rosidl_generator_c__visibility_control.h
[9.793s] -- Up-to-date symlink: /home/leime957/TDDE05/ros2_ws/install/air_lab_interfaces/include/air_lab_interfaces/air_lab_interfaces/srv/detail/execute_tst__functions.h
[9.795s] -- Up-to-date symlink: /home/leime957/TDDE05/ros2_ws/install/air_lab_interfaces/include/air_lab_interfaces/air_lab_interfaces/srv/detail/execute_tst__struct.h
[9.797s] -- Up-to-date symlink: /home/leime957/TDDE05/ros2_ws/install/air_lab_interfaces/include/air_lab_interfaces/air_lab_interfaces/srv/detail/execute_tst__type_support.h
[9.799s] -- Up-to-date symlink: /home/leime957/TDDE05/ros2_ws/install/air_lab_interfaces/include/air_lab_interfaces/air_lab_interfaces/srv/execute_tst.h
[9.801s] -- Up-to-date symlink: /home/leime957/TDDE05/ros2_ws/install/air_lab_interfaces/share/air_lab_interfaces/environment/library_path.sh
[9.804s] -- Up-to-date symlink: /home/leime957/TDDE05/ros2_ws/install/air_lab_interfaces/share/air_lab_interfaces/environment/library_path.dsv
[9.809s] -- Up-to-date symlink: /home/leime957/TDDE05/ros2_ws/install/air_lab_interfaces/include/air_lab_interfaces/air_lab_interfaces/msg/detail/goal__rosidl_typesupport_fastrtps_c.h
[9.811s] -- Up-to-date symlink: /home/leime957/TDDE05/ros2_ws/install/air_lab_interfaces/include/air_lab_interfaces/air_lab_interfaces/msg/detail/goals__rosidl_typesupport_fastrtps_c.h
[9.813s] -- Up-to-date symlink: /home/leime957/TDDE05/ros2_ws/install/air_lab_interfaces/include/air_lab_interfaces/air_lab_interfaces/msg/rosidl_typesupport_fastrtps_c__visibility_control.h
[9.815s] -- Up-to-date symlink: /home/leime957/TDDE05/ros2_ws/install/air_lab_interfaces/include/air_lab_interfaces/air_lab_interfaces/srv/detail/execute_tst__rosidl_typesupport_fastrtps_c.h
[9.818s] -- Up-to-date symlink: /home/leime957/TDDE05/ros2_ws/install/air_lab_interfaces/include/air_lab_interfaces/air_lab_interfaces/msg/detail/goal__builder.hpp
[9.820s] -- Up-to-date symlink: /home/leime957/TDDE05/ros2_ws/install/air_lab_interfaces/include/air_lab_interfaces/air_lab_interfaces/msg/detail/goal__struct.hpp
[9.822s] -- Up-to-date symlink: /home/leime957/TDDE05/ros2_ws/install/air_lab_interfaces/include/air_lab_interfaces/air_lab_interfaces/msg/detail/goal__traits.hpp
[9.824s] -- Up-to-date symlink: /home/leime957/TDDE05/ros2_ws/install/air_lab_interfaces/include/air_lab_interfaces/air_lab_interfaces/msg/detail/goal__type_support.hpp
[9.826s] -- Up-to-date symlink: /home/leime957/TDDE05/ros2_ws/install/air_lab_interfaces/include/air_lab_interfaces/air_lab_interfaces/msg/detail/goals__builder.hpp
[9.828s] -- Up-to-date symlink: /home/leime957/TDDE05/ros2_ws/install/air_lab_interfaces/include/air_lab_interfaces/air_lab_interfaces/msg/detail/goals__struct.hpp
[9.829s] -- Up-to-date symlink: /home/leime957/TDDE05/ros2_ws/install/air_lab_interfaces/include/air_lab_interfaces/air_lab_interfaces/msg/detail/goals__traits.hpp
[9.832s] -- Up-to-date symlink: /home/leime957/TDDE05/ros2_ws/install/air_lab_interfaces/include/air_lab_interfaces/air_lab_interfaces/msg/detail/goals__type_support.hpp
[9.834s] -- Up-to-date symlink: /home/leime957/TDDE05/ros2_ws/install/air_lab_interfaces/include/air_lab_interfaces/air_lab_interfaces/msg/goal.hpp
[9.836s] -- Up-to-date symlink: /home/leime957/TDDE05/ros2_ws/install/air_lab_interfaces/include/air_lab_interfaces/air_lab_interfaces/msg/goals.hpp
[9.837s] -- Up-to-date symlink: /home/leime957/TDDE05/ros2_ws/install/air_lab_interfaces/include/air_lab_interfaces/air_lab_interfaces/msg/rosidl_generator_cpp__visibility_control.hpp
[9.839s] -- Up-to-date symlink: /home/leime957/TDDE05/ros2_ws/install/air_lab_interfaces/include/air_lab_interfaces/air_lab_interfaces/srv/detail/execute_tst__builder.hpp
[9.840s] -- Up-to-date symlink: /home/leime957/TDDE05/ros2_ws/install/air_lab_interfaces/include/air_lab_interfaces/air_lab_interfaces/srv/detail/execute_tst__struct.hpp
[9.842s] -- Up-to-date symlink: /home/leime957/TDDE05/ros2_ws/install/air_lab_interfaces/include/air_lab_interfaces/air_lab_interfaces/srv/detail/execute_tst__traits.hpp
[9.844s] -- Up-to-date symlink: /home/leime957/TDDE05/ros2_ws/install/air_lab_interfaces/include/air_lab_interfaces/air_lab_interfaces/srv/detail/execute_tst__type_support.hpp
[9.846s] -- Up-to-date symlink: /home/leime957/TDDE05/ros2_ws/install/air_lab_interfaces/include/air_lab_interfaces/air_lab_interfaces/srv/execute_tst.hpp
[9.853s] -- Up-to-date symlink: /home/leime957/TDDE05/ros2_ws/install/air_lab_interfaces/include/air_lab_interfaces/air_lab_interfaces/msg/detail/goal__rosidl_typesupport_fastrtps_cpp.hpp
[9.855s] -- Up-to-date symlink: /home/leime957/TDDE05/ros2_ws/install/air_lab_interfaces/include/air_lab_interfaces/air_lab_interfaces/msg/detail/goals__rosidl_typesupport_fastrtps_cpp.hpp
[9.856s] -- Up-to-date symlink: /home/leime957/TDDE05/ros2_ws/install/air_lab_interfaces/include/air_lab_interfaces/air_lab_interfaces/msg/rosidl_typesupport_fastrtps_cpp__visibility_control.h
[9.858s] -- Up-to-date symlink: /home/leime957/TDDE05/ros2_ws/install/air_lab_interfaces/include/air_lab_interfaces/air_lab_interfaces/srv/detail/execute_tst__rosidl_typesupport_fastrtps_cpp.hpp
[9.862s] -- Up-to-date symlink: /home/leime957/TDDE05/ros2_ws/install/air_lab_interfaces/include/air_lab_interfaces/air_lab_interfaces/msg/detail/goal__rosidl_typesupport_introspection_c.h
[9.863s] -- Up-to-date symlink: /home/leime957/TDDE05/ros2_ws/install/air_lab_interfaces/include/air_lab_interfaces/air_lab_interfaces/msg/detail/goals__rosidl_typesupport_introspection_c.h
[9.865s] -- Up-to-date symlink: /home/leime957/TDDE05/ros2_ws/install/air_lab_interfaces/include/air_lab_interfaces/air_lab_interfaces/msg/rosidl_typesupport_introspection_c__visibility_control.h
[9.867s] -- Up-to-date symlink: /home/leime957/TDDE05/ros2_ws/install/air_lab_interfaces/include/air_lab_interfaces/air_lab_interfaces/srv/detail/execute_tst__rosidl_typesupport_introspection_c.h
[9.871s] -- Up-to-date symlink: /home/leime957/TDDE05/ros2_ws/install/air_lab_interfaces/include/air_lab_interfaces/air_lab_interfaces/msg/detail/goal__rosidl_typesupport_introspection_cpp.hpp
[9.872s] -- Up-to-date symlink: /home/leime957/TDDE05/ros2_ws/install/air_lab_interfaces/include/air_lab_interfaces/air_lab_interfaces/msg/detail/goals__rosidl_typesupport_introspection_cpp.hpp
[9.875s] -- Up-to-date symlink: /home/leime957/TDDE05/ros2_ws/install/air_lab_interfaces/include/air_lab_interfaces/air_lab_interfaces/srv/detail/execute_tst__rosidl_typesupport_introspection_cpp.hpp
[9.876s] -- Up-to-date symlink: /home/leime957/TDDE05/ros2_ws/install/air_lab_interfaces/share/air_lab_interfaces/environment/pythonpath.sh
[9.879s] -- Up-to-date symlink: /home/leime957/TDDE05/ros2_ws/install/air_lab_interfaces/share/air_lab_interfaces/environment/pythonpath.dsv
[9.881s] -- Up-to-date symlink: /home/leime957/TDDE05/ros2_ws/install/air_lab_interfaces/local/lib/python3.10/dist-packages/air_lab_interfaces-0.0.0-py3.10.egg-info/PKG-INFO
[9.883s] -- Up-to-date symlink: /home/leime957/TDDE05/ros2_ws/install/air_lab_interfaces/local/lib/python3.10/dist-packages/air_lab_interfaces-0.0.0-py3.10.egg-info/SOURCES.txt
[9.884s] -- Up-to-date symlink: /home/leime957/TDDE05/ros2_ws/install/air_lab_interfaces/local/lib/python3.10/dist-packages/air_lab_interfaces-0.0.0-py3.10.egg-info/dependency_links.txt
[9.886s] -- Up-to-date symlink: /home/leime957/TDDE05/ros2_ws/install/air_lab_interfaces/local/lib/python3.10/dist-packages/air_lab_interfaces-0.0.0-py3.10.egg-info/top_level.txt
[9.892s] -- Up-to-date symlink: /home/leime957/TDDE05/ros2_ws/install/air_lab_interfaces/local/lib/python3.10/dist-packages/air_lab_interfaces/__init__.py
[9.893s] -- Up-to-date symlink: /home/leime957/TDDE05/ros2_ws/install/air_lab_interfaces/local/lib/python3.10/dist-packages/air_lab_interfaces/_air_lab_interfaces_s.ep.rosidl_typesupport_c.c
[9.895s] -- Up-to-date symlink: /home/leime957/TDDE05/ros2_ws/install/air_lab_interfaces/local/lib/python3.10/dist-packages/air_lab_interfaces/_air_lab_interfaces_s.ep.rosidl_typesupport_fastrtps_c.c
[9.897s] -- Up-to-date symlink: /home/leime957/TDDE05/ros2_ws/install/air_lab_interfaces/local/lib/python3.10/dist-packages/air_lab_interfaces/_air_lab_interfaces_s.ep.rosidl_typesupport_introspection_c.c
[9.899s] -- Up-to-date symlink: /home/leime957/TDDE05/ros2_ws/install/air_lab_interfaces/local/lib/python3.10/dist-packages/air_lab_interfaces/air_lab_interfaces_s__rosidl_typesupport_c.cpython-310-x86_64-linux-gnu.so
[9.902s] -- Up-to-date symlink: /home/leime957/TDDE05/ros2_ws/install/air_lab_interfaces/local/lib/python3.10/dist-packages/air_lab_interfaces/air_lab_interfaces_s__rosidl_typesupport_fastrtps_c.cpython-310-x86_64-linux-gnu.so
[9.904s] -- Up-to-date symlink: /home/leime957/TDDE05/ros2_ws/install/air_lab_interfaces/local/lib/python3.10/dist-packages/air_lab_interfaces/air_lab_interfaces_s__rosidl_typesupport_introspection_c.cpython-310-x86_64-linux-gnu.so
[9.906s] -- Up-to-date symlink: /home/leime957/TDDE05/ros2_ws/install/air_lab_interfaces/local/lib/python3.10/dist-packages/air_lab_interfaces/libair_lab_interfaces__rosidl_generator_py.so
[9.908s] -- Up-to-date symlink: /home/leime957/TDDE05/ros2_ws/install/air_lab_interfaces/local/lib/python3.10/dist-packages/air_lab_interfaces/msg/__init__.py
[9.910s] -- Up-to-date symlink: /home/leime957/TDDE05/ros2_ws/install/air_lab_interfaces/local/lib/python3.10/dist-packages/air_lab_interfaces/msg/_goal.py
[9.911s] -- Up-to-date symlink: /home/leime957/TDDE05/ros2_ws/install/air_lab_interfaces/local/lib/python3.10/dist-packages/air_lab_interfaces/msg/_goal_s.c
[9.913s] -- Up-to-date symlink: /home/leime957/TDDE05/ros2_ws/install/air_lab_interfaces/local/lib/python3.10/dist-packages/air_lab_interfaces/msg/_goals.py
[9.915s] -- Up-to-date symlink: /home/leime957/TDDE05/ros2_ws/install/air_lab_interfaces/local/lib/python3.10/dist-packages/air_lab_interfaces/msg/_goals_s.c
[9.917s] -- Up-to-date symlink: /home/leime957/TDDE05/ros2_ws/install/air_lab_interfaces/local/lib/python3.10/dist-packages/air_lab_interfaces/srv/__init__.py
[9.919s] -- Up-to-date symlink: /home/leime957/TDDE05/ros2_ws/install/air_lab_interfaces/local/lib/python3.10/dist-packages/air_lab_interfaces/srv/_execute_tst.py
[9.920s] -- Up-to-date symlink: /home/leime957/TDDE05/ros2_ws/install/air_lab_interfaces/local/lib/python3.10/dist-packages/air_lab_interfaces/srv/_execute_tst_s.c
[9.923s] -- Up-to-date symlink: /home/leime957/TDDE05/ros2_ws/install/air_lab_interfaces/local/lib/python3.10/dist-packages/air_lab_interfaces/air_lab_interfaces_s__rosidl_typesupport_fastrtps_c.cpython-310-x86_64-linux-gnu.so
[9.926s] -- Up-to-date symlink: /home/leime957/TDDE05/ros2_ws/install/air_lab_interfaces/local/lib/python3.10/dist-packages/air_lab_interfaces/air_lab_interfaces_s__rosidl_typesupport_introspection_c.cpython-310-x86_64-linux-gnu.so
[9.929s] -- Up-to-date symlink: /home/leime957/TDDE05/ros2_ws/install/air_lab_interfaces/local/lib/python3.10/dist-packages/air_lab_interfaces/air_lab_interfaces_s__rosidl_typesupport_c.cpython-310-x86_64-linux-gnu.so
[9.932s] -- Up-to-date symlink: /home/leime957/TDDE05/ros2_ws/install/air_lab_interfaces/share/air_lab_interfaces/srv/ExecuteTst.idl
[9.935s] -- Up-to-date symlink: /home/leime957/TDDE05/ros2_ws/install/air_lab_interfaces/share/air_lab_interfaces/msg/Goal.idl
[9.937s] -- Up-to-date symlink: /home/leime957/TDDE05/ros2_ws/install/air_lab_interfaces/share/air_lab_interfaces/msg/Goals.idl
[9.939s] -- Up-to-date symlink: /home/leime957/TDDE05/ros2_ws/install/air_lab_interfaces/share/air_lab_interfaces/srv/ExecuteTst.srv
[9.941s] -- Up-to-date symlink: /home/leime957/TDDE05/ros2_ws/install/air_lab_interfaces/share/air_lab_interfaces/srv/ExecuteTst_Request.msg
[9.943s] -- Up-to-date symlink: /home/leime957/TDDE05/ros2_ws/install/air_lab_interfaces/share/air_lab_interfaces/srv/ExecuteTst_Response.msg
[9.945s] -- Up-to-date symlink: /home/leime957/TDDE05/ros2_ws/install/air_lab_interfaces/share/air_lab_interfaces/msg/Goal.msg
[9.947s] -- Up-to-date symlink: /home/leime957/TDDE05/ros2_ws/install/air_lab_interfaces/share/air_lab_interfaces/msg/Goals.msg
[9.950s] -- Up-to-date symlink: /home/leime957/TDDE05/ros2_ws/install/air_lab_interfaces/share/ament_index/resource_index/package_run_dependencies/air_lab_interfaces
[9.952s] -- Up-to-date symlink: /home/leime957/TDDE05/ros2_ws/install/air_lab_interfaces/share/ament_index/resource_index/parent_prefix_path/air_lab_interfaces
[9.954s] -- Up-to-date symlink: /home/leime957/TDDE05/ros2_ws/install/air_lab_interfaces/share/air_lab_interfaces/environment/ament_prefix_path.sh
[9.956s] -- Up-to-date symlink: /home/leime957/TDDE05/ros2_ws/install/air_lab_interfaces/share/air_lab_interfaces/environment/ament_prefix_path.dsv
[9.957s] -- Up-to-date symlink: /home/leime957/TDDE05/ros2_ws/install/air_lab_interfaces/share/air_lab_interfaces/environment/path.sh
[9.960s] -- Up-to-date symlink: /home/leime957/TDDE05/ros2_ws/install/air_lab_interfaces/share/air_lab_interfaces/environment/path.dsv
[9.961s] -- Up-to-date symlink: /home/leime957/TDDE05/ros2_ws/install/air_lab_interfaces/share/air_lab_interfaces/local_setup.bash
[9.963s] -- Up-to-date symlink: /home/leime957/TDDE05/ros2_ws/install/air_lab_interfaces/share/air_lab_interfaces/local_setup.sh
[9.965s] -- Up-to-date symlink: /home/leime957/TDDE05/ros2_ws/install/air_lab_interfaces/share/air_lab_interfaces/local_setup.zsh
[9.967s] -- Up-to-date symlink: /home/leime957/TDDE05/ros2_ws/install/air_lab_interfaces/share/air_lab_interfaces/local_setup.dsv
[9.969s] -- Symlinking: /home/leime957/TDDE05/ros2_ws/install/air_lab_interfaces/share/air_lab_interfaces/package.dsv
[10.157s] -- Up-to-date symlink: /home/leime957/TDDE05/ros2_ws/install/air_lab_interfaces/share/ament_index/resource_index/packages/air_lab_interfaces
[10.159s] -- Up-to-date symlink: /home/leime957/TDDE05/ros2_ws/install/air_lab_interfaces/share/air_lab_interfaces/cmake/rosidl_cmake-extras.cmake
[10.160s] -- Up-to-date symlink: /home/leime957/TDDE05/ros2_ws/install/air_lab_interfaces/share/air_lab_interfaces/cmake/ament_cmake_export_include_directories-extras.cmake
[10.163s] -- Up-to-date symlink: /home/leime957/TDDE05/ros2_ws/install/air_lab_interfaces/share/air_lab_interfaces/cmake/ament_cmake_export_libraries-extras.cmake
[10.164s] -- Up-to-date symlink: /home/leime957/TDDE05/ros2_ws/install/air_lab_interfaces/share/air_lab_interfaces/cmake/ament_cmake_export_targets-extras.cmake
[10.166s] -- Up-to-date symlink: /home/leime957/TDDE05/ros2_ws/install/air_lab_interfaces/share/air_lab_interfaces/cmake/rosidl_cmake_export_typesupport_targets-extras.cmake
[10.168s] -- Up-to-date symlink: /home/leime957/TDDE05/ros2_ws/install/air_lab_interfaces/share/air_lab_interfaces/cmake/ament_cmake_export_dependencies-extras.cmake
[10.169s] -- Up-to-date symlink: /home/leime957/TDDE05/ros2_ws/install/air_lab_interfaces/share/air_lab_interfaces/cmake/rosidl_cmake_export_typesupport_libraries-extras.cmake
[10.171s] -- Up-to-date symlink: /home/leime957/TDDE05/ros2_ws/install/air_lab_interfaces/share/air_lab_interfaces/cmake/air_lab_interfacesConfig.cmake
[10.173s] -- Up-to-date symlink: /home/leime957/TDDE05/ros2_ws/install/air_lab_interfaces/share/air_lab_interfaces/cmake/air_lab_interfacesConfig-version.cmake
[10.174s] -- Up-to-date symlink: /home/leime957/TDDE05/ros2_ws/install/air_lab_interfaces/share/air_lab_interfaces/package.xml
[10.177s] -- Up-to-date: /home/leime957/TDDE05/ros2_ws/install/air_lab_interfaces/lib/libair_lab_interfaces__rosidl_generator_c.so
[10.184s] -- Up-to-date: /home/leime957/TDDE05/ros2_ws/install/air_lab_interfaces/lib/libair_lab_interfaces__rosidl_typesupport_fastrtps_c.so
[10.191s] -- Up-to-date: /home/leime957/TDDE05/ros2_ws/install/air_lab_interfaces/lib/libair_lab_interfaces__rosidl_typesupport_fastrtps_cpp.so
[10.197s] -- Up-to-date: /home/leime957/TDDE05/ros2_ws/install/air_lab_interfaces/lib/libair_lab_interfaces__rosidl_typesupport_introspection_c.so
[10.203s] -- Up-to-date: /home/leime957/TDDE05/ros2_ws/install/air_lab_interfaces/lib/libair_lab_interfaces__rosidl_typesupport_c.so
[10.209s] -- Up-to-date: /home/leime957/TDDE05/ros2_ws/install/air_lab_interfaces/lib/libair_lab_interfaces__rosidl_typesupport_introspection_cpp.so
[10.216s] -- Up-to-date: /home/leime957/TDDE05/ros2_ws/install/air_lab_interfaces/lib/libair_lab_interfaces__rosidl_typesupport_cpp.so
[10.482s] Listing '/home/leime957/TDDE05/ros2_ws/install/air_lab_interfaces/local/lib/python3.10/dist-packages/air_lab_interfaces'...
[10.482s] Listing '/home/leime957/TDDE05/ros2_ws/install/air_lab_interfaces/local/lib/python3.10/dist-packages/air_lab_interfaces/msg'...
[10.482s] Listing '/home/leime957/TDDE05/ros2_ws/install/air_lab_interfaces/local/lib/python3.10/dist-packages/air_lab_interfaces/srv'...
[10.488s] -- Up-to-date: /home/leime957/TDDE05/ros2_ws/install/air_lab_interfaces/lib/libair_lab_interfaces__rosidl_generator_py.so
[10.496s] -- Up-to-date: /home/leime957/TDDE05/ros2_ws/install/air_lab_interfaces/share/air_lab_interfaces/cmake/export_air_lab_interfaces__rosidl_generator_cExport.cmake
[10.498s] -- Up-to-date: /home/leime957/TDDE05/ros2_ws/install/air_lab_interfaces/share/air_lab_interfaces/cmake/export_air_lab_interfaces__rosidl_generator_cExport-noconfig.cmake
[10.501s] -- Up-to-date: /home/leime957/TDDE05/ros2_ws/install/air_lab_interfaces/share/air_lab_interfaces/cmake/export_air_lab_interfaces__rosidl_typesupport_fastrtps_cExport.cmake
[10.503s] -- Up-to-date: /home/leime957/TDDE05/ros2_ws/install/air_lab_interfaces/share/air_lab_interfaces/cmake/export_air_lab_interfaces__rosidl_typesupport_fastrtps_cExport-noconfig.cmake
[10.506s] -- Up-to-date: /home/leime957/TDDE05/ros2_ws/install/air_lab_interfaces/share/air_lab_interfaces/cmake/export_air_lab_interfaces__rosidl_generator_cppExport.cmake
[10.510s] -- Up-to-date: /home/leime957/TDDE05/ros2_ws/install/air_lab_interfaces/share/air_lab_interfaces/cmake/export_air_lab_interfaces__rosidl_typesupport_fastrtps_cppExport.cmake
[10.512s] -- Up-to-date: /home/leime957/TDDE05/ros2_ws/install/air_lab_interfaces/share/air_lab_interfaces/cmake/export_air_lab_interfaces__rosidl_typesupport_fastrtps_cppExport-noconfig.cmake
[10.515s] -- Up-to-date: /home/leime957/TDDE05/ros2_ws/install/air_lab_interfaces/share/air_lab_interfaces/cmake/air_lab_interfaces__rosidl_typesupport_introspection_cExport.cmake
[10.516s] -- Up-to-date: /home/leime957/TDDE05/ros2_ws/install/air_lab_interfaces/share/air_lab_interfaces/cmake/air_lab_interfaces__rosidl_typesupport_introspection_cExport-noconfig.cmake
[10.519s] -- Up-to-date: /home/leime957/TDDE05/ros2_ws/install/air_lab_interfaces/share/air_lab_interfaces/cmake/air_lab_interfaces__rosidl_typesupport_cExport.cmake
[10.520s] -- Up-to-date: /home/leime957/TDDE05/ros2_ws/install/air_lab_interfaces/share/air_lab_interfaces/cmake/air_lab_interfaces__rosidl_typesupport_cExport-noconfig.cmake
[10.524s] -- Up-to-date: /home/leime957/TDDE05/ros2_ws/install/air_lab_interfaces/share/air_lab_interfaces/cmake/air_lab_interfaces__rosidl_typesupport_introspection_cppExport.cmake
[10.525s] -- Up-to-date: /home/leime957/TDDE05/ros2_ws/install/air_lab_interfaces/share/air_lab_interfaces/cmake/air_lab_interfaces__rosidl_typesupport_introspection_cppExport-noconfig.cmake
[10.529s] -- Up-to-date: /home/leime957/TDDE05/ros2_ws/install/air_lab_interfaces/share/air_lab_interfaces/cmake/air_lab_interfaces__rosidl_typesupport_cppExport.cmake
[10.530s] -- Up-to-date: /home/leime957/TDDE05/ros2_ws/install/air_lab_interfaces/share/air_lab_interfaces/cmake/air_lab_interfaces__rosidl_typesupport_cppExport-noconfig.cmake
[10.537s] -- Up-to-date: /home/leime957/TDDE05/ros2_ws/install/air_lab_interfaces/share/air_lab_interfaces/cmake/export_air_lab_interfaces__rosidl_generator_pyExport.cmake
[10.537s] -- Up-to-date: /home/leime957/TDDE05/ros2_ws/install/air_lab_interfaces/share/air_lab_interfaces/cmake/export_air_lab_interfaces__rosidl_generator_pyExport-noconfig.cmake
[14.048s] Invoked command in '/home/leime957/TDDE05/ros2_ws/build/air_lab_interfaces' returned '0': CMAKE_PREFIX_PATH=${CMAKE_PREFIX_PATH}:/home/leime957/TDDE05/ros2_ws/install/exploration:/home/leime957/TDDE05/ros2_ws/install/human:/home/leime957/TDDE05/ros2_ws/install/air_navigation_examples:/home/leime957/TDDE05/ros2_ws/install/air_lab5:/home/leime957/TDDE05/ros2_ws/install/air_lab3:/home/leime957/TDDE05/ros2_ws/install/air_lab_common:/home/leime957/TDDE05/ros2_ws/install/air_lab2:/home/leime957/TDDE05/ros2_ws/install/air_bringup:/opt/air_ws/install/air_simple_sim:/opt/air_ws/install/air_bringup:/opt/ros/humble /usr/bin/cmake --install /home/leime957/TDDE05/ros2_ws/build/air_lab_interfaces
