[14.814s] Invoking command in '/home/leime957/TDDE05/ros2_ws/build/exploration': CMAKE_PREFIX_PATH=/home/leime957/TDDE05/ros2_ws/install/project_interface:/home/leime957/TDDE05/ros2_ws/install/air_navigation:/opt/auksys_build/inst:/opt/auksys_build/inst:/home/leime957/TDDE05/ros2_ws/install/air_lab_interfaces:/opt/air_ws/install/ros_kdb:/opt/air_ws/install/ros_kdb_interfaces:/opt/air_ws/install/air_tst:/opt/air_ws/install/air_simple_sim_msgs:/opt/auksys_build/inst PYTHONPATH=/home/leime957/TDDE05/ros2_ws/build/exploration/prefix_override:/usr/lib/python3/dist-packages/colcon_core/task/python/colcon_distutils_commands:/home/leime957/TDDE05/ros2_ws/install/exploration/lib/python3.10/site-packages:${PYTHONPATH} /usr/bin/python3 -W ignore:setup.py install is deprecated -W ignore:easy_install command is deprecated setup.py develop --editable --build-directory /home/leime957/TDDE05/ros2_ws/build/exploration/build --no-deps symlink_data
[20.452s] running develop
[25.158s] running egg_info
[25.159s] creating exploration.egg-info
[25.159s] writing exploration.egg-info/PKG-INFO
[25.163s] writing dependency_links to exploration.egg-info/dependency_links.txt
[25.165s] writing entry points to exploration.egg-info/entry_points.txt
[25.167s] writing requirements to exploration.egg-info/requires.txt
[25.168s] writing top-level names to exploration.egg-info/top_level.txt
[25.170s] writing manifest file 'exploration.egg-info/SOURCES.txt'
[25.191s] reading manifest file 'exploration.egg-info/SOURCES.txt'
[25.193s] writing manifest file 'exploration.egg-info/SOURCES.txt'
[25.206s] running build_ext
[25.206s] Creating /home/leime957/TDDE05/ros2_ws/install/exploration/lib/python3.10/site-packages/exploration.egg-link (link to .)
[25.211s] Installing explore script to /home/leime957/TDDE05/ros2_ws/install/exploration/lib/exploration
[25.214s] 
[25.214s] Installed /home/leime957/TDDE05/ros2_ws/build/exploration
[25.215s] running symlink_data
[25.215s] creating /home/leime957/TDDE05/ros2_ws/install/exploration/share/ament_index
[25.216s] creating /home/leime957/TDDE05/ros2_ws/install/exploration/share/ament_index/resource_index
[25.216s] creating /home/leime957/TDDE05/ros2_ws/install/exploration/share/ament_index/resource_index/packages
[25.218s] symbolically linking /home/leime957/TDDE05/ros2_ws/build/exploration/resource/exploration -> /home/leime957/TDDE05/ros2_ws/install/exploration/share/ament_index/resource_index/packages
[25.219s] symbolically linking /home/leime957/TDDE05/ros2_ws/build/exploration/package.xml -> /home/leime957/TDDE05/ros2_ws/install/exploration/share/exploration
[25.257s] Invoked command in '/home/leime957/TDDE05/ros2_ws/build/exploration' returned '0': CMAKE_PREFIX_PATH=/home/leime957/TDDE05/ros2_ws/install/project_interface:/home/leime957/TDDE05/ros2_ws/install/air_navigation:/opt/auksys_build/inst:/opt/auksys_build/inst:/home/leime957/TDDE05/ros2_ws/install/air_lab_interfaces:/opt/air_ws/install/ros_kdb:/opt/air_ws/install/ros_kdb_interfaces:/opt/air_ws/install/air_tst:/opt/air_ws/install/air_simple_sim_msgs:/opt/auksys_build/inst PYTHONPATH=/home/leime957/TDDE05/ros2_ws/build/exploration/prefix_override:/usr/lib/python3/dist-packages/colcon_core/task/python/colcon_distutils_commands:/home/leime957/TDDE05/ros2_ws/install/exploration/lib/python3.10/site-packages:${PYTHONPATH} /usr/bin/python3 -W ignore:setup.py install is deprecated -W ignore:easy_install command is deprecated setup.py develop --editable --build-directory /home/leime957/TDDE05/ros2_ws/build/exploration/build --no-deps symlink_data
