running develop
running egg_info
creating air_navigation_examples.egg-info
writing air_navigation_examples.egg-info/PKG-INFO
writing dependency_links to air_navigation_examples.egg-info/dependency_links.txt
writing entry points to air_navigation_examples.egg-info/entry_points.txt
writing requirements to air_navigation_examples.egg-info/requires.txt
writing top-level names to air_navigation_examples.egg-info/top_level.txt
writing manifest file 'air_navigation_examples.egg-info/SOURCES.txt'
reading manifest file 'air_navigation_examples.egg-info/SOURCES.txt'
writing manifest file 'air_navigation_examples.egg-info/SOURCES.txt'
running build_ext
Creating /home/leime957/TDDE05/ros2_ws/install/air_navigation_examples/lib/python3.10/site-packages/air-navigation-examples.egg-link (link to .)

Installed /home/leime957/TDDE05/ros2_ws/build/air_navigation_examples
running symlink_data
creating /home/leime957/TDDE05/ros2_ws/install/air_navigation_examples/share/ament_index
creating /home/leime957/TDDE05/ros2_ws/install/air_navigation_examples/share/ament_index/resource_index
creating /home/leime957/TDDE05/ros2_ws/install/air_navigation_examples/share/ament_index/resource_index/packages
symbolically linking /home/leime957/TDDE05/ros2_ws/build/air_navigation_examples/resource/air_navigation_examples -> /home/leime957/TDDE05/ros2_ws/install/air_navigation_examples/share/ament_index/resource_index/packages
symbolically linking /home/leime957/TDDE05/ros2_ws/build/air_navigation_examples/package.xml -> /home/leime957/TDDE05/ros2_ws/install/air_navigation_examples/share/air_navigation_examples
