[38.321s] Invoking command in '/home/leime957/TDDE05/ros2_ws/build/air_navigation_examples': PYTHONPATH=/home/leime957/TDDE05/ros2_ws/build/air_navigation_examples/prefix_override:/usr/lib/python3/dist-packages/colcon_core/task/python/colcon_distutils_commands:/home/leime957/TDDE05/ros2_ws/install/air_navigation_examples/lib/python3.10/site-packages:${PYTHONPATH} /usr/bin/python3 -W ignore:setup.py install is deprecated -W ignore:easy_install command is deprecated setup.py develop --editable --build-directory /home/leime957/TDDE05/ros2_ws/build/air_navigation_examples/build --no-deps symlink_data
[49.587s] running develop
[58.802s] running egg_info
[58.802s] creating air_navigation_examples.egg-info
[58.819s] writing air_navigation_examples.egg-info/PKG-INFO
[58.821s] writing dependency_links to air_navigation_examples.egg-info/dependency_links.txt
[58.823s] writing entry points to air_navigation_examples.egg-info/entry_points.txt
[58.826s] writing requirements to air_navigation_examples.egg-info/requires.txt
[58.827s] writing top-level names to air_navigation_examples.egg-info/top_level.txt
[58.830s] writing manifest file 'air_navigation_examples.egg-info/SOURCES.txt'
[58.843s] reading manifest file 'air_navigation_examples.egg-info/SOURCES.txt'
[58.846s] writing manifest file 'air_navigation_examples.egg-info/SOURCES.txt'
[58.854s] running build_ext
[58.854s] Creating /home/leime957/TDDE05/ros2_ws/install/air_navigation_examples/lib/python3.10/site-packages/air-navigation-examples.egg-link (link to .)
[58.921s] 
[58.922s] Installed /home/leime957/TDDE05/ros2_ws/build/air_navigation_examples
[58.922s] running symlink_data
[58.923s] creating /home/leime957/TDDE05/ros2_ws/install/air_navigation_examples/share/ament_index
[58.923s] creating /home/leime957/TDDE05/ros2_ws/install/air_navigation_examples/share/ament_index/resource_index
[58.927s] creating /home/leime957/TDDE05/ros2_ws/install/air_navigation_examples/share/ament_index/resource_index/packages
[58.929s] symbolically linking /home/leime957/TDDE05/ros2_ws/build/air_navigation_examples/resource/air_navigation_examples -> /home/leime957/TDDE05/ros2_ws/install/air_navigation_examples/share/ament_index/resource_index/packages
[58.930s] symbolically linking /home/leime957/TDDE05/ros2_ws/build/air_navigation_examples/package.xml -> /home/leime957/TDDE05/ros2_ws/install/air_navigation_examples/share/air_navigation_examples
[59.179s] Invoked command in '/home/leime957/TDDE05/ros2_ws/build/air_navigation_examples' returned '0': PYTHONPATH=/home/leime957/TDDE05/ros2_ws/build/air_navigation_examples/prefix_override:/usr/lib/python3/dist-packages/colcon_core/task/python/colcon_distutils_commands:/home/leime957/TDDE05/ros2_ws/install/air_navigation_examples/lib/python3.10/site-packages:${PYTHONPATH} /usr/bin/python3 -W ignore:setup.py install is deprecated -W ignore:easy_install command is deprecated setup.py develop --editable --build-directory /home/leime957/TDDE05/ros2_ws/build/air_navigation_examples/build --no-deps symlink_data
