[0.573s] DEBUG:colcon:Command line arguments: ['/usr/bin/colcon', 'build', '--symlink-install']
[0.573s] DEBUG:colcon:Parsed command line arguments: Namespace(log_base=None, log_level=None, verb_name='build', build_base='build', install_base='install', merge_install=False, symlink_install=True, test_result_base=None, continue_on_error=False, executor='parallel', parallel_workers=20, event_handlers=None, ignore_user_meta=False, metas=['./colcon.meta'], base_paths=['.'], packages_ignore=None, packages_ignore_regex=None, paths=None, packages_up_to=None, packages_up_to_regex=None, packages_above=None, packages_above_and_dependencies=None, packages_above_depth=None, packages_select_by_dep=None, packages_skip_by_dep=None, packages_skip_up_to=None, packages_select_build_failed=False, packages_skip_build_finished=False, packages_select_test_failures=False, packages_skip_test_passed=False, packages_select=None, packages_skip=None, packages_select_regex=None, packages_skip_regex=None, packages_start=None, packages_end=None, cmake_args=None, cmake_target=None, cmake_target_skip_unavailable=False, cmake_clean_cache=False, cmake_clean_first=False, cmake_force_configure=False, ament_cmake_args=None, catkin_cmake_args=None, catkin_skip_building_tests=False, mixin_files=None, mixin=None, verb_parser=<colcon_mixin.mixin.mixin_argument.MixinArgumentDecorator object at 0x7fe5689beb90>, verb_extension=<colcon_core.verb.build.BuildVerb object at 0x7fe568aaba30>, main=<bound method BuildVerb.main of <colcon_core.verb.build.BuildVerb object at 0x7fe568aaba30>>, mixin_verb=('build',))
[1.223s] Level 1:colcon.colcon_core.package_discovery:discover_packages(colcon_meta) check parameters
[1.223s] Level 1:colcon.colcon_core.package_discovery:discover_packages(recursive) check parameters
[1.223s] Level 1:colcon.colcon_core.package_discovery:discover_packages(ignore) check parameters
[1.223s] Level 1:colcon.colcon_core.package_discovery:discover_packages(path) check parameters
[1.223s] Level 1:colcon.colcon_core.package_discovery:discover_packages(colcon_meta) discover
[1.223s] Level 1:colcon.colcon_core.package_discovery:discover_packages(recursive) discover
[1.223s] INFO:colcon.colcon_core.package_discovery:Crawling recursively for packages in '/home/leime957/TDDE05/ros2_ws'
[1.224s] Level 1:colcon.colcon_core.package_identification:_identify(.) by extensions ['ignore', 'ignore_ament_install']
[1.224s] Level 1:colcon.colcon_core.package_identification:_identify(.) by extension 'ignore'
[1.224s] Level 1:colcon.colcon_core.package_identification:_identify(.) by extension 'ignore_ament_install'
[1.224s] Level 1:colcon.colcon_core.package_identification:_identify(.) by extensions ['colcon_pkg']
[1.224s] Level 1:colcon.colcon_core.package_identification:_identify(.) by extension 'colcon_pkg'
[1.224s] Level 1:colcon.colcon_core.package_identification:_identify(.) by extensions ['colcon_meta']
[1.224s] Level 1:colcon.colcon_core.package_identification:_identify(.) by extension 'colcon_meta'
[1.224s] Level 1:colcon.colcon_core.package_identification:_identify(.) by extensions ['ros']
[1.224s] Level 1:colcon.colcon_core.package_identification:_identify(.) by extension 'ros'
[1.241s] Level 1:colcon.colcon_core.package_identification:_identify(.) by extensions ['cmake', 'python']
[1.241s] Level 1:colcon.colcon_core.package_identification:_identify(.) by extension 'cmake'
[1.241s] Level 1:colcon.colcon_core.package_identification:_identify(.) by extension 'python'
[1.241s] Level 1:colcon.colcon_core.package_identification:_identify(.) by extensions ['python_setup_py']
[1.241s] Level 1:colcon.colcon_core.package_identification:_identify(.) by extension 'python_setup_py'
[1.241s] Level 1:colcon.colcon_core.package_identification:_identify(build) by extensions ['ignore', 'ignore_ament_install']
[1.241s] Level 1:colcon.colcon_core.package_identification:_identify(build) by extension 'ignore'
[1.241s] Level 1:colcon.colcon_core.package_identification:_identify(build) ignored
[1.242s] Level 1:colcon.colcon_core.package_identification:_identify(install) by extensions ['ignore', 'ignore_ament_install']
[1.242s] Level 1:colcon.colcon_core.package_identification:_identify(install) by extension 'ignore'
[1.242s] Level 1:colcon.colcon_core.package_identification:_identify(install) ignored
[1.243s] Level 1:colcon.colcon_core.package_identification:_identify(log) by extensions ['ignore', 'ignore_ament_install']
[1.243s] Level 1:colcon.colcon_core.package_identification:_identify(log) by extension 'ignore'
[1.243s] Level 1:colcon.colcon_core.package_identification:_identify(log) ignored
[1.243s] Level 1:colcon.colcon_core.package_identification:_identify(src) by extensions ['ignore', 'ignore_ament_install']
[1.243s] Level 1:colcon.colcon_core.package_identification:_identify(src) by extension 'ignore'
[1.244s] Level 1:colcon.colcon_core.package_identification:_identify(src) by extension 'ignore_ament_install'
[1.245s] Level 1:colcon.colcon_core.package_identification:_identify(src) by extensions ['colcon_pkg']
[1.245s] Level 1:colcon.colcon_core.package_identification:_identify(src) by extension 'colcon_pkg'
[1.245s] Level 1:colcon.colcon_core.package_identification:_identify(src) by extensions ['colcon_meta']
[1.245s] Level 1:colcon.colcon_core.package_identification:_identify(src) by extension 'colcon_meta'
[1.245s] Level 1:colcon.colcon_core.package_identification:_identify(src) by extensions ['ros']
[1.245s] Level 1:colcon.colcon_core.package_identification:_identify(src) by extension 'ros'
[1.246s] Level 1:colcon.colcon_core.package_identification:_identify(src) by extensions ['cmake', 'python']
[1.246s] Level 1:colcon.colcon_core.package_identification:_identify(src) by extension 'cmake'
[1.247s] Level 1:colcon.colcon_core.package_identification:_identify(src) by extension 'python'
[1.247s] Level 1:colcon.colcon_core.package_identification:_identify(src) by extensions ['python_setup_py']
[1.247s] Level 1:colcon.colcon_core.package_identification:_identify(src) by extension 'python_setup_py'
[1.248s] Level 1:colcon.colcon_core.package_identification:_identify(src/labs) by extensions ['ignore', 'ignore_ament_install']
[1.248s] Level 1:colcon.colcon_core.package_identification:_identify(src/labs) by extension 'ignore'
[1.248s] Level 1:colcon.colcon_core.package_identification:_identify(src/labs) by extension 'ignore_ament_install'
[1.249s] Level 1:colcon.colcon_core.package_identification:_identify(src/labs) by extensions ['colcon_pkg']
[1.249s] Level 1:colcon.colcon_core.package_identification:_identify(src/labs) by extension 'colcon_pkg'
[1.249s] Level 1:colcon.colcon_core.package_identification:_identify(src/labs) by extensions ['colcon_meta']
[1.249s] Level 1:colcon.colcon_core.package_identification:_identify(src/labs) by extension 'colcon_meta'
[1.249s] Level 1:colcon.colcon_core.package_identification:_identify(src/labs) by extensions ['ros']
[1.249s] Level 1:colcon.colcon_core.package_identification:_identify(src/labs) by extension 'ros'
[1.251s] Level 1:colcon.colcon_core.package_identification:_identify(src/labs) by extensions ['cmake', 'python']
[1.251s] Level 1:colcon.colcon_core.package_identification:_identify(src/labs) by extension 'cmake'
[1.251s] Level 1:colcon.colcon_core.package_identification:_identify(src/labs) by extension 'python'
[1.252s] Level 1:colcon.colcon_core.package_identification:_identify(src/labs) by extensions ['python_setup_py']
[1.252s] Level 1:colcon.colcon_core.package_identification:_identify(src/labs) by extension 'python_setup_py'
[1.252s] Level 1:colcon.colcon_core.package_identification:_identify(src/labs/air_lab_common) by extensions ['ignore', 'ignore_ament_install']
[1.252s] Level 1:colcon.colcon_core.package_identification:_identify(src/labs/air_lab_common) by extension 'ignore'
[1.252s] Level 1:colcon.colcon_core.package_identification:_identify(src/labs/air_lab_common) by extension 'ignore_ament_install'
[1.253s] Level 1:colcon.colcon_core.package_identification:_identify(src/labs/air_lab_common) by extensions ['colcon_pkg']
[1.253s] Level 1:colcon.colcon_core.package_identification:_identify(src/labs/air_lab_common) by extension 'colcon_pkg'
[1.254s] Level 1:colcon.colcon_core.package_identification:_identify(src/labs/air_lab_common) by extensions ['colcon_meta']
[1.254s] Level 1:colcon.colcon_core.package_identification:_identify(src/labs/air_lab_common) by extension 'colcon_meta'
[1.254s] Level 1:colcon.colcon_core.package_identification:_identify(src/labs/air_lab_common) by extensions ['ros']
[1.254s] Level 1:colcon.colcon_core.package_identification:_identify(src/labs/air_lab_common) by extension 'ros'
[1.263s] DEBUG:colcon.colcon_core.package_identification:Package 'src/labs/air_lab_common' with type 'ros.ament_python' and name 'air_lab_common'
[1.263s] Level 1:colcon.colcon_core.package_discovery:discover_packages(recursive) using defaults
[1.263s] Level 1:colcon.colcon_core.package_discovery:discover_packages(ignore) discover
[1.263s] Level 1:colcon.colcon_core.package_discovery:discover_packages(ignore) using defaults
[1.263s] Level 1:colcon.colcon_core.package_discovery:discover_packages(path) discover
[1.263s] Level 1:colcon.colcon_core.package_discovery:discover_packages(path) using defaults
[1.326s] Level 5:colcon.colcon_core.verb:set package 'air_lab_common' build argument 'cmake_args' from command line to 'None'
[1.326s] Level 5:colcon.colcon_core.verb:set package 'air_lab_common' build argument 'cmake_target' from command line to 'None'
[1.326s] Level 5:colcon.colcon_core.verb:set package 'air_lab_common' build argument 'cmake_target_skip_unavailable' from command line to 'False'
[1.326s] Level 5:colcon.colcon_core.verb:set package 'air_lab_common' build argument 'cmake_clean_cache' from command line to 'False'
[1.326s] Level 5:colcon.colcon_core.verb:set package 'air_lab_common' build argument 'cmake_clean_first' from command line to 'False'
[1.326s] Level 5:colcon.colcon_core.verb:set package 'air_lab_common' build argument 'cmake_force_configure' from command line to 'False'
[1.326s] Level 5:colcon.colcon_core.verb:set package 'air_lab_common' build argument 'ament_cmake_args' from command line to 'None'
[1.326s] Level 5:colcon.colcon_core.verb:set package 'air_lab_common' build argument 'catkin_cmake_args' from command line to 'None'
[1.326s] Level 5:colcon.colcon_core.verb:set package 'air_lab_common' build argument 'catkin_skip_building_tests' from command line to 'False'
[1.326s] DEBUG:colcon.colcon_core.verb:Building package 'air_lab_common' with the following arguments: {'ament_cmake_args': None, 'build_base': '/home/leime957/TDDE05/ros2_ws/build/air_lab_common', 'catkin_cmake_args': None, 'catkin_skip_building_tests': False, 'cmake_args': None, 'cmake_clean_cache': False, 'cmake_clean_first': False, 'cmake_force_configure': False, 'cmake_target': None, 'cmake_target_skip_unavailable': False, 'install_base': '/home/leime957/TDDE05/ros2_ws/install/air_lab_common', 'merge_install': False, 'path': '/home/leime957/TDDE05/ros2_ws/src/labs/air_lab_common', 'symlink_install': True, 'test_result_base': None}
[1.327s] INFO:colcon.colcon_core.executor:Executing jobs using 'parallel' executor
[1.328s] DEBUG:colcon.colcon_parallel_executor.executor.parallel:run_until_complete
[1.328s] INFO:colcon.colcon_ros.task.ament_python.build:Building ROS package in '/home/leime957/TDDE05/ros2_ws/src/labs/air_lab_common' with build type 'ament_python'
[1.328s] Level 1:colcon.colcon_core.shell:create_environment_hook('air_lab_common', 'ament_prefix_path')
[1.346s] INFO:colcon.colcon_core.plugin_system:Skipping extension 'colcon_core.shell.bat': Not used on non-Windows systems
[1.346s] INFO:colcon.colcon_core.shell:Creating environment hook '/home/leime957/TDDE05/ros2_ws/install/air_lab_common/share/air_lab_common/hook/ament_prefix_path.ps1'
[1.355s] INFO:colcon.colcon_core.shell:Creating environment descriptor '/home/leime957/TDDE05/ros2_ws/install/air_lab_common/share/air_lab_common/hook/ament_prefix_path.dsv'
[1.360s] INFO:colcon.colcon_core.shell:Creating environment hook '/home/leime957/TDDE05/ros2_ws/install/air_lab_common/share/air_lab_common/hook/ament_prefix_path.sh'
[1.364s] INFO:colcon.colcon_core.shell:Skip shell extension 'powershell' for command environment: Not usable outside of PowerShell
[1.364s] DEBUG:colcon.colcon_core.shell:Skip shell extension 'dsv' for command environment
[2.303s] INFO:colcon.colcon_core.task.python.build:Building Python package in '/home/leime957/TDDE05/ros2_ws/src/labs/air_lab_common'
[2.303s] INFO:colcon.colcon_core.shell:Skip shell extension 'powershell' for command environment: Not usable outside of PowerShell
[2.303s] DEBUG:colcon.colcon_core.shell:Skip shell extension 'dsv' for command environment
[3.766s] DEBUG:colcon.colcon_core.event_handler.log_command:Invoking command in '/home/leime957/TDDE05/ros2_ws/build/air_lab_common': PYTHONPATH=/home/leime957/TDDE05/ros2_ws/build/air_lab_common/prefix_override:/usr/lib/python3/dist-packages/colcon_core/task/python/colcon_distutils_commands:/home/leime957/TDDE05/ros2_ws/install/air_lab_common/lib/python3.10/site-packages:${PYTHONPATH} /usr/bin/python3 -W ignore:setup.py install is deprecated -W ignore:easy_install command is deprecated setup.py develop --editable --build-directory /home/leime957/TDDE05/ros2_ws/build/air_lab_common/build --no-deps symlink_data
[5.687s] Level 1:colcon.colcon_core.shell:create_environment_hook('air_lab_common', 'pythonpath_develop')
[5.687s] INFO:colcon.colcon_core.shell:Creating environment hook '/home/leime957/TDDE05/ros2_ws/build/air_lab_common/share/air_lab_common/hook/pythonpath_develop.ps1'
[5.688s] DEBUG:colcon.colcon_core.event_handler.log_command:Invoked command in '/home/leime957/TDDE05/ros2_ws/build/air_lab_common' returned '0': PYTHONPATH=/home/leime957/TDDE05/ros2_ws/build/air_lab_common/prefix_override:/usr/lib/python3/dist-packages/colcon_core/task/python/colcon_distutils_commands:/home/leime957/TDDE05/ros2_ws/install/air_lab_common/lib/python3.10/site-packages:${PYTHONPATH} /usr/bin/python3 -W ignore:setup.py install is deprecated -W ignore:easy_install command is deprecated setup.py develop --editable --build-directory /home/leime957/TDDE05/ros2_ws/build/air_lab_common/build --no-deps symlink_data
[5.696s] INFO:colcon.colcon_core.shell:Creating environment descriptor '/home/leime957/TDDE05/ros2_ws/build/air_lab_common/share/air_lab_common/hook/pythonpath_develop.dsv'
[5.701s] INFO:colcon.colcon_core.shell:Creating environment hook '/home/leime957/TDDE05/ros2_ws/build/air_lab_common/share/air_lab_common/hook/pythonpath_develop.sh'
[5.735s] Level 1:colcon.colcon_core.environment:checking '/home/leime957/TDDE05/ros2_ws/install/air_lab_common' for CMake module files
[5.739s] Level 1:colcon.colcon_core.environment:checking '/home/leime957/TDDE05/ros2_ws/install/air_lab_common' for CMake config files
[5.750s] Level 1:colcon.colcon_core.environment:checking '/home/leime957/TDDE05/ros2_ws/install/air_lab_common/lib'
[5.751s] Level 1:colcon.colcon_core.environment:checking '/home/leime957/TDDE05/ros2_ws/install/air_lab_common/bin'
[5.751s] Level 1:colcon.colcon_core.environment:checking '/home/leime957/TDDE05/ros2_ws/install/air_lab_common/lib/pkgconfig/air_lab_common.pc'
[5.752s] Level 1:colcon.colcon_core.environment:checking '/home/leime957/TDDE05/ros2_ws/install/air_lab_common/lib/python3.10/site-packages'
[5.752s] Level 1:colcon.colcon_core.shell:create_environment_hook('air_lab_common', 'pythonpath')
[5.753s] INFO:colcon.colcon_core.shell:Creating environment hook '/home/leime957/TDDE05/ros2_ws/install/air_lab_common/share/air_lab_common/hook/pythonpath.ps1'
[5.756s] INFO:colcon.colcon_core.shell:Creating environment descriptor '/home/leime957/TDDE05/ros2_ws/install/air_lab_common/share/air_lab_common/hook/pythonpath.dsv'
[5.762s] INFO:colcon.colcon_core.shell:Creating environment hook '/home/leime957/TDDE05/ros2_ws/install/air_lab_common/share/air_lab_common/hook/pythonpath.sh'
[5.768s] Level 1:colcon.colcon_core.environment:checking '/home/leime957/TDDE05/ros2_ws/install/air_lab_common/bin'
[5.768s] Level 1:colcon.colcon_core.environment:create_environment_scripts_only(air_lab_common)
[5.769s] INFO:colcon.colcon_core.shell:Creating package script '/home/leime957/TDDE05/ros2_ws/install/air_lab_common/share/air_lab_common/package.ps1'
[5.774s] INFO:colcon.colcon_core.shell:Creating package descriptor '/home/leime957/TDDE05/ros2_ws/install/air_lab_common/share/air_lab_common/package.dsv'
[5.778s] INFO:colcon.colcon_core.shell:Creating package script '/home/leime957/TDDE05/ros2_ws/install/air_lab_common/share/air_lab_common/package.sh'
[5.782s] INFO:colcon.colcon_core.shell:Creating package script '/home/leime957/TDDE05/ros2_ws/install/air_lab_common/share/air_lab_common/package.bash'
[5.787s] INFO:colcon.colcon_core.shell:Creating package script '/home/leime957/TDDE05/ros2_ws/install/air_lab_common/share/air_lab_common/package.zsh'
[5.794s] Level 1:colcon.colcon_core.environment:create_file_with_runtime_dependencies(/home/leime957/TDDE05/ros2_ws/install/air_lab_common/share/colcon-core/packages/air_lab_common)
[5.799s] DEBUG:colcon.colcon_parallel_executor.executor.parallel:closing loop
[5.799s] DEBUG:colcon.colcon_parallel_executor.executor.parallel:loop closed
[5.799s] DEBUG:colcon.colcon_parallel_executor.executor.parallel:run_until_complete finished with '0'
[5.799s] DEBUG:colcon.colcon_core.event_reactor:joining thread
[5.850s] INFO:colcon.colcon_core.plugin_system:Skipping extension 'colcon_notification.desktop_notification.notify_send': Could not find 'notify-send'
[5.850s] INFO:colcon.colcon_core.plugin_system:Skipping extension 'colcon_notification.desktop_notification.terminal_notifier': Not used on non-Darwin systems
[5.850s] INFO:colcon.colcon_core.plugin_system:Skipping extension 'colcon_notification.desktop_notification.win32': Not used on non-Windows systems
[5.850s] INFO:colcon.colcon_notification.desktop_notification:Sending desktop notification using 'notify2'
[5.855s] DEBUG:colcon.colcon_core.event_reactor:joined thread
[5.855s] INFO:colcon.colcon_core.shell:Creating prefix script '/home/leime957/TDDE05/ros2_ws/install/local_setup.ps1'
[5.859s] INFO:colcon.colcon_core.shell:Creating prefix util module '/home/leime957/TDDE05/ros2_ws/install/_local_setup_util_ps1.py'
[5.863s] INFO:colcon.colcon_core.shell:Creating prefix chain script '/home/leime957/TDDE05/ros2_ws/install/setup.ps1'
[5.870s] INFO:colcon.colcon_core.shell:Creating prefix script '/home/leime957/TDDE05/ros2_ws/install/local_setup.sh'
[5.873s] INFO:colcon.colcon_core.shell:Creating prefix util module '/home/leime957/TDDE05/ros2_ws/install/_local_setup_util_sh.py'
[5.876s] INFO:colcon.colcon_core.shell:Creating prefix chain script '/home/leime957/TDDE05/ros2_ws/install/setup.sh'
[5.882s] INFO:colcon.colcon_core.shell:Creating prefix script '/home/leime957/TDDE05/ros2_ws/install/local_setup.bash'
[5.886s] INFO:colcon.colcon_core.shell:Creating prefix chain script '/home/leime957/TDDE05/ros2_ws/install/setup.bash'
[5.892s] INFO:colcon.colcon_core.shell:Creating prefix script '/home/leime957/TDDE05/ros2_ws/install/local_setup.zsh'
[5.895s] INFO:colcon.colcon_core.shell:Creating prefix chain script '/home/leime957/TDDE05/ros2_ws/install/setup.zsh'
