[35m[1mConsolidate compiler generated dependencies of target project_interface__rosidl_generator_c[0m
[  3%] Built target project_interface__cpp
[ 12%] Built target project_interface__rosidl_generator_c
[ 12%] Built target ament_cmake_python_symlink_project_interface
[35m[1mConsolidate compiler generated dependencies of target project_interface__rosidl_typesupport_cpp[0m
[35m[1mConsolidate compiler generated dependencies of target project_interface__rosidl_typesupport_introspection_cpp[0m
[35m[1mConsolidate compiler generated dependencies of target project_interface__rosidl_typesupport_fastrtps_cpp[0m
[35m[1mConsolidate compiler generated dependencies of target project_interface__rosidl_typesupport_c[0m
[35m[1mConsolidate compiler generated dependencies of target project_interface__rosidl_typesupport_fastrtps_c[0m
[35m[1mConsolidate compiler generated dependencies of target project_interface__rosidl_typesupport_introspection_c[0m
[ 38%] Built target project_interface__rosidl_typesupport_introspection_cpp
[ 41%] Built target project_interface__rosidl_typesupport_fastrtps_cpp
[ 41%] Built target project_interface__rosidl_typesupport_cpp
[ 51%] Built target project_interface__rosidl_typesupport_c
[ 61%] Built target project_interface__rosidl_typesupport_introspection_c
[ 70%] Built target project_interface__rosidl_typesupport_fastrtps_c
[ 70%] Built target project_interface
[ 74%] Built target project_interface__py
[35m[1mConsolidate compiler generated dependencies of target project_interface__rosidl_generator_py[0m
[ 80%] Built target project_interface__rosidl_generator_py
[35m[1mConsolidate compiler generated dependencies of target project_interface__rosidl_typesupport_c__pyext[0m
[35m[1mConsolidate compiler generated dependencies of target project_interface__rosidl_typesupport_introspection_c__pyext[0m
[35m[1mConsolidate compiler generated dependencies of target project_interface__rosidl_typesupport_fastrtps_c__pyext[0m
[ 96%] Built target project_interface__rosidl_typesupport_introspection_c__pyext
[100%] Built target project_interface__rosidl_typesupport_c__pyext
[100%] Built target project_interface__rosidl_typesupport_fastrtps_c__pyext
running egg_info
writing project_interface.egg-info/PKG-INFO
writing dependency_links to project_interface.egg-info/dependency_links.txt
writing top-level names to project_interface.egg-info/top_level.txt
reading manifest file 'project_interface.egg-info/SOURCES.txt'
writing manifest file 'project_interface.egg-info/SOURCES.txt'
[100%] Built target ament_cmake_python_build_project_interface_egg
