[0.210s] Invoking command in '/home/leime957/TDDE05/ros2_ws/build/project_interface': CMAKE_PREFIX_PATH=${CMAKE_PREFIX_PATH}:/home/leime957/TDDE05/ros2_ws/install/exploration:/home/leime957/TDDE05/ros2_ws/install/human:/home/leime957/TDDE05/ros2_ws/install/air_navigation_examples:/home/leime957/TDDE05/ros2_ws/install/air_lab5:/home/leime957/TDDE05/ros2_ws/install/air_bringup:/home/leime957/TDDE05/ros2_ws/install/air_lab3:/home/leime957/TDDE05/ros2_ws/install/air_lab_common:/home/leime957/TDDE05/ros2_ws/install/air_lab2:/opt/air_ws/install/air_simple_sim:/opt/air_ws/install/air_bringup:/opt/ros/humble /usr/bin/cmake --build /home/leime957/TDDE05/ros2_ws/build/project_interface -- -j20 -l20
[14.722s] [35m[1mConsolidate compiler generated dependencies of target project_interface__rosidl_generator_c[0m
[14.723s] [  3%] Built target project_interface__cpp
[14.724s] [ 12%] Built target project_interface__rosidl_generator_c
[14.724s] [ 12%] Built target ament_cmake_python_symlink_project_interface
[14.724s] [35m[1mConsolidate compiler generated dependencies of target project_interface__rosidl_typesupport_cpp[0m
[14.724s] [35m[1mConsolidate compiler generated dependencies of target project_interface__rosidl_typesupport_introspection_cpp[0m
[14.724s] [35m[1mConsolidate compiler generated dependencies of target project_interface__rosidl_typesupport_fastrtps_cpp[0m
[14.724s] [35m[1mConsolidate compiler generated dependencies of target project_interface__rosidl_typesupport_c[0m
[14.724s] [35m[1mConsolidate compiler generated dependencies of target project_interface__rosidl_typesupport_fastrtps_c[0m
[14.725s] [35m[1mConsolidate compiler generated dependencies of target project_interface__rosidl_typesupport_introspection_c[0m
[14.725s] [ 38%] Built target project_interface__rosidl_typesupport_introspection_cpp
[14.725s] [ 41%] Built target project_interface__rosidl_typesupport_fastrtps_cpp
[14.725s] [ 41%] Built target project_interface__rosidl_typesupport_cpp
[14.725s] [ 51%] Built target project_interface__rosidl_typesupport_c
[14.725s] [ 61%] Built target project_interface__rosidl_typesupport_introspection_c
[14.725s] [ 70%] Built target project_interface__rosidl_typesupport_fastrtps_c
[14.725s] [ 70%] Built target project_interface
[14.725s] [ 74%] Built target project_interface__py
[14.725s] [35m[1mConsolidate compiler generated dependencies of target project_interface__rosidl_generator_py[0m
[14.725s] [ 80%] Built target project_interface__rosidl_generator_py
[14.726s] [35m[1mConsolidate compiler generated dependencies of target project_interface__rosidl_typesupport_c__pyext[0m
[14.726s] [35m[1mConsolidate compiler generated dependencies of target project_interface__rosidl_typesupport_introspection_c__pyext[0m
[14.726s] [35m[1mConsolidate compiler generated dependencies of target project_interface__rosidl_typesupport_fastrtps_c__pyext[0m
[14.726s] [ 96%] Built target project_interface__rosidl_typesupport_introspection_c__pyext
[14.726s] [100%] Built target project_interface__rosidl_typesupport_c__pyext
[14.726s] [100%] Built target project_interface__rosidl_typesupport_fastrtps_c__pyext
[14.726s] running egg_info
[14.726s] writing project_interface.egg-info/PKG-INFO
[14.726s] writing dependency_links to project_interface.egg-info/dependency_links.txt
[14.726s] writing top-level names to project_interface.egg-info/top_level.txt
[14.726s] reading manifest file 'project_interface.egg-info/SOURCES.txt'
[14.726s] writing manifest file 'project_interface.egg-info/SOURCES.txt'
[14.726s] [100%] Built target ament_cmake_python_build_project_interface_egg
[15.248s] Invoked command in '/home/leime957/TDDE05/ros2_ws/build/project_interface' returned '0': CMAKE_PREFIX_PATH=${CMAKE_PREFIX_PATH}:/home/leime957/TDDE05/ros2_ws/install/exploration:/home/leime957/TDDE05/ros2_ws/install/human:/home/leime957/TDDE05/ros2_ws/install/air_navigation_examples:/home/leime957/TDDE05/ros2_ws/install/air_lab5:/home/leime957/TDDE05/ros2_ws/install/air_bringup:/home/leime957/TDDE05/ros2_ws/install/air_lab3:/home/leime957/TDDE05/ros2_ws/install/air_lab_common:/home/leime957/TDDE05/ros2_ws/install/air_lab2:/opt/air_ws/install/air_simple_sim:/opt/air_ws/install/air_bringup:/opt/ros/humble /usr/bin/cmake --build /home/leime957/TDDE05/ros2_ws/build/project_interface -- -j20 -l20
[15.256s] Invoking command in '/home/leime957/TDDE05/ros2_ws/build/project_interface': CMAKE_PREFIX_PATH=${CMAKE_PREFIX_PATH}:/home/leime957/TDDE05/ros2_ws/install/exploration:/home/leime957/TDDE05/ros2_ws/install/human:/home/leime957/TDDE05/ros2_ws/install/air_navigation_examples:/home/leime957/TDDE05/ros2_ws/install/air_lab5:/home/leime957/TDDE05/ros2_ws/install/air_bringup:/home/leime957/TDDE05/ros2_ws/install/air_lab3:/home/leime957/TDDE05/ros2_ws/install/air_lab_common:/home/leime957/TDDE05/ros2_ws/install/air_lab2:/opt/air_ws/install/air_simple_sim:/opt/air_ws/install/air_bringup:/opt/ros/humble /usr/bin/cmake --install /home/leime957/TDDE05/ros2_ws/build/project_interface
