[8.920s] Invoking command in '/home/leime957/TDDE05/ros2_ws/build/air_lab3': CMAKE_PREFIX_PATH=/home/leime957/TDDE05/ros2_ws/install/air_lab_interfaces:/opt/auksys_build/inst:/opt/air_ws/install/ros_kdb:/opt/air_ws/install/ros_kdb_interfaces:/opt/air_ws/install/air_tst:/opt/air_ws/install/air_simple_sim_msgs:/opt/auksys_build/inst LD_LIBRARY_PATH=/home/leime957/TDDE05/ros2_ws/install/air_lab_interfaces/lib:/opt/auksys_build/inst/lib:/opt/air_ws/install/ros_kdb/lib:/opt/air_ws/install/ros_kdb_interfaces/lib:/opt/air_ws/install/air_simple_sim_msgs/lib:/opt/ros/humble/opt/rviz_ogre_vendor/lib:/opt/ros/humble/lib/x86_64-linux-gnu:/opt/ros/humble/lib:/opt/auksys_build/inst/lib:/.singularity.d/libs PYTHONPATH=/home/leime957/TDDE05/ros2_ws/build/air_lab3/prefix_override:/usr/lib/python3/dist-packages/colcon_core/task/python/colcon_distutils_commands:/home/leime957/TDDE05/ros2_ws/install/air_lab3/lib/python3.10/site-packages:${PYTHONPATH} /usr/bin/python3 -W ignore:setup.py install is deprecated -W ignore:easy_install command is deprecated setup.py develop --editable --build-directory /home/leime957/TDDE05/ros2_ws/build/air_lab3/build --no-deps symlink_data
[11.486s] running develop
[12.555s] running egg_info
[12.555s] creating air_lab3.egg-info
[12.556s] writing air_lab3.egg-info/PKG-INFO
[12.561s] writing dependency_links to air_lab3.egg-info/dependency_links.txt
[12.563s] writing entry points to air_lab3.egg-info/entry_points.txt
[12.566s] writing requirements to air_lab3.egg-info/requires.txt
[12.567s] writing top-level names to air_lab3.egg-info/top_level.txt
[12.575s] writing manifest file 'air_lab3.egg-info/SOURCES.txt'
[12.585s] reading manifest file 'air_lab3.egg-info/SOURCES.txt'
[12.587s] writing manifest file 'air_lab3.egg-info/SOURCES.txt'
[12.595s] running build_ext
[12.595s] Creating /home/leime957/TDDE05/ros2_ws/install/air_lab3/lib/python3.10/site-packages/air-lab3.egg-link (link to .)
[12.600s] Installing tst_executor script to /home/leime957/TDDE05/ros2_ws/install/air_lab3/lib/air_lab3
[12.605s] 
[12.605s] Installed /home/leime957/TDDE05/ros2_ws/build/air_lab3
[12.606s] running symlink_data
[12.607s] creating /home/leime957/TDDE05/ros2_ws/install/air_lab3/share/ament_index
[12.607s] creating /home/leime957/TDDE05/ros2_ws/install/air_lab3/share/ament_index/resource_index
[12.608s] creating /home/leime957/TDDE05/ros2_ws/install/air_lab3/share/ament_index/resource_index/packages
[12.610s] symbolically linking /home/leime957/TDDE05/ros2_ws/build/air_lab3/resource/air_lab3 -> /home/leime957/TDDE05/ros2_ws/install/air_lab3/share/ament_index/resource_index/packages
[12.611s] symbolically linking /home/leime957/TDDE05/ros2_ws/build/air_lab3/package.xml -> /home/leime957/TDDE05/ros2_ws/install/air_lab3/share/air_lab3
[12.646s] Invoked command in '/home/leime957/TDDE05/ros2_ws/build/air_lab3' returned '0': CMAKE_PREFIX_PATH=/home/leime957/TDDE05/ros2_ws/install/air_lab_interfaces:/opt/auksys_build/inst:/opt/air_ws/install/ros_kdb:/opt/air_ws/install/ros_kdb_interfaces:/opt/air_ws/install/air_tst:/opt/air_ws/install/air_simple_sim_msgs:/opt/auksys_build/inst LD_LIBRARY_PATH=/home/leime957/TDDE05/ros2_ws/install/air_lab_interfaces/lib:/opt/auksys_build/inst/lib:/opt/air_ws/install/ros_kdb/lib:/opt/air_ws/install/ros_kdb_interfaces/lib:/opt/air_ws/install/air_simple_sim_msgs/lib:/opt/ros/humble/opt/rviz_ogre_vendor/lib:/opt/ros/humble/lib/x86_64-linux-gnu:/opt/ros/humble/lib:/opt/auksys_build/inst/lib:/.singularity.d/libs PYTHONPATH=/home/leime957/TDDE05/ros2_ws/build/air_lab3/prefix_override:/usr/lib/python3/dist-packages/colcon_core/task/python/colcon_distutils_commands:/home/leime957/TDDE05/ros2_ws/install/air_lab3/lib/python3.10/site-packages:${PYTHONPATH} /usr/bin/python3 -W ignore:setup.py install is deprecated -W ignore:easy_install command is deprecated setup.py develop --editable --build-directory /home/leime957/TDDE05/ros2_ws/build/air_lab3/build --no-deps symlink_data
