[0.329s] Invoking command in '/home/leime957/TDDE05/ros2_ws/build/air_lab_interfaces': CMAKE_PREFIX_PATH=${CMAKE_PREFIX_PATH}:/home/leime957/TDDE05/ros2_ws/install/air_lab3:/home/leime957/TDDE05/ros2_ws/install/air_lab_common:/home/leime957/TDDE05/ros2_ws/install/air_lab2:/opt/air_ws/install/air_simple_sim:/opt/air_ws/install/air_bringup:/opt/ros/humble /usr/bin/cmake --build /home/leime957/TDDE05/ros2_ws/build/air_lab_interfaces -- -j20 -l20
[14.500s] [  2%] Built target air_lab_interfaces__cpp
[14.500s] [ 12%] Built target air_lab_interfaces__rosidl_generator_c
[14.500s] [ 12%] Built target ament_cmake_python_symlink_air_lab_interfaces
[14.500s] [ 65%] Built target air_lab_interfaces__rosidl_typesupport_cpp
[14.500s] [ 70%] Built target air_lab_interfaces__rosidl_typesupport_c
[14.500s] [ 70%] Built target air_lab_interfaces__rosidl_typesupport_introspection_c
[14.500s] [ 72%] Built target air_lab_interfaces__rosidl_typesupport_fastrtps_c
[14.501s] [ 74%] Built target air_lab_interfaces__rosidl_typesupport_introspection_cpp
[14.501s] [ 76%] Built target air_lab_interfaces__rosidl_typesupport_fastrtps_cpp
[14.501s] [ 76%] Built target air_lab_interfaces
[14.501s] [ 78%] Built target air_lab_interfaces__py
[14.501s] [ 87%] Built target air_lab_interfaces__rosidl_generator_py
[14.501s] [ 97%] Built target air_lab_interfaces__rosidl_typesupport_fastrtps_c__pyext
[14.501s] [ 97%] Built target air_lab_interfaces__rosidl_typesupport_c__pyext
[14.501s] [100%] Built target air_lab_interfaces__rosidl_typesupport_introspection_c__pyext
[14.501s] running egg_info
[14.501s] writing air_lab_interfaces.egg-info/PKG-INFO
[14.501s] writing dependency_links to air_lab_interfaces.egg-info/dependency_links.txt
[14.501s] writing top-level names to air_lab_interfaces.egg-info/top_level.txt
[14.501s] reading manifest file 'air_lab_interfaces.egg-info/SOURCES.txt'
[14.502s] writing manifest file 'air_lab_interfaces.egg-info/SOURCES.txt'
[14.502s] [100%] Built target ament_cmake_python_build_air_lab_interfaces_egg
[14.568s] Invoked command in '/home/leime957/TDDE05/ros2_ws/build/air_lab_interfaces' returned '0': CMAKE_PREFIX_PATH=${CMAKE_PREFIX_PATH}:/home/leime957/TDDE05/ros2_ws/install/air_lab3:/home/leime957/TDDE05/ros2_ws/install/air_lab_common:/home/leime957/TDDE05/ros2_ws/install/air_lab2:/opt/air_ws/install/air_simple_sim:/opt/air_ws/install/air_bringup:/opt/ros/humble /usr/bin/cmake --build /home/leime957/TDDE05/ros2_ws/build/air_lab_interfaces -- -j20 -l20
[14.576s] Invoking command in '/home/leime957/TDDE05/ros2_ws/build/air_lab_interfaces': CMAKE_PREFIX_PATH=${CMAKE_PREFIX_PATH}:/home/leime957/TDDE05/ros2_ws/install/air_lab3:/home/leime957/TDDE05/ros2_ws/install/air_lab_common:/home/leime957/TDDE05/ros2_ws/install/air_lab2:/opt/air_ws/install/air_simple_sim:/opt/air_ws/install/air_bringup:/opt/ros/humble /usr/bin/cmake --install /home/leime957/TDDE05/ros2_ws/build/air_lab_interfaces
[16.588s] -- Install configuration: ""
[16.588s] -- Execute custom install script
[16.588s] -- Up-to-date symlink: /home/leime957/TDDE05/ros2_ws/install/air_lab_interfaces/share/ament_index/resource_index/rosidl_interfaces/air_lab_interfaces
[16.588s] -- Up-to-date symlink: /home/leime957/TDDE05/ros2_ws/install/air_lab_interfaces/include/air_lab_interfaces/air_lab_interfaces/msg/detail/goal__functions.h
[16.588s] -- Up-to-date symlink: /home/leime957/TDDE05/ros2_ws/install/air_lab_interfaces/include/air_lab_interfaces/air_lab_interfaces/msg/detail/goal__struct.h
[16.588s] -- Up-to-date symlink: /home/leime957/TDDE05/ros2_ws/install/air_lab_interfaces/include/air_lab_interfaces/air_lab_interfaces/msg/detail/goal__type_support.h
[16.588s] -- Up-to-date symlink: /home/leime957/TDDE05/ros2_ws/install/air_lab_interfaces/include/air_lab_interfaces/air_lab_interfaces/msg/detail/goals__functions.h
[16.588s] -- Up-to-date symlink: /home/leime957/TDDE05/ros2_ws/install/air_lab_interfaces/include/air_lab_interfaces/air_lab_interfaces/msg/detail/goals__struct.h
[16.588s] -- Up-to-date symlink: /home/leime957/TDDE05/ros2_ws/install/air_lab_interfaces/include/air_lab_interfaces/air_lab_interfaces/msg/detail/goals__type_support.h
[16.588s] -- Up-to-date symlink: /home/leime957/TDDE05/ros2_ws/install/air_lab_interfaces/include/air_lab_interfaces/air_lab_interfaces/msg/goal.h
[16.588s] -- Up-to-date symlink: /home/leime957/TDDE05/ros2_ws/install/air_lab_interfaces/include/air_lab_interfaces/air_lab_interfaces/msg/goals.h
[16.589s] -- Up-to-date symlink: /home/leime957/TDDE05/ros2_ws/install/air_lab_interfaces/include/air_lab_interfaces/air_lab_interfaces/msg/rosidl_generator_c__visibility_control.h
[16.589s] -- Up-to-date symlink: /home/leime957/TDDE05/ros2_ws/install/air_lab_interfaces/include/air_lab_interfaces/air_lab_interfaces/srv/detail/execute_tst__functions.h
[16.589s] -- Up-to-date symlink: /home/leime957/TDDE05/ros2_ws/install/air_lab_interfaces/include/air_lab_interfaces/air_lab_interfaces/srv/detail/execute_tst__struct.h
[16.589s] -- Up-to-date symlink: /home/leime957/TDDE05/ros2_ws/install/air_lab_interfaces/include/air_lab_interfaces/air_lab_interfaces/srv/detail/execute_tst__type_support.h
[16.589s] -- Up-to-date symlink: /home/leime957/TDDE05/ros2_ws/install/air_lab_interfaces/include/air_lab_interfaces/air_lab_interfaces/srv/execute_tst.h
[16.590s] -- Up-to-date symlink: /home/leime957/TDDE05/ros2_ws/install/air_lab_interfaces/share/air_lab_interfaces/environment/library_path.sh
[16.590s] -- Up-to-date symlink: /home/leime957/TDDE05/ros2_ws/install/air_lab_interfaces/share/air_lab_interfaces/environment/library_path.dsv
[16.590s] -- Up-to-date symlink: /home/leime957/TDDE05/ros2_ws/install/air_lab_interfaces/include/air_lab_interfaces/air_lab_interfaces/msg/detail/goal__rosidl_typesupport_fastrtps_c.h
[16.590s] -- Up-to-date symlink: /home/leime957/TDDE05/ros2_ws/install/air_lab_interfaces/include/air_lab_interfaces/air_lab_interfaces/msg/detail/goals__rosidl_typesupport_fastrtps_c.h
[16.590s] -- Up-to-date symlink: /home/leime957/TDDE05/ros2_ws/install/air_lab_interfaces/include/air_lab_interfaces/air_lab_interfaces/msg/rosidl_typesupport_fastrtps_c__visibility_control.h
[16.590s] -- Up-to-date symlink: /home/leime957/TDDE05/ros2_ws/install/air_lab_interfaces/include/air_lab_interfaces/air_lab_interfaces/srv/detail/execute_tst__rosidl_typesupport_fastrtps_c.h
[16.590s] -- Up-to-date symlink: /home/leime957/TDDE05/ros2_ws/install/air_lab_interfaces/include/air_lab_interfaces/air_lab_interfaces/msg/detail/goal__builder.hpp
[16.590s] -- Up-to-date symlink: /home/leime957/TDDE05/ros2_ws/install/air_lab_interfaces/include/air_lab_interfaces/air_lab_interfaces/msg/detail/goal__struct.hpp
[16.590s] -- Up-to-date symlink: /home/leime957/TDDE05/ros2_ws/install/air_lab_interfaces/include/air_lab_interfaces/air_lab_interfaces/msg/detail/goal__traits.hpp
[16.590s] -- Up-to-date symlink: /home/leime957/TDDE05/ros2_ws/install/air_lab_interfaces/include/air_lab_interfaces/air_lab_interfaces/msg/detail/goal__type_support.hpp
[16.590s] -- Up-to-date symlink: /home/leime957/TDDE05/ros2_ws/install/air_lab_interfaces/include/air_lab_interfaces/air_lab_interfaces/msg/detail/goals__builder.hpp
[16.591s] -- Up-to-date symlink: /home/leime957/TDDE05/ros2_ws/install/air_lab_interfaces/include/air_lab_interfaces/air_lab_interfaces/msg/detail/goals__struct.hpp
[16.591s] -- Up-to-date symlink: /home/leime957/TDDE05/ros2_ws/install/air_lab_interfaces/include/air_lab_interfaces/air_lab_interfaces/msg/detail/goals__traits.hpp
[16.591s] -- Up-to-date symlink: /home/leime957/TDDE05/ros2_ws/install/air_lab_interfaces/include/air_lab_interfaces/air_lab_interfaces/msg/detail/goals__type_support.hpp
[16.591s] -- Up-to-date symlink: /home/leime957/TDDE05/ros2_ws/install/air_lab_interfaces/include/air_lab_interfaces/air_lab_interfaces/msg/goal.hpp
[16.591s] -- Up-to-date symlink: /home/leime957/TDDE05/ros2_ws/install/air_lab_interfaces/include/air_lab_interfaces/air_lab_interfaces/msg/goals.hpp
[16.591s] -- Up-to-date symlink: /home/leime957/TDDE05/ros2_ws/install/air_lab_interfaces/include/air_lab_interfaces/air_lab_interfaces/msg/rosidl_generator_cpp__visibility_control.hpp
[16.591s] -- Up-to-date symlink: /home/leime957/TDDE05/ros2_ws/install/air_lab_interfaces/include/air_lab_interfaces/air_lab_interfaces/srv/detail/execute_tst__builder.hpp
[16.591s] -- Up-to-date symlink: /home/leime957/TDDE05/ros2_ws/install/air_lab_interfaces/include/air_lab_interfaces/air_lab_interfaces/srv/detail/execute_tst__struct.hpp
[16.591s] -- Up-to-date symlink: /home/leime957/TDDE05/ros2_ws/install/air_lab_interfaces/include/air_lab_interfaces/air_lab_interfaces/srv/detail/execute_tst__traits.hpp
[16.591s] -- Up-to-date symlink: /home/leime957/TDDE05/ros2_ws/install/air_lab_interfaces/include/air_lab_interfaces/air_lab_interfaces/srv/detail/execute_tst__type_support.hpp
[16.592s] -- Up-to-date symlink: /home/leime957/TDDE05/ros2_ws/install/air_lab_interfaces/include/air_lab_interfaces/air_lab_interfaces/srv/execute_tst.hpp
[16.592s] -- Up-to-date symlink: /home/leime957/TDDE05/ros2_ws/install/air_lab_interfaces/include/air_lab_interfaces/air_lab_interfaces/msg/detail/goal__rosidl_typesupport_fastrtps_cpp.hpp
[16.592s] -- Up-to-date symlink: /home/leime957/TDDE05/ros2_ws/install/air_lab_interfaces/include/air_lab_interfaces/air_lab_interfaces/msg/detail/goals__rosidl_typesupport_fastrtps_cpp.hpp
[16.592s] -- Up-to-date symlink: /home/leime957/TDDE05/ros2_ws/install/air_lab_interfaces/include/air_lab_interfaces/air_lab_interfaces/msg/rosidl_typesupport_fastrtps_cpp__visibility_control.h
[16.592s] -- Up-to-date symlink: /home/leime957/TDDE05/ros2_ws/install/air_lab_interfaces/include/air_lab_interfaces/air_lab_interfaces/srv/detail/execute_tst__rosidl_typesupport_fastrtps_cpp.hpp
[16.593s] -- Up-to-date symlink: /home/leime957/TDDE05/ros2_ws/install/air_lab_interfaces/include/air_lab_interfaces/air_lab_interfaces/msg/detail/goal__rosidl_typesupport_introspection_c.h
[16.593s] -- Up-to-date symlink: /home/leime957/TDDE05/ros2_ws/install/air_lab_interfaces/include/air_lab_interfaces/air_lab_interfaces/msg/detail/goals__rosidl_typesupport_introspection_c.h
[16.593s] -- Up-to-date symlink: /home/leime957/TDDE05/ros2_ws/install/air_lab_interfaces/include/air_lab_interfaces/air_lab_interfaces/msg/rosidl_typesupport_introspection_c__visibility_control.h
[16.593s] -- Up-to-date symlink: /home/leime957/TDDE05/ros2_ws/install/air_lab_interfaces/include/air_lab_interfaces/air_lab_interfaces/srv/detail/execute_tst__rosidl_typesupport_introspection_c.h
[16.593s] -- Up-to-date symlink: /home/leime957/TDDE05/ros2_ws/install/air_lab_interfaces/include/air_lab_interfaces/air_lab_interfaces/msg/detail/goal__rosidl_typesupport_introspection_cpp.hpp
[16.593s] -- Up-to-date symlink: /home/leime957/TDDE05/ros2_ws/install/air_lab_interfaces/include/air_lab_interfaces/air_lab_interfaces/msg/detail/goals__rosidl_typesupport_introspection_cpp.hpp
[16.593s] -- Up-to-date symlink: /home/leime957/TDDE05/ros2_ws/install/air_lab_interfaces/include/air_lab_interfaces/air_lab_interfaces/srv/detail/execute_tst__rosidl_typesupport_introspection_cpp.hpp
[16.593s] -- Up-to-date symlink: /home/leime957/TDDE05/ros2_ws/install/air_lab_interfaces/share/air_lab_interfaces/environment/pythonpath.sh
[16.594s] -- Up-to-date symlink: /home/leime957/TDDE05/ros2_ws/install/air_lab_interfaces/share/air_lab_interfaces/environment/pythonpath.dsv
[16.594s] -- Up-to-date symlink: /home/leime957/TDDE05/ros2_ws/install/air_lab_interfaces/local/lib/python3.10/dist-packages/air_lab_interfaces-0.0.0-py3.10.egg-info/PKG-INFO
[16.594s] -- Up-to-date symlink: /home/leime957/TDDE05/ros2_ws/install/air_lab_interfaces/local/lib/python3.10/dist-packages/air_lab_interfaces-0.0.0-py3.10.egg-info/SOURCES.txt
[16.594s] -- Up-to-date symlink: /home/leime957/TDDE05/ros2_ws/install/air_lab_interfaces/local/lib/python3.10/dist-packages/air_lab_interfaces-0.0.0-py3.10.egg-info/dependency_links.txt
[16.594s] -- Up-to-date symlink: /home/leime957/TDDE05/ros2_ws/install/air_lab_interfaces/local/lib/python3.10/dist-packages/air_lab_interfaces-0.0.0-py3.10.egg-info/top_level.txt
[16.595s] -- Up-to-date symlink: /home/leime957/TDDE05/ros2_ws/install/air_lab_interfaces/local/lib/python3.10/dist-packages/air_lab_interfaces/__init__.py
[16.595s] -- Up-to-date symlink: /home/leime957/TDDE05/ros2_ws/install/air_lab_interfaces/local/lib/python3.10/dist-packages/air_lab_interfaces/_air_lab_interfaces_s.ep.rosidl_typesupport_c.c
[16.595s] -- Up-to-date symlink: /home/leime957/TDDE05/ros2_ws/install/air_lab_interfaces/local/lib/python3.10/dist-packages/air_lab_interfaces/_air_lab_interfaces_s.ep.rosidl_typesupport_fastrtps_c.c
[16.597s] -- Up-to-date symlink: /home/leime957/TDDE05/ros2_ws/install/air_lab_interfaces/local/lib/python3.10/dist-packages/air_lab_interfaces/_air_lab_interfaces_s.ep.rosidl_typesupport_introspection_c.c
[16.597s] -- Up-to-date symlink: /home/leime957/TDDE05/ros2_ws/install/air_lab_interfaces/local/lib/python3.10/dist-packages/air_lab_interfaces/air_lab_interfaces_s__rosidl_typesupport_c.cpython-310-x86_64-linux-gnu.so
[16.597s] -- Up-to-date symlink: /home/leime957/TDDE05/ros2_ws/install/air_lab_interfaces/local/lib/python3.10/dist-packages/air_lab_interfaces/air_lab_interfaces_s__rosidl_typesupport_fastrtps_c.cpython-310-x86_64-linux-gnu.so
[16.598s] -- Up-to-date symlink: /home/leime957/TDDE05/ros2_ws/install/air_lab_interfaces/local/lib/python3.10/dist-packages/air_lab_interfaces/air_lab_interfaces_s__rosidl_typesupport_introspection_c.cpython-310-x86_64-linux-gnu.so
[16.598s] -- Up-to-date symlink: /home/leime957/TDDE05/ros2_ws/install/air_lab_interfaces/local/lib/python3.10/dist-packages/air_lab_interfaces/libair_lab_interfaces__rosidl_generator_py.so
[16.598s] -- Up-to-date symlink: /home/leime957/TDDE05/ros2_ws/install/air_lab_interfaces/local/lib/python3.10/dist-packages/air_lab_interfaces/msg/__init__.py
[16.599s] -- Up-to-date symlink: /home/leime957/TDDE05/ros2_ws/install/air_lab_interfaces/local/lib/python3.10/dist-packages/air_lab_interfaces/msg/_goal.py
[16.599s] -- Up-to-date symlink: /home/leime957/TDDE05/ros2_ws/install/air_lab_interfaces/local/lib/python3.10/dist-packages/air_lab_interfaces/msg/_goal_s.c
[16.599s] -- Up-to-date symlink: /home/leime957/TDDE05/ros2_ws/install/air_lab_interfaces/local/lib/python3.10/dist-packages/air_lab_interfaces/msg/_goals.py
[16.599s] -- Up-to-date symlink: /home/leime957/TDDE05/ros2_ws/install/air_lab_interfaces/local/lib/python3.10/dist-packages/air_lab_interfaces/msg/_goals_s.c
[16.599s] -- Up-to-date symlink: /home/leime957/TDDE05/ros2_ws/install/air_lab_interfaces/local/lib/python3.10/dist-packages/air_lab_interfaces/srv/__init__.py
[16.599s] -- Up-to-date symlink: /home/leime957/TDDE05/ros2_ws/install/air_lab_interfaces/local/lib/python3.10/dist-packages/air_lab_interfaces/srv/_execute_tst.py
[16.599s] -- Up-to-date symlink: /home/leime957/TDDE05/ros2_ws/install/air_lab_interfaces/local/lib/python3.10/dist-packages/air_lab_interfaces/srv/_execute_tst_s.c
[16.599s] -- Up-to-date symlink: /home/leime957/TDDE05/ros2_ws/install/air_lab_interfaces/local/lib/python3.10/dist-packages/air_lab_interfaces/air_lab_interfaces_s__rosidl_typesupport_fastrtps_c.cpython-310-x86_64-linux-gnu.so
[16.599s] -- Up-to-date symlink: /home/leime957/TDDE05/ros2_ws/install/air_lab_interfaces/local/lib/python3.10/dist-packages/air_lab_interfaces/air_lab_interfaces_s__rosidl_typesupport_introspection_c.cpython-310-x86_64-linux-gnu.so
[16.600s] -- Up-to-date symlink: /home/leime957/TDDE05/ros2_ws/install/air_lab_interfaces/local/lib/python3.10/dist-packages/air_lab_interfaces/air_lab_interfaces_s__rosidl_typesupport_c.cpython-310-x86_64-linux-gnu.so
[16.600s] -- Up-to-date symlink: /home/leime957/TDDE05/ros2_ws/install/air_lab_interfaces/share/air_lab_interfaces/srv/ExecuteTst.idl
[16.612s] -- Up-to-date symlink: /home/leime957/TDDE05/ros2_ws/install/air_lab_interfaces/share/air_lab_interfaces/msg/Goal.idl
[16.612s] -- Up-to-date symlink: /home/leime957/TDDE05/ros2_ws/install/air_lab_interfaces/share/air_lab_interfaces/msg/Goals.idl
[16.613s] -- Up-to-date symlink: /home/leime957/TDDE05/ros2_ws/install/air_lab_interfaces/share/air_lab_interfaces/srv/ExecuteTst.srv
[16.613s] -- Up-to-date symlink: /home/leime957/TDDE05/ros2_ws/install/air_lab_interfaces/share/air_lab_interfaces/srv/ExecuteTst_Request.msg
[16.613s] -- Up-to-date symlink: /home/leime957/TDDE05/ros2_ws/install/air_lab_interfaces/share/air_lab_interfaces/srv/ExecuteTst_Response.msg
[16.613s] -- Up-to-date symlink: /home/leime957/TDDE05/ros2_ws/install/air_lab_interfaces/share/air_lab_interfaces/msg/Goal.msg
[16.613s] -- Up-to-date symlink: /home/leime957/TDDE05/ros2_ws/install/air_lab_interfaces/share/air_lab_interfaces/msg/Goals.msg
[16.613s] -- Up-to-date symlink: /home/leime957/TDDE05/ros2_ws/install/air_lab_interfaces/share/ament_index/resource_index/package_run_dependencies/air_lab_interfaces
[16.614s] -- Up-to-date symlink: /home/leime957/TDDE05/ros2_ws/install/air_lab_interfaces/share/ament_index/resource_index/parent_prefix_path/air_lab_interfaces
[16.614s] -- Up-to-date symlink: /home/leime957/TDDE05/ros2_ws/install/air_lab_interfaces/share/air_lab_interfaces/environment/ament_prefix_path.sh
[16.614s] -- Up-to-date symlink: /home/leime957/TDDE05/ros2_ws/install/air_lab_interfaces/share/air_lab_interfaces/environment/ament_prefix_path.dsv
[16.614s] -- Up-to-date symlink: /home/leime957/TDDE05/ros2_ws/install/air_lab_interfaces/share/air_lab_interfaces/environment/path.sh
[16.614s] -- Up-to-date symlink: /home/leime957/TDDE05/ros2_ws/install/air_lab_interfaces/share/air_lab_interfaces/environment/path.dsv
[16.622s] -- Up-to-date symlink: /home/leime957/TDDE05/ros2_ws/install/air_lab_interfaces/share/air_lab_interfaces/local_setup.bash
[16.627s] -- Up-to-date symlink: /home/leime957/TDDE05/ros2_ws/install/air_lab_interfaces/share/air_lab_interfaces/local_setup.sh
[16.627s] -- Up-to-date symlink: /home/leime957/TDDE05/ros2_ws/install/air_lab_interfaces/share/air_lab_interfaces/local_setup.zsh
[16.628s] -- Up-to-date symlink: /home/leime957/TDDE05/ros2_ws/install/air_lab_interfaces/share/air_lab_interfaces/local_setup.dsv
[16.628s] -- Symlinking: /home/leime957/TDDE05/ros2_ws/install/air_lab_interfaces/share/air_lab_interfaces/package.dsv
[16.628s] -- Up-to-date symlink: /home/leime957/TDDE05/ros2_ws/install/air_lab_interfaces/share/ament_index/resource_index/packages/air_lab_interfaces
[16.628s] -- Up-to-date symlink: /home/leime957/TDDE05/ros2_ws/install/air_lab_interfaces/share/air_lab_interfaces/cmake/rosidl_cmake-extras.cmake
[16.629s] -- Up-to-date symlink: /home/leime957/TDDE05/ros2_ws/install/air_lab_interfaces/share/air_lab_interfaces/cmake/ament_cmake_export_include_directories-extras.cmake
[16.629s] -- Up-to-date symlink: /home/leime957/TDDE05/ros2_ws/install/air_lab_interfaces/share/air_lab_interfaces/cmake/ament_cmake_export_libraries-extras.cmake
[16.629s] -- Up-to-date symlink: /home/leime957/TDDE05/ros2_ws/install/air_lab_interfaces/share/air_lab_interfaces/cmake/ament_cmake_export_targets-extras.cmake
[16.629s] -- Up-to-date symlink: /home/leime957/TDDE05/ros2_ws/install/air_lab_interfaces/share/air_lab_interfaces/cmake/rosidl_cmake_export_typesupport_targets-extras.cmake
[16.630s] -- Up-to-date symlink: /home/leime957/TDDE05/ros2_ws/install/air_lab_interfaces/share/air_lab_interfaces/cmake/ament_cmake_export_dependencies-extras.cmake
[16.630s] -- Up-to-date symlink: /home/leime957/TDDE05/ros2_ws/install/air_lab_interfaces/share/air_lab_interfaces/cmake/rosidl_cmake_export_typesupport_libraries-extras.cmake
[16.630s] -- Up-to-date symlink: /home/leime957/TDDE05/ros2_ws/install/air_lab_interfaces/share/air_lab_interfaces/cmake/air_lab_interfacesConfig.cmake
[16.630s] -- Up-to-date symlink: /home/leime957/TDDE05/ros2_ws/install/air_lab_interfaces/share/air_lab_interfaces/cmake/air_lab_interfacesConfig-version.cmake
[16.630s] -- Up-to-date symlink: /home/leime957/TDDE05/ros2_ws/install/air_lab_interfaces/share/air_lab_interfaces/package.xml
[16.630s] -- Up-to-date: /home/leime957/TDDE05/ros2_ws/install/air_lab_interfaces/lib/libair_lab_interfaces__rosidl_generator_c.so
[16.631s] -- Up-to-date: /home/leime957/TDDE05/ros2_ws/install/air_lab_interfaces/lib/libair_lab_interfaces__rosidl_typesupport_fastrtps_c.so
[16.631s] -- Up-to-date: /home/leime957/TDDE05/ros2_ws/install/air_lab_interfaces/lib/libair_lab_interfaces__rosidl_typesupport_fastrtps_cpp.so
[16.631s] -- Up-to-date: /home/leime957/TDDE05/ros2_ws/install/air_lab_interfaces/lib/libair_lab_interfaces__rosidl_typesupport_introspection_c.so
[16.631s] -- Up-to-date: /home/leime957/TDDE05/ros2_ws/install/air_lab_interfaces/lib/libair_lab_interfaces__rosidl_typesupport_c.so
[16.632s] -- Up-to-date: /home/leime957/TDDE05/ros2_ws/install/air_lab_interfaces/lib/libair_lab_interfaces__rosidl_typesupport_introspection_cpp.so
[16.632s] -- Up-to-date: /home/leime957/TDDE05/ros2_ws/install/air_lab_interfaces/lib/libair_lab_interfaces__rosidl_typesupport_cpp.so
[16.632s] Listing '/home/leime957/TDDE05/ros2_ws/install/air_lab_interfaces/local/lib/python3.10/dist-packages/air_lab_interfaces'...
[16.632s] Listing '/home/leime957/TDDE05/ros2_ws/install/air_lab_interfaces/local/lib/python3.10/dist-packages/air_lab_interfaces/msg'...
[16.633s] Listing '/home/leime957/TDDE05/ros2_ws/install/air_lab_interfaces/local/lib/python3.10/dist-packages/air_lab_interfaces/srv'...
[16.633s] -- Up-to-date: /home/leime957/TDDE05/ros2_ws/install/air_lab_interfaces/lib/libair_lab_interfaces__rosidl_generator_py.so
[16.633s] -- Up-to-date: /home/leime957/TDDE05/ros2_ws/install/air_lab_interfaces/share/air_lab_interfaces/cmake/export_air_lab_interfaces__rosidl_generator_cExport.cmake
[16.634s] -- Up-to-date: /home/leime957/TDDE05/ros2_ws/install/air_lab_interfaces/share/air_lab_interfaces/cmake/export_air_lab_interfaces__rosidl_generator_cExport-noconfig.cmake
[16.634s] -- Up-to-date: /home/leime957/TDDE05/ros2_ws/install/air_lab_interfaces/share/air_lab_interfaces/cmake/export_air_lab_interfaces__rosidl_typesupport_fastrtps_cExport.cmake
[16.634s] -- Up-to-date: /home/leime957/TDDE05/ros2_ws/install/air_lab_interfaces/share/air_lab_interfaces/cmake/export_air_lab_interfaces__rosidl_typesupport_fastrtps_cExport-noconfig.cmake
[16.653s] -- Up-to-date: /home/leime957/TDDE05/ros2_ws/install/air_lab_interfaces/share/air_lab_interfaces/cmake/export_air_lab_interfaces__rosidl_generator_cppExport.cmake
[16.654s] -- Up-to-date: /home/leime957/TDDE05/ros2_ws/install/air_lab_interfaces/share/air_lab_interfaces/cmake/export_air_lab_interfaces__rosidl_typesupport_fastrtps_cppExport.cmake
[16.654s] -- Up-to-date: /home/leime957/TDDE05/ros2_ws/install/air_lab_interfaces/share/air_lab_interfaces/cmake/export_air_lab_interfaces__rosidl_typesupport_fastrtps_cppExport-noconfig.cmake
[16.654s] -- Up-to-date: /home/leime957/TDDE05/ros2_ws/install/air_lab_interfaces/share/air_lab_interfaces/cmake/air_lab_interfaces__rosidl_typesupport_introspection_cExport.cmake
[16.655s] -- Up-to-date: /home/leime957/TDDE05/ros2_ws/install/air_lab_interfaces/share/air_lab_interfaces/cmake/air_lab_interfaces__rosidl_typesupport_introspection_cExport-noconfig.cmake
[16.655s] -- Up-to-date: /home/leime957/TDDE05/ros2_ws/install/air_lab_interfaces/share/air_lab_interfaces/cmake/air_lab_interfaces__rosidl_typesupport_cExport.cmake
[16.655s] -- Up-to-date: /home/leime957/TDDE05/ros2_ws/install/air_lab_interfaces/share/air_lab_interfaces/cmake/air_lab_interfaces__rosidl_typesupport_cExport-noconfig.cmake
[16.656s] -- Up-to-date: /home/leime957/TDDE05/ros2_ws/install/air_lab_interfaces/share/air_lab_interfaces/cmake/air_lab_interfaces__rosidl_typesupport_introspection_cppExport.cmake
[16.656s] -- Up-to-date: /home/leime957/TDDE05/ros2_ws/install/air_lab_interfaces/share/air_lab_interfaces/cmake/air_lab_interfaces__rosidl_typesupport_introspection_cppExport-noconfig.cmake
[16.656s] -- Up-to-date: /home/leime957/TDDE05/ros2_ws/install/air_lab_interfaces/share/air_lab_interfaces/cmake/air_lab_interfaces__rosidl_typesupport_cppExport.cmake
[16.656s] -- Up-to-date: /home/leime957/TDDE05/ros2_ws/install/air_lab_interfaces/share/air_lab_interfaces/cmake/air_lab_interfaces__rosidl_typesupport_cppExport-noconfig.cmake
[16.657s] -- Up-to-date: /home/leime957/TDDE05/ros2_ws/install/air_lab_interfaces/share/air_lab_interfaces/cmake/export_air_lab_interfaces__rosidl_generator_pyExport.cmake
[16.657s] -- Up-to-date: /home/leime957/TDDE05/ros2_ws/install/air_lab_interfaces/share/air_lab_interfaces/cmake/export_air_lab_interfaces__rosidl_generator_pyExport-noconfig.cmake
[16.892s] Invoked command in '/home/leime957/TDDE05/ros2_ws/build/air_lab_interfaces' returned '0': CMAKE_PREFIX_PATH=${CMAKE_PREFIX_PATH}:/home/leime957/TDDE05/ros2_ws/install/air_lab3:/home/leime957/TDDE05/ros2_ws/install/air_lab_common:/home/leime957/TDDE05/ros2_ws/install/air_lab2:/opt/air_ws/install/air_simple_sim:/opt/air_ws/install/air_bringup:/opt/ros/humble /usr/bin/cmake --install /home/leime957/TDDE05/ros2_ws/build/air_lab_interfaces
