running develop
running egg_info
creating air_lab_common.egg-info
writing air_lab_common.egg-info/PKG-INFO
writing dependency_links to air_lab_common.egg-info/dependency_links.txt
writing entry points to air_lab_common.egg-info/entry_points.txt
writing requirements to air_lab_common.egg-info/requires.txt
writing top-level names to air_lab_common.egg-info/top_level.txt
writing manifest file 'air_lab_common.egg-info/SOURCES.txt'
reading manifest file 'air_lab_common.egg-info/SOURCES.txt'
writing manifest file 'air_lab_common.egg-info/SOURCES.txt'
running build_ext
Creating /home/leime957/TDDE05/ros2_ws/install/air_lab_common/lib/python3.10/site-packages/air-lab-common.egg-link (link to .)

Installed /home/leime957/TDDE05/ros2_ws/build/air_lab_common
running symlink_data
creating /home/leime957/TDDE05/ros2_ws/install/air_lab_common/share/ament_index
creating /home/leime957/TDDE05/ros2_ws/install/air_lab_common/share/ament_index/resource_index
creating /home/leime957/TDDE05/ros2_ws/install/air_lab_common/share/ament_index/resource_index/packages
symbolically linking /home/leime957/TDDE05/ros2_ws/build/air_lab_common/resource/air_lab_common -> /home/leime957/TDDE05/ros2_ws/install/air_lab_common/share/ament_index/resource_index/packages
symbolically linking /home/leime957/TDDE05/ros2_ws/build/air_lab_common/package.xml -> /home/leime957/TDDE05/ros2_ws/install/air_lab_common/share/air_lab_common
creating /home/leime957/TDDE05/ros2_ws/install/air_lab_common/share/air_lab_common/screen
symbolically linking /home/leime957/TDDE05/ros2_ws/build/air_lab_common/screen/ros2 -> /home/leime957/TDDE05/ros2_ws/install/air_lab_common/share/air_lab_common/screen
symbolically linking /home/leime957/TDDE05/ros2_ws/build/air_lab_common/screen/screen.tdde05 -> /home/leime957/TDDE05/ros2_ws/install/air_lab_common/share/air_lab_common/screen
