[35m[1mConsolidate compiler generated dependencies of target air_lab_interfaces__rosidl_generator_c[0m
[  2%] Built target air_lab_interfaces__cpp
[ 12%] Built target air_lab_interfaces__rosidl_generator_c
[ 12%] Built target ament_cmake_python_symlink_air_lab_interfaces
[35m[1mConsolidate compiler generated dependencies of target air_lab_interfaces__rosidl_typesupport_cpp[0m
[35m[1mConsolidate compiler generated dependencies of target air_lab_interfaces__rosidl_typesupport_introspection_cpp[0m
[35m[1mConsolidate compiler generated dependencies of target air_lab_interfaces__rosidl_typesupport_fastrtps_cpp[0m
[35m[1mConsolidate compiler generated dependencies of target air_lab_interfaces__rosidl_typesupport_fastrtps_c[0m
[35m[1mConsolidate compiler generated dependencies of target air_lab_interfaces__rosidl_typesupport_introspection_c[0m
[35m[1mConsolidate compiler generated dependencies of target air_lab_interfaces__rosidl_typesupport_c[0m
[ 61%] Built target air_lab_interfaces__rosidl_typesupport_c
[ 63%] Built target air_lab_interfaces__rosidl_typesupport_fastrtps_c
[ 63%] Built target air_lab_interfaces__rosidl_typesupport_introspection_cpp
[ 74%] Built target air_lab_interfaces__rosidl_typesupport_fastrtps_cpp
[ 74%] Built target air_lab_interfaces__rosidl_typesupport_introspection_c
[ 76%] Built target air_lab_interfaces__rosidl_typesupport_cpp
[ 76%] Built target air_lab_interfaces
[ 78%] Built target air_lab_interfaces__py
[35m[1mConsolidate compiler generated dependencies of target air_lab_interfaces__rosidl_generator_py[0m
[ 87%] Built target air_lab_interfaces__rosidl_generator_py
[35m[1mConsolidate compiler generated dependencies of target air_lab_interfaces__rosidl_typesupport_introspection_c__pyext[0m
[35m[1mConsolidate compiler generated dependencies of target air_lab_interfaces__rosidl_typesupport_c__pyext[0m
[35m[1mConsolidate compiler generated dependencies of target air_lab_interfaces__rosidl_typesupport_fastrtps_c__pyext[0m
[ 93%] Built target air_lab_interfaces__rosidl_typesupport_c__pyext
[ 97%] Built target air_lab_interfaces__rosidl_typesupport_introspection_c__pyext
[100%] Built target air_lab_interfaces__rosidl_typesupport_fastrtps_c__pyext
running egg_info
writing air_lab_interfaces.egg-info/PKG-INFO
writing dependency_links to air_lab_interfaces.egg-info/dependency_links.txt
writing top-level names to air_lab_interfaces.egg-info/top_level.txt
reading manifest file 'air_lab_interfaces.egg-info/SOURCES.txt'
writing manifest file 'air_lab_interfaces.egg-info/SOURCES.txt'
[100%] Built target ament_cmake_python_build_air_lab_interfaces_egg
