[0.293s] Invoking command in '/home/leime957/TDDE05/ros2_ws/build/air_lab_interfaces': CMAKE_PREFIX_PATH=${CMAKE_PREFIX_PATH}:/home/leime957/TDDE05/ros2_ws/install/exploration:/home/leime957/TDDE05/ros2_ws/install/human:/home/leime957/TDDE05/ros2_ws/install/air_navigation_examples:/home/leime957/TDDE05/ros2_ws/install/air_lab5:/home/leime957/TDDE05/ros2_ws/install/air_bringup:/home/leime957/TDDE05/ros2_ws/install/air_lab3:/home/leime957/TDDE05/ros2_ws/install/air_lab_common:/home/leime957/TDDE05/ros2_ws/install/air_lab2:/opt/air_ws/install/air_simple_sim:/opt/air_ws/install/air_bringup:/opt/ros/humble /usr/bin/cmake --build /home/leime957/TDDE05/ros2_ws/build/air_lab_interfaces -- -j20 -l20
[14.843s] [35m[1mConsolidate compiler generated dependencies of target air_lab_interfaces__rosidl_generator_c[0m
[14.843s] [  2%] Built target air_lab_interfaces__cpp
[14.843s] [ 12%] Built target air_lab_interfaces__rosidl_generator_c
[14.844s] [ 12%] Built target ament_cmake_python_symlink_air_lab_interfaces
[14.844s] [35m[1mConsolidate compiler generated dependencies of target air_lab_interfaces__rosidl_typesupport_cpp[0m
[14.844s] [35m[1mConsolidate compiler generated dependencies of target air_lab_interfaces__rosidl_typesupport_introspection_cpp[0m
[14.844s] [35m[1mConsolidate compiler generated dependencies of target air_lab_interfaces__rosidl_typesupport_fastrtps_cpp[0m
[14.844s] [35m[1mConsolidate compiler generated dependencies of target air_lab_interfaces__rosidl_typesupport_fastrtps_c[0m
[14.844s] [35m[1mConsolidate compiler generated dependencies of target air_lab_interfaces__rosidl_typesupport_introspection_c[0m
[14.844s] [35m[1mConsolidate compiler generated dependencies of target air_lab_interfaces__rosidl_typesupport_c[0m
[14.844s] [ 61%] Built target air_lab_interfaces__rosidl_typesupport_c
[14.844s] [ 63%] Built target air_lab_interfaces__rosidl_typesupport_fastrtps_c
[14.844s] [ 63%] Built target air_lab_interfaces__rosidl_typesupport_introspection_cpp
[14.844s] [ 74%] Built target air_lab_interfaces__rosidl_typesupport_fastrtps_cpp
[14.845s] [ 74%] Built target air_lab_interfaces__rosidl_typesupport_introspection_c
[14.845s] [ 76%] Built target air_lab_interfaces__rosidl_typesupport_cpp
[14.845s] [ 76%] Built target air_lab_interfaces
[14.845s] [ 78%] Built target air_lab_interfaces__py
[14.845s] [35m[1mConsolidate compiler generated dependencies of target air_lab_interfaces__rosidl_generator_py[0m
[14.846s] [ 87%] Built target air_lab_interfaces__rosidl_generator_py
[14.846s] [35m[1mConsolidate compiler generated dependencies of target air_lab_interfaces__rosidl_typesupport_introspection_c__pyext[0m
[14.846s] [35m[1mConsolidate compiler generated dependencies of target air_lab_interfaces__rosidl_typesupport_c__pyext[0m
[14.846s] [35m[1mConsolidate compiler generated dependencies of target air_lab_interfaces__rosidl_typesupport_fastrtps_c__pyext[0m
[14.846s] [ 93%] Built target air_lab_interfaces__rosidl_typesupport_c__pyext
[14.846s] [ 97%] Built target air_lab_interfaces__rosidl_typesupport_introspection_c__pyext
[14.846s] [100%] Built target air_lab_interfaces__rosidl_typesupport_fastrtps_c__pyext
[14.846s] running egg_info
[14.846s] writing air_lab_interfaces.egg-info/PKG-INFO
[14.847s] writing dependency_links to air_lab_interfaces.egg-info/dependency_links.txt
[14.847s] writing top-level names to air_lab_interfaces.egg-info/top_level.txt
[14.847s] reading manifest file 'air_lab_interfaces.egg-info/SOURCES.txt'
[14.847s] writing manifest file 'air_lab_interfaces.egg-info/SOURCES.txt'
[14.847s] [100%] Built target ament_cmake_python_build_air_lab_interfaces_egg
[15.316s] Invoked command in '/home/leime957/TDDE05/ros2_ws/build/air_lab_interfaces' returned '0': CMAKE_PREFIX_PATH=${CMAKE_PREFIX_PATH}:/home/leime957/TDDE05/ros2_ws/install/exploration:/home/leime957/TDDE05/ros2_ws/install/human:/home/leime957/TDDE05/ros2_ws/install/air_navigation_examples:/home/leime957/TDDE05/ros2_ws/install/air_lab5:/home/leime957/TDDE05/ros2_ws/install/air_bringup:/home/leime957/TDDE05/ros2_ws/install/air_lab3:/home/leime957/TDDE05/ros2_ws/install/air_lab_common:/home/leime957/TDDE05/ros2_ws/install/air_lab2:/opt/air_ws/install/air_simple_sim:/opt/air_ws/install/air_bringup:/opt/ros/humble /usr/bin/cmake --build /home/leime957/TDDE05/ros2_ws/build/air_lab_interfaces -- -j20 -l20
[15.372s] Invoking command in '/home/leime957/TDDE05/ros2_ws/build/air_lab_interfaces': CMAKE_PREFIX_PATH=${CMAKE_PREFIX_PATH}:/home/leime957/TDDE05/ros2_ws/install/exploration:/home/leime957/TDDE05/ros2_ws/install/human:/home/leime957/TDDE05/ros2_ws/install/air_navigation_examples:/home/leime957/TDDE05/ros2_ws/install/air_lab5:/home/leime957/TDDE05/ros2_ws/install/air_bringup:/home/leime957/TDDE05/ros2_ws/install/air_lab3:/home/leime957/TDDE05/ros2_ws/install/air_lab_common:/home/leime957/TDDE05/ros2_ws/install/air_lab2:/opt/air_ws/install/air_simple_sim:/opt/air_ws/install/air_bringup:/opt/ros/humble /usr/bin/cmake --install /home/leime957/TDDE05/ros2_ws/build/air_lab_interfaces
