[0.211s] Invoking command in '/home/leime957/TDDE05/ros2_ws/build/project_interface': CMAKE_PREFIX_PATH=${CMAKE_PREFIX_PATH}:/home/leime957/TDDE05/ros2_ws/install/exploration:/home/leime957/TDDE05/ros2_ws/install/human:/home/leime957/TDDE05/ros2_ws/install/air_navigation_examples:/home/leime957/TDDE05/ros2_ws/install/air_lab5:/home/leime957/TDDE05/ros2_ws/install/air_lab3:/home/leime957/TDDE05/ros2_ws/install/air_lab_common:/home/leime957/TDDE05/ros2_ws/install/air_lab2:/home/leime957/TDDE05/ros2_ws/install/air_bringup:/opt/air_ws/install/air_simple_sim:/opt/air_ws/install/air_bringup:/opt/ros/humble /usr/bin/cmake --build /home/leime957/TDDE05/ros2_ws/build/project_interface -- -j20 -l20
[13.831s] [  3%] Built target project_interface__cpp
[13.833s] [ 12%] Built target project_interface__rosidl_generator_c
[13.833s] [ 12%] Built target ament_cmake_python_symlink_project_interface
[13.833s] [ 22%] Built target project_interface__rosidl_typesupport_cpp
[13.833s] [ 32%] Built target project_interface__rosidl_typesupport_introspection_cpp
[13.833s] [ 41%] Built target project_interface__rosidl_typesupport_fastrtps_cpp
[13.833s] [ 51%] Built target project_interface__rosidl_typesupport_c
[13.833s] [ 61%] Built target project_interface__rosidl_typesupport_introspection_c
[13.833s] [ 70%] Built target project_interface__rosidl_typesupport_fastrtps_c
[13.833s] [ 70%] Built target project_interface
[13.833s] [ 74%] Built target project_interface__py
[13.833s] [ 80%] Built target project_interface__rosidl_generator_py
[13.834s] [ 90%] Built target project_interface__rosidl_typesupport_introspection_c__pyext
[13.834s] [ 96%] Built target project_interface__rosidl_typesupport_c__pyext
[13.834s] [100%] Built target project_interface__rosidl_typesupport_fastrtps_c__pyext
[13.834s] running egg_info
[13.834s] writing project_interface.egg-info/PKG-INFO
[13.834s] writing dependency_links to project_interface.egg-info/dependency_links.txt
[13.834s] writing top-level names to project_interface.egg-info/top_level.txt
[13.834s] reading manifest file 'project_interface.egg-info/SOURCES.txt'
[13.834s] writing manifest file 'project_interface.egg-info/SOURCES.txt'
[13.834s] [100%] Built target ament_cmake_python_build_project_interface_egg
[15.506s] Invoked command in '/home/leime957/TDDE05/ros2_ws/build/project_interface' returned '0': CMAKE_PREFIX_PATH=${CMAKE_PREFIX_PATH}:/home/leime957/TDDE05/ros2_ws/install/exploration:/home/leime957/TDDE05/ros2_ws/install/human:/home/leime957/TDDE05/ros2_ws/install/air_navigation_examples:/home/leime957/TDDE05/ros2_ws/install/air_lab5:/home/leime957/TDDE05/ros2_ws/install/air_lab3:/home/leime957/TDDE05/ros2_ws/install/air_lab_common:/home/leime957/TDDE05/ros2_ws/install/air_lab2:/home/leime957/TDDE05/ros2_ws/install/air_bringup:/opt/air_ws/install/air_simple_sim:/opt/air_ws/install/air_bringup:/opt/ros/humble /usr/bin/cmake --build /home/leime957/TDDE05/ros2_ws/build/project_interface -- -j20 -l20
[15.512s] Invoking command in '/home/leime957/TDDE05/ros2_ws/build/project_interface': CMAKE_PREFIX_PATH=${CMAKE_PREFIX_PATH}:/home/leime957/TDDE05/ros2_ws/install/exploration:/home/leime957/TDDE05/ros2_ws/install/human:/home/leime957/TDDE05/ros2_ws/install/air_navigation_examples:/home/leime957/TDDE05/ros2_ws/install/air_lab5:/home/leime957/TDDE05/ros2_ws/install/air_lab3:/home/leime957/TDDE05/ros2_ws/install/air_lab_common:/home/leime957/TDDE05/ros2_ws/install/air_lab2:/home/leime957/TDDE05/ros2_ws/install/air_bringup:/opt/air_ws/install/air_simple_sim:/opt/air_ws/install/air_bringup:/opt/ros/humble /usr/bin/cmake --install /home/leime957/TDDE05/ros2_ws/build/project_interface
[15.767s] -- Install configuration: ""
[15.770s] -- Execute custom install script
[15.772s] -- Up-to-date symlink: /home/leime957/TDDE05/ros2_ws/install/project_interface/share/ament_index/resource_index/rosidl_interfaces/project_interface
[15.781s] -- Up-to-date symlink: /home/leime957/TDDE05/ros2_ws/install/project_interface/include/project_interface/project_interface/msg/rosidl_generator_c__visibility_control.h
[15.783s] -- Up-to-date symlink: /home/leime957/TDDE05/ros2_ws/install/project_interface/include/project_interface/project_interface/srv/detail/explore_goal__functions.h
[15.784s] -- Up-to-date symlink: /home/leime957/TDDE05/ros2_ws/install/project_interface/include/project_interface/project_interface/srv/detail/explore_goal__struct.h
[15.786s] -- Up-to-date symlink: /home/leime957/TDDE05/ros2_ws/install/project_interface/include/project_interface/project_interface/srv/detail/explore_goal__type_support.h
[15.787s] -- Up-to-date symlink: /home/leime957/TDDE05/ros2_ws/install/project_interface/include/project_interface/project_interface/srv/explore_goal.h
[15.792s] -- Up-to-date symlink: /home/leime957/TDDE05/ros2_ws/install/project_interface/share/project_interface/environment/library_path.sh
[15.794s] -- Up-to-date symlink: /home/leime957/TDDE05/ros2_ws/install/project_interface/share/project_interface/environment/library_path.dsv
[15.798s] -- Up-to-date symlink: /home/leime957/TDDE05/ros2_ws/install/project_interface/include/project_interface/project_interface/msg/rosidl_typesupport_fastrtps_c__visibility_control.h
[15.799s] -- Up-to-date symlink: /home/leime957/TDDE05/ros2_ws/install/project_interface/include/project_interface/project_interface/srv/detail/explore_goal__rosidl_typesupport_fastrtps_c.h
[15.802s] -- Up-to-date symlink: /home/leime957/TDDE05/ros2_ws/install/project_interface/include/project_interface/project_interface/msg/rosidl_generator_cpp__visibility_control.hpp
[15.804s] -- Up-to-date symlink: /home/leime957/TDDE05/ros2_ws/install/project_interface/include/project_interface/project_interface/srv/detail/explore_goal__builder.hpp
[15.805s] -- Up-to-date symlink: /home/leime957/TDDE05/ros2_ws/install/project_interface/include/project_interface/project_interface/srv/detail/explore_goal__struct.hpp
[15.807s] -- Up-to-date symlink: /home/leime957/TDDE05/ros2_ws/install/project_interface/include/project_interface/project_interface/srv/detail/explore_goal__traits.hpp
[15.808s] -- Up-to-date symlink: /home/leime957/TDDE05/ros2_ws/install/project_interface/include/project_interface/project_interface/srv/detail/explore_goal__type_support.hpp
[15.810s] -- Up-to-date symlink: /home/leime957/TDDE05/ros2_ws/install/project_interface/include/project_interface/project_interface/srv/explore_goal.hpp
[15.814s] -- Up-to-date symlink: /home/leime957/TDDE05/ros2_ws/install/project_interface/include/project_interface/project_interface/msg/rosidl_typesupport_fastrtps_cpp__visibility_control.h
[15.816s] -- Up-to-date symlink: /home/leime957/TDDE05/ros2_ws/install/project_interface/include/project_interface/project_interface/srv/detail/explore_goal__rosidl_typesupport_fastrtps_cpp.hpp
[15.819s] -- Up-to-date symlink: /home/leime957/TDDE05/ros2_ws/install/project_interface/include/project_interface/project_interface/msg/rosidl_typesupport_introspection_c__visibility_control.h
[15.821s] -- Up-to-date symlink: /home/leime957/TDDE05/ros2_ws/install/project_interface/include/project_interface/project_interface/srv/detail/explore_goal__rosidl_typesupport_introspection_c.h
[15.823s] -- Up-to-date symlink: /home/leime957/TDDE05/ros2_ws/install/project_interface/include/project_interface/project_interface/srv/detail/explore_goal__rosidl_typesupport_introspection_cpp.hpp
[15.825s] -- Up-to-date symlink: /home/leime957/TDDE05/ros2_ws/install/project_interface/share/project_interface/environment/pythonpath.sh
[15.826s] -- Up-to-date symlink: /home/leime957/TDDE05/ros2_ws/install/project_interface/share/project_interface/environment/pythonpath.dsv
[15.828s] -- Up-to-date symlink: /home/leime957/TDDE05/ros2_ws/install/project_interface/local/lib/python3.10/dist-packages/project_interface-0.0.0-py3.10.egg-info/PKG-INFO
[15.830s] -- Up-to-date symlink: /home/leime957/TDDE05/ros2_ws/install/project_interface/local/lib/python3.10/dist-packages/project_interface-0.0.0-py3.10.egg-info/SOURCES.txt
[15.832s] -- Up-to-date symlink: /home/leime957/TDDE05/ros2_ws/install/project_interface/local/lib/python3.10/dist-packages/project_interface-0.0.0-py3.10.egg-info/dependency_links.txt
[15.833s] -- Up-to-date symlink: /home/leime957/TDDE05/ros2_ws/install/project_interface/local/lib/python3.10/dist-packages/project_interface-0.0.0-py3.10.egg-info/top_level.txt
[15.838s] -- Up-to-date symlink: /home/leime957/TDDE05/ros2_ws/install/project_interface/local/lib/python3.10/dist-packages/project_interface/__init__.py
[15.840s] -- Up-to-date symlink: /home/leime957/TDDE05/ros2_ws/install/project_interface/local/lib/python3.10/dist-packages/project_interface/_project_interface_s.ep.rosidl_typesupport_c.c
[15.841s] -- Up-to-date symlink: /home/leime957/TDDE05/ros2_ws/install/project_interface/local/lib/python3.10/dist-packages/project_interface/_project_interface_s.ep.rosidl_typesupport_fastrtps_c.c
[15.843s] -- Up-to-date symlink: /home/leime957/TDDE05/ros2_ws/install/project_interface/local/lib/python3.10/dist-packages/project_interface/_project_interface_s.ep.rosidl_typesupport_introspection_c.c
[15.844s] -- Up-to-date symlink: /home/leime957/TDDE05/ros2_ws/install/project_interface/local/lib/python3.10/dist-packages/project_interface/libproject_interface__rosidl_generator_py.so
[15.846s] -- Up-to-date symlink: /home/leime957/TDDE05/ros2_ws/install/project_interface/local/lib/python3.10/dist-packages/project_interface/project_interface_s__rosidl_typesupport_c.cpython-310-x86_64-linux-gnu.so
[15.847s] -- Up-to-date symlink: /home/leime957/TDDE05/ros2_ws/install/project_interface/local/lib/python3.10/dist-packages/project_interface/project_interface_s__rosidl_typesupport_fastrtps_c.cpython-310-x86_64-linux-gnu.so
[15.849s] -- Up-to-date symlink: /home/leime957/TDDE05/ros2_ws/install/project_interface/local/lib/python3.10/dist-packages/project_interface/project_interface_s__rosidl_typesupport_introspection_c.cpython-310-x86_64-linux-gnu.so
[15.850s] -- Up-to-date symlink: /home/leime957/TDDE05/ros2_ws/install/project_interface/local/lib/python3.10/dist-packages/project_interface/srv/__init__.py
[15.852s] -- Up-to-date symlink: /home/leime957/TDDE05/ros2_ws/install/project_interface/local/lib/python3.10/dist-packages/project_interface/srv/_explore_goal.py
[15.854s] -- Up-to-date symlink: /home/leime957/TDDE05/ros2_ws/install/project_interface/local/lib/python3.10/dist-packages/project_interface/srv/_explore_goal_s.c
[15.856s] -- Up-to-date symlink: /home/leime957/TDDE05/ros2_ws/install/project_interface/local/lib/python3.10/dist-packages/project_interface/project_interface_s__rosidl_typesupport_fastrtps_c.cpython-310-x86_64-linux-gnu.so
[15.857s] -- Up-to-date symlink: /home/leime957/TDDE05/ros2_ws/install/project_interface/local/lib/python3.10/dist-packages/project_interface/project_interface_s__rosidl_typesupport_introspection_c.cpython-310-x86_64-linux-gnu.so
[15.859s] -- Up-to-date symlink: /home/leime957/TDDE05/ros2_ws/install/project_interface/local/lib/python3.10/dist-packages/project_interface/project_interface_s__rosidl_typesupport_c.cpython-310-x86_64-linux-gnu.so
[15.861s] -- Up-to-date symlink: /home/leime957/TDDE05/ros2_ws/install/project_interface/share/project_interface/srv/ExploreGoal.idl
[15.863s] -- Up-to-date symlink: /home/leime957/TDDE05/ros2_ws/install/project_interface/share/project_interface/srv/ExploreGoal.srv
[15.864s] -- Up-to-date symlink: /home/leime957/TDDE05/ros2_ws/install/project_interface/share/project_interface/srv/ExploreGoal_Request.msg
[15.866s] -- Up-to-date symlink: /home/leime957/TDDE05/ros2_ws/install/project_interface/share/project_interface/srv/ExploreGoal_Response.msg
[15.868s] -- Up-to-date symlink: /home/leime957/TDDE05/ros2_ws/install/project_interface/share/ament_index/resource_index/package_run_dependencies/project_interface
[15.870s] -- Up-to-date symlink: /home/leime957/TDDE05/ros2_ws/install/project_interface/share/ament_index/resource_index/parent_prefix_path/project_interface
[15.882s] -- Up-to-date symlink: /home/leime957/TDDE05/ros2_ws/install/project_interface/share/project_interface/environment/ament_prefix_path.sh
[15.884s] -- Up-to-date symlink: /home/leime957/TDDE05/ros2_ws/install/project_interface/share/project_interface/environment/ament_prefix_path.dsv
[15.886s] -- Up-to-date symlink: /home/leime957/TDDE05/ros2_ws/install/project_interface/share/project_interface/environment/path.sh
[15.888s] -- Up-to-date symlink: /home/leime957/TDDE05/ros2_ws/install/project_interface/share/project_interface/environment/path.dsv
[15.890s] -- Up-to-date symlink: /home/leime957/TDDE05/ros2_ws/install/project_interface/share/project_interface/local_setup.bash
[15.892s] -- Up-to-date symlink: /home/leime957/TDDE05/ros2_ws/install/project_interface/share/project_interface/local_setup.sh
[15.893s] -- Up-to-date symlink: /home/leime957/TDDE05/ros2_ws/install/project_interface/share/project_interface/local_setup.zsh
[15.895s] -- Up-to-date symlink: /home/leime957/TDDE05/ros2_ws/install/project_interface/share/project_interface/local_setup.dsv
[15.897s] -- Symlinking: /home/leime957/TDDE05/ros2_ws/install/project_interface/share/project_interface/package.dsv
[16.114s] -- Up-to-date symlink: /home/leime957/TDDE05/ros2_ws/install/project_interface/share/ament_index/resource_index/packages/project_interface
[16.116s] -- Up-to-date symlink: /home/leime957/TDDE05/ros2_ws/install/project_interface/share/project_interface/cmake/rosidl_cmake-extras.cmake
[16.117s] -- Up-to-date symlink: /home/leime957/TDDE05/ros2_ws/install/project_interface/share/project_interface/cmake/ament_cmake_export_dependencies-extras.cmake
[16.119s] -- Up-to-date symlink: /home/leime957/TDDE05/ros2_ws/install/project_interface/share/project_interface/cmake/ament_cmake_export_include_directories-extras.cmake
[16.121s] -- Up-to-date symlink: /home/leime957/TDDE05/ros2_ws/install/project_interface/share/project_interface/cmake/ament_cmake_export_libraries-extras.cmake
[16.121s] -- Up-to-date symlink: /home/leime957/TDDE05/ros2_ws/install/project_interface/share/project_interface/cmake/ament_cmake_export_targets-extras.cmake
[16.123s] -- Up-to-date symlink: /home/leime957/TDDE05/ros2_ws/install/project_interface/share/project_interface/cmake/rosidl_cmake_export_typesupport_targets-extras.cmake
[16.124s] -- Up-to-date symlink: /home/leime957/TDDE05/ros2_ws/install/project_interface/share/project_interface/cmake/rosidl_cmake_export_typesupport_libraries-extras.cmake
[16.126s] -- Up-to-date symlink: /home/leime957/TDDE05/ros2_ws/install/project_interface/share/project_interface/cmake/project_interfaceConfig.cmake
[16.127s] -- Up-to-date symlink: /home/leime957/TDDE05/ros2_ws/install/project_interface/share/project_interface/cmake/project_interfaceConfig-version.cmake
[16.129s] -- Up-to-date symlink: /home/leime957/TDDE05/ros2_ws/install/project_interface/share/project_interface/package.xml
[16.130s] -- Up-to-date: /home/leime957/TDDE05/ros2_ws/install/project_interface/lib/libproject_interface__rosidl_generator_c.so
[16.133s] -- Up-to-date: /home/leime957/TDDE05/ros2_ws/install/project_interface/lib/libproject_interface__rosidl_typesupport_fastrtps_c.so
[16.136s] -- Up-to-date: /home/leime957/TDDE05/ros2_ws/install/project_interface/lib/libproject_interface__rosidl_typesupport_fastrtps_cpp.so
[16.140s] -- Up-to-date: /home/leime957/TDDE05/ros2_ws/install/project_interface/lib/libproject_interface__rosidl_typesupport_introspection_c.so
[16.143s] -- Up-to-date: /home/leime957/TDDE05/ros2_ws/install/project_interface/lib/libproject_interface__rosidl_typesupport_c.so
[16.146s] -- Up-to-date: /home/leime957/TDDE05/ros2_ws/install/project_interface/lib/libproject_interface__rosidl_typesupport_introspection_cpp.so
[16.149s] -- Up-to-date: /home/leime957/TDDE05/ros2_ws/install/project_interface/lib/libproject_interface__rosidl_typesupport_cpp.so
[16.601s] Listing '/home/leime957/TDDE05/ros2_ws/install/project_interface/local/lib/python3.10/dist-packages/project_interface'...
[16.602s] Listing '/home/leime957/TDDE05/ros2_ws/install/project_interface/local/lib/python3.10/dist-packages/project_interface/srv'...
[16.607s] -- Up-to-date: /home/leime957/TDDE05/ros2_ws/install/project_interface/lib/libproject_interface__rosidl_generator_py.so
[16.612s] -- Up-to-date: /home/leime957/TDDE05/ros2_ws/install/project_interface/share/project_interface/cmake/export_project_interface__rosidl_generator_cExport.cmake
[16.613s] -- Up-to-date: /home/leime957/TDDE05/ros2_ws/install/project_interface/share/project_interface/cmake/export_project_interface__rosidl_generator_cExport-noconfig.cmake
[16.614s] -- Up-to-date: /home/leime957/TDDE05/ros2_ws/install/project_interface/share/project_interface/cmake/export_project_interface__rosidl_typesupport_fastrtps_cExport.cmake
[16.615s] -- Up-to-date: /home/leime957/TDDE05/ros2_ws/install/project_interface/share/project_interface/cmake/export_project_interface__rosidl_typesupport_fastrtps_cExport-noconfig.cmake
[16.617s] -- Up-to-date: /home/leime957/TDDE05/ros2_ws/install/project_interface/share/project_interface/cmake/export_project_interface__rosidl_generator_cppExport.cmake
[16.619s] -- Up-to-date: /home/leime957/TDDE05/ros2_ws/install/project_interface/share/project_interface/cmake/export_project_interface__rosidl_typesupport_fastrtps_cppExport.cmake
[16.620s] -- Up-to-date: /home/leime957/TDDE05/ros2_ws/install/project_interface/share/project_interface/cmake/export_project_interface__rosidl_typesupport_fastrtps_cppExport-noconfig.cmake
[16.622s] -- Up-to-date: /home/leime957/TDDE05/ros2_ws/install/project_interface/share/project_interface/cmake/project_interface__rosidl_typesupport_introspection_cExport.cmake
[16.622s] -- Up-to-date: /home/leime957/TDDE05/ros2_ws/install/project_interface/share/project_interface/cmake/project_interface__rosidl_typesupport_introspection_cExport-noconfig.cmake
[16.624s] -- Up-to-date: /home/leime957/TDDE05/ros2_ws/install/project_interface/share/project_interface/cmake/project_interface__rosidl_typesupport_cExport.cmake
[16.624s] -- Up-to-date: /home/leime957/TDDE05/ros2_ws/install/project_interface/share/project_interface/cmake/project_interface__rosidl_typesupport_cExport-noconfig.cmake
[16.626s] -- Up-to-date: /home/leime957/TDDE05/ros2_ws/install/project_interface/share/project_interface/cmake/project_interface__rosidl_typesupport_introspection_cppExport.cmake
[16.627s] -- Up-to-date: /home/leime957/TDDE05/ros2_ws/install/project_interface/share/project_interface/cmake/project_interface__rosidl_typesupport_introspection_cppExport-noconfig.cmake
[16.629s] -- Up-to-date: /home/leime957/TDDE05/ros2_ws/install/project_interface/share/project_interface/cmake/project_interface__rosidl_typesupport_cppExport.cmake
[16.630s] -- Up-to-date: /home/leime957/TDDE05/ros2_ws/install/project_interface/share/project_interface/cmake/project_interface__rosidl_typesupport_cppExport-noconfig.cmake
[16.632s] -- Up-to-date: /home/leime957/TDDE05/ros2_ws/install/project_interface/share/project_interface/cmake/export_project_interface__rosidl_generator_pyExport.cmake
[16.633s] -- Up-to-date: /home/leime957/TDDE05/ros2_ws/install/project_interface/share/project_interface/cmake/export_project_interface__rosidl_generator_pyExport-noconfig.cmake
[21.784s] Invoked command in '/home/leime957/TDDE05/ros2_ws/build/project_interface' returned '0': CMAKE_PREFIX_PATH=${CMAKE_PREFIX_PATH}:/home/leime957/TDDE05/ros2_ws/install/exploration:/home/leime957/TDDE05/ros2_ws/install/human:/home/leime957/TDDE05/ros2_ws/install/air_navigation_examples:/home/leime957/TDDE05/ros2_ws/install/air_lab5:/home/leime957/TDDE05/ros2_ws/install/air_lab3:/home/leime957/TDDE05/ros2_ws/install/air_lab_common:/home/leime957/TDDE05/ros2_ws/install/air_lab2:/home/leime957/TDDE05/ros2_ws/install/air_bringup:/opt/air_ws/install/air_simple_sim:/opt/air_ws/install/air_bringup:/opt/ros/humble /usr/bin/cmake --install /home/leime957/TDDE05/ros2_ws/build/project_interface
